[1.186s] Invoking command in '/home/yash-verma/ros2_ws/src/my_urdf_robot': DEBUGINFOD_URLS=https://debuginfod.ubuntu.com PYTHONPATH=/home/yash-verma/ros2_ws/build/my_urdf_robot/prefix_override:/usr/lib/python3/dist-packages/colcon_core/task/python/colcon_distutils_commands:/home/yash-verma/ros2_ws/install/my_urdf_robot/lib/python3.12/site-packages:${PYTHONPATH} /usr/bin/python3 -W ignore:setup.py install is deprecated -W ignore:easy_install command is deprecated setup.py egg_info --egg-base ../../build/my_urdf_robot build --build-base /home/yash-verma/ros2_ws/build/my_urdf_robot/build install --record /home/yash-verma/ros2_ws/build/my_urdf_robot/install.log --single-version-externally-managed install_data
[1.555s] running egg_info
[1.555s] creating ../../build/my_urdf_robot/my_urdf_robot.egg-info
[1.575s] writing ../../build/my_urdf_robot/my_urdf_robot.egg-info/PKG-INFO
[1.576s] writing dependency_links to ../../build/my_urdf_robot/my_urdf_robot.egg-info/dependency_links.txt
[1.577s] writing requirements to ../../build/my_urdf_robot/my_urdf_robot.egg-info/requires.txt
[1.577s] writing top-level names to ../../build/my_urdf_robot/my_urdf_robot.egg-info/top_level.txt
[1.577s] writing manifest file '../../build/my_urdf_robot/my_urdf_robot.egg-info/SOURCES.txt'
[1.614s] reading manifest file '../../build/my_urdf_robot/my_urdf_robot.egg-info/SOURCES.txt'
[1.614s] writing manifest file '../../build/my_urdf_robot/my_urdf_robot.egg-info/SOURCES.txt'
[1.614s] running build
[1.614s] running build_py
[1.614s] creating /home/yash-verma/ros2_ws/build/my_urdf_robot/build
[1.614s] creating /home/yash-verma/ros2_ws/build/my_urdf_robot/build/lib
[1.614s] creating /home/yash-verma/ros2_ws/build/my_urdf_robot/build/lib/my_urdf_robot
[1.614s] copying my_urdf_robot/__init__.py -> /home/yash-verma/ros2_ws/build/my_urdf_robot/build/lib/my_urdf_robot
[1.618s] running install
[1.624s] running install_lib
[1.653s] creating /home/yash-verma/ros2_ws/install/my_urdf_robot/lib/python3.12/site-packages/my_urdf_robot
[1.653s] copying /home/yash-verma/ros2_ws/build/my_urdf_robot/build/lib/my_urdf_robot/__init__.py -> /home/yash-verma/ros2_ws/install/my_urdf_robot/lib/python3.12/site-packages/my_urdf_robot
[1.654s] byte-compiling /home/yash-verma/ros2_ws/install/my_urdf_robot/lib/python3.12/site-packages/my_urdf_robot/__init__.py to __init__.cpython-312.pyc
[1.654s] running install_data
[1.654s] creating /home/yash-verma/ros2_ws/install/my_urdf_robot/share/ament_index
[1.654s] creating /home/yash-verma/ros2_ws/install/my_urdf_robot/share/ament_index/resource_index
[1.655s] creating /home/yash-verma/ros2_ws/install/my_urdf_robot/share/ament_index/resource_index/packages
[1.655s] copying resource/my_urdf_robot -> /home/yash-verma/ros2_ws/install/my_urdf_robot/share/ament_index/resource_index/packages
[1.657s] copying package.xml -> /home/yash-verma/ros2_ws/install/my_urdf_robot/share/my_urdf_robot
[1.657s] running install_egg_info
[1.682s] Copying ../../build/my_urdf_robot/my_urdf_robot.egg-info to /home/yash-verma/ros2_ws/install/my_urdf_robot/lib/python3.12/site-packages/my_urdf_robot-0.0.0-py3.12.egg-info
[1.683s] running install_scripts
[1.824s] writing list of installed files to '/home/yash-verma/ros2_ws/build/my_urdf_robot/install.log'
[1.879s] Invoked command in '/home/yash-verma/ros2_ws/src/my_urdf_robot' returned '0': DEBUGINFOD_URLS=https://debuginfod.ubuntu.com PYTHONPATH=/home/yash-verma/ros2_ws/build/my_urdf_robot/prefix_override:/usr/lib/python3/dist-packages/colcon_core/task/python/colcon_distutils_commands:/home/yash-verma/ros2_ws/install/my_urdf_robot/lib/python3.12/site-packages:${PYTHONPATH} /usr/bin/python3 -W ignore:setup.py install is deprecated -W ignore:easy_install command is deprecated setup.py egg_info --egg-base ../../build/my_urdf_robot build --build-base /home/yash-verma/ros2_ws/build/my_urdf_robot/build install --record /home/yash-verma/ros2_ws/build/my_urdf_robot/install.log --single-version-externally-managed install_data
