[0.029s] Invoking command in '/home/yash-verma/ros2_ws/build/my_robot_interfaces': CMAKE_PREFIX_PATH=${CMAKE_PREFIX_PATH}:/home/yash-verma/ros2_ws/install/turtlesim_catch_them_all:/home/yash-verma/ros2_ws/install/my_py_pkg:/opt/ros/jazzy DEBUGINFOD_URLS=https://debuginfod.ubuntu.com /usr/bin/cmake --build /home/yash-verma/ros2_ws/build/my_robot_interfaces -- -j3 -l3
[0.096s] -- Found ament_cmake: 2.5.4 (/opt/ros/jazzy/share/ament_cmake/cmake)
[0.134s] -- Found Python3: /usr/bin/python3 (found version "3.12.3") found components: Interpreter 
[0.262s] -- Found rosidl_default_generators: 1.6.0 (/opt/ros/jazzy/share/rosidl_default_generators/cmake)
[0.270s] -- Using all available rosidl_typesupport_c: rosidl_typesupport_fastrtps_c;rosidl_typesupport_introspection_c
[0.352s] -- Using all available rosidl_typesupport_cpp: rosidl_typesupport_fastrtps_cpp;rosidl_typesupport_introspection_cpp
[0.412s] -- Found rosidl_adapter: 4.6.5 (/opt/ros/jazzy/share/rosidl_adapter/cmake)
[0.712s] -- Found ament_cmake_ros: 0.12.0 (/opt/ros/jazzy/share/ament_cmake_ros/cmake)
[0.799s] -- Using all available rosidl_typesupport_c: rosidl_typesupport_fastrtps_c;rosidl_typesupport_introspection_c
[0.913s] -- Using all available rosidl_typesupport_cpp: rosidl_typesupport_fastrtps_cpp;rosidl_typesupport_introspection_cpp
[0.916s] -- Found python_cmake_module: 0.11.1 (/opt/ros/jazzy/share/python_cmake_module/cmake)
[1.289s] -- Found Python3: /usr/bin/python3 (found version "3.12.3") found components: Interpreter Development NumPy Development.Module Development.Embed 
[1.325s] -- Configuring done (1.2s)
[1.426s] -- Generating done (0.1s)
[1.435s] -- Build files have been written to: /home/yash-verma/ros2_ws/build/my_robot_interfaces
[1.471s] [  1%] Built target my_robot_interfaces__rosidl_generator_type_description
[1.497s] [  2%] Built target my_robot_interfaces__cpp
[1.503s] [  2%] Built target ament_cmake_python_copy_my_robot_interfaces
[1.522s] [ 26%] Built target my_robot_interfaces__rosidl_generator_c
[1.563s] [ 36%] Built target my_robot_interfaces__rosidl_typesupport_introspection_cpp
[1.566s] [ 45%] Built target my_robot_interfaces__rosidl_typesupport_cpp
[1.593s] [ 55%] Built target my_robot_interfaces__rosidl_typesupport_introspection_c
[1.630s] [ 64%] Built target my_robot_interfaces__rosidl_typesupport_fastrtps_c
[1.635s] [ 74%] Built target my_robot_interfaces__rosidl_typesupport_c
[1.661s] [ 84%] Built target my_robot_interfaces__rosidl_typesupport_fastrtps_cpp
[1.680s] [ 84%] Built target my_robot_interfaces
[1.702s] [ 85%] Built target my_robot_interfaces__py
[1.737s] running egg_info
[1.752s] [ 86%] [32mBuilding C object CMakeFiles/my_robot_interfaces__rosidl_generator_py.dir/rosidl_generator_py/my_robot_interfaces/msg/_led_state_array_s.c.o[0m
[1.752s] [ 87%] [32mBuilding C object CMakeFiles/my_robot_interfaces__rosidl_generator_py.dir/rosidl_generator_py/my_robot_interfaces/msg/_hardware_status_s.c.o[0m
[1.760s] writing my_robot_interfaces.egg-info/PKG-INFO
[1.760s] writing dependency_links to my_robot_interfaces.egg-info/dependency_links.txt
[1.760s] writing top-level names to my_robot_interfaces.egg-info/top_level.txt
[1.813s] reading manifest file 'my_robot_interfaces.egg-info/SOURCES.txt'
[1.814s] writing manifest file 'my_robot_interfaces.egg-info/SOURCES.txt'
[1.856s] [ 87%] Built target ament_cmake_python_build_my_robot_interfaces_egg
[1.866s] [ 88%] [32mBuilding C object CMakeFiles/my_robot_interfaces__rosidl_generator_py.dir/rosidl_generator_py/my_robot_interfaces/msg/_turtle_s.c.o[0m
[2.019s] [ 89%] [32mBuilding C object CMakeFiles/my_robot_interfaces__rosidl_generator_py.dir/rosidl_generator_py/my_robot_interfaces/srv/_compute_rectangle_area_s.c.o[0m
[2.020s] [ 90%] [32mBuilding C object CMakeFiles/my_robot_interfaces__rosidl_generator_py.dir/rosidl_generator_py/my_robot_interfaces/msg/_turtle_array_s.c.o[0m
[2.030s] [ 91%] [32mBuilding C object CMakeFiles/my_robot_interfaces__rosidl_generator_py.dir/rosidl_generator_py/my_robot_interfaces/srv/_set_led_s.c.o[0m
[2.168s] [ 92%] [32mBuilding C object CMakeFiles/my_robot_interfaces__rosidl_generator_py.dir/rosidl_generator_py/my_robot_interfaces/srv/_catch_turtle_s.c.o[0m
[2.287s] [ 93%] [32m[1mLinking C shared library libmy_robot_interfaces__rosidl_generator_py.so[0m
[2.341s] [ 93%] Built target my_robot_interfaces__rosidl_generator_py
[2.366s] [ 94%] [32mBuilding C object CMakeFiles/my_robot_interfaces_s__rosidl_typesupport_fastrtps_c.dir/rosidl_generator_py/my_robot_interfaces/_my_robot_interfaces_s.ep.rosidl_typesupport_fastrtps_c.c.o[0m
[2.369s] [ 95%] [32mBuilding C object CMakeFiles/my_robot_interfaces_s__rosidl_typesupport_c.dir/rosidl_generator_py/my_robot_interfaces/_my_robot_interfaces_s.ep.rosidl_typesupport_c.c.o[0m
[2.369s] [ 96%] [32mBuilding C object CMakeFiles/my_robot_interfaces_s__rosidl_typesupport_introspection_c.dir/rosidl_generator_py/my_robot_interfaces/_my_robot_interfaces_s.ep.rosidl_typesupport_introspection_c.c.o[0m
[2.507s] [ 97%] [32m[1mLinking C shared module rosidl_generator_py/my_robot_interfaces/my_robot_interfaces_s__rosidl_typesupport_c.so[0m
[2.525s] [ 98%] [32m[1mLinking C shared module rosidl_generator_py/my_robot_interfaces/my_robot_interfaces_s__rosidl_typesupport_fastrtps_c.so[0m
[2.530s] [100%] [32m[1mLinking C shared module rosidl_generator_py/my_robot_interfaces/my_robot_interfaces_s__rosidl_typesupport_introspection_c.so[0m
[2.541s] [100%] Built target my_robot_interfaces_s__rosidl_typesupport_c
[2.563s] [100%] Built target my_robot_interfaces_s__rosidl_typesupport_fastrtps_c
[2.564s] [100%] Built target my_robot_interfaces_s__rosidl_typesupport_introspection_c
