running egg_info
writing ../../build/my_urdf_robot/my_urdf_robot.egg-info/PKG-INFO
writing dependency_links to ../../build/my_urdf_robot/my_urdf_robot.egg-info/dependency_links.txt
writing requirements to ../../build/my_urdf_robot/my_urdf_robot.egg-info/requires.txt
writing top-level names to ../../build/my_urdf_robot/my_urdf_robot.egg-info/top_level.txt
reading manifest file '../../build/my_urdf_robot/my_urdf_robot.egg-info/SOURCES.txt'
writing manifest file '../../build/my_urdf_robot/my_urdf_robot.egg-info/SOURCES.txt'
running build
running build_py
running install
running install_lib
running install_data
creating /home/yash-verma/ros2_ws/install/my_urdf_robot/share/my_urdf_robot/launch
copying launch/display.launch.py -> /home/yash-verma/ros2_ws/install/my_urdf_robot/share/my_urdf_robot/launch
creating /home/yash-verma/ros2_ws/install/my_urdf_robot/share/my_urdf_robot/urdf
copying urdf/my_robot.urdf -> /home/yash-verma/ros2_ws/install/my_urdf_robot/share/my_urdf_robot/urdf
running install_egg_info
removing '/home/yash-verma/ros2_ws/install/my_urdf_robot/lib/python3.12/site-packages/my_urdf_robot-0.0.0-py3.12.egg-info' (and everything under it)
Copying ../../build/my_urdf_robot/my_urdf_robot.egg-info to /home/yash-verma/ros2_ws/install/my_urdf_robot/lib/python3.12/site-packages/my_urdf_robot-0.0.0-py3.12.egg-info
running install_scripts
writing list of installed files to '/home/yash-verma/ros2_ws/build/my_urdf_robot/install.log'
