[0.691s] Invoking command in '/home/yash-verma/ros2_ws/src/my_urdf_robot': DEBUGINFOD_URLS=https://debuginfod.ubuntu.com PYTHONPATH=/home/yash-verma/ros2_ws/build/my_urdf_robot/prefix_override:/usr/lib/python3/dist-packages/colcon_core/task/python/colcon_distutils_commands:/home/yash-verma/ros2_ws/install/my_urdf_robot/lib/python3.12/site-packages:${PYTHONPATH} /usr/bin/python3 -W ignore:setup.py install is deprecated -W ignore:easy_install command is deprecated setup.py egg_info --egg-base ../../build/my_urdf_robot build --build-base /home/yash-verma/ros2_ws/build/my_urdf_robot/build install --record /home/yash-verma/ros2_ws/build/my_urdf_robot/install.log --single-version-externally-managed install_data
[0.923s] running egg_info
[0.947s] writing ../../build/my_urdf_robot/my_urdf_robot.egg-info/PKG-INFO
[0.947s] writing dependency_links to ../../build/my_urdf_robot/my_urdf_robot.egg-info/dependency_links.txt
[0.947s] writing requirements to ../../build/my_urdf_robot/my_urdf_robot.egg-info/requires.txt
[0.948s] writing top-level names to ../../build/my_urdf_robot/my_urdf_robot.egg-info/top_level.txt
[0.988s] reading manifest file '../../build/my_urdf_robot/my_urdf_robot.egg-info/SOURCES.txt'
[0.988s] writing manifest file '../../build/my_urdf_robot/my_urdf_robot.egg-info/SOURCES.txt'
[0.989s] running build
[0.989s] running build_py
[0.989s] running install
[0.994s] running install_lib
[1.009s] running install_data
[1.009s] creating /home/yash-verma/ros2_ws/install/my_urdf_robot/share/my_urdf_robot/launch
[1.009s] copying launch/display.launch.py -> /home/yash-verma/ros2_ws/install/my_urdf_robot/share/my_urdf_robot/launch
[1.009s] creating /home/yash-verma/ros2_ws/install/my_urdf_robot/share/my_urdf_robot/urdf
[1.009s] copying urdf/my_robot.urdf -> /home/yash-verma/ros2_ws/install/my_urdf_robot/share/my_urdf_robot/urdf
[1.009s] running install_egg_info
[1.027s] removing '/home/yash-verma/ros2_ws/install/my_urdf_robot/lib/python3.12/site-packages/my_urdf_robot-0.0.0-py3.12.egg-info' (and everything under it)
[1.027s] Copying ../../build/my_urdf_robot/my_urdf_robot.egg-info to /home/yash-verma/ros2_ws/install/my_urdf_robot/lib/python3.12/site-packages/my_urdf_robot-0.0.0-py3.12.egg-info
[1.027s] running install_scripts
[1.144s] writing list of installed files to '/home/yash-verma/ros2_ws/build/my_urdf_robot/install.log'
[1.166s] Invoked command in '/home/yash-verma/ros2_ws/src/my_urdf_robot' returned '0': DEBUGINFOD_URLS=https://debuginfod.ubuntu.com PYTHONPATH=/home/yash-verma/ros2_ws/build/my_urdf_robot/prefix_override:/usr/lib/python3/dist-packages/colcon_core/task/python/colcon_distutils_commands:/home/yash-verma/ros2_ws/install/my_urdf_robot/lib/python3.12/site-packages:${PYTHONPATH} /usr/bin/python3 -W ignore:setup.py install is deprecated -W ignore:easy_install command is deprecated setup.py egg_info --egg-base ../../build/my_urdf_robot build --build-base /home/yash-verma/ros2_ws/build/my_urdf_robot/build install --record /home/yash-verma/ros2_ws/build/my_urdf_robot/install.log --single-version-externally-managed install_data
