[0.746s] Invoking command in '/home/yash-verma/ros2_ws/src/my_urdf_robot': DEBUGINFOD_URLS=https://debuginfod.ubuntu.com PYTHONPATH=/home/yash-verma/ros2_ws/build/my_urdf_robot/prefix_override:/usr/lib/python3/dist-packages/colcon_core/task/python/colcon_distutils_commands:/home/yash-verma/ros2_ws/install/my_urdf_robot/lib/python3.12/site-packages:${PYTHONPATH} /usr/bin/python3 -W ignore:setup.py install is deprecated -W ignore:easy_install command is deprecated setup.py egg_info --egg-base ../../build/my_urdf_robot build --build-base /home/yash-verma/ros2_ws/build/my_urdf_robot/build install --record /home/yash-verma/ros2_ws/build/my_urdf_robot/install.log --single-version-externally-managed install_data
[0.990s] running egg_info
[1.016s] writing ../../build/my_urdf_robot/my_urdf_robot.egg-info/PKG-INFO
[1.016s] writing dependency_links to ../../build/my_urdf_robot/my_urdf_robot.egg-info/dependency_links.txt
[1.016s] writing requirements to ../../build/my_urdf_robot/my_urdf_robot.egg-info/requires.txt
[1.017s] writing top-level names to ../../build/my_urdf_robot/my_urdf_robot.egg-info/top_level.txt
[1.062s] reading manifest file '../../build/my_urdf_robot/my_urdf_robot.egg-info/SOURCES.txt'
[1.063s] writing manifest file '../../build/my_urdf_robot/my_urdf_robot.egg-info/SOURCES.txt'
[1.064s] running build
[1.064s] running build_py
[1.064s] running install
[1.071s] running install_lib
[1.086s] running install_data
[1.087s] copying urdf/my_robot.urdf -> /home/yash-verma/ros2_ws/install/my_urdf_robot/share/my_urdf_robot/urdf
[1.087s] running install_egg_info
[1.104s] removing '/home/yash-verma/ros2_ws/install/my_urdf_robot/lib/python3.12/site-packages/my_urdf_robot-0.0.0-py3.12.egg-info' (and everything under it)
[1.107s] Copying ../../build/my_urdf_robot/my_urdf_robot.egg-info to /home/yash-verma/ros2_ws/install/my_urdf_robot/lib/python3.12/site-packages/my_urdf_robot-0.0.0-py3.12.egg-info
[1.107s] running install_scripts
[1.237s] writing list of installed files to '/home/yash-verma/ros2_ws/build/my_urdf_robot/install.log'
[1.267s] Invoked command in '/home/yash-verma/ros2_ws/src/my_urdf_robot' returned '0': DEBUGINFOD_URLS=https://debuginfod.ubuntu.com PYTHONPATH=/home/yash-verma/ros2_ws/build/my_urdf_robot/prefix_override:/usr/lib/python3/dist-packages/colcon_core/task/python/colcon_distutils_commands:/home/yash-verma/ros2_ws/install/my_urdf_robot/lib/python3.12/site-packages:${PYTHONPATH} /usr/bin/python3 -W ignore:setup.py install is deprecated -W ignore:easy_install command is deprecated setup.py egg_info --egg-base ../../build/my_urdf_robot build --build-base /home/yash-verma/ros2_ws/build/my_urdf_robot/build install --record /home/yash-verma/ros2_ws/build/my_urdf_robot/install.log --single-version-externally-managed install_data
