[3.636s] Invoking command in '/home/yash-verma/ros2_ws/src/my_py_pkg': CMAKE_PREFIX_PATH=/home/yash-verma/ros2_ws/install/my_robot_interfaces:/home/yash-verma/ros2_ws/install/my_robot_bringup:/home/yash-verma/ros2_ws/install/my_robot_description:/opt/ros/jazzy/opt/gz_sim_vendor:/opt/ros/jazzy/opt/gz_sensors_vendor:/opt/ros/jazzy/opt/gz_physics_vendor:/opt/ros/jazzy/opt/sdformat_vendor:/opt/ros/jazzy/opt/gz_gui_vendor:/opt/ros/jazzy/opt/gz_transport_vendor:/opt/ros/jazzy/opt/gz_rendering_vendor:/opt/ros/jazzy/opt/gz_plugin_vendor:/opt/ros/jazzy/opt/gz_fuel_tools_vendor:/opt/ros/jazzy/opt/gz_msgs_vendor:/opt/ros/jazzy/opt/gz_common_vendor:/opt/ros/jazzy/opt/gz_math_vendor:/opt/ros/jazzy/opt/gz_utils_vendor:/opt/ros/jazzy/opt/gz_tools_vendor:/opt/ros/jazzy/opt/gz_ogre_next_vendor:/opt/ros/jazzy/opt/gz_dartsim_vendor:/opt/ros/jazzy/opt/gz_cmake_vendor DEBUGINFOD_URLS=https://debuginfod.ubuntu.com PYTHONPATH=/home/yash-verma/ros2_ws/build/my_py_pkg/prefix_override:/usr/lib/python3/dist-packages/colcon_core/task/python/colcon_distutils_commands:/home/yash-verma/ros2_ws/install/my_py_pkg/lib/python3.12/site-packages:/home/yash-verma/ros2_ws/install/my_robot_interfaces/lib/python3.12/site-packages:/home/yash-verma/ros2_ws/install/turtlesim_catch_them_all/lib/python3.12/site-packages:/home/yash-verma/ros2_ws/install/my_urdf_robot/lib/python3.12/site-packages:/home/yash-verma/ros2_ws/install/my_py_pkg/lib/python3.12/site-packages:/opt/ros/jazzy/lib/python3.12/site-packages /usr/bin/python3 -W ignore:setup.py install is deprecated -W ignore:easy_install command is deprecated setup.py egg_info --egg-base ../../build/my_py_pkg build --build-base /home/yash-verma/ros2_ws/build/my_py_pkg/build install --record /home/yash-verma/ros2_ws/build/my_py_pkg/install.log --single-version-externally-managed install_data
[4.386s] running egg_info
[4.405s] writing ../../build/my_py_pkg/my_py_pkg.egg-info/PKG-INFO
[4.405s] writing dependency_links to ../../build/my_py_pkg/my_py_pkg.egg-info/dependency_links.txt
[4.406s] writing entry points to ../../build/my_py_pkg/my_py_pkg.egg-info/entry_points.txt
[4.406s] writing requirements to ../../build/my_py_pkg/my_py_pkg.egg-info/requires.txt
[4.407s] writing top-level names to ../../build/my_py_pkg/my_py_pkg.egg-info/top_level.txt
[4.486s] reading manifest file '../../build/my_py_pkg/my_py_pkg.egg-info/SOURCES.txt'
[4.488s] writing manifest file '../../build/my_py_pkg/my_py_pkg.egg-info/SOURCES.txt'
[4.488s] running build
[4.488s] running build_py
[4.490s] running install
[4.497s] running install_lib
[4.528s] running install_data
[4.529s] running install_egg_info
[4.583s] removing '/home/yash-verma/ros2_ws/install/my_py_pkg/lib/python3.12/site-packages/my_py_pkg-0.0.0-py3.12.egg-info' (and everything under it)
[4.588s] Copying ../../build/my_py_pkg/my_py_pkg.egg-info to /home/yash-verma/ros2_ws/install/my_py_pkg/lib/python3.12/site-packages/my_py_pkg-0.0.0-py3.12.egg-info
[4.589s] running install_scripts
[4.825s] Installing add_two_ints_client script to /home/yash-verma/ros2_ws/install/my_py_pkg/lib/my_py_pkg
[4.826s] Installing add_two_ints_client_no_oop script to /home/yash-verma/ros2_ws/install/my_py_pkg/lib/my_py_pkg
[4.826s] Installing add_two_ints_server script to /home/yash-verma/ros2_ws/install/my_py_pkg/lib/my_py_pkg
[4.828s] Installing battery script to /home/yash-verma/ros2_ws/install/my_py_pkg/lib/my_py_pkg
[4.829s] Installing hw_status_publisher script to /home/yash-verma/ros2_ws/install/my_py_pkg/lib/my_py_pkg
[4.831s] Installing led_panel script to /home/yash-verma/ros2_ws/install/my_py_pkg/lib/my_py_pkg
[4.832s] Installing number_counter script to /home/yash-verma/ros2_ws/install/my_py_pkg/lib/my_py_pkg
[4.833s] Installing number_publisher script to /home/yash-verma/ros2_ws/install/my_py_pkg/lib/my_py_pkg
[4.835s] Installing parameter_number_publisher script to /home/yash-verma/ros2_ws/install/my_py_pkg/lib/my_py_pkg
[4.835s] Installing py_node script to /home/yash-verma/ros2_ws/install/my_py_pkg/lib/my_py_pkg
[4.835s] Installing robot_news_station script to /home/yash-verma/ros2_ws/install/my_py_pkg/lib/my_py_pkg
[4.836s] Installing smartphone script to /home/yash-verma/ros2_ws/install/my_py_pkg/lib/my_py_pkg
[4.838s] writing list of installed files to '/home/yash-verma/ros2_ws/build/my_py_pkg/install.log'
[4.890s] Invoked command in '/home/yash-verma/ros2_ws/src/my_py_pkg' returned '0': CMAKE_PREFIX_PATH=/home/yash-verma/ros2_ws/install/my_robot_interfaces:/home/yash-verma/ros2_ws/install/my_robot_bringup:/home/yash-verma/ros2_ws/install/my_robot_description:/opt/ros/jazzy/opt/gz_sim_vendor:/opt/ros/jazzy/opt/gz_sensors_vendor:/opt/ros/jazzy/opt/gz_physics_vendor:/opt/ros/jazzy/opt/sdformat_vendor:/opt/ros/jazzy/opt/gz_gui_vendor:/opt/ros/jazzy/opt/gz_transport_vendor:/opt/ros/jazzy/opt/gz_rendering_vendor:/opt/ros/jazzy/opt/gz_plugin_vendor:/opt/ros/jazzy/opt/gz_fuel_tools_vendor:/opt/ros/jazzy/opt/gz_msgs_vendor:/opt/ros/jazzy/opt/gz_common_vendor:/opt/ros/jazzy/opt/gz_math_vendor:/opt/ros/jazzy/opt/gz_utils_vendor:/opt/ros/jazzy/opt/gz_tools_vendor:/opt/ros/jazzy/opt/gz_ogre_next_vendor:/opt/ros/jazzy/opt/gz_dartsim_vendor:/opt/ros/jazzy/opt/gz_cmake_vendor DEBUGINFOD_URLS=https://debuginfod.ubuntu.com PYTHONPATH=/home/yash-verma/ros2_ws/build/my_py_pkg/prefix_override:/usr/lib/python3/dist-packages/colcon_core/task/python/colcon_distutils_commands:/home/yash-verma/ros2_ws/install/my_py_pkg/lib/python3.12/site-packages:/home/yash-verma/ros2_ws/install/my_robot_interfaces/lib/python3.12/site-packages:/home/yash-verma/ros2_ws/install/turtlesim_catch_them_all/lib/python3.12/site-packages:/home/yash-verma/ros2_ws/install/my_urdf_robot/lib/python3.12/site-packages:/home/yash-verma/ros2_ws/install/my_py_pkg/lib/python3.12/site-packages:/opt/ros/jazzy/lib/python3.12/site-packages /usr/bin/python3 -W ignore:setup.py install is deprecated -W ignore:easy_install command is deprecated setup.py egg_info --egg-base ../../build/my_py_pkg build --build-base /home/yash-verma/ros2_ws/build/my_py_pkg/build install --record /home/yash-verma/ros2_ws/build/my_py_pkg/install.log --single-version-externally-managed install_data
