[0.649s] Invoking command in '/home/yash-verma/ros2_ws/build/turtlesim_catch_them_all': DEBUGINFOD_URLS=https://debuginfod.ubuntu.com PYTHONPATH=/home/yash-verma/ros2_ws/build/turtlesim_catch_them_all/prefix_override:/usr/lib/python3/dist-packages/colcon_core/task/python/colcon_distutils_commands:/home/yash-verma/ros2_ws/install/turtlesim_catch_them_all/lib/python3.12/site-packages:${PYTHONPATH} /usr/bin/python3 -W ignore:setup.py install is deprecated -W ignore:easy_install command is deprecated setup.py develop --uninstall --editable --build-directory /home/yash-verma/ros2_ws/build/turtlesim_catch_them_all/build
[0.904s] running develop
[1.069s] Removing /home/yash-verma/ros2_ws/install/turtlesim_catch_them_all/lib/python3.12/site-packages/turtlesim-catch-them-all.egg-link (link to .)
[1.092s] Invoked command in '/home/yash-verma/ros2_ws/build/turtlesim_catch_them_all' returned '0': DEBUGINFOD_URLS=https://debuginfod.ubuntu.com PYTHONPATH=/home/yash-verma/ros2_ws/build/turtlesim_catch_them_all/prefix_override:/usr/lib/python3/dist-packages/colcon_core/task/python/colcon_distutils_commands:/home/yash-verma/ros2_ws/install/turtlesim_catch_them_all/lib/python3.12/site-packages:${PYTHONPATH} /usr/bin/python3 -W ignore:setup.py install is deprecated -W ignore:easy_install command is deprecated setup.py develop --uninstall --editable --build-directory /home/yash-verma/ros2_ws/build/turtlesim_catch_them_all/build
[1.092s] Invoking command in '/home/yash-verma/ros2_ws/src/turtlesim_catch_them_all': DEBUGINFOD_URLS=https://debuginfod.ubuntu.com PYTHONPATH=/home/yash-verma/ros2_ws/build/turtlesim_catch_them_all/prefix_override:/usr/lib/python3/dist-packages/colcon_core/task/python/colcon_distutils_commands:/home/yash-verma/ros2_ws/install/turtlesim_catch_them_all/lib/python3.12/site-packages:${PYTHONPATH} /usr/bin/python3 -W ignore:setup.py install is deprecated -W ignore:easy_install command is deprecated setup.py egg_info --egg-base ../../build/turtlesim_catch_them_all build --build-base /home/yash-verma/ros2_ws/build/turtlesim_catch_them_all/build install --record /home/yash-verma/ros2_ws/build/turtlesim_catch_them_all/install.log --single-version-externally-managed install_data --force
[1.294s] running egg_info
[1.307s] writing ../../build/turtlesim_catch_them_all/turtlesim_catch_them_all.egg-info/PKG-INFO
[1.308s] writing dependency_links to ../../build/turtlesim_catch_them_all/turtlesim_catch_them_all.egg-info/dependency_links.txt
[1.308s] writing entry points to ../../build/turtlesim_catch_them_all/turtlesim_catch_them_all.egg-info/entry_points.txt
[1.308s] writing requirements to ../../build/turtlesim_catch_them_all/turtlesim_catch_them_all.egg-info/requires.txt
[1.308s] writing top-level names to ../../build/turtlesim_catch_them_all/turtlesim_catch_them_all.egg-info/top_level.txt
[1.351s] reading manifest file '../../build/turtlesim_catch_them_all/turtlesim_catch_them_all.egg-info/SOURCES.txt'
[1.352s] writing manifest file '../../build/turtlesim_catch_them_all/turtlesim_catch_them_all.egg-info/SOURCES.txt'
[1.352s] running build
[1.352s] running build_py
[1.352s] creating /home/yash-verma/ros2_ws/build/turtlesim_catch_them_all/build
[1.352s] creating /home/yash-verma/ros2_ws/build/turtlesim_catch_them_all/build/lib
[1.353s] creating /home/yash-verma/ros2_ws/build/turtlesim_catch_them_all/build/lib/turtlesim_catch_them_all
[1.353s] copying turtlesim_catch_them_all/__init__.py -> /home/yash-verma/ros2_ws/build/turtlesim_catch_them_all/build/lib/turtlesim_catch_them_all
[1.354s] copying turtlesim_catch_them_all/turlte_controller.py -> /home/yash-verma/ros2_ws/build/turtlesim_catch_them_all/build/lib/turtlesim_catch_them_all
[1.354s] running install
[1.359s] running install_lib
[1.372s] creating /home/yash-verma/ros2_ws/install/turtlesim_catch_them_all/lib/python3.12/site-packages/turtlesim_catch_them_all
[1.372s] copying /home/yash-verma/ros2_ws/build/turtlesim_catch_them_all/build/lib/turtlesim_catch_them_all/__init__.py -> /home/yash-verma/ros2_ws/install/turtlesim_catch_them_all/lib/python3.12/site-packages/turtlesim_catch_them_all
[1.372s] copying /home/yash-verma/ros2_ws/build/turtlesim_catch_them_all/build/lib/turtlesim_catch_them_all/turlte_controller.py -> /home/yash-verma/ros2_ws/install/turtlesim_catch_them_all/lib/python3.12/site-packages/turtlesim_catch_them_all
[1.372s] byte-compiling /home/yash-verma/ros2_ws/install/turtlesim_catch_them_all/lib/python3.12/site-packages/turtlesim_catch_them_all/__init__.py to __init__.cpython-312.pyc
[1.373s] byte-compiling /home/yash-verma/ros2_ws/install/turtlesim_catch_them_all/lib/python3.12/site-packages/turtlesim_catch_them_all/turlte_controller.py to turlte_controller.cpython-312.pyc
[1.373s] running install_data
[1.374s] copying resource/turtlesim_catch_them_all -> /home/yash-verma/ros2_ws/install/turtlesim_catch_them_all/share/ament_index/resource_index/packages
[1.374s] copying package.xml -> /home/yash-verma/ros2_ws/install/turtlesim_catch_them_all/share/turtlesim_catch_them_all
[1.374s] running install_egg_info
[1.389s] Copying ../../build/turtlesim_catch_them_all/turtlesim_catch_them_all.egg-info to /home/yash-verma/ros2_ws/install/turtlesim_catch_them_all/lib/python3.12/site-packages/turtlesim_catch_them_all-0.0.0-py3.12.egg-info
[1.390s] running install_scripts
[1.492s] Installing controller script to /home/yash-verma/ros2_ws/install/turtlesim_catch_them_all/lib/turtlesim_catch_them_all
[1.492s] writing list of installed files to '/home/yash-verma/ros2_ws/build/turtlesim_catch_them_all/install.log'
[1.512s] Invoked command in '/home/yash-verma/ros2_ws/src/turtlesim_catch_them_all' returned '0': DEBUGINFOD_URLS=https://debuginfod.ubuntu.com PYTHONPATH=/home/yash-verma/ros2_ws/build/turtlesim_catch_them_all/prefix_override:/usr/lib/python3/dist-packages/colcon_core/task/python/colcon_distutils_commands:/home/yash-verma/ros2_ws/install/turtlesim_catch_them_all/lib/python3.12/site-packages:${PYTHONPATH} /usr/bin/python3 -W ignore:setup.py install is deprecated -W ignore:easy_install command is deprecated setup.py egg_info --egg-base ../../build/turtlesim_catch_them_all build --build-base /home/yash-verma/ros2_ws/build/turtlesim_catch_them_all/build install --record /home/yash-verma/ros2_ws/build/turtlesim_catch_them_all/install.log --single-version-externally-managed install_data --force
