[0.033s] Invoking command in '/home/yash-verma/ros2_ws/build/my_robot_description': CMAKE_PREFIX_PATH=${CMAKE_PREFIX_PATH}:/home/yash-verma/ros2_ws/install/turtlesim_catch_them_all:/home/yash-verma/ros2_ws/install/my_urdf_robot:/home/yash-verma/ros2_ws/install/my_py_pkg:/opt/ros/jazzy DEBUGINFOD_URLS=https://debuginfod.ubuntu.com /usr/bin/cmake --build /home/yash-verma/ros2_ws/build/my_robot_description -- -j3 -l3
[0.108s] -- Found ament_cmake: 2.5.4 (/opt/ros/jazzy/share/ament_cmake/cmake)
[0.842s] -- Configuring done (0.8s)
[0.862s] -- Generating done (0.0s)
[0.877s] -- Build files have been written to: /home/yash-verma/ros2_ws/build/my_robot_description
[0.951s] Invoked command in '/home/yash-verma/ros2_ws/build/my_robot_description' returned '0': CMAKE_PREFIX_PATH=${CMAKE_PREFIX_PATH}:/home/yash-verma/ros2_ws/install/turtlesim_catch_them_all:/home/yash-verma/ros2_ws/install/my_urdf_robot:/home/yash-verma/ros2_ws/install/my_py_pkg:/opt/ros/jazzy DEBUGINFOD_URLS=https://debuginfod.ubuntu.com /usr/bin/cmake --build /home/yash-verma/ros2_ws/build/my_robot_description -- -j3 -l3
[0.975s] Invoking command in '/home/yash-verma/ros2_ws/build/my_robot_description': CMAKE_PREFIX_PATH=${CMAKE_PREFIX_PATH}:/home/yash-verma/ros2_ws/install/turtlesim_catch_them_all:/home/yash-verma/ros2_ws/install/my_urdf_robot:/home/yash-verma/ros2_ws/install/my_py_pkg:/opt/ros/jazzy DEBUGINFOD_URLS=https://debuginfod.ubuntu.com /usr/bin/cmake --install /home/yash-verma/ros2_ws/build/my_robot_description
[0.986s] -- Install configuration: ""
[0.986s] -- Up-to-date: /home/yash-verma/ros2_ws/install/my_robot_description/share/my_robot_description//urdf
[0.987s] -- Up-to-date: /home/yash-verma/ros2_ws/install/my_robot_description/share/my_robot_description//urdf/my_robot.urdf
[0.987s] -- Installing: /home/yash-verma/ros2_ws/install/my_robot_description/share/my_robot_description//launch
[0.987s] -- Installing: /home/yash-verma/ros2_ws/install/my_robot_description/share/my_robot_description//launch/display.launch.xml
[0.988s] -- Up-to-date: /home/yash-verma/ros2_ws/install/my_robot_description/share/ament_index/resource_index/package_run_dependencies/my_robot_description
[0.988s] -- Installing: /home/yash-verma/ros2_ws/install/my_robot_description/share/ament_index/resource_index/parent_prefix_path/my_robot_description
[0.989s] -- Up-to-date: /home/yash-verma/ros2_ws/install/my_robot_description/share/my_robot_description/environment/ament_prefix_path.sh
[0.989s] -- Up-to-date: /home/yash-verma/ros2_ws/install/my_robot_description/share/my_robot_description/environment/ament_prefix_path.dsv
[0.989s] -- Up-to-date: /home/yash-verma/ros2_ws/install/my_robot_description/share/my_robot_description/environment/path.sh
[0.989s] -- Up-to-date: /home/yash-verma/ros2_ws/install/my_robot_description/share/my_robot_description/environment/path.dsv
[0.989s] -- Up-to-date: /home/yash-verma/ros2_ws/install/my_robot_description/share/my_robot_description/local_setup.bash
[0.990s] -- Up-to-date: /home/yash-verma/ros2_ws/install/my_robot_description/share/my_robot_description/local_setup.sh
[0.990s] -- Up-to-date: /home/yash-verma/ros2_ws/install/my_robot_description/share/my_robot_description/local_setup.zsh
[0.990s] -- Up-to-date: /home/yash-verma/ros2_ws/install/my_robot_description/share/my_robot_description/local_setup.dsv
[0.990s] -- Up-to-date: /home/yash-verma/ros2_ws/install/my_robot_description/share/my_robot_description/package.dsv
[0.992s] -- Up-to-date: /home/yash-verma/ros2_ws/install/my_robot_description/share/ament_index/resource_index/packages/my_robot_description
[0.992s] -- Up-to-date: /home/yash-verma/ros2_ws/install/my_robot_description/share/my_robot_description/cmake/my_robot_descriptionConfig.cmake
[0.992s] -- Up-to-date: /home/yash-verma/ros2_ws/install/my_robot_description/share/my_robot_description/cmake/my_robot_descriptionConfig-version.cmake
[0.992s] -- Up-to-date: /home/yash-verma/ros2_ws/install/my_robot_description/share/my_robot_description/package.xml
[1.003s] Invoked command in '/home/yash-verma/ros2_ws/build/my_robot_description' returned '0': CMAKE_PREFIX_PATH=${CMAKE_PREFIX_PATH}:/home/yash-verma/ros2_ws/install/turtlesim_catch_them_all:/home/yash-verma/ros2_ws/install/my_urdf_robot:/home/yash-verma/ros2_ws/install/my_py_pkg:/opt/ros/jazzy DEBUGINFOD_URLS=https://debuginfod.ubuntu.com /usr/bin/cmake --install /home/yash-verma/ros2_ws/build/my_robot_description
