[0.020s] Invoking command in '/home/yash-verma/ros2_ws/build/my_robot_description': CMAKE_PREFIX_PATH=${CMAKE_PREFIX_PATH}:/home/yash-verma/ros2_ws/install/turtlesim_catch_them_all:/home/yash-verma/ros2_ws/install/my_urdf_robot:/home/yash-verma/ros2_ws/install/my_py_pkg:/opt/ros/jazzy DEBUGINFOD_URLS=https://debuginfod.ubuntu.com /usr/bin/cmake --build /home/yash-verma/ros2_ws/build/my_robot_description -- -j3 -l3
[0.112s] -- Found ament_cmake: 2.5.4 (/opt/ros/jazzy/share/ament_cmake/cmake)
[1.892s] -- Configuring done (1.8s)
[2.011s] -- Generating done (0.0s)
[2.036s] -- Build files have been written to: /home/yash-verma/ros2_ws/build/my_robot_description
[2.085s] Invoked command in '/home/yash-verma/ros2_ws/build/my_robot_description' returned '0': CMAKE_PREFIX_PATH=${CMAKE_PREFIX_PATH}:/home/yash-verma/ros2_ws/install/turtlesim_catch_them_all:/home/yash-verma/ros2_ws/install/my_urdf_robot:/home/yash-verma/ros2_ws/install/my_py_pkg:/opt/ros/jazzy DEBUGINFOD_URLS=https://debuginfod.ubuntu.com /usr/bin/cmake --build /home/yash-verma/ros2_ws/build/my_robot_description -- -j3 -l3
[2.098s] Invoking command in '/home/yash-verma/ros2_ws/build/my_robot_description': CMAKE_PREFIX_PATH=${CMAKE_PREFIX_PATH}:/home/yash-verma/ros2_ws/install/turtlesim_catch_them_all:/home/yash-verma/ros2_ws/install/my_urdf_robot:/home/yash-verma/ros2_ws/install/my_py_pkg:/opt/ros/jazzy DEBUGINFOD_URLS=https://debuginfod.ubuntu.com /usr/bin/cmake --install /home/yash-verma/ros2_ws/build/my_robot_description
[2.123s] -- Install configuration: ""
[2.123s] -- Up-to-date: /home/yash-verma/ros2_ws/install/my_robot_description/share/my_robot_description//urdf
[2.123s] -- Up-to-date: /home/yash-verma/ros2_ws/install/my_robot_description/share/my_robot_description//urdf/my_robot.urdf
[2.126s] -- Up-to-date: /home/yash-verma/ros2_ws/install/my_robot_description/share/my_robot_description//launch
[2.162s] -- Installing: /home/yash-verma/ros2_ws/install/my_robot_description/share/my_robot_description//launch/display.launch.xml
[2.162s] -- Up-to-date: /home/yash-verma/ros2_ws/install/my_robot_description/share/my_robot_description//launch/display.launch.py
[2.162s] -- Installing: /home/yash-verma/ros2_ws/install/my_robot_description/share/my_robot_description//rviz
[2.163s] -- Installing: /home/yash-verma/ros2_ws/install/my_robot_description/share/my_robot_description//rviz/urdf_config.rviz
[2.163s] -- Up-to-date: /home/yash-verma/ros2_ws/install/my_robot_description/share/ament_index/resource_index/package_run_dependencies/my_robot_description
[2.163s] -- Up-to-date: /home/yash-verma/ros2_ws/install/my_robot_description/share/ament_index/resource_index/parent_prefix_path/my_robot_description
[2.163s] -- Up-to-date: /home/yash-verma/ros2_ws/install/my_robot_description/share/my_robot_description/environment/ament_prefix_path.sh
[2.163s] -- Up-to-date: /home/yash-verma/ros2_ws/install/my_robot_description/share/my_robot_description/environment/ament_prefix_path.dsv
[2.181s] -- Up-to-date: /home/yash-verma/ros2_ws/install/my_robot_description/share/my_robot_description/environment/path.sh
[2.182s] -- Up-to-date: /home/yash-verma/ros2_ws/install/my_robot_description/share/my_robot_description/environment/path.dsv
[2.182s] -- Up-to-date: /home/yash-verma/ros2_ws/install/my_robot_description/share/my_robot_description/local_setup.bash
[2.182s] -- Up-to-date: /home/yash-verma/ros2_ws/install/my_robot_description/share/my_robot_description/local_setup.sh
[2.182s] -- Up-to-date: /home/yash-verma/ros2_ws/install/my_robot_description/share/my_robot_description/local_setup.zsh
[2.182s] -- Up-to-date: /home/yash-verma/ros2_ws/install/my_robot_description/share/my_robot_description/local_setup.dsv
[2.182s] -- Installing: /home/yash-verma/ros2_ws/install/my_robot_description/share/my_robot_description/package.dsv
[2.182s] -- Up-to-date: /home/yash-verma/ros2_ws/install/my_robot_description/share/ament_index/resource_index/packages/my_robot_description
[2.183s] -- Up-to-date: /home/yash-verma/ros2_ws/install/my_robot_description/share/my_robot_description/cmake/my_robot_descriptionConfig.cmake
[2.183s] -- Up-to-date: /home/yash-verma/ros2_ws/install/my_robot_description/share/my_robot_description/cmake/my_robot_descriptionConfig-version.cmake
[2.185s] -- Up-to-date: /home/yash-verma/ros2_ws/install/my_robot_description/share/my_robot_description/package.xml
[3.409s] Invoked command in '/home/yash-verma/ros2_ws/build/my_robot_description' returned '0': CMAKE_PREFIX_PATH=${CMAKE_PREFIX_PATH}:/home/yash-verma/ros2_ws/install/turtlesim_catch_them_all:/home/yash-verma/ros2_ws/install/my_urdf_robot:/home/yash-verma/ros2_ws/install/my_py_pkg:/opt/ros/jazzy DEBUGINFOD_URLS=https://debuginfod.ubuntu.com /usr/bin/cmake --install /home/yash-verma/ros2_ws/build/my_robot_description
