[0.120s] DEBUG:colcon:Command line arguments: ['/usr/bin/colcon', 'build', '--symlink-install']
[0.121s] DEBUG:colcon:Parsed command line arguments: Namespace(log_base=None, log_level=None, verb_name='build', build_base='build', install_base='install', merge_install=False, symlink_install=True, test_result_base=None, continue_on_error=False, executor='parallel', parallel_workers=3, event_handlers=None, ignore_user_meta=False, metas=['./colcon.meta'], base_paths=['.'], packages_ignore=None, packages_ignore_regex=None, paths=None, packages_up_to=None, packages_up_to_regex=None, packages_above=None, packages_above_and_dependencies=None, packages_above_depth=None, packages_select_by_dep=None, packages_skip_by_dep=None, packages_skip_up_to=None, packages_select_build_failed=False, packages_skip_build_finished=False, packages_select_test_failures=False, packages_skip_test_passed=False, packages_select=None, packages_skip=None, packages_select_regex=None, packages_skip_regex=None, packages_start=None, packages_end=None, allow_overriding=[], cmake_args=None, cmake_target=None, cmake_target_skip_unavailable=False, cmake_clean_cache=False, cmake_clean_first=False, cmake_force_configure=False, ament_cmake_args=None, catkin_cmake_args=None, catkin_skip_building_tests=False, verb_parser=<colcon_defaults.argument_parser.defaults.DefaultArgumentsDecorator object at 0x76ff7f5657f0>, verb_extension=<colcon_core.verb.build.BuildVerb object at 0x76ff7f68fb90>, main=<bound method BuildVerb.main of <colcon_core.verb.build.BuildVerb object at 0x76ff7f68fb90>>)
[0.176s] Level 1:colcon.colcon_core.package_discovery:discover_packages(colcon_meta) check parameters
[0.176s] Level 1:colcon.colcon_core.package_discovery:discover_packages(recursive) check parameters
[0.176s] Level 1:colcon.colcon_core.package_discovery:discover_packages(ignore) check parameters
[0.176s] Level 1:colcon.colcon_core.package_discovery:discover_packages(path) check parameters
[0.176s] Level 1:colcon.colcon_core.package_discovery:discover_packages(colcon_meta) discover
[0.176s] Level 1:colcon.colcon_core.package_discovery:discover_packages(recursive) discover
[0.176s] INFO:colcon.colcon_core.package_discovery:Crawling recursively for packages in '/home/yash-verma/ros2_ws'
[0.177s] Level 1:colcon.colcon_core.package_identification:_identify(.) by extensions ['ignore', 'ignore_ament_install']
[0.177s] Level 1:colcon.colcon_core.package_identification:_identify(.) by extension 'ignore'
[0.177s] Level 1:colcon.colcon_core.package_identification:_identify(.) by extension 'ignore_ament_install'
[0.177s] Level 1:colcon.colcon_core.package_identification:_identify(.) by extensions ['colcon_pkg']
[0.177s] Level 1:colcon.colcon_core.package_identification:_identify(.) by extension 'colcon_pkg'
[0.177s] Level 1:colcon.colcon_core.package_identification:_identify(.) by extensions ['colcon_meta']
[0.177s] Level 1:colcon.colcon_core.package_identification:_identify(.) by extension 'colcon_meta'
[0.177s] Level 1:colcon.colcon_core.package_identification:_identify(.) by extensions ['ros']
[0.177s] Level 1:colcon.colcon_core.package_identification:_identify(.) by extension 'ros'
[0.208s] Level 1:colcon.colcon_core.package_identification:_identify(.) by extensions ['cmake', 'python']
[0.208s] Level 1:colcon.colcon_core.package_identification:_identify(.) by extension 'cmake'
[0.208s] Level 1:colcon.colcon_core.package_identification:_identify(.) by extension 'python'
[0.208s] Level 1:colcon.colcon_core.package_identification:_identify(.) by extensions ['python_setup_py']
[0.208s] Level 1:colcon.colcon_core.package_identification:_identify(.) by extension 'python_setup_py'
[0.208s] Level 1:colcon.colcon_core.package_identification:_identify(build) by extensions ['ignore', 'ignore_ament_install']
[0.209s] Level 1:colcon.colcon_core.package_identification:_identify(build) by extension 'ignore'
[0.209s] Level 1:colcon.colcon_core.package_identification:_identify(build) ignored
[0.209s] Level 1:colcon.colcon_core.package_identification:_identify(install) by extensions ['ignore', 'ignore_ament_install']
[0.209s] Level 1:colcon.colcon_core.package_identification:_identify(install) by extension 'ignore'
[0.209s] Level 1:colcon.colcon_core.package_identification:_identify(install) ignored
[0.209s] Level 1:colcon.colcon_core.package_identification:_identify(log) by extensions ['ignore', 'ignore_ament_install']
[0.210s] Level 1:colcon.colcon_core.package_identification:_identify(log) by extension 'ignore'
[0.210s] Level 1:colcon.colcon_core.package_identification:_identify(log) ignored
[0.210s] Level 1:colcon.colcon_core.package_identification:_identify(src) by extensions ['ignore', 'ignore_ament_install']
[0.210s] Level 1:colcon.colcon_core.package_identification:_identify(src) by extension 'ignore'
[0.210s] Level 1:colcon.colcon_core.package_identification:_identify(src) by extension 'ignore_ament_install'
[0.210s] Level 1:colcon.colcon_core.package_identification:_identify(src) by extensions ['colcon_pkg']
[0.210s] Level 1:colcon.colcon_core.package_identification:_identify(src) by extension 'colcon_pkg'
[0.210s] Level 1:colcon.colcon_core.package_identification:_identify(src) by extensions ['colcon_meta']
[0.210s] Level 1:colcon.colcon_core.package_identification:_identify(src) by extension 'colcon_meta'
[0.210s] Level 1:colcon.colcon_core.package_identification:_identify(src) by extensions ['ros']
[0.210s] Level 1:colcon.colcon_core.package_identification:_identify(src) by extension 'ros'
[0.210s] Level 1:colcon.colcon_core.package_identification:_identify(src) by extensions ['cmake', 'python']
[0.210s] Level 1:colcon.colcon_core.package_identification:_identify(src) by extension 'cmake'
[0.210s] Level 1:colcon.colcon_core.package_identification:_identify(src) by extension 'python'
[0.210s] Level 1:colcon.colcon_core.package_identification:_identify(src) by extensions ['python_setup_py']
[0.210s] Level 1:colcon.colcon_core.package_identification:_identify(src) by extension 'python_setup_py'
[0.211s] Level 1:colcon.colcon_core.package_identification:_identify(src/build) by extensions ['ignore', 'ignore_ament_install']
[0.211s] Level 1:colcon.colcon_core.package_identification:_identify(src/build) by extension 'ignore'
[0.211s] Level 1:colcon.colcon_core.package_identification:_identify(src/build) ignored
[0.211s] Level 1:colcon.colcon_core.package_identification:_identify(src/install) by extensions ['ignore', 'ignore_ament_install']
[0.211s] Level 1:colcon.colcon_core.package_identification:_identify(src/install) by extension 'ignore'
[0.211s] Level 1:colcon.colcon_core.package_identification:_identify(src/install) ignored
[0.211s] Level 1:colcon.colcon_core.package_identification:_identify(src/log) by extensions ['ignore', 'ignore_ament_install']
[0.211s] Level 1:colcon.colcon_core.package_identification:_identify(src/log) by extension 'ignore'
[0.211s] Level 1:colcon.colcon_core.package_identification:_identify(src/log) ignored
[0.211s] Level 1:colcon.colcon_core.package_identification:_identify(src/my_py_pkg) by extensions ['ignore', 'ignore_ament_install']
[0.211s] Level 1:colcon.colcon_core.package_identification:_identify(src/my_py_pkg) by extension 'ignore'
[0.211s] Level 1:colcon.colcon_core.package_identification:_identify(src/my_py_pkg) by extension 'ignore_ament_install'
[0.211s] Level 1:colcon.colcon_core.package_identification:_identify(src/my_py_pkg) by extensions ['colcon_pkg']
[0.212s] Level 1:colcon.colcon_core.package_identification:_identify(src/my_py_pkg) by extension 'colcon_pkg'
[0.212s] Level 1:colcon.colcon_core.package_identification:_identify(src/my_py_pkg) by extensions ['colcon_meta']
[0.212s] Level 1:colcon.colcon_core.package_identification:_identify(src/my_py_pkg) by extension 'colcon_meta'
[0.212s] Level 1:colcon.colcon_core.package_identification:_identify(src/my_py_pkg) by extensions ['ros']
[0.212s] Level 1:colcon.colcon_core.package_identification:_identify(src/my_py_pkg) by extension 'ros'
[0.217s] DEBUG:colcon.colcon_core.package_identification:Package 'src/my_py_pkg' with type 'ros.ament_python' and name 'my_py_pkg'
[0.217s] Level 1:colcon.colcon_core.package_identification:_identify(src/my_robot_bringup) by extensions ['ignore', 'ignore_ament_install']
[0.218s] Level 1:colcon.colcon_core.package_identification:_identify(src/my_robot_bringup) by extension 'ignore'
[0.218s] Level 1:colcon.colcon_core.package_identification:_identify(src/my_robot_bringup) by extension 'ignore_ament_install'
[0.218s] Level 1:colcon.colcon_core.package_identification:_identify(src/my_robot_bringup) by extensions ['colcon_pkg']
[0.218s] Level 1:colcon.colcon_core.package_identification:_identify(src/my_robot_bringup) by extension 'colcon_pkg'
[0.218s] Level 1:colcon.colcon_core.package_identification:_identify(src/my_robot_bringup) by extensions ['colcon_meta']
[0.218s] Level 1:colcon.colcon_core.package_identification:_identify(src/my_robot_bringup) by extension 'colcon_meta'
[0.218s] Level 1:colcon.colcon_core.package_identification:_identify(src/my_robot_bringup) by extensions ['ros']
[0.218s] Level 1:colcon.colcon_core.package_identification:_identify(src/my_robot_bringup) by extension 'ros'
[0.219s] DEBUG:colcon.colcon_core.package_identification:Package 'src/my_robot_bringup' with type 'ros.ament_cmake' and name 'my_robot_bringup'
[0.219s] Level 1:colcon.colcon_core.package_identification:_identify(src/my_robot_description) by extensions ['ignore', 'ignore_ament_install']
[0.219s] Level 1:colcon.colcon_core.package_identification:_identify(src/my_robot_description) by extension 'ignore'
[0.220s] Level 1:colcon.colcon_core.package_identification:_identify(src/my_robot_description) by extension 'ignore_ament_install'
[0.220s] Level 1:colcon.colcon_core.package_identification:_identify(src/my_robot_description) by extensions ['colcon_pkg']
[0.220s] Level 1:colcon.colcon_core.package_identification:_identify(src/my_robot_description) by extension 'colcon_pkg'
[0.220s] Level 1:colcon.colcon_core.package_identification:_identify(src/my_robot_description) by extensions ['colcon_meta']
[0.220s] Level 1:colcon.colcon_core.package_identification:_identify(src/my_robot_description) by extension 'colcon_meta'
[0.220s] Level 1:colcon.colcon_core.package_identification:_identify(src/my_robot_description) by extensions ['ros']
[0.220s] Level 1:colcon.colcon_core.package_identification:_identify(src/my_robot_description) by extension 'ros'
[0.221s] DEBUG:colcon.colcon_core.package_identification:Package 'src/my_robot_description' with type 'ros.ament_cmake' and name 'my_robot_description'
[0.222s] Level 1:colcon.colcon_core.package_identification:_identify(src/my_robot_interfaces) by extensions ['ignore', 'ignore_ament_install']
[0.222s] Level 1:colcon.colcon_core.package_identification:_identify(src/my_robot_interfaces) by extension 'ignore'
[0.222s] Level 1:colcon.colcon_core.package_identification:_identify(src/my_robot_interfaces) by extension 'ignore_ament_install'
[0.222s] Level 1:colcon.colcon_core.package_identification:_identify(src/my_robot_interfaces) by extensions ['colcon_pkg']
[0.222s] Level 1:colcon.colcon_core.package_identification:_identify(src/my_robot_interfaces) by extension 'colcon_pkg'
[0.222s] Level 1:colcon.colcon_core.package_identification:_identify(src/my_robot_interfaces) by extensions ['colcon_meta']
[0.222s] Level 1:colcon.colcon_core.package_identification:_identify(src/my_robot_interfaces) by extension 'colcon_meta'
[0.222s] Level 1:colcon.colcon_core.package_identification:_identify(src/my_robot_interfaces) by extensions ['ros']
[0.222s] Level 1:colcon.colcon_core.package_identification:_identify(src/my_robot_interfaces) by extension 'ros'
[0.223s] DEBUG:colcon.colcon_core.package_identification:Package 'src/my_robot_interfaces' with type 'ros.ament_cmake' and name 'my_robot_interfaces'
[0.224s] Level 1:colcon.colcon_core.package_identification:_identify(src/turtlesim_catch_them_all) by extensions ['ignore', 'ignore_ament_install']
[0.224s] Level 1:colcon.colcon_core.package_identification:_identify(src/turtlesim_catch_them_all) by extension 'ignore'
[0.224s] Level 1:colcon.colcon_core.package_identification:_identify(src/turtlesim_catch_them_all) by extension 'ignore_ament_install'
[0.224s] Level 1:colcon.colcon_core.package_identification:_identify(src/turtlesim_catch_them_all) by extensions ['colcon_pkg']
[0.224s] Level 1:colcon.colcon_core.package_identification:_identify(src/turtlesim_catch_them_all) by extension 'colcon_pkg'
[0.224s] Level 1:colcon.colcon_core.package_identification:_identify(src/turtlesim_catch_them_all) by extensions ['colcon_meta']
[0.224s] Level 1:colcon.colcon_core.package_identification:_identify(src/turtlesim_catch_them_all) by extension 'colcon_meta'
[0.224s] Level 1:colcon.colcon_core.package_identification:_identify(src/turtlesim_catch_them_all) by extensions ['ros']
[0.224s] Level 1:colcon.colcon_core.package_identification:_identify(src/turtlesim_catch_them_all) by extension 'ros'
[0.228s] DEBUG:colcon.colcon_core.package_identification:Package 'src/turtlesim_catch_them_all' with type 'ros.ament_python' and name 'turtlesim_catch_them_all'
[0.228s] Level 1:colcon.colcon_core.package_discovery:discover_packages(recursive) using defaults
[0.228s] Level 1:colcon.colcon_core.package_discovery:discover_packages(ignore) discover
[0.228s] Level 1:colcon.colcon_core.package_discovery:discover_packages(ignore) using defaults
[0.228s] Level 1:colcon.colcon_core.package_discovery:discover_packages(path) discover
[0.228s] Level 1:colcon.colcon_core.package_discovery:discover_packages(path) using defaults
[0.255s] Level 1:colcon.colcon_core.package_discovery:discover_packages(prefix_path) check parameters
[0.255s] Level 1:colcon.colcon_core.package_discovery:discover_packages(prefix_path) discover
[0.262s] DEBUG:colcon.colcon_installed_package_information.package_discovery:Found 5 installed packages in /home/yash-verma/ros2_ws/install
[0.264s] DEBUG:colcon.colcon_installed_package_information.package_discovery:Found 483 installed packages in /opt/ros/jazzy
[0.267s] Level 1:colcon.colcon_core.package_discovery:discover_packages(prefix_path) using defaults
[0.347s] Level 5:colcon.colcon_core.verb:set package 'my_robot_description' build argument 'cmake_args' from command line to 'None'
[0.347s] Level 5:colcon.colcon_core.verb:set package 'my_robot_description' build argument 'cmake_target' from command line to 'None'
[0.348s] Level 5:colcon.colcon_core.verb:set package 'my_robot_description' build argument 'cmake_target_skip_unavailable' from command line to 'False'
[0.348s] Level 5:colcon.colcon_core.verb:set package 'my_robot_description' build argument 'cmake_clean_cache' from command line to 'False'
[0.348s] Level 5:colcon.colcon_core.verb:set package 'my_robot_description' build argument 'cmake_clean_first' from command line to 'False'
[0.348s] Level 5:colcon.colcon_core.verb:set package 'my_robot_description' build argument 'cmake_force_configure' from command line to 'False'
[0.348s] Level 5:colcon.colcon_core.verb:set package 'my_robot_description' build argument 'ament_cmake_args' from command line to 'None'
[0.348s] Level 5:colcon.colcon_core.verb:set package 'my_robot_description' build argument 'catkin_cmake_args' from command line to 'None'
[0.348s] Level 5:colcon.colcon_core.verb:set package 'my_robot_description' build argument 'catkin_skip_building_tests' from command line to 'False'
[0.348s] DEBUG:colcon.colcon_core.verb:Building package 'my_robot_description' with the following arguments: {'ament_cmake_args': None, 'build_base': '/home/yash-verma/ros2_ws/build/my_robot_description', 'catkin_cmake_args': None, 'catkin_skip_building_tests': False, 'cmake_args': None, 'cmake_clean_cache': False, 'cmake_clean_first': False, 'cmake_force_configure': False, 'cmake_target': None, 'cmake_target_skip_unavailable': False, 'install_base': '/home/yash-verma/ros2_ws/install/my_robot_description', 'merge_install': False, 'path': '/home/yash-verma/ros2_ws/src/my_robot_description', 'symlink_install': True, 'test_result_base': None}
[0.348s] Level 5:colcon.colcon_core.verb:set package 'my_robot_interfaces' build argument 'cmake_args' from command line to 'None'
[0.349s] Level 5:colcon.colcon_core.verb:set package 'my_robot_interfaces' build argument 'cmake_target' from command line to 'None'
[0.349s] Level 5:colcon.colcon_core.verb:set package 'my_robot_interfaces' build argument 'cmake_target_skip_unavailable' from command line to 'False'
[0.349s] Level 5:colcon.colcon_core.verb:set package 'my_robot_interfaces' build argument 'cmake_clean_cache' from command line to 'False'
[0.349s] Level 5:colcon.colcon_core.verb:set package 'my_robot_interfaces' build argument 'cmake_clean_first' from command line to 'False'
[0.349s] Level 5:colcon.colcon_core.verb:set package 'my_robot_interfaces' build argument 'cmake_force_configure' from command line to 'False'
[0.349s] Level 5:colcon.colcon_core.verb:set package 'my_robot_interfaces' build argument 'ament_cmake_args' from command line to 'None'
[0.349s] Level 5:colcon.colcon_core.verb:set package 'my_robot_interfaces' build argument 'catkin_cmake_args' from command line to 'None'
[0.349s] Level 5:colcon.colcon_core.verb:set package 'my_robot_interfaces' build argument 'catkin_skip_building_tests' from command line to 'False'
[0.349s] DEBUG:colcon.colcon_core.verb:Building package 'my_robot_interfaces' with the following arguments: {'ament_cmake_args': None, 'build_base': '/home/yash-verma/ros2_ws/build/my_robot_interfaces', 'catkin_cmake_args': None, 'catkin_skip_building_tests': False, 'cmake_args': None, 'cmake_clean_cache': False, 'cmake_clean_first': False, 'cmake_force_configure': False, 'cmake_target': None, 'cmake_target_skip_unavailable': False, 'install_base': '/home/yash-verma/ros2_ws/install/my_robot_interfaces', 'merge_install': False, 'path': '/home/yash-verma/ros2_ws/src/my_robot_interfaces', 'symlink_install': True, 'test_result_base': None}
[0.349s] Level 5:colcon.colcon_core.verb:set package 'my_py_pkg' build argument 'cmake_args' from command line to 'None'
[0.349s] Level 5:colcon.colcon_core.verb:set package 'my_py_pkg' build argument 'cmake_target' from command line to 'None'
[0.350s] Level 5:colcon.colcon_core.verb:set package 'my_py_pkg' build argument 'cmake_target_skip_unavailable' from command line to 'False'
[0.350s] Level 5:colcon.colcon_core.verb:set package 'my_py_pkg' build argument 'cmake_clean_cache' from command line to 'False'
[0.350s] Level 5:colcon.colcon_core.verb:set package 'my_py_pkg' build argument 'cmake_clean_first' from command line to 'False'
[0.350s] Level 5:colcon.colcon_core.verb:set package 'my_py_pkg' build argument 'cmake_force_configure' from command line to 'False'
[0.350s] Level 5:colcon.colcon_core.verb:set package 'my_py_pkg' build argument 'ament_cmake_args' from command line to 'None'
[0.350s] Level 5:colcon.colcon_core.verb:set package 'my_py_pkg' build argument 'catkin_cmake_args' from command line to 'None'
[0.350s] Level 5:colcon.colcon_core.verb:set package 'my_py_pkg' build argument 'catkin_skip_building_tests' from command line to 'False'
[0.350s] DEBUG:colcon.colcon_core.verb:Building package 'my_py_pkg' with the following arguments: {'ament_cmake_args': None, 'build_base': '/home/yash-verma/ros2_ws/build/my_py_pkg', 'catkin_cmake_args': None, 'catkin_skip_building_tests': False, 'cmake_args': None, 'cmake_clean_cache': False, 'cmake_clean_first': False, 'cmake_force_configure': False, 'cmake_target': None, 'cmake_target_skip_unavailable': False, 'install_base': '/home/yash-verma/ros2_ws/install/my_py_pkg', 'merge_install': False, 'path': '/home/yash-verma/ros2_ws/src/my_py_pkg', 'symlink_install': True, 'test_result_base': None}
[0.351s] Level 5:colcon.colcon_core.verb:set package 'turtlesim_catch_them_all' build argument 'cmake_args' from command line to 'None'
[0.351s] Level 5:colcon.colcon_core.verb:set package 'turtlesim_catch_them_all' build argument 'cmake_target' from command line to 'None'
[0.351s] Level 5:colcon.colcon_core.verb:set package 'turtlesim_catch_them_all' build argument 'cmake_target_skip_unavailable' from command line to 'False'
[0.351s] Level 5:colcon.colcon_core.verb:set package 'turtlesim_catch_them_all' build argument 'cmake_clean_cache' from command line to 'False'
[0.351s] Level 5:colcon.colcon_core.verb:set package 'turtlesim_catch_them_all' build argument 'cmake_clean_first' from command line to 'False'
[0.351s] Level 5:colcon.colcon_core.verb:set package 'turtlesim_catch_them_all' build argument 'cmake_force_configure' from command line to 'False'
[0.351s] Level 5:colcon.colcon_core.verb:set package 'turtlesim_catch_them_all' build argument 'ament_cmake_args' from command line to 'None'
[0.351s] Level 5:colcon.colcon_core.verb:set package 'turtlesim_catch_them_all' build argument 'catkin_cmake_args' from command line to 'None'
[0.351s] Level 5:colcon.colcon_core.verb:set package 'turtlesim_catch_them_all' build argument 'catkin_skip_building_tests' from command line to 'False'
[0.351s] DEBUG:colcon.colcon_core.verb:Building package 'turtlesim_catch_them_all' with the following arguments: {'ament_cmake_args': None, 'build_base': '/home/yash-verma/ros2_ws/build/turtlesim_catch_them_all', 'catkin_cmake_args': None, 'catkin_skip_building_tests': False, 'cmake_args': None, 'cmake_clean_cache': False, 'cmake_clean_first': False, 'cmake_force_configure': False, 'cmake_target': None, 'cmake_target_skip_unavailable': False, 'install_base': '/home/yash-verma/ros2_ws/install/turtlesim_catch_them_all', 'merge_install': False, 'path': '/home/yash-verma/ros2_ws/src/turtlesim_catch_them_all', 'symlink_install': True, 'test_result_base': None}
[0.351s] Level 5:colcon.colcon_core.verb:set package 'my_robot_bringup' build argument 'cmake_args' from command line to 'None'
[0.351s] Level 5:colcon.colcon_core.verb:set package 'my_robot_bringup' build argument 'cmake_target' from command line to 'None'
[0.351s] Level 5:colcon.colcon_core.verb:set package 'my_robot_bringup' build argument 'cmake_target_skip_unavailable' from command line to 'False'
[0.351s] Level 5:colcon.colcon_core.verb:set package 'my_robot_bringup' build argument 'cmake_clean_cache' from command line to 'False'
[0.351s] Level 5:colcon.colcon_core.verb:set package 'my_robot_bringup' build argument 'cmake_clean_first' from command line to 'False'
[0.351s] Level 5:colcon.colcon_core.verb:set package 'my_robot_bringup' build argument 'cmake_force_configure' from command line to 'False'
[0.351s] Level 5:colcon.colcon_core.verb:set package 'my_robot_bringup' build argument 'ament_cmake_args' from command line to 'None'
[0.351s] Level 5:colcon.colcon_core.verb:set package 'my_robot_bringup' build argument 'catkin_cmake_args' from command line to 'None'
[0.351s] Level 5:colcon.colcon_core.verb:set package 'my_robot_bringup' build argument 'catkin_skip_building_tests' from command line to 'False'
[0.351s] DEBUG:colcon.colcon_core.verb:Building package 'my_robot_bringup' with the following arguments: {'ament_cmake_args': None, 'build_base': '/home/yash-verma/ros2_ws/build/my_robot_bringup', 'catkin_cmake_args': None, 'catkin_skip_building_tests': False, 'cmake_args': None, 'cmake_clean_cache': False, 'cmake_clean_first': False, 'cmake_force_configure': False, 'cmake_target': None, 'cmake_target_skip_unavailable': False, 'install_base': '/home/yash-verma/ros2_ws/install/my_robot_bringup', 'merge_install': False, 'path': '/home/yash-verma/ros2_ws/src/my_robot_bringup', 'symlink_install': True, 'test_result_base': None}
[0.351s] INFO:colcon.colcon_core.executor:Executing jobs using 'parallel' executor
[0.353s] DEBUG:colcon.colcon_parallel_executor.executor.parallel:run_until_complete
[0.353s] INFO:colcon.colcon_ros.task.ament_cmake.build:Building ROS package in '/home/yash-verma/ros2_ws/src/my_robot_interfaces' with build type 'ament_cmake'
[0.354s] INFO:colcon.colcon_cmake.task.cmake.build:Building CMake package in '/home/yash-verma/ros2_ws/src/my_robot_interfaces'
[0.363s] INFO:colcon.colcon_core.plugin_system:Skipping extension 'colcon_core.shell.bat': Not used on non-Windows systems
[0.363s] INFO:colcon.colcon_core.shell:Skip shell extension 'powershell' for command environment: Not usable outside of PowerShell
[0.363s] DEBUG:colcon.colcon_core.shell:Skip shell extension 'dsv' for command environment
[0.372s] INFO:colcon.colcon_ros.task.ament_cmake.build:Building ROS package in '/home/yash-verma/ros2_ws/src/my_robot_description' with build type 'ament_cmake'
[0.372s] INFO:colcon.colcon_cmake.task.cmake.build:Building CMake package in '/home/yash-verma/ros2_ws/src/my_robot_description'
[0.373s] INFO:colcon.colcon_core.shell:Skip shell extension 'powershell' for command environment: Not usable outside of PowerShell
[0.373s] DEBUG:colcon.colcon_core.shell:Skip shell extension 'dsv' for command environment
[0.387s] DEBUG:colcon.colcon_core.event_handler.log_command:Invoking command in '/home/yash-verma/ros2_ws/build/my_robot_interfaces': CMAKE_PREFIX_PATH=${CMAKE_PREFIX_PATH}:/home/yash-verma/ros2_ws/install/turtlesim_catch_them_all:/home/yash-verma/ros2_ws/install/my_py_pkg:/opt/ros/jazzy DEBUGINFOD_URLS=https://debuginfod.ubuntu.com /usr/bin/cmake /home/yash-verma/ros2_ws/src/my_robot_interfaces -DAMENT_CMAKE_SYMLINK_INSTALL=1 -DCMAKE_INSTALL_PREFIX=/home/yash-verma/ros2_ws/install/my_robot_interfaces
[0.408s] DEBUG:colcon.colcon_core.event_handler.log_command:Invoking command in '/home/yash-verma/ros2_ws/build/my_robot_description': CMAKE_PREFIX_PATH=${CMAKE_PREFIX_PATH}:/home/yash-verma/ros2_ws/install/turtlesim_catch_them_all:/home/yash-verma/ros2_ws/install/my_py_pkg:/opt/ros/jazzy DEBUGINFOD_URLS=https://debuginfod.ubuntu.com /usr/bin/cmake /home/yash-verma/ros2_ws/src/my_robot_description -DAMENT_CMAKE_SYMLINK_INSTALL=1 -DCMAKE_INSTALL_PREFIX=/home/yash-verma/ros2_ws/install/my_robot_description
[1.270s] DEBUG:colcon.colcon_core.event_handler.log_command:Invoked command in '/home/yash-verma/ros2_ws/build/my_robot_description' returned '0': CMAKE_PREFIX_PATH=${CMAKE_PREFIX_PATH}:/home/yash-verma/ros2_ws/install/turtlesim_catch_them_all:/home/yash-verma/ros2_ws/install/my_py_pkg:/opt/ros/jazzy DEBUGINFOD_URLS=https://debuginfod.ubuntu.com /usr/bin/cmake /home/yash-verma/ros2_ws/src/my_robot_description -DAMENT_CMAKE_SYMLINK_INSTALL=1 -DCMAKE_INSTALL_PREFIX=/home/yash-verma/ros2_ws/install/my_robot_description
[1.270s] DEBUG:colcon.colcon_core.event_handler.log_command:Invoking command in '/home/yash-verma/ros2_ws/build/my_robot_description': CMAKE_PREFIX_PATH=${CMAKE_PREFIX_PATH}:/home/yash-verma/ros2_ws/install/turtlesim_catch_them_all:/home/yash-verma/ros2_ws/install/my_py_pkg:/opt/ros/jazzy DEBUGINFOD_URLS=https://debuginfod.ubuntu.com /usr/bin/cmake --build /home/yash-verma/ros2_ws/build/my_robot_description -- -j3 -l3
[1.362s] DEBUG:colcon.colcon_core.event_handler.log_command:Invoked command in '/home/yash-verma/ros2_ws/build/my_robot_description' returned '0': CMAKE_PREFIX_PATH=${CMAKE_PREFIX_PATH}:/home/yash-verma/ros2_ws/install/turtlesim_catch_them_all:/home/yash-verma/ros2_ws/install/my_py_pkg:/opt/ros/jazzy DEBUGINFOD_URLS=https://debuginfod.ubuntu.com /usr/bin/cmake --build /home/yash-verma/ros2_ws/build/my_robot_description -- -j3 -l3
[1.404s] DEBUG:colcon.colcon_core.event_handler.log_command:Invoking command in '/home/yash-verma/ros2_ws/build/my_robot_description': CMAKE_PREFIX_PATH=${CMAKE_PREFIX_PATH}:/home/yash-verma/ros2_ws/install/turtlesim_catch_them_all:/home/yash-verma/ros2_ws/install/my_py_pkg:/opt/ros/jazzy DEBUGINFOD_URLS=https://debuginfod.ubuntu.com /usr/bin/cmake --install /home/yash-verma/ros2_ws/build/my_robot_description
[1.848s] Level 1:colcon.colcon_core.environment:create_environment_scripts_only(my_robot_description)
[1.849s] DEBUG:colcon.colcon_core.event_handler.log_command:Invoked command in '/home/yash-verma/ros2_ws/build/my_robot_description' returned '0': CMAKE_PREFIX_PATH=${CMAKE_PREFIX_PATH}:/home/yash-verma/ros2_ws/install/turtlesim_catch_them_all:/home/yash-verma/ros2_ws/install/my_py_pkg:/opt/ros/jazzy DEBUGINFOD_URLS=https://debuginfod.ubuntu.com /usr/bin/cmake --install /home/yash-verma/ros2_ws/build/my_robot_description
[1.860s] Level 1:colcon.colcon_core.environment:checking '/home/yash-verma/ros2_ws/install/my_robot_description' for CMake module files
[1.862s] Level 1:colcon.colcon_core.environment:checking '/home/yash-verma/ros2_ws/install/my_robot_description' for CMake config files
[1.863s] Level 1:colcon.colcon_core.shell:create_environment_hook('my_robot_description', 'cmake_prefix_path')
[1.864s] INFO:colcon.colcon_core.shell:Creating environment hook '/home/yash-verma/ros2_ws/install/my_robot_description/share/my_robot_description/hook/cmake_prefix_path.ps1'
[1.866s] INFO:colcon.colcon_core.shell:Creating environment descriptor '/home/yash-verma/ros2_ws/install/my_robot_description/share/my_robot_description/hook/cmake_prefix_path.dsv'
[1.867s] INFO:colcon.colcon_core.shell:Creating environment hook '/home/yash-verma/ros2_ws/install/my_robot_description/share/my_robot_description/hook/cmake_prefix_path.sh'
[1.870s] Level 1:colcon.colcon_core.environment:checking '/home/yash-verma/ros2_ws/install/my_robot_description/bin'
[1.870s] Level 1:colcon.colcon_core.environment:checking '/home/yash-verma/ros2_ws/install/my_robot_description/lib/pkgconfig/my_robot_description.pc'
[1.870s] Level 1:colcon.colcon_core.environment:checking '/home/yash-verma/ros2_ws/install/my_robot_description/lib/python3.12/site-packages'
[1.870s] Level 1:colcon.colcon_core.environment:checking '/home/yash-verma/ros2_ws/install/my_robot_description/bin'
[1.870s] INFO:colcon.colcon_core.shell:Creating package script '/home/yash-verma/ros2_ws/install/my_robot_description/share/my_robot_description/package.ps1'
[1.873s] INFO:colcon.colcon_core.shell:Creating package descriptor '/home/yash-verma/ros2_ws/install/my_robot_description/share/my_robot_description/package.dsv'
[1.877s] INFO:colcon.colcon_core.shell:Creating package script '/home/yash-verma/ros2_ws/install/my_robot_description/share/my_robot_description/package.sh'
[1.879s] INFO:colcon.colcon_core.shell:Creating package script '/home/yash-verma/ros2_ws/install/my_robot_description/share/my_robot_description/package.bash'
[1.881s] INFO:colcon.colcon_core.shell:Creating package script '/home/yash-verma/ros2_ws/install/my_robot_description/share/my_robot_description/package.zsh'
[1.884s] Level 1:colcon.colcon_core.environment:create_file_with_runtime_dependencies(/home/yash-verma/ros2_ws/install/my_robot_description/share/colcon-core/packages/my_robot_description)
[1.885s] Level 1:colcon.colcon_core.environment:create_environment_scripts_only(my_robot_description)
[1.885s] Level 1:colcon.colcon_core.environment:checking '/home/yash-verma/ros2_ws/install/my_robot_description' for CMake module files
[1.888s] Level 1:colcon.colcon_core.environment:checking '/home/yash-verma/ros2_ws/install/my_robot_description' for CMake config files
[1.888s] Level 1:colcon.colcon_core.shell:create_environment_hook('my_robot_description', 'cmake_prefix_path')
[1.889s] INFO:colcon.colcon_core.shell:Creating environment hook '/home/yash-verma/ros2_ws/install/my_robot_description/share/my_robot_description/hook/cmake_prefix_path.ps1'
[1.889s] INFO:colcon.colcon_core.shell:Creating environment descriptor '/home/yash-verma/ros2_ws/install/my_robot_description/share/my_robot_description/hook/cmake_prefix_path.dsv'
[1.890s] INFO:colcon.colcon_core.shell:Creating environment hook '/home/yash-verma/ros2_ws/install/my_robot_description/share/my_robot_description/hook/cmake_prefix_path.sh'
[1.893s] Level 1:colcon.colcon_core.environment:checking '/home/yash-verma/ros2_ws/install/my_robot_description/bin'
[1.893s] Level 1:colcon.colcon_core.environment:checking '/home/yash-verma/ros2_ws/install/my_robot_description/lib/pkgconfig/my_robot_description.pc'
[1.894s] Level 1:colcon.colcon_core.environment:checking '/home/yash-verma/ros2_ws/install/my_robot_description/lib/python3.12/site-packages'
[1.895s] Level 1:colcon.colcon_core.environment:checking '/home/yash-verma/ros2_ws/install/my_robot_description/bin'
[1.895s] INFO:colcon.colcon_core.shell:Creating package script '/home/yash-verma/ros2_ws/install/my_robot_description/share/my_robot_description/package.ps1'
[1.897s] INFO:colcon.colcon_core.shell:Creating package descriptor '/home/yash-verma/ros2_ws/install/my_robot_description/share/my_robot_description/package.dsv'
[1.900s] INFO:colcon.colcon_core.shell:Creating package script '/home/yash-verma/ros2_ws/install/my_robot_description/share/my_robot_description/package.sh'
[1.900s] INFO:colcon.colcon_core.shell:Creating package script '/home/yash-verma/ros2_ws/install/my_robot_description/share/my_robot_description/package.bash'
[1.901s] INFO:colcon.colcon_core.shell:Creating package script '/home/yash-verma/ros2_ws/install/my_robot_description/share/my_robot_description/package.zsh'
[1.901s] Level 1:colcon.colcon_core.environment:create_file_with_runtime_dependencies(/home/yash-verma/ros2_ws/install/my_robot_description/share/colcon-core/packages/my_robot_description)
[2.990s] DEBUG:colcon.colcon_core.event_handler.log_command:Invoked command in '/home/yash-verma/ros2_ws/build/my_robot_interfaces' returned '0': CMAKE_PREFIX_PATH=${CMAKE_PREFIX_PATH}:/home/yash-verma/ros2_ws/install/turtlesim_catch_them_all:/home/yash-verma/ros2_ws/install/my_py_pkg:/opt/ros/jazzy DEBUGINFOD_URLS=https://debuginfod.ubuntu.com /usr/bin/cmake /home/yash-verma/ros2_ws/src/my_robot_interfaces -DAMENT_CMAKE_SYMLINK_INSTALL=1 -DCMAKE_INSTALL_PREFIX=/home/yash-verma/ros2_ws/install/my_robot_interfaces
[2.997s] DEBUG:colcon.colcon_core.event_handler.log_command:Invoking command in '/home/yash-verma/ros2_ws/build/my_robot_interfaces': CMAKE_PREFIX_PATH=${CMAKE_PREFIX_PATH}:/home/yash-verma/ros2_ws/install/turtlesim_catch_them_all:/home/yash-verma/ros2_ws/install/my_py_pkg:/opt/ros/jazzy DEBUGINFOD_URLS=https://debuginfod.ubuntu.com /usr/bin/cmake --build /home/yash-verma/ros2_ws/build/my_robot_interfaces -- -j3 -l3
[3.164s] Level 1:colcon.colcon_core.environment:create_environment_scripts_only(my_robot_interfaces)
[3.164s] Level 1:colcon.colcon_core.environment:checking '/home/yash-verma/ros2_ws/install/my_robot_interfaces' for CMake module files
[3.165s] DEBUG:colcon.colcon_core.event_handler.log_command:Invoked command in '/home/yash-verma/ros2_ws/build/my_robot_interfaces' returned '2': CMAKE_PREFIX_PATH=${CMAKE_PREFIX_PATH}:/home/yash-verma/ros2_ws/install/turtlesim_catch_them_all:/home/yash-verma/ros2_ws/install/my_py_pkg:/opt/ros/jazzy DEBUGINFOD_URLS=https://debuginfod.ubuntu.com /usr/bin/cmake --build /home/yash-verma/ros2_ws/build/my_robot_interfaces -- -j3 -l3
[3.166s] Level 1:colcon.colcon_core.environment:checking '/home/yash-verma/ros2_ws/install/my_robot_interfaces' for CMake config files
[3.166s] Level 1:colcon.colcon_core.shell:create_environment_hook('my_robot_interfaces', 'cmake_prefix_path')
[3.166s] INFO:colcon.colcon_core.shell:Creating environment hook '/home/yash-verma/ros2_ws/install/my_robot_interfaces/share/my_robot_interfaces/hook/cmake_prefix_path.ps1'
[3.167s] INFO:colcon.colcon_core.shell:Creating environment descriptor '/home/yash-verma/ros2_ws/install/my_robot_interfaces/share/my_robot_interfaces/hook/cmake_prefix_path.dsv'
[3.168s] INFO:colcon.colcon_core.shell:Creating environment hook '/home/yash-verma/ros2_ws/install/my_robot_interfaces/share/my_robot_interfaces/hook/cmake_prefix_path.sh'
[3.169s] Level 1:colcon.colcon_core.environment:checking '/home/yash-verma/ros2_ws/install/my_robot_interfaces/lib'
[3.169s] Level 1:colcon.colcon_core.shell:create_environment_hook('my_robot_interfaces', 'ld_library_path_lib')
[3.169s] INFO:colcon.colcon_core.shell:Creating environment hook '/home/yash-verma/ros2_ws/install/my_robot_interfaces/share/my_robot_interfaces/hook/ld_library_path_lib.ps1'
[3.170s] INFO:colcon.colcon_core.shell:Creating environment descriptor '/home/yash-verma/ros2_ws/install/my_robot_interfaces/share/my_robot_interfaces/hook/ld_library_path_lib.dsv'
[3.171s] INFO:colcon.colcon_core.shell:Creating environment hook '/home/yash-verma/ros2_ws/install/my_robot_interfaces/share/my_robot_interfaces/hook/ld_library_path_lib.sh'
[3.171s] Level 1:colcon.colcon_core.environment:checking '/home/yash-verma/ros2_ws/install/my_robot_interfaces/bin'
[3.172s] Level 1:colcon.colcon_core.environment:checking '/home/yash-verma/ros2_ws/install/my_robot_interfaces/lib/pkgconfig/my_robot_interfaces.pc'
[3.172s] Level 1:colcon.colcon_core.environment:checking '/home/yash-verma/ros2_ws/install/my_robot_interfaces/lib/python3.12/site-packages'
[3.172s] Level 1:colcon.colcon_core.shell:create_environment_hook('my_robot_interfaces', 'pythonpath')
[3.173s] INFO:colcon.colcon_core.shell:Creating environment hook '/home/yash-verma/ros2_ws/install/my_robot_interfaces/share/my_robot_interfaces/hook/pythonpath.ps1'
[3.173s] INFO:colcon.colcon_core.shell:Creating environment descriptor '/home/yash-verma/ros2_ws/install/my_robot_interfaces/share/my_robot_interfaces/hook/pythonpath.dsv'
[3.174s] INFO:colcon.colcon_core.shell:Creating environment hook '/home/yash-verma/ros2_ws/install/my_robot_interfaces/share/my_robot_interfaces/hook/pythonpath.sh'
[3.176s] Level 1:colcon.colcon_core.environment:checking '/home/yash-verma/ros2_ws/install/my_robot_interfaces/bin'
[3.177s] INFO:colcon.colcon_core.shell:Creating package script '/home/yash-verma/ros2_ws/install/my_robot_interfaces/share/my_robot_interfaces/package.ps1'
[3.178s] INFO:colcon.colcon_core.shell:Creating package descriptor '/home/yash-verma/ros2_ws/install/my_robot_interfaces/share/my_robot_interfaces/package.dsv'
[3.179s] INFO:colcon.colcon_core.shell:Creating package script '/home/yash-verma/ros2_ws/install/my_robot_interfaces/share/my_robot_interfaces/package.sh'
[3.180s] INFO:colcon.colcon_core.shell:Creating package script '/home/yash-verma/ros2_ws/install/my_robot_interfaces/share/my_robot_interfaces/package.bash'
[3.181s] INFO:colcon.colcon_core.shell:Creating package script '/home/yash-verma/ros2_ws/install/my_robot_interfaces/share/my_robot_interfaces/package.zsh'
[3.181s] Level 1:colcon.colcon_core.environment:create_file_with_runtime_dependencies(/home/yash-verma/ros2_ws/install/my_robot_interfaces/share/colcon-core/packages/my_robot_interfaces)
[3.193s] DEBUG:colcon.colcon_parallel_executor.executor.parallel:closing loop
[3.193s] DEBUG:colcon.colcon_parallel_executor.executor.parallel:loop closed
[3.193s] DEBUG:colcon.colcon_parallel_executor.executor.parallel:run_until_complete finished with '2'
[3.194s] DEBUG:colcon.colcon_core.event_reactor:joining thread
[3.220s] INFO:colcon.colcon_core.plugin_system:Skipping extension 'colcon_notification.desktop_notification.terminal_notifier': Not used on non-Darwin systems
[3.220s] INFO:colcon.colcon_core.plugin_system:Skipping extension 'colcon_notification.desktop_notification.win32': Not used on non-Windows systems
[3.220s] INFO:colcon.colcon_notification.desktop_notification:Sending desktop notification using 'notify2'
[3.274s] DEBUG:colcon.colcon_core.event_reactor:joined thread
[3.274s] INFO:colcon.colcon_core.shell:Creating prefix script '/home/yash-verma/ros2_ws/install/local_setup.ps1'
[3.284s] INFO:colcon.colcon_core.shell:Creating prefix util module '/home/yash-verma/ros2_ws/install/_local_setup_util_ps1.py'
[3.287s] INFO:colcon.colcon_core.shell:Creating prefix chain script '/home/yash-verma/ros2_ws/install/setup.ps1'
[3.297s] INFO:colcon.colcon_core.shell:Creating prefix script '/home/yash-verma/ros2_ws/install/local_setup.sh'
[3.300s] INFO:colcon.colcon_core.shell:Creating prefix util module '/home/yash-verma/ros2_ws/install/_local_setup_util_sh.py'
[3.303s] INFO:colcon.colcon_core.shell:Creating prefix chain script '/home/yash-verma/ros2_ws/install/setup.sh'
[3.306s] INFO:colcon.colcon_core.shell:Creating prefix script '/home/yash-verma/ros2_ws/install/local_setup.bash'
[3.307s] INFO:colcon.colcon_core.shell:Creating prefix chain script '/home/yash-verma/ros2_ws/install/setup.bash'
[3.313s] INFO:colcon.colcon_core.shell:Creating prefix script '/home/yash-verma/ros2_ws/install/local_setup.zsh'
[3.314s] INFO:colcon.colcon_core.shell:Creating prefix chain script '/home/yash-verma/ros2_ws/install/setup.zsh'
