[2.512s] Invoking command in '/home/yash-verma/ros2_ws/src/turtlesim_catch_them_all': CMAKE_PREFIX_PATH=/home/yash-verma/ros2_ws/install/my_robot_interfaces:/home/yash-verma/ros2_ws/install/my_robot_bringup:/home/yash-verma/ros2_ws/install/my_robot_description:/opt/ros/jazzy/opt/gz_sim_vendor:/opt/ros/jazzy/opt/gz_sensors_vendor:/opt/ros/jazzy/opt/gz_physics_vendor:/opt/ros/jazzy/opt/sdformat_vendor:/opt/ros/jazzy/opt/gz_gui_vendor:/opt/ros/jazzy/opt/gz_transport_vendor:/opt/ros/jazzy/opt/gz_rendering_vendor:/opt/ros/jazzy/opt/gz_plugin_vendor:/opt/ros/jazzy/opt/gz_fuel_tools_vendor:/opt/ros/jazzy/opt/gz_msgs_vendor:/opt/ros/jazzy/opt/gz_common_vendor:/opt/ros/jazzy/opt/gz_math_vendor:/opt/ros/jazzy/opt/gz_utils_vendor:/opt/ros/jazzy/opt/gz_tools_vendor:/opt/ros/jazzy/opt/gz_ogre_next_vendor:/opt/ros/jazzy/opt/gz_dartsim_vendor:/opt/ros/jazzy/opt/gz_cmake_vendor DEBUGINFOD_URLS=https://debuginfod.ubuntu.com PYTHONPATH=/home/yash-verma/ros2_ws/build/turtlesim_catch_them_all/prefix_override:/usr/lib/python3/dist-packages/colcon_core/task/python/colcon_distutils_commands:/home/yash-verma/ros2_ws/install/turtlesim_catch_them_all/lib/python3.12/site-packages:/home/yash-verma/ros2_ws/install/my_robot_interfaces/lib/python3.12/site-packages:/home/yash-verma/ros2_ws/install/turtlesim_catch_them_all/lib/python3.12/site-packages:/home/yash-verma/ros2_ws/install/my_py_pkg/lib/python3.12/site-packages:/opt/ros/jazzy/lib/python3.12/site-packages /usr/bin/python3 -W ignore:setup.py install is deprecated -W ignore:easy_install command is deprecated setup.py egg_info --egg-base ../../build/turtlesim_catch_them_all build --build-base /home/yash-verma/ros2_ws/build/turtlesim_catch_them_all/build install --record /home/yash-verma/ros2_ws/build/turtlesim_catch_them_all/install.log --single-version-externally-managed install_data
[2.922s] running egg_info
[2.922s] creating ../../build/turtlesim_catch_them_all/turtlesim_catch_them_all.egg-info
[2.950s] writing ../../build/turtlesim_catch_them_all/turtlesim_catch_them_all.egg-info/PKG-INFO
[2.952s] writing dependency_links to ../../build/turtlesim_catch_them_all/turtlesim_catch_them_all.egg-info/dependency_links.txt
[2.952s] writing entry points to ../../build/turtlesim_catch_them_all/turtlesim_catch_them_all.egg-info/entry_points.txt
[2.952s] writing requirements to ../../build/turtlesim_catch_them_all/turtlesim_catch_them_all.egg-info/requires.txt
[2.952s] writing top-level names to ../../build/turtlesim_catch_them_all/turtlesim_catch_them_all.egg-info/top_level.txt
[2.952s] writing manifest file '../../build/turtlesim_catch_them_all/turtlesim_catch_them_all.egg-info/SOURCES.txt'
[3.020s] reading manifest file '../../build/turtlesim_catch_them_all/turtlesim_catch_them_all.egg-info/SOURCES.txt'
[3.023s] writing manifest file '../../build/turtlesim_catch_them_all/turtlesim_catch_them_all.egg-info/SOURCES.txt'
[3.023s] running build
[3.023s] running build_py
[3.023s] creating /home/yash-verma/ros2_ws/build/turtlesim_catch_them_all/build
[3.023s] creating /home/yash-verma/ros2_ws/build/turtlesim_catch_them_all/build/lib
[3.023s] creating /home/yash-verma/ros2_ws/build/turtlesim_catch_them_all/build/lib/turtlesim_catch_them_all
[3.023s] copying turtlesim_catch_them_all/turtle_spawner.py -> /home/yash-verma/ros2_ws/build/turtlesim_catch_them_all/build/lib/turtlesim_catch_them_all
[3.023s] copying turtlesim_catch_them_all/__init__.py -> /home/yash-verma/ros2_ws/build/turtlesim_catch_them_all/build/lib/turtlesim_catch_them_all
[3.024s] copying turtlesim_catch_them_all/turtle_controller.py -> /home/yash-verma/ros2_ws/build/turtlesim_catch_them_all/build/lib/turtlesim_catch_them_all
[3.024s] running install
[3.033s] running install_lib
[3.066s] creating /home/yash-verma/ros2_ws/install/turtlesim_catch_them_all/lib/python3.12/site-packages/turtlesim_catch_them_all
[3.067s] copying /home/yash-verma/ros2_ws/build/turtlesim_catch_them_all/build/lib/turtlesim_catch_them_all/turtle_spawner.py -> /home/yash-verma/ros2_ws/install/turtlesim_catch_them_all/lib/python3.12/site-packages/turtlesim_catch_them_all
[3.067s] copying /home/yash-verma/ros2_ws/build/turtlesim_catch_them_all/build/lib/turtlesim_catch_them_all/__init__.py -> /home/yash-verma/ros2_ws/install/turtlesim_catch_them_all/lib/python3.12/site-packages/turtlesim_catch_them_all
[3.067s] copying /home/yash-verma/ros2_ws/build/turtlesim_catch_them_all/build/lib/turtlesim_catch_them_all/turtle_controller.py -> /home/yash-verma/ros2_ws/install/turtlesim_catch_them_all/lib/python3.12/site-packages/turtlesim_catch_them_all
[3.068s] byte-compiling /home/yash-verma/ros2_ws/install/turtlesim_catch_them_all/lib/python3.12/site-packages/turtlesim_catch_them_all/turtle_spawner.py to turtle_spawner.cpython-312.pyc
[3.070s] byte-compiling /home/yash-verma/ros2_ws/install/turtlesim_catch_them_all/lib/python3.12/site-packages/turtlesim_catch_them_all/__init__.py to __init__.cpython-312.pyc
[3.071s] byte-compiling /home/yash-verma/ros2_ws/install/turtlesim_catch_them_all/lib/python3.12/site-packages/turtlesim_catch_them_all/turtle_controller.py to turtle_controller.cpython-312.pyc
[3.072s] running install_data
[3.072s] creating /home/yash-verma/ros2_ws/install/turtlesim_catch_them_all/share/ament_index
[3.073s] creating /home/yash-verma/ros2_ws/install/turtlesim_catch_them_all/share/ament_index/resource_index
[3.073s] creating /home/yash-verma/ros2_ws/install/turtlesim_catch_them_all/share/ament_index/resource_index/packages
[3.073s] copying resource/turtlesim_catch_them_all -> /home/yash-verma/ros2_ws/install/turtlesim_catch_them_all/share/ament_index/resource_index/packages
[3.074s] copying package.xml -> /home/yash-verma/ros2_ws/install/turtlesim_catch_them_all/share/turtlesim_catch_them_all
[3.074s] running install_egg_info
[3.102s] Copying ../../build/turtlesim_catch_them_all/turtlesim_catch_them_all.egg-info to /home/yash-verma/ros2_ws/install/turtlesim_catch_them_all/lib/python3.12/site-packages/turtlesim_catch_them_all-0.0.0-py3.12.egg-info
[3.103s] running install_scripts
[3.277s] Installing controller script to /home/yash-verma/ros2_ws/install/turtlesim_catch_them_all/lib/turtlesim_catch_them_all
[3.277s] Installing spawner script to /home/yash-verma/ros2_ws/install/turtlesim_catch_them_all/lib/turtlesim_catch_them_all
[3.277s] writing list of installed files to '/home/yash-verma/ros2_ws/build/turtlesim_catch_them_all/install.log'
[3.311s] Invoked command in '/home/yash-verma/ros2_ws/src/turtlesim_catch_them_all' returned '0': CMAKE_PREFIX_PATH=/home/yash-verma/ros2_ws/install/my_robot_interfaces:/home/yash-verma/ros2_ws/install/my_robot_bringup:/home/yash-verma/ros2_ws/install/my_robot_description:/opt/ros/jazzy/opt/gz_sim_vendor:/opt/ros/jazzy/opt/gz_sensors_vendor:/opt/ros/jazzy/opt/gz_physics_vendor:/opt/ros/jazzy/opt/sdformat_vendor:/opt/ros/jazzy/opt/gz_gui_vendor:/opt/ros/jazzy/opt/gz_transport_vendor:/opt/ros/jazzy/opt/gz_rendering_vendor:/opt/ros/jazzy/opt/gz_plugin_vendor:/opt/ros/jazzy/opt/gz_fuel_tools_vendor:/opt/ros/jazzy/opt/gz_msgs_vendor:/opt/ros/jazzy/opt/gz_common_vendor:/opt/ros/jazzy/opt/gz_math_vendor:/opt/ros/jazzy/opt/gz_utils_vendor:/opt/ros/jazzy/opt/gz_tools_vendor:/opt/ros/jazzy/opt/gz_ogre_next_vendor:/opt/ros/jazzy/opt/gz_dartsim_vendor:/opt/ros/jazzy/opt/gz_cmake_vendor DEBUGINFOD_URLS=https://debuginfod.ubuntu.com PYTHONPATH=/home/yash-verma/ros2_ws/build/turtlesim_catch_them_all/prefix_override:/usr/lib/python3/dist-packages/colcon_core/task/python/colcon_distutils_commands:/home/yash-verma/ros2_ws/install/turtlesim_catch_them_all/lib/python3.12/site-packages:/home/yash-verma/ros2_ws/install/my_robot_interfaces/lib/python3.12/site-packages:/home/yash-verma/ros2_ws/install/turtlesim_catch_them_all/lib/python3.12/site-packages:/home/yash-verma/ros2_ws/install/my_py_pkg/lib/python3.12/site-packages:/opt/ros/jazzy/lib/python3.12/site-packages /usr/bin/python3 -W ignore:setup.py install is deprecated -W ignore:easy_install command is deprecated setup.py egg_info --egg-base ../../build/turtlesim_catch_them_all build --build-base /home/yash-verma/ros2_ws/build/turtlesim_catch_them_all/build install --record /home/yash-verma/ros2_ws/build/turtlesim_catch_them_all/install.log --single-version-externally-managed install_data
