[2.026s] Invoking command in '/home/yash-verma/ros2_ws/src/my_py_pkg': CMAKE_PREFIX_PATH=/home/yash-verma/ros2_ws/install/my_robot_interfaces:/home/yash-verma/ros2_ws/install/my_robot_bringup:/home/yash-verma/ros2_ws/install/my_robot_description:/opt/ros/jazzy/opt/gz_sim_vendor:/opt/ros/jazzy/opt/gz_sensors_vendor:/opt/ros/jazzy/opt/gz_physics_vendor:/opt/ros/jazzy/opt/sdformat_vendor:/opt/ros/jazzy/opt/gz_gui_vendor:/opt/ros/jazzy/opt/gz_transport_vendor:/opt/ros/jazzy/opt/gz_rendering_vendor:/opt/ros/jazzy/opt/gz_plugin_vendor:/opt/ros/jazzy/opt/gz_fuel_tools_vendor:/opt/ros/jazzy/opt/gz_msgs_vendor:/opt/ros/jazzy/opt/gz_common_vendor:/opt/ros/jazzy/opt/gz_math_vendor:/opt/ros/jazzy/opt/gz_utils_vendor:/opt/ros/jazzy/opt/gz_tools_vendor:/opt/ros/jazzy/opt/gz_ogre_next_vendor:/opt/ros/jazzy/opt/gz_dartsim_vendor:/opt/ros/jazzy/opt/gz_cmake_vendor DEBUGINFOD_URLS=https://debuginfod.ubuntu.com PYTHONPATH=/home/yash-verma/ros2_ws/build/my_py_pkg/prefix_override:/usr/lib/python3/dist-packages/colcon_core/task/python/colcon_distutils_commands:/home/yash-verma/ros2_ws/install/my_py_pkg/lib/python3.12/site-packages:/home/yash-verma/ros2_ws/install/my_robot_interfaces/lib/python3.12/site-packages:/home/yash-verma/ros2_ws/install/turtlesim_catch_them_all/lib/python3.12/site-packages:/home/yash-verma/ros2_ws/install/my_py_pkg/lib/python3.12/site-packages:/opt/ros/jazzy/lib/python3.12/site-packages /usr/bin/python3 -W ignore:setup.py install is deprecated -W ignore:easy_install command is deprecated setup.py egg_info --egg-base ../../build/my_py_pkg build --build-base /home/yash-verma/ros2_ws/build/my_py_pkg/build install --record /home/yash-verma/ros2_ws/build/my_py_pkg/install.log --single-version-externally-managed install_data
[2.588s] running egg_info
[2.589s] creating ../../build/my_py_pkg/my_py_pkg.egg-info
[2.618s] writing ../../build/my_py_pkg/my_py_pkg.egg-info/PKG-INFO
[2.619s] writing dependency_links to ../../build/my_py_pkg/my_py_pkg.egg-info/dependency_links.txt
[2.620s] writing entry points to ../../build/my_py_pkg/my_py_pkg.egg-info/entry_points.txt
[2.620s] writing requirements to ../../build/my_py_pkg/my_py_pkg.egg-info/requires.txt
[2.620s] writing top-level names to ../../build/my_py_pkg/my_py_pkg.egg-info/top_level.txt
[2.621s] writing manifest file '../../build/my_py_pkg/my_py_pkg.egg-info/SOURCES.txt'
[2.677s] reading manifest file '../../build/my_py_pkg/my_py_pkg.egg-info/SOURCES.txt'
[2.678s] writing manifest file '../../build/my_py_pkg/my_py_pkg.egg-info/SOURCES.txt'
[2.679s] running build
[2.680s] running build_py
[2.680s] creating /home/yash-verma/ros2_ws/build/my_py_pkg/build
[2.680s] creating /home/yash-verma/ros2_ws/build/my_py_pkg/build/lib
[2.681s] creating /home/yash-verma/ros2_ws/build/my_py_pkg/build/lib/my_py_pkg
[2.681s] copying my_py_pkg/hardware_status_publisher.py -> /home/yash-verma/ros2_ws/build/my_py_pkg/build/lib/my_py_pkg
[2.681s] copying my_py_pkg/robot_news_station.py -> /home/yash-verma/ros2_ws/build/my_py_pkg/build/lib/my_py_pkg
[2.681s] copying my_py_pkg/add_two_ints_client.py -> /home/yash-verma/ros2_ws/build/my_py_pkg/build/lib/my_py_pkg
[2.682s] copying my_py_pkg/add_two_ints_server.py -> /home/yash-verma/ros2_ws/build/my_py_pkg/build/lib/my_py_pkg
[2.682s] copying my_py_pkg/number_publisher.py -> /home/yash-verma/ros2_ws/build/my_py_pkg/build/lib/my_py_pkg
[2.683s] copying my_py_pkg/my_first_node.py -> /home/yash-verma/ros2_ws/build/my_py_pkg/build/lib/my_py_pkg
[2.683s] copying my_py_pkg/parameter_number_publisher.py -> /home/yash-verma/ros2_ws/build/my_py_pkg/build/lib/my_py_pkg
[2.683s] copying my_py_pkg/battery.py -> /home/yash-verma/ros2_ws/build/my_py_pkg/build/lib/my_py_pkg
[2.684s] copying my_py_pkg/__init__.py -> /home/yash-verma/ros2_ws/build/my_py_pkg/build/lib/my_py_pkg
[2.684s] copying my_py_pkg/number_counter.py -> /home/yash-verma/ros2_ws/build/my_py_pkg/build/lib/my_py_pkg
[2.684s] copying my_py_pkg/template_python_node.py -> /home/yash-verma/ros2_ws/build/my_py_pkg/build/lib/my_py_pkg
[2.685s] copying my_py_pkg/smartphone.py -> /home/yash-verma/ros2_ws/build/my_py_pkg/build/lib/my_py_pkg
[2.685s] copying my_py_pkg/led_panel.py -> /home/yash-verma/ros2_ws/build/my_py_pkg/build/lib/my_py_pkg
[2.685s] copying my_py_pkg/add_two_ints_client_no_oop.py -> /home/yash-verma/ros2_ws/build/my_py_pkg/build/lib/my_py_pkg
[2.694s] running install
[2.694s] running install_lib
[2.725s] creating /home/yash-verma/ros2_ws/install/my_py_pkg/lib/python3.12/site-packages/my_py_pkg
[2.726s] copying /home/yash-verma/ros2_ws/build/my_py_pkg/build/lib/my_py_pkg/hardware_status_publisher.py -> /home/yash-verma/ros2_ws/install/my_py_pkg/lib/python3.12/site-packages/my_py_pkg
[2.726s] copying /home/yash-verma/ros2_ws/build/my_py_pkg/build/lib/my_py_pkg/robot_news_station.py -> /home/yash-verma/ros2_ws/install/my_py_pkg/lib/python3.12/site-packages/my_py_pkg
[2.726s] copying /home/yash-verma/ros2_ws/build/my_py_pkg/build/lib/my_py_pkg/add_two_ints_client.py -> /home/yash-verma/ros2_ws/install/my_py_pkg/lib/python3.12/site-packages/my_py_pkg
[2.727s] copying /home/yash-verma/ros2_ws/build/my_py_pkg/build/lib/my_py_pkg/add_two_ints_server.py -> /home/yash-verma/ros2_ws/install/my_py_pkg/lib/python3.12/site-packages/my_py_pkg
[2.727s] copying /home/yash-verma/ros2_ws/build/my_py_pkg/build/lib/my_py_pkg/number_publisher.py -> /home/yash-verma/ros2_ws/install/my_py_pkg/lib/python3.12/site-packages/my_py_pkg
[2.727s] copying /home/yash-verma/ros2_ws/build/my_py_pkg/build/lib/my_py_pkg/my_first_node.py -> /home/yash-verma/ros2_ws/install/my_py_pkg/lib/python3.12/site-packages/my_py_pkg
[2.728s] copying /home/yash-verma/ros2_ws/build/my_py_pkg/build/lib/my_py_pkg/parameter_number_publisher.py -> /home/yash-verma/ros2_ws/install/my_py_pkg/lib/python3.12/site-packages/my_py_pkg
[2.728s] copying /home/yash-verma/ros2_ws/build/my_py_pkg/build/lib/my_py_pkg/battery.py -> /home/yash-verma/ros2_ws/install/my_py_pkg/lib/python3.12/site-packages/my_py_pkg
[2.728s] copying /home/yash-verma/ros2_ws/build/my_py_pkg/build/lib/my_py_pkg/__init__.py -> /home/yash-verma/ros2_ws/install/my_py_pkg/lib/python3.12/site-packages/my_py_pkg
[2.729s] copying /home/yash-verma/ros2_ws/build/my_py_pkg/build/lib/my_py_pkg/number_counter.py -> /home/yash-verma/ros2_ws/install/my_py_pkg/lib/python3.12/site-packages/my_py_pkg
[2.729s] copying /home/yash-verma/ros2_ws/build/my_py_pkg/build/lib/my_py_pkg/template_python_node.py -> /home/yash-verma/ros2_ws/install/my_py_pkg/lib/python3.12/site-packages/my_py_pkg
[2.729s] copying /home/yash-verma/ros2_ws/build/my_py_pkg/build/lib/my_py_pkg/smartphone.py -> /home/yash-verma/ros2_ws/install/my_py_pkg/lib/python3.12/site-packages/my_py_pkg
[2.730s] copying /home/yash-verma/ros2_ws/build/my_py_pkg/build/lib/my_py_pkg/led_panel.py -> /home/yash-verma/ros2_ws/install/my_py_pkg/lib/python3.12/site-packages/my_py_pkg
[2.730s] copying /home/yash-verma/ros2_ws/build/my_py_pkg/build/lib/my_py_pkg/add_two_ints_client_no_oop.py -> /home/yash-verma/ros2_ws/install/my_py_pkg/lib/python3.12/site-packages/my_py_pkg
[2.731s] byte-compiling /home/yash-verma/ros2_ws/install/my_py_pkg/lib/python3.12/site-packages/my_py_pkg/hardware_status_publisher.py to hardware_status_publisher.cpython-312.pyc
[2.732s] byte-compiling /home/yash-verma/ros2_ws/install/my_py_pkg/lib/python3.12/site-packages/my_py_pkg/robot_news_station.py to robot_news_station.cpython-312.pyc
[2.733s] byte-compiling /home/yash-verma/ros2_ws/install/my_py_pkg/lib/python3.12/site-packages/my_py_pkg/add_two_ints_client.py to add_two_ints_client.cpython-312.pyc
[2.734s] byte-compiling /home/yash-verma/ros2_ws/install/my_py_pkg/lib/python3.12/site-packages/my_py_pkg/add_two_ints_server.py to add_two_ints_server.cpython-312.pyc
[2.734s] byte-compiling /home/yash-verma/ros2_ws/install/my_py_pkg/lib/python3.12/site-packages/my_py_pkg/number_publisher.py to number_publisher.cpython-312.pyc
[2.735s] byte-compiling /home/yash-verma/ros2_ws/install/my_py_pkg/lib/python3.12/site-packages/my_py_pkg/my_first_node.py to my_first_node.cpython-312.pyc
[2.736s] byte-compiling /home/yash-verma/ros2_ws/install/my_py_pkg/lib/python3.12/site-packages/my_py_pkg/parameter_number_publisher.py to parameter_number_publisher.cpython-312.pyc
[2.737s] byte-compiling /home/yash-verma/ros2_ws/install/my_py_pkg/lib/python3.12/site-packages/my_py_pkg/battery.py to battery.cpython-312.pyc
[2.738s] byte-compiling /home/yash-verma/ros2_ws/install/my_py_pkg/lib/python3.12/site-packages/my_py_pkg/__init__.py to __init__.cpython-312.pyc
[2.738s] byte-compiling /home/yash-verma/ros2_ws/install/my_py_pkg/lib/python3.12/site-packages/my_py_pkg/number_counter.py to number_counter.cpython-312.pyc
[2.739s] byte-compiling /home/yash-verma/ros2_ws/install/my_py_pkg/lib/python3.12/site-packages/my_py_pkg/template_python_node.py to template_python_node.cpython-312.pyc
[2.740s] byte-compiling /home/yash-verma/ros2_ws/install/my_py_pkg/lib/python3.12/site-packages/my_py_pkg/smartphone.py to smartphone.cpython-312.pyc
[2.740s] byte-compiling /home/yash-verma/ros2_ws/install/my_py_pkg/lib/python3.12/site-packages/my_py_pkg/led_panel.py to led_panel.cpython-312.pyc
[2.741s] byte-compiling /home/yash-verma/ros2_ws/install/my_py_pkg/lib/python3.12/site-packages/my_py_pkg/add_two_ints_client_no_oop.py to add_two_ints_client_no_oop.cpython-312.pyc
[2.742s] running install_data
[2.742s] creating /home/yash-verma/ros2_ws/install/my_py_pkg/share/ament_index
[2.743s] creating /home/yash-verma/ros2_ws/install/my_py_pkg/share/ament_index/resource_index
[2.743s] creating /home/yash-verma/ros2_ws/install/my_py_pkg/share/ament_index/resource_index/packages
[2.743s] copying resource/my_py_pkg -> /home/yash-verma/ros2_ws/install/my_py_pkg/share/ament_index/resource_index/packages
[2.743s] copying package.xml -> /home/yash-verma/ros2_ws/install/my_py_pkg/share/my_py_pkg
[2.744s] running install_egg_info
[2.774s] Copying ../../build/my_py_pkg/my_py_pkg.egg-info to /home/yash-verma/ros2_ws/install/my_py_pkg/lib/python3.12/site-packages/my_py_pkg-0.0.0-py3.12.egg-info
[2.779s] running install_scripts
[2.971s] Installing add_two_ints_client script to /home/yash-verma/ros2_ws/install/my_py_pkg/lib/my_py_pkg
[2.972s] Installing add_two_ints_client_no_oop script to /home/yash-verma/ros2_ws/install/my_py_pkg/lib/my_py_pkg
[2.972s] Installing add_two_ints_server script to /home/yash-verma/ros2_ws/install/my_py_pkg/lib/my_py_pkg
[2.972s] Installing battery script to /home/yash-verma/ros2_ws/install/my_py_pkg/lib/my_py_pkg
[2.973s] Installing hw_status_publisher script to /home/yash-verma/ros2_ws/install/my_py_pkg/lib/my_py_pkg
[2.973s] Installing led_panel script to /home/yash-verma/ros2_ws/install/my_py_pkg/lib/my_py_pkg
[2.973s] Installing number_counter script to /home/yash-verma/ros2_ws/install/my_py_pkg/lib/my_py_pkg
[2.974s] Installing number_publisher script to /home/yash-verma/ros2_ws/install/my_py_pkg/lib/my_py_pkg
[2.974s] Installing parameter_number_publisher script to /home/yash-verma/ros2_ws/install/my_py_pkg/lib/my_py_pkg
[2.974s] Installing py_node script to /home/yash-verma/ros2_ws/install/my_py_pkg/lib/my_py_pkg
[2.975s] Installing robot_news_station script to /home/yash-verma/ros2_ws/install/my_py_pkg/lib/my_py_pkg
[2.984s] Installing smartphone script to /home/yash-verma/ros2_ws/install/my_py_pkg/lib/my_py_pkg
[2.984s] writing list of installed files to '/home/yash-verma/ros2_ws/build/my_py_pkg/install.log'
[3.016s] Invoked command in '/home/yash-verma/ros2_ws/src/my_py_pkg' returned '0': CMAKE_PREFIX_PATH=/home/yash-verma/ros2_ws/install/my_robot_interfaces:/home/yash-verma/ros2_ws/install/my_robot_bringup:/home/yash-verma/ros2_ws/install/my_robot_description:/opt/ros/jazzy/opt/gz_sim_vendor:/opt/ros/jazzy/opt/gz_sensors_vendor:/opt/ros/jazzy/opt/gz_physics_vendor:/opt/ros/jazzy/opt/sdformat_vendor:/opt/ros/jazzy/opt/gz_gui_vendor:/opt/ros/jazzy/opt/gz_transport_vendor:/opt/ros/jazzy/opt/gz_rendering_vendor:/opt/ros/jazzy/opt/gz_plugin_vendor:/opt/ros/jazzy/opt/gz_fuel_tools_vendor:/opt/ros/jazzy/opt/gz_msgs_vendor:/opt/ros/jazzy/opt/gz_common_vendor:/opt/ros/jazzy/opt/gz_math_vendor:/opt/ros/jazzy/opt/gz_utils_vendor:/opt/ros/jazzy/opt/gz_tools_vendor:/opt/ros/jazzy/opt/gz_ogre_next_vendor:/opt/ros/jazzy/opt/gz_dartsim_vendor:/opt/ros/jazzy/opt/gz_cmake_vendor DEBUGINFOD_URLS=https://debuginfod.ubuntu.com PYTHONPATH=/home/yash-verma/ros2_ws/build/my_py_pkg/prefix_override:/usr/lib/python3/dist-packages/colcon_core/task/python/colcon_distutils_commands:/home/yash-verma/ros2_ws/install/my_py_pkg/lib/python3.12/site-packages:/home/yash-verma/ros2_ws/install/my_robot_interfaces/lib/python3.12/site-packages:/home/yash-verma/ros2_ws/install/turtlesim_catch_them_all/lib/python3.12/site-packages:/home/yash-verma/ros2_ws/install/my_py_pkg/lib/python3.12/site-packages:/opt/ros/jazzy/lib/python3.12/site-packages /usr/bin/python3 -W ignore:setup.py install is deprecated -W ignore:easy_install command is deprecated setup.py egg_info --egg-base ../../build/my_py_pkg build --build-base /home/yash-verma/ros2_ws/build/my_py_pkg/build install --record /home/yash-verma/ros2_ws/build/my_py_pkg/install.log --single-version-externally-managed install_data
