[0.980s] Invoking command in '/home/yash-verma/ros2_ws/build/turtlesim_catch_them_all': CMAKE_PREFIX_PATH=/home/yash-verma/ros2_ws/install/my_robot_interfaces:/home/yash-verma/ros2_ws/install/my_robot_bringup:/home/yash-verma/ros2_ws/install/my_robot_description:/opt/ros/jazzy/opt/gz_sim_vendor:/opt/ros/jazzy/opt/gz_sensors_vendor:/opt/ros/jazzy/opt/gz_physics_vendor:/opt/ros/jazzy/opt/sdformat_vendor:/opt/ros/jazzy/opt/gz_gui_vendor:/opt/ros/jazzy/opt/gz_transport_vendor:/opt/ros/jazzy/opt/gz_rendering_vendor:/opt/ros/jazzy/opt/gz_plugin_vendor:/opt/ros/jazzy/opt/gz_fuel_tools_vendor:/opt/ros/jazzy/opt/gz_msgs_vendor:/opt/ros/jazzy/opt/gz_common_vendor:/opt/ros/jazzy/opt/gz_math_vendor:/opt/ros/jazzy/opt/gz_utils_vendor:/opt/ros/jazzy/opt/gz_tools_vendor:/opt/ros/jazzy/opt/gz_ogre_next_vendor:/opt/ros/jazzy/opt/gz_dartsim_vendor:/opt/ros/jazzy/opt/gz_cmake_vendor DEBUGINFOD_URLS=https://debuginfod.ubuntu.com PYTHONPATH=/home/yash-verma/ros2_ws/build/turtlesim_catch_them_all/prefix_override:/usr/lib/python3/dist-packages/colcon_core/task/python/colcon_distutils_commands:/home/yash-verma/ros2_ws/install/turtlesim_catch_them_all/lib/python3.12/site-packages:/home/yash-verma/ros2_ws/install/my_robot_interfaces/lib/python3.12/site-packages:/home/yash-verma/ros2_ws/install/turtlesim_catch_them_all/lib/python3.12/site-packages:/home/yash-verma/ros2_ws/install/my_urdf_robot/lib/python3.12/site-packages:/home/yash-verma/ros2_ws/install/my_py_pkg/lib/python3.12/site-packages:/opt/ros/jazzy/lib/python3.12/site-packages /usr/bin/python3 -W ignore:setup.py install is deprecated -W ignore:easy_install command is deprecated setup.py develop --editable --build-directory /home/yash-verma/ros2_ws/build/turtlesim_catch_them_all/build --no-deps symlink_data
[1.267s] running develop
[1.473s] running egg_info
[1.473s] creating turtlesim_catch_them_all.egg-info
[1.491s] writing turtlesim_catch_them_all.egg-info/PKG-INFO
[1.492s] writing dependency_links to turtlesim_catch_them_all.egg-info/dependency_links.txt
[1.492s] writing entry points to turtlesim_catch_them_all.egg-info/entry_points.txt
[1.492s] writing requirements to turtlesim_catch_them_all.egg-info/requires.txt
[1.492s] writing top-level names to turtlesim_catch_them_all.egg-info/top_level.txt
[1.492s] writing manifest file 'turtlesim_catch_them_all.egg-info/SOURCES.txt'
[1.528s] reading manifest file 'turtlesim_catch_them_all.egg-info/SOURCES.txt'
[1.529s] writing manifest file 'turtlesim_catch_them_all.egg-info/SOURCES.txt'
[1.551s] running build_ext
[1.551s] Creating /home/yash-verma/ros2_ws/install/turtlesim_catch_them_all/lib/python3.12/site-packages/turtlesim-catch-them-all.egg-link (link to .)
[1.556s] Installing controller script to /home/yash-verma/ros2_ws/install/turtlesim_catch_them_all/lib/turtlesim_catch_them_all
[1.557s] Installing spawner script to /home/yash-verma/ros2_ws/install/turtlesim_catch_them_all/lib/turtlesim_catch_them_all
[1.557s] 
[1.557s] Installed /home/yash-verma/ros2_ws/build/turtlesim_catch_them_all
[1.557s] running symlink_data
[1.557s] creating /home/yash-verma/ros2_ws/install/turtlesim_catch_them_all/share/ament_index
[1.557s] creating /home/yash-verma/ros2_ws/install/turtlesim_catch_them_all/share/ament_index/resource_index
[1.557s] creating /home/yash-verma/ros2_ws/install/turtlesim_catch_them_all/share/ament_index/resource_index/packages
[1.557s] symbolically linking /home/yash-verma/ros2_ws/build/turtlesim_catch_them_all/resource/turtlesim_catch_them_all -> /home/yash-verma/ros2_ws/install/turtlesim_catch_them_all/share/ament_index/resource_index/packages
[1.557s] symbolically linking /home/yash-verma/ros2_ws/build/turtlesim_catch_them_all/package.xml -> /home/yash-verma/ros2_ws/install/turtlesim_catch_them_all/share/turtlesim_catch_them_all
[1.586s] Invoked command in '/home/yash-verma/ros2_ws/build/turtlesim_catch_them_all' returned '0': CMAKE_PREFIX_PATH=/home/yash-verma/ros2_ws/install/my_robot_interfaces:/home/yash-verma/ros2_ws/install/my_robot_bringup:/home/yash-verma/ros2_ws/install/my_robot_description:/opt/ros/jazzy/opt/gz_sim_vendor:/opt/ros/jazzy/opt/gz_sensors_vendor:/opt/ros/jazzy/opt/gz_physics_vendor:/opt/ros/jazzy/opt/sdformat_vendor:/opt/ros/jazzy/opt/gz_gui_vendor:/opt/ros/jazzy/opt/gz_transport_vendor:/opt/ros/jazzy/opt/gz_rendering_vendor:/opt/ros/jazzy/opt/gz_plugin_vendor:/opt/ros/jazzy/opt/gz_fuel_tools_vendor:/opt/ros/jazzy/opt/gz_msgs_vendor:/opt/ros/jazzy/opt/gz_common_vendor:/opt/ros/jazzy/opt/gz_math_vendor:/opt/ros/jazzy/opt/gz_utils_vendor:/opt/ros/jazzy/opt/gz_tools_vendor:/opt/ros/jazzy/opt/gz_ogre_next_vendor:/opt/ros/jazzy/opt/gz_dartsim_vendor:/opt/ros/jazzy/opt/gz_cmake_vendor DEBUGINFOD_URLS=https://debuginfod.ubuntu.com PYTHONPATH=/home/yash-verma/ros2_ws/build/turtlesim_catch_them_all/prefix_override:/usr/lib/python3/dist-packages/colcon_core/task/python/colcon_distutils_commands:/home/yash-verma/ros2_ws/install/turtlesim_catch_them_all/lib/python3.12/site-packages:/home/yash-verma/ros2_ws/install/my_robot_interfaces/lib/python3.12/site-packages:/home/yash-verma/ros2_ws/install/turtlesim_catch_them_all/lib/python3.12/site-packages:/home/yash-verma/ros2_ws/install/my_urdf_robot/lib/python3.12/site-packages:/home/yash-verma/ros2_ws/install/my_py_pkg/lib/python3.12/site-packages:/opt/ros/jazzy/lib/python3.12/site-packages /usr/bin/python3 -W ignore:setup.py install is deprecated -W ignore:easy_install command is deprecated setup.py develop --editable --build-directory /home/yash-verma/ros2_ws/build/turtlesim_catch_them_all/build --no-deps symlink_data
