[1.557s] Invoking command in '/home/yash-verma/ros2_ws/src/my_py_pkg': DEBUGINFOD_URLS=https://debuginfod.ubuntu.com PYTHONPATH=/home/yash-verma/ros2_ws/build/my_py_pkg/prefix_override:/usr/lib/python3/dist-packages/colcon_core/task/python/colcon_distutils_commands:/home/yash-verma/ros2_ws/install/my_py_pkg/lib/python3.12/site-packages:${PYTHONPATH} /usr/bin/python3 -W ignore:setup.py install is deprecated -W ignore:easy_install command is deprecated setup.py egg_info --egg-base ../../build/my_py_pkg build --build-base /home/yash-verma/ros2_ws/build/my_py_pkg/build install --record /home/yash-verma/ros2_ws/build/my_py_pkg/install.log --single-version-externally-managed install_data
[1.831s] running egg_info
[1.847s] writing ../../build/my_py_pkg/my_py_pkg.egg-info/PKG-INFO
[1.848s] writing dependency_links to ../../build/my_py_pkg/my_py_pkg.egg-info/dependency_links.txt
[1.849s] writing entry points to ../../build/my_py_pkg/my_py_pkg.egg-info/entry_points.txt
[1.849s] writing requirements to ../../build/my_py_pkg/my_py_pkg.egg-info/requires.txt
[1.849s] writing top-level names to ../../build/my_py_pkg/my_py_pkg.egg-info/top_level.txt
[1.890s] reading manifest file '../../build/my_py_pkg/my_py_pkg.egg-info/SOURCES.txt'
[1.891s] writing manifest file '../../build/my_py_pkg/my_py_pkg.egg-info/SOURCES.txt'
[1.892s] running build
[1.892s] running build_py
[1.894s] copying my_py_pkg/hardware_status_publisher.py -> /home/yash-verma/ros2_ws/build/my_py_pkg/build/lib/my_py_pkg
[1.896s] running install
[1.903s] running install_lib
[1.921s] copying /home/yash-verma/ros2_ws/build/my_py_pkg/build/lib/my_py_pkg/hardware_status_publisher.py -> /home/yash-verma/ros2_ws/install/my_py_pkg/lib/python3.12/site-packages/my_py_pkg
[1.923s] byte-compiling /home/yash-verma/ros2_ws/install/my_py_pkg/lib/python3.12/site-packages/my_py_pkg/hardware_status_publisher.py to hardware_status_publisher.cpython-312.pyc
[1.923s] running install_data
[1.924s] copying package.xml -> /home/yash-verma/ros2_ws/install/my_py_pkg/share/my_py_pkg
[1.924s] running install_egg_info
[1.945s] removing '/home/yash-verma/ros2_ws/install/my_py_pkg/lib/python3.12/site-packages/my_py_pkg-0.0.0-py3.12.egg-info' (and everything under it)
[1.947s] Copying ../../build/my_py_pkg/my_py_pkg.egg-info to /home/yash-verma/ros2_ws/install/my_py_pkg/lib/python3.12/site-packages/my_py_pkg-0.0.0-py3.12.egg-info
[1.952s] running install_scripts
[2.085s] Installing add_two_ints_client script to /home/yash-verma/ros2_ws/install/my_py_pkg/lib/my_py_pkg
[2.087s] Installing add_two_ints_client_no_oop script to /home/yash-verma/ros2_ws/install/my_py_pkg/lib/my_py_pkg
[2.089s] Installing add_two_ints_server script to /home/yash-verma/ros2_ws/install/my_py_pkg/lib/my_py_pkg
[2.090s] Installing hw_status_publisher script to /home/yash-verma/ros2_ws/install/my_py_pkg/lib/my_py_pkg
[2.090s] Installing number_counter script to /home/yash-verma/ros2_ws/install/my_py_pkg/lib/my_py_pkg
[2.091s] Installing number_publisher script to /home/yash-verma/ros2_ws/install/my_py_pkg/lib/my_py_pkg
[2.091s] Installing py_node script to /home/yash-verma/ros2_ws/install/my_py_pkg/lib/my_py_pkg
[2.091s] Installing robot_news_station script to /home/yash-verma/ros2_ws/install/my_py_pkg/lib/my_py_pkg
[2.091s] Installing smartphone script to /home/yash-verma/ros2_ws/install/my_py_pkg/lib/my_py_pkg
[2.091s] writing list of installed files to '/home/yash-verma/ros2_ws/build/my_py_pkg/install.log'
[2.133s] Invoked command in '/home/yash-verma/ros2_ws/src/my_py_pkg' returned '0': DEBUGINFOD_URLS=https://debuginfod.ubuntu.com PYTHONPATH=/home/yash-verma/ros2_ws/build/my_py_pkg/prefix_override:/usr/lib/python3/dist-packages/colcon_core/task/python/colcon_distutils_commands:/home/yash-verma/ros2_ws/install/my_py_pkg/lib/python3.12/site-packages:${PYTHONPATH} /usr/bin/python3 -W ignore:setup.py install is deprecated -W ignore:easy_install command is deprecated setup.py egg_info --egg-base ../../build/my_py_pkg build --build-base /home/yash-verma/ros2_ws/build/my_py_pkg/build install --record /home/yash-verma/ros2_ws/build/my_py_pkg/install.log --single-version-externally-managed install_data
