[  1%] Built target my_robot_interfaces__rosidl_generator_type_description
[  1%] Built target ament_cmake_python_copy_my_robot_interfaces
[  2%] Built target my_robot_interfaces__cpp
[ 26%] Built target my_robot_interfaces__rosidl_generator_c
[ 36%] Built target my_robot_interfaces__rosidl_typesupport_cpp
[ 45%] Built target my_robot_interfaces__rosidl_typesupport_introspection_cpp
[ 55%] Built target my_robot_interfaces__rosidl_typesupport_introspection_c
[ 64%] Built target my_robot_interfaces__rosidl_typesupport_fastrtps_c
[ 74%] Built target my_robot_interfaces__rosidl_typesupport_fastrtps_cpp
[ 84%] Built target my_robot_interfaces__rosidl_typesupport_c
[ 84%] Built target my_robot_interfaces
[ 85%] Built target my_robot_interfaces__py
[ 93%] Built target my_robot_interfaces__rosidl_generator_py
[ 95%] Built target my_robot_interfaces_s__rosidl_typesupport_introspection_c
running egg_info
[ 97%] Built target my_robot_interfaces_s__rosidl_typesupport_fastrtps_c
writing my_robot_interfaces.egg-info/PKG-INFO
writing dependency_links to my_robot_interfaces.egg-info/dependency_links.txt
writing top-level names to my_robot_interfaces.egg-info/top_level.txt
[100%] Built target my_robot_interfaces_s__rosidl_typesupport_c
reading manifest file 'my_robot_interfaces.egg-info/SOURCES.txt'
writing manifest file 'my_robot_interfaces.egg-info/SOURCES.txt'
[100%] Built target ament_cmake_python_build_my_robot_interfaces_egg
