[0.021s] Invoking command in '/home/yash-verma/ros2_ws/build/my_robot_interfaces': CMAKE_PREFIX_PATH=${CMAKE_PREFIX_PATH}:/home/yash-verma/ros2_ws/install/turtlesim_catch_them_all:/home/yash-verma/ros2_ws/install/my_py_pkg:/opt/ros/jazzy DEBUGINFOD_URLS=https://debuginfod.ubuntu.com /usr/bin/cmake --build /home/yash-verma/ros2_ws/build/my_robot_interfaces -- -j3 -l3
[0.302s] [  1%] Built target my_robot_interfaces__rosidl_generator_type_description
[0.302s] [  1%] Built target ament_cmake_python_copy_my_robot_interfaces
[0.302s] [  2%] Built target my_robot_interfaces__cpp
[0.302s] [ 26%] Built target my_robot_interfaces__rosidl_generator_c
[0.303s] [ 36%] Built target my_robot_interfaces__rosidl_typesupport_cpp
[0.305s] [ 45%] Built target my_robot_interfaces__rosidl_typesupport_introspection_cpp
[0.305s] [ 55%] Built target my_robot_interfaces__rosidl_typesupport_introspection_c
[0.306s] [ 64%] Built target my_robot_interfaces__rosidl_typesupport_fastrtps_c
[0.306s] [ 74%] Built target my_robot_interfaces__rosidl_typesupport_fastrtps_cpp
[0.306s] [ 84%] Built target my_robot_interfaces__rosidl_typesupport_c
[0.342s] [ 84%] Built target my_robot_interfaces
[0.367s] [ 85%] Built target my_robot_interfaces__py
[0.403s] [ 93%] Built target my_robot_interfaces__rosidl_generator_py
[0.464s] [ 95%] Built target my_robot_interfaces_s__rosidl_typesupport_introspection_c
[0.474s] running egg_info
[0.494s] [ 97%] Built target my_robot_interfaces_s__rosidl_typesupport_fastrtps_c
[0.512s] writing my_robot_interfaces.egg-info/PKG-INFO
[0.512s] writing dependency_links to my_robot_interfaces.egg-info/dependency_links.txt
[0.512s] writing top-level names to my_robot_interfaces.egg-info/top_level.txt
[0.529s] [100%] Built target my_robot_interfaces_s__rosidl_typesupport_c
[0.575s] reading manifest file 'my_robot_interfaces.egg-info/SOURCES.txt'
[0.575s] writing manifest file 'my_robot_interfaces.egg-info/SOURCES.txt'
[0.601s] [100%] Built target ament_cmake_python_build_my_robot_interfaces_egg
