[1.632s] Invoking command in '/home/yash-verma/ros2_ws/src/my_urdf_robot': DEBUGINFOD_URLS=https://debuginfod.ubuntu.com PYTHONPATH=/home/yash-verma/ros2_ws/build/my_urdf_robot/prefix_override:/usr/lib/python3/dist-packages/colcon_core/task/python/colcon_distutils_commands:/home/yash-verma/ros2_ws/install/my_urdf_robot/lib/python3.12/site-packages:${PYTHONPATH} /usr/bin/python3 -W ignore:setup.py install is deprecated -W ignore:easy_install command is deprecated setup.py egg_info --egg-base ../../build/my_urdf_robot build --build-base /home/yash-verma/ros2_ws/build/my_urdf_robot/build install --record /home/yash-verma/ros2_ws/build/my_urdf_robot/install.log --single-version-externally-managed install_data
[2.057s] running egg_info
[2.085s] writing ../../build/my_urdf_robot/my_urdf_robot.egg-info/PKG-INFO
[2.086s] writing dependency_links to ../../build/my_urdf_robot/my_urdf_robot.egg-info/dependency_links.txt
[2.087s] writing requirements to ../../build/my_urdf_robot/my_urdf_robot.egg-info/requires.txt
[2.087s] writing top-level names to ../../build/my_urdf_robot/my_urdf_robot.egg-info/top_level.txt
[2.143s] reading manifest file '../../build/my_urdf_robot/my_urdf_robot.egg-info/SOURCES.txt'
[2.145s] writing manifest file '../../build/my_urdf_robot/my_urdf_robot.egg-info/SOURCES.txt'
[2.145s] running build
[2.145s] running build_py
[2.146s] running install
[2.158s] running install_lib
[2.186s] running install_data
[2.186s] copying urdf/my_robot.urdf -> /home/yash-verma/ros2_ws/install/my_urdf_robot/share/my_urdf_robot/urdf
[2.188s] running install_egg_info
[2.221s] removing '/home/yash-verma/ros2_ws/install/my_urdf_robot/lib/python3.12/site-packages/my_urdf_robot-0.0.0-py3.12.egg-info' (and everything under it)
[2.221s] Copying ../../build/my_urdf_robot/my_urdf_robot.egg-info to /home/yash-verma/ros2_ws/install/my_urdf_robot/lib/python3.12/site-packages/my_urdf_robot-0.0.0-py3.12.egg-info
[2.229s] running install_scripts
[2.445s] writing list of installed files to '/home/yash-verma/ros2_ws/build/my_urdf_robot/install.log'
[2.486s] Invoked command in '/home/yash-verma/ros2_ws/src/my_urdf_robot' returned '0': DEBUGINFOD_URLS=https://debuginfod.ubuntu.com PYTHONPATH=/home/yash-verma/ros2_ws/build/my_urdf_robot/prefix_override:/usr/lib/python3/dist-packages/colcon_core/task/python/colcon_distutils_commands:/home/yash-verma/ros2_ws/install/my_urdf_robot/lib/python3.12/site-packages:${PYTHONPATH} /usr/bin/python3 -W ignore:setup.py install is deprecated -W ignore:easy_install command is deprecated setup.py egg_info --egg-base ../../build/my_urdf_robot build --build-base /home/yash-verma/ros2_ws/build/my_urdf_robot/build install --record /home/yash-verma/ros2_ws/build/my_urdf_robot/install.log --single-version-externally-managed install_data
