-- The C compiler identification is GNU 13.3.0
-- The CXX compiler identification is GNU 13.3.0
-- Detecting C compiler ABI info
-- Detecting C compiler ABI info - done
-- Check for working C compiler: /usr/bin/cc - skipped
-- Detecting C compile features
-- Detecting C compile features - done
-- Detecting CXX compiler ABI info
-- Detecting CXX compiler ABI info - done
-- Check for working CXX compiler: /usr/bin/c++ - skipped
-- Detecting CXX compile features
-- Detecting CXX compile features - done
-- Found ament_cmake: 2.5.3 (/opt/ros/jazzy/share/ament_cmake/cmake)
-- Found Python3: /usr/bin/python3 (found version "3.12.3") found components: Interpreter 
-- Found rosidl_default_generators: 1.6.0 (/opt/ros/jazzy/share/rosidl_default_generators/cmake)
-- Using all available rosidl_typesupport_c: rosidl_typesupport_fastrtps_c;rosidl_typesupport_introspection_c
-- Using all available rosidl_typesupport_cpp: rosidl_typesupport_fastrtps_cpp;rosidl_typesupport_introspection_cpp
-- Found rosidl_adapter: 4.6.5 (/opt/ros/jazzy/share/rosidl_adapter/cmake)
-- Found ament_cmake_ros: 0.12.0 (/opt/ros/jazzy/share/ament_cmake_ros/cmake)
-- Using all available rosidl_typesupport_c: rosidl_typesupport_fastrtps_c;rosidl_typesupport_introspection_c
-- Using all available rosidl_typesupport_cpp: rosidl_typesupport_fastrtps_cpp;rosidl_typesupport_introspection_cpp
-- Found python_cmake_module: 0.11.1 (/opt/ros/jazzy/share/python_cmake_module/cmake)
-- Found PythonExtra: /usr/bin/python3  
-- Found Python3: /usr/bin/python3 (found version "3.12.3") found components: Interpreter Development NumPy Development.Module Development.Embed 
-- Configuring done (2.5s)
-- Generating done (0.0s)
-- Build files have been written to: /home/yash-verma/ros2_ws/src/build/my_robot_interfaces
[  1%] [34m[1mGenerating type hashes for ROS interfaces[0m
[  1%] Built target ament_cmake_python_copy_my_robot_interfaces
[  1%] Built target my_robot_interfaces__rosidl_generator_type_description
running egg_info
creating my_robot_interfaces.egg-info
[  3%] [34m[1mGenerating C code for ROS interfaces[0m
writing my_robot_interfaces.egg-info/PKG-INFO
writing dependency_links to my_robot_interfaces.egg-info/dependency_links.txt
writing top-level names to my_robot_interfaces.egg-info/top_level.txt
writing manifest file 'my_robot_interfaces.egg-info/SOURCES.txt'
[  5%] [34m[1mGenerating C++ code for ROS interfaces[0m
reading manifest file 'my_robot_interfaces.egg-info/SOURCES.txt'
writing manifest file 'my_robot_interfaces.egg-info/SOURCES.txt'
[  5%] Built target ament_cmake_python_build_my_robot_interfaces_egg
[  5%] Built target my_robot_interfaces__cpp
[  9%] [32mBuilding C object CMakeFiles/my_robot_interfaces__rosidl_generator_c.dir/rosidl_generator_c/my_robot_interfaces/msg/detail/hardware_status__description.c.o[0m
[  9%] [32mBuilding C object CMakeFiles/my_robot_interfaces__rosidl_generator_c.dir/rosidl_generator_c/my_robot_interfaces/msg/detail/hardware_status__type_support.c.o[0m
[ 11%] [32mBuilding C object CMakeFiles/my_robot_interfaces__rosidl_generator_c.dir/rosidl_generator_c/my_robot_interfaces/msg/detail/hardware_status__functions.c.o[0m
[ 12%] [32mBuilding C object CMakeFiles/my_robot_interfaces__rosidl_generator_c.dir/rosidl_generator_c/my_robot_interfaces/msg/detail/led_state_array__description.c.o[0m
[ 14%] [32mBuilding C object CMakeFiles/my_robot_interfaces__rosidl_generator_c.dir/rosidl_generator_c/my_robot_interfaces/msg/detail/led_state_array__functions.c.o[0m
[ 16%] [32mBuilding C object CMakeFiles/my_robot_interfaces__rosidl_generator_c.dir/rosidl_generator_c/my_robot_interfaces/msg/detail/led_state_array__type_support.c.o[0m
[ 18%] [32mBuilding C object CMakeFiles/my_robot_interfaces__rosidl_generator_c.dir/rosidl_generator_c/my_robot_interfaces/srv/detail/compute_rectangle_area__description.c.o[0m
[ 22%] [32mBuilding C object CMakeFiles/my_robot_interfaces__rosidl_generator_c.dir/rosidl_generator_c/my_robot_interfaces/srv/detail/compute_rectangle_area__type_support.c.o[0m
[ 22%] [32mBuilding C object CMakeFiles/my_robot_interfaces__rosidl_generator_c.dir/rosidl_generator_c/my_robot_interfaces/srv/detail/compute_rectangle_area__functions.c.o[0m
[ 24%] [32m[1mLinking C shared library libmy_robot_interfaces__rosidl_generator_c.so[0m
[ 24%] Built target my_robot_interfaces__rosidl_generator_c
[ 27%] [34m[1mGenerating C type support for eProsima Fast-RTPS[0m
[ 27%] [34m[1mGenerating C introspection for ROS interfaces[0m
[ 29%] [34m[1mGenerating C++ type support dispatch for ROS interfaces[0m
[ 31%] [32mBuilding CXX object CMakeFiles/my_robot_interfaces__rosidl_typesupport_cpp.dir/rosidl_typesupport_cpp/my_robot_interfaces/msg/hardware_status__type_support.cpp.o[0m
[ 33%] [32mBuilding C object CMakeFiles/my_robot_interfaces__rosidl_typesupport_introspection_c.dir/rosidl_typesupport_introspection_c/my_robot_interfaces/msg/detail/hardware_status__type_support.c.o[0m
[ 35%] [32mBuilding C object CMakeFiles/my_robot_interfaces__rosidl_typesupport_introspection_c.dir/rosidl_typesupport_introspection_c/my_robot_interfaces/msg/detail/led_state_array__type_support.c.o[0m
[ 37%] [32mBuilding CXX object CMakeFiles/my_robot_interfaces__rosidl_typesupport_fastrtps_c.dir/rosidl_typesupport_fastrtps_c/my_robot_interfaces/msg/detail/hardware_status__type_support_c.cpp.o[0m
[ 38%] [32mBuilding C object CMakeFiles/my_robot_interfaces__rosidl_typesupport_introspection_c.dir/rosidl_typesupport_introspection_c/my_robot_interfaces/srv/detail/compute_rectangle_area__type_support.c.o[0m
[ 40%] [32m[1mLinking C shared library libmy_robot_interfaces__rosidl_typesupport_introspection_c.so[0m
[ 40%] Built target my_robot_interfaces__rosidl_typesupport_introspection_c
[ 42%] [34m[1mGenerating C type support dispatch for ROS interfaces[0m
[ 44%] [32mBuilding CXX object CMakeFiles/my_robot_interfaces__rosidl_typesupport_cpp.dir/rosidl_typesupport_cpp/my_robot_interfaces/msg/led_state_array__type_support.cpp.o[0m
[ 46%] [32mBuilding CXX object CMakeFiles/my_robot_interfaces__rosidl_typesupport_c.dir/rosidl_typesupport_c/my_robot_interfaces/msg/hardware_status__type_support.cpp.o[0m
[ 48%] [32mBuilding CXX object CMakeFiles/my_robot_interfaces__rosidl_typesupport_fastrtps_c.dir/rosidl_typesupport_fastrtps_c/my_robot_interfaces/msg/detail/led_state_array__type_support_c.cpp.o[0m
[ 50%] [32mBuilding CXX object CMakeFiles/my_robot_interfaces__rosidl_typesupport_c.dir/rosidl_typesupport_c/my_robot_interfaces/msg/led_state_array__type_support.cpp.o[0m
[ 51%] [32mBuilding CXX object CMakeFiles/my_robot_interfaces__rosidl_typesupport_cpp.dir/rosidl_typesupport_cpp/my_robot_interfaces/srv/compute_rectangle_area__type_support.cpp.o[0m
[ 53%] [32mBuilding CXX object CMakeFiles/my_robot_interfaces__rosidl_typesupport_c.dir/rosidl_typesupport_c/my_robot_interfaces/srv/compute_rectangle_area__type_support.cpp.o[0m
[ 55%] [32m[1mLinking CXX shared library libmy_robot_interfaces__rosidl_typesupport_c.so[0m
[ 55%] Built target my_robot_interfaces__rosidl_typesupport_c
[ 57%] [32mBuilding CXX object CMakeFiles/my_robot_interfaces__rosidl_typesupport_fastrtps_c.dir/rosidl_typesupport_fastrtps_c/my_robot_interfaces/srv/detail/compute_rectangle_area__type_support_c.cpp.o[0m
[ 59%] [34m[1mGenerating C++ type support for eProsima Fast-RTPS[0m
[ 61%] [32m[1mLinking CXX shared library libmy_robot_interfaces__rosidl_typesupport_cpp.so[0m
[ 61%] Built target my_robot_interfaces__rosidl_typesupport_cpp
[ 62%] [34m[1mGenerating C++ introspection for ROS interfaces[0m
[ 64%] [32mBuilding CXX object CMakeFiles/my_robot_interfaces__rosidl_typesupport_fastrtps_cpp.dir/rosidl_typesupport_fastrtps_cpp/my_robot_interfaces/msg/detail/dds_fastrtps/hardware_status__type_support.cpp.o[0m
[ 66%] [32m[1mLinking CXX shared library libmy_robot_interfaces__rosidl_typesupport_fastrtps_c.so[0m
[ 68%] [32mBuilding CXX object CMakeFiles/my_robot_interfaces__rosidl_typesupport_introspection_cpp.dir/rosidl_typesupport_introspection_cpp/my_robot_interfaces/msg/detail/hardware_status__type_support.cpp.o[0m
[ 68%] Built target my_robot_interfaces__rosidl_typesupport_fastrtps_c
[ 70%] [32mBuilding CXX object CMakeFiles/my_robot_interfaces__rosidl_typesupport_introspection_cpp.dir/rosidl_typesupport_introspection_cpp/my_robot_interfaces/msg/detail/led_state_array__type_support.cpp.o[0m
[ 72%] [32mBuilding CXX object CMakeFiles/my_robot_interfaces__rosidl_typesupport_fastrtps_cpp.dir/rosidl_typesupport_fastrtps_cpp/my_robot_interfaces/msg/detail/dds_fastrtps/led_state_array__type_support.cpp.o[0m
[ 74%] [32mBuilding CXX object CMakeFiles/my_robot_interfaces__rosidl_typesupport_introspection_cpp.dir/rosidl_typesupport_introspection_cpp/my_robot_interfaces/srv/detail/compute_rectangle_area__type_support.cpp.o[0m
[ 75%] [32mBuilding CXX object CMakeFiles/my_robot_interfaces__rosidl_typesupport_fastrtps_cpp.dir/rosidl_typesupport_fastrtps_cpp/my_robot_interfaces/srv/detail/dds_fastrtps/compute_rectangle_area__type_support.cpp.o[0m
[ 77%] [32m[1mLinking CXX shared library libmy_robot_interfaces__rosidl_typesupport_introspection_cpp.so[0m
[ 77%] Built target my_robot_interfaces__rosidl_typesupport_introspection_cpp
[ 79%] [32m[1mLinking CXX shared library libmy_robot_interfaces__rosidl_typesupport_fastrtps_cpp.so[0m
[ 79%] Built target my_robot_interfaces__rosidl_typesupport_fastrtps_cpp
[ 79%] Built target my_robot_interfaces
[ 81%] [34m[1mGenerating Python code for ROS interfaces[0m
[ 81%] Built target my_robot_interfaces__py
[ 85%] [32mBuilding C object CMakeFiles/my_robot_interfaces__rosidl_generator_py.dir/rosidl_generator_py/my_robot_interfaces/msg/_led_state_array_s.c.o[0m
[ 85%] [32mBuilding C object CMakeFiles/my_robot_interfaces__rosidl_generator_py.dir/rosidl_generator_py/my_robot_interfaces/msg/_hardware_status_s.c.o[0m
[ 87%] [32mBuilding C object CMakeFiles/my_robot_interfaces__rosidl_generator_py.dir/rosidl_generator_py/my_robot_interfaces/srv/_compute_rectangle_area_s.c.o[0m
[ 88%] [32m[1mLinking C shared library libmy_robot_interfaces__rosidl_generator_py.so[0m
[ 88%] Built target my_robot_interfaces__rosidl_generator_py
[ 92%] [32mBuilding C object CMakeFiles/my_robot_interfaces_s__rosidl_typesupport_introspection_c.dir/rosidl_generator_py/my_robot_interfaces/_my_robot_interfaces_s.ep.rosidl_typesupport_introspection_c.c.o[0m
[ 94%] [32mBuilding C object CMakeFiles/my_robot_interfaces_s__rosidl_typesupport_c.dir/rosidl_generator_py/my_robot_interfaces/_my_robot_interfaces_s.ep.rosidl_typesupport_c.c.o[0m
[ 94%] [32mBuilding C object CMakeFiles/my_robot_interfaces_s__rosidl_typesupport_fastrtps_c.dir/rosidl_generator_py/my_robot_interfaces/_my_robot_interfaces_s.ep.rosidl_typesupport_fastrtps_c.c.o[0m
[ 96%] [32m[1mLinking C shared module rosidl_generator_py/my_robot_interfaces/my_robot_interfaces_s__rosidl_typesupport_introspection_c.so[0m
[ 98%] [32m[1mLinking C shared module rosidl_generator_py/my_robot_interfaces/my_robot_interfaces_s__rosidl_typesupport_fastrtps_c.so[0m
[ 98%] Built target my_robot_interfaces_s__rosidl_typesupport_introspection_c
[ 98%] Built target my_robot_interfaces_s__rosidl_typesupport_fastrtps_c
[100%] [32m[1mLinking C shared module rosidl_generator_py/my_robot_interfaces/my_robot_interfaces_s__rosidl_typesupport_c.so[0m
[100%] Built target my_robot_interfaces_s__rosidl_typesupport_c
-- Install configuration: ""
-- Installing: /home/yash-verma/ros2_ws/src/install/my_robot_interfaces/share/ament_index/resource_index/rosidl_interfaces/my_robot_interfaces
-- Installing: /home/yash-verma/ros2_ws/src/install/my_robot_interfaces/share/my_robot_interfaces/msg/HardwareStatus.json
-- Installing: /home/yash-verma/ros2_ws/src/install/my_robot_interfaces/share/my_robot_interfaces/msg/LedStateArray.json
-- Installing: /home/yash-verma/ros2_ws/src/install/my_robot_interfaces/share/my_robot_interfaces/srv/ComputeRectangleArea.json
-- Installing: /home/yash-verma/ros2_ws/src/install/my_robot_interfaces/include/my_robot_interfaces/my_robot_interfaces
-- Installing: /home/yash-verma/ros2_ws/src/install/my_robot_interfaces/include/my_robot_interfaces/my_robot_interfaces/msg
-- Installing: /home/yash-verma/ros2_ws/src/install/my_robot_interfaces/include/my_robot_interfaces/my_robot_interfaces/msg/hardware_status.h
-- Installing: /home/yash-verma/ros2_ws/src/install/my_robot_interfaces/include/my_robot_interfaces/my_robot_interfaces/msg/detail
-- Installing: /home/yash-verma/ros2_ws/src/install/my_robot_interfaces/include/my_robot_interfaces/my_robot_interfaces/msg/detail/hardware_status__functions.h
-- Installing: /home/yash-verma/ros2_ws/src/install/my_robot_interfaces/include/my_robot_interfaces/my_robot_interfaces/msg/detail/hardware_status__type_support.h
-- Installing: /home/yash-verma/ros2_ws/src/install/my_robot_interfaces/include/my_robot_interfaces/my_robot_interfaces/msg/detail/led_state_array__description.c
-- Installing: /home/yash-verma/ros2_ws/src/install/my_robot_interfaces/include/my_robot_interfaces/my_robot_interfaces/msg/detail/led_state_array__type_support.h
-- Installing: /home/yash-verma/ros2_ws/src/install/my_robot_interfaces/include/my_robot_interfaces/my_robot_interfaces/msg/detail/hardware_status__struct.h
-- Installing: /home/yash-verma/ros2_ws/src/install/my_robot_interfaces/include/my_robot_interfaces/my_robot_interfaces/msg/detail/led_state_array__functions.c
-- Installing: /home/yash-verma/ros2_ws/src/install/my_robot_interfaces/include/my_robot_interfaces/my_robot_interfaces/msg/detail/hardware_status__type_support.c
-- Installing: /home/yash-verma/ros2_ws/src/install/my_robot_interfaces/include/my_robot_interfaces/my_robot_interfaces/msg/detail/led_state_array__functions.h
-- Installing: /home/yash-verma/ros2_ws/src/install/my_robot_interfaces/include/my_robot_interfaces/my_robot_interfaces/msg/detail/led_state_array__type_support.c
-- Installing: /home/yash-verma/ros2_ws/src/install/my_robot_interfaces/include/my_robot_interfaces/my_robot_interfaces/msg/detail/hardware_status__description.c
-- Installing: /home/yash-verma/ros2_ws/src/install/my_robot_interfaces/include/my_robot_interfaces/my_robot_interfaces/msg/detail/hardware_status__functions.c
-- Installing: /home/yash-verma/ros2_ws/src/install/my_robot_interfaces/include/my_robot_interfaces/my_robot_interfaces/msg/detail/led_state_array__struct.h
-- Installing: /home/yash-verma/ros2_ws/src/install/my_robot_interfaces/include/my_robot_interfaces/my_robot_interfaces/msg/led_state_array.h
-- Installing: /home/yash-verma/ros2_ws/src/install/my_robot_interfaces/include/my_robot_interfaces/my_robot_interfaces/msg/rosidl_generator_c__visibility_control.h
-- Installing: /home/yash-verma/ros2_ws/src/install/my_robot_interfaces/include/my_robot_interfaces/my_robot_interfaces/srv
-- Installing: /home/yash-verma/ros2_ws/src/install/my_robot_interfaces/include/my_robot_interfaces/my_robot_interfaces/srv/detail
-- Installing: /home/yash-verma/ros2_ws/src/install/my_robot_interfaces/include/my_robot_interfaces/my_robot_interfaces/srv/detail/compute_rectangle_area__functions.c
-- Installing: /home/yash-verma/ros2_ws/src/install/my_robot_interfaces/include/my_robot_interfaces/my_robot_interfaces/srv/detail/compute_rectangle_area__description.c
-- Installing: /home/yash-verma/ros2_ws/src/install/my_robot_interfaces/include/my_robot_interfaces/my_robot_interfaces/srv/detail/compute_rectangle_area__functions.h
-- Installing: /home/yash-verma/ros2_ws/src/install/my_robot_interfaces/include/my_robot_interfaces/my_robot_interfaces/srv/detail/compute_rectangle_area__type_support.c
-- Installing: /home/yash-verma/ros2_ws/src/install/my_robot_interfaces/include/my_robot_interfaces/my_robot_interfaces/srv/detail/compute_rectangle_area__struct.h
-- Installing: /home/yash-verma/ros2_ws/src/install/my_robot_interfaces/include/my_robot_interfaces/my_robot_interfaces/srv/detail/compute_rectangle_area__type_support.h
-- Installing: /home/yash-verma/ros2_ws/src/install/my_robot_interfaces/include/my_robot_interfaces/my_robot_interfaces/srv/compute_rectangle_area.h
-- Installing: /home/yash-verma/ros2_ws/src/install/my_robot_interfaces/share/my_robot_interfaces/environment/library_path.sh
-- Installing: /home/yash-verma/ros2_ws/src/install/my_robot_interfaces/share/my_robot_interfaces/environment/library_path.dsv
-- Installing: /home/yash-verma/ros2_ws/src/install/my_robot_interfaces/lib/libmy_robot_interfaces__rosidl_generator_c.so
-- Set non-toolchain portion of runtime path of "/home/yash-verma/ros2_ws/src/install/my_robot_interfaces/lib/libmy_robot_interfaces__rosidl_generator_c.so" to ""
-- Up-to-date: /home/yash-verma/ros2_ws/src/install/my_robot_interfaces/include/my_robot_interfaces/my_robot_interfaces
-- Up-to-date: /home/yash-verma/ros2_ws/src/install/my_robot_interfaces/include/my_robot_interfaces/my_robot_interfaces/msg
-- Installing: /home/yash-verma/ros2_ws/src/install/my_robot_interfaces/include/my_robot_interfaces/my_robot_interfaces/msg/rosidl_typesupport_fastrtps_c__visibility_control.h
-- Up-to-date: /home/yash-verma/ros2_ws/src/install/my_robot_interfaces/include/my_robot_interfaces/my_robot_interfaces/msg/detail
-- Installing: /home/yash-verma/ros2_ws/src/install/my_robot_interfaces/include/my_robot_interfaces/my_robot_interfaces/msg/detail/hardware_status__rosidl_typesupport_fastrtps_c.h
-- Installing: /home/yash-verma/ros2_ws/src/install/my_robot_interfaces/include/my_robot_interfaces/my_robot_interfaces/msg/detail/led_state_array__rosidl_typesupport_fastrtps_c.h
-- Up-to-date: /home/yash-verma/ros2_ws/src/install/my_robot_interfaces/include/my_robot_interfaces/my_robot_interfaces/srv
-- Up-to-date: /home/yash-verma/ros2_ws/src/install/my_robot_interfaces/include/my_robot_interfaces/my_robot_interfaces/srv/detail
-- Installing: /home/yash-verma/ros2_ws/src/install/my_robot_interfaces/include/my_robot_interfaces/my_robot_interfaces/srv/detail/compute_rectangle_area__rosidl_typesupport_fastrtps_c.h
-- Installing: /home/yash-verma/ros2_ws/src/install/my_robot_interfaces/lib/libmy_robot_interfaces__rosidl_typesupport_fastrtps_c.so
-- Set non-toolchain portion of runtime path of "/home/yash-verma/ros2_ws/src/install/my_robot_interfaces/lib/libmy_robot_interfaces__rosidl_typesupport_fastrtps_c.so" to ""
-- Up-to-date: /home/yash-verma/ros2_ws/src/install/my_robot_interfaces/include/my_robot_interfaces/my_robot_interfaces
-- Up-to-date: /home/yash-verma/ros2_ws/src/install/my_robot_interfaces/include/my_robot_interfaces/my_robot_interfaces/msg
-- Up-to-date: /home/yash-verma/ros2_ws/src/install/my_robot_interfaces/include/my_robot_interfaces/my_robot_interfaces/msg/detail
-- Installing: /home/yash-verma/ros2_ws/src/install/my_robot_interfaces/include/my_robot_interfaces/my_robot_interfaces/msg/detail/hardware_status__type_support.c
-- Installing: /home/yash-verma/ros2_ws/src/install/my_robot_interfaces/include/my_robot_interfaces/my_robot_interfaces/msg/detail/led_state_array__type_support.c
-- Installing: /home/yash-verma/ros2_ws/src/install/my_robot_interfaces/include/my_robot_interfaces/my_robot_interfaces/msg/detail/led_state_array__rosidl_typesupport_introspection_c.h
-- Installing: /home/yash-verma/ros2_ws/src/install/my_robot_interfaces/include/my_robot_interfaces/my_robot_interfaces/msg/detail/hardware_status__rosidl_typesupport_introspection_c.h
-- Installing: /home/yash-verma/ros2_ws/src/install/my_robot_interfaces/include/my_robot_interfaces/my_robot_interfaces/msg/rosidl_typesupport_introspection_c__visibility_control.h
-- Up-to-date: /home/yash-verma/ros2_ws/src/install/my_robot_interfaces/include/my_robot_interfaces/my_robot_interfaces/srv
-- Up-to-date: /home/yash-verma/ros2_ws/src/install/my_robot_interfaces/include/my_robot_interfaces/my_robot_interfaces/srv/detail
-- Installing: /home/yash-verma/ros2_ws/src/install/my_robot_interfaces/include/my_robot_interfaces/my_robot_interfaces/srv/detail/compute_rectangle_area__type_support.c
-- Installing: /home/yash-verma/ros2_ws/src/install/my_robot_interfaces/include/my_robot_interfaces/my_robot_interfaces/srv/detail/compute_rectangle_area__rosidl_typesupport_introspection_c.h
-- Installing: /home/yash-verma/ros2_ws/src/install/my_robot_interfaces/lib/libmy_robot_interfaces__rosidl_typesupport_introspection_c.so
-- Set non-toolchain portion of runtime path of "/home/yash-verma/ros2_ws/src/install/my_robot_interfaces/lib/libmy_robot_interfaces__rosidl_typesupport_introspection_c.so" to ""
-- Installing: /home/yash-verma/ros2_ws/src/install/my_robot_interfaces/lib/libmy_robot_interfaces__rosidl_typesupport_c.so
-- Set non-toolchain portion of runtime path of "/home/yash-verma/ros2_ws/src/install/my_robot_interfaces/lib/libmy_robot_interfaces__rosidl_typesupport_c.so" to ""
-- Up-to-date: /home/yash-verma/ros2_ws/src/install/my_robot_interfaces/include/my_robot_interfaces/my_robot_interfaces
-- Up-to-date: /home/yash-verma/ros2_ws/src/install/my_robot_interfaces/include/my_robot_interfaces/my_robot_interfaces/msg
-- Up-to-date: /home/yash-verma/ros2_ws/src/install/my_robot_interfaces/include/my_robot_interfaces/my_robot_interfaces/msg/detail
-- Installing: /home/yash-verma/ros2_ws/src/install/my_robot_interfaces/include/my_robot_interfaces/my_robot_interfaces/msg/detail/led_state_array__type_support.hpp
-- Installing: /home/yash-verma/ros2_ws/src/install/my_robot_interfaces/include/my_robot_interfaces/my_robot_interfaces/msg/detail/led_state_array__builder.hpp
-- Installing: /home/yash-verma/ros2_ws/src/install/my_robot_interfaces/include/my_robot_interfaces/my_robot_interfaces/msg/detail/led_state_array__struct.hpp
-- Installing: /home/yash-verma/ros2_ws/src/install/my_robot_interfaces/include/my_robot_interfaces/my_robot_interfaces/msg/detail/hardware_status__type_support.hpp
-- Installing: /home/yash-verma/ros2_ws/src/install/my_robot_interfaces/include/my_robot_interfaces/my_robot_interfaces/msg/detail/hardware_status__builder.hpp
-- Installing: /home/yash-verma/ros2_ws/src/install/my_robot_interfaces/include/my_robot_interfaces/my_robot_interfaces/msg/detail/led_state_array__traits.hpp
-- Installing: /home/yash-verma/ros2_ws/src/install/my_robot_interfaces/include/my_robot_interfaces/my_robot_interfaces/msg/detail/hardware_status__traits.hpp
-- Installing: /home/yash-verma/ros2_ws/src/install/my_robot_interfaces/include/my_robot_interfaces/my_robot_interfaces/msg/detail/hardware_status__struct.hpp
-- Installing: /home/yash-verma/ros2_ws/src/install/my_robot_interfaces/include/my_robot_interfaces/my_robot_interfaces/msg/led_state_array.hpp
-- Installing: /home/yash-verma/ros2_ws/src/install/my_robot_interfaces/include/my_robot_interfaces/my_robot_interfaces/msg/hardware_status.hpp
-- Installing: /home/yash-verma/ros2_ws/src/install/my_robot_interfaces/include/my_robot_interfaces/my_robot_interfaces/msg/rosidl_generator_cpp__visibility_control.hpp
-- Up-to-date: /home/yash-verma/ros2_ws/src/install/my_robot_interfaces/include/my_robot_interfaces/my_robot_interfaces/srv
-- Installing: /home/yash-verma/ros2_ws/src/install/my_robot_interfaces/include/my_robot_interfaces/my_robot_interfaces/srv/compute_rectangle_area.hpp
-- Up-to-date: /home/yash-verma/ros2_ws/src/install/my_robot_interfaces/include/my_robot_interfaces/my_robot_interfaces/srv/detail
-- Installing: /home/yash-verma/ros2_ws/src/install/my_robot_interfaces/include/my_robot_interfaces/my_robot_interfaces/srv/detail/compute_rectangle_area__traits.hpp
-- Installing: /home/yash-verma/ros2_ws/src/install/my_robot_interfaces/include/my_robot_interfaces/my_robot_interfaces/srv/detail/compute_rectangle_area__struct.hpp
-- Installing: /home/yash-verma/ros2_ws/src/install/my_robot_interfaces/include/my_robot_interfaces/my_robot_interfaces/srv/detail/compute_rectangle_area__type_support.hpp
-- Installing: /home/yash-verma/ros2_ws/src/install/my_robot_interfaces/include/my_robot_interfaces/my_robot_interfaces/srv/detail/compute_rectangle_area__builder.hpp
-- Up-to-date: /home/yash-verma/ros2_ws/src/install/my_robot_interfaces/include/my_robot_interfaces/my_robot_interfaces
-- Up-to-date: /home/yash-verma/ros2_ws/src/install/my_robot_interfaces/include/my_robot_interfaces/my_robot_interfaces/msg
-- Up-to-date: /home/yash-verma/ros2_ws/src/install/my_robot_interfaces/include/my_robot_interfaces/my_robot_interfaces/msg/detail
-- Installing: /home/yash-verma/ros2_ws/src/install/my_robot_interfaces/include/my_robot_interfaces/my_robot_interfaces/msg/detail/hardware_status__rosidl_typesupport_fastrtps_cpp.hpp
-- Installing: /home/yash-verma/ros2_ws/src/install/my_robot_interfaces/include/my_robot_interfaces/my_robot_interfaces/msg/detail/led_state_array__rosidl_typesupport_fastrtps_cpp.hpp
-- Installing: /home/yash-verma/ros2_ws/src/install/my_robot_interfaces/include/my_robot_interfaces/my_robot_interfaces/msg/detail/dds_fastrtps
-- Installing: /home/yash-verma/ros2_ws/src/install/my_robot_interfaces/include/my_robot_interfaces/my_robot_interfaces/msg/rosidl_typesupport_fastrtps_cpp__visibility_control.h
-- Up-to-date: /home/yash-verma/ros2_ws/src/install/my_robot_interfaces/include/my_robot_interfaces/my_robot_interfaces/srv
-- Up-to-date: /home/yash-verma/ros2_ws/src/install/my_robot_interfaces/include/my_robot_interfaces/my_robot_interfaces/srv/detail
-- Installing: /home/yash-verma/ros2_ws/src/install/my_robot_interfaces/include/my_robot_interfaces/my_robot_interfaces/srv/detail/compute_rectangle_area__rosidl_typesupport_fastrtps_cpp.hpp
-- Installing: /home/yash-verma/ros2_ws/src/install/my_robot_interfaces/include/my_robot_interfaces/my_robot_interfaces/srv/detail/dds_fastrtps
-- Installing: /home/yash-verma/ros2_ws/src/install/my_robot_interfaces/lib/libmy_robot_interfaces__rosidl_typesupport_fastrtps_cpp.so
-- Set non-toolchain portion of runtime path of "/home/yash-verma/ros2_ws/src/install/my_robot_interfaces/lib/libmy_robot_interfaces__rosidl_typesupport_fastrtps_cpp.so" to ""
-- Up-to-date: /home/yash-verma/ros2_ws/src/install/my_robot_interfaces/include/my_robot_interfaces/my_robot_interfaces
-- Up-to-date: /home/yash-verma/ros2_ws/src/install/my_robot_interfaces/include/my_robot_interfaces/my_robot_interfaces/msg
-- Up-to-date: /home/yash-verma/ros2_ws/src/install/my_robot_interfaces/include/my_robot_interfaces/my_robot_interfaces/msg/detail
-- Installing: /home/yash-verma/ros2_ws/src/install/my_robot_interfaces/include/my_robot_interfaces/my_robot_interfaces/msg/detail/hardware_status__rosidl_typesupport_introspection_cpp.hpp
-- Installing: /home/yash-verma/ros2_ws/src/install/my_robot_interfaces/include/my_robot_interfaces/my_robot_interfaces/msg/detail/hardware_status__type_support.cpp
-- Installing: /home/yash-verma/ros2_ws/src/install/my_robot_interfaces/include/my_robot_interfaces/my_robot_interfaces/msg/detail/led_state_array__rosidl_typesupport_introspection_cpp.hpp
-- Installing: /home/yash-verma/ros2_ws/src/install/my_robot_interfaces/include/my_robot_interfaces/my_robot_interfaces/msg/detail/led_state_array__type_support.cpp
-- Up-to-date: /home/yash-verma/ros2_ws/src/install/my_robot_interfaces/include/my_robot_interfaces/my_robot_interfaces/srv
-- Up-to-date: /home/yash-verma/ros2_ws/src/install/my_robot_interfaces/include/my_robot_interfaces/my_robot_interfaces/srv/detail
-- Installing: /home/yash-verma/ros2_ws/src/install/my_robot_interfaces/include/my_robot_interfaces/my_robot_interfaces/srv/detail/compute_rectangle_area__rosidl_typesupport_introspection_cpp.hpp
-- Installing: /home/yash-verma/ros2_ws/src/install/my_robot_interfaces/include/my_robot_interfaces/my_robot_interfaces/srv/detail/compute_rectangle_area__type_support.cpp
-- Installing: /home/yash-verma/ros2_ws/src/install/my_robot_interfaces/lib/libmy_robot_interfaces__rosidl_typesupport_introspection_cpp.so
-- Set non-toolchain portion of runtime path of "/home/yash-verma/ros2_ws/src/install/my_robot_interfaces/lib/libmy_robot_interfaces__rosidl_typesupport_introspection_cpp.so" to ""
-- Installing: /home/yash-verma/ros2_ws/src/install/my_robot_interfaces/lib/libmy_robot_interfaces__rosidl_typesupport_cpp.so
-- Set non-toolchain portion of runtime path of "/home/yash-verma/ros2_ws/src/install/my_robot_interfaces/lib/libmy_robot_interfaces__rosidl_typesupport_cpp.so" to ""
-- Installing: /home/yash-verma/ros2_ws/src/install/my_robot_interfaces/share/my_robot_interfaces/environment/pythonpath.sh
-- Installing: /home/yash-verma/ros2_ws/src/install/my_robot_interfaces/share/my_robot_interfaces/environment/pythonpath.dsv
-- Installing: /home/yash-verma/ros2_ws/src/install/my_robot_interfaces/lib/python3.12/site-packages/my_robot_interfaces-0.0.0-py3.12.egg-info
-- Installing: /home/yash-verma/ros2_ws/src/install/my_robot_interfaces/lib/python3.12/site-packages/my_robot_interfaces-0.0.0-py3.12.egg-info/top_level.txt
-- Installing: /home/yash-verma/ros2_ws/src/install/my_robot_interfaces/lib/python3.12/site-packages/my_robot_interfaces-0.0.0-py3.12.egg-info/PKG-INFO
-- Installing: /home/yash-verma/ros2_ws/src/install/my_robot_interfaces/lib/python3.12/site-packages/my_robot_interfaces-0.0.0-py3.12.egg-info/dependency_links.txt
-- Installing: /home/yash-verma/ros2_ws/src/install/my_robot_interfaces/lib/python3.12/site-packages/my_robot_interfaces-0.0.0-py3.12.egg-info/SOURCES.txt
-- Installing: /home/yash-verma/ros2_ws/src/install/my_robot_interfaces/lib/python3.12/site-packages/my_robot_interfaces
-- Installing: /home/yash-verma/ros2_ws/src/install/my_robot_interfaces/lib/python3.12/site-packages/my_robot_interfaces/msg
-- Installing: /home/yash-verma/ros2_ws/src/install/my_robot_interfaces/lib/python3.12/site-packages/my_robot_interfaces/msg/_led_state_array.py
-- Installing: /home/yash-verma/ros2_ws/src/install/my_robot_interfaces/lib/python3.12/site-packages/my_robot_interfaces/msg/_hardware_status_s.c
-- Installing: /home/yash-verma/ros2_ws/src/install/my_robot_interfaces/lib/python3.12/site-packages/my_robot_interfaces/msg/__init__.py
-- Installing: /home/yash-verma/ros2_ws/src/install/my_robot_interfaces/lib/python3.12/site-packages/my_robot_interfaces/msg/_led_state_array_s.c
-- Installing: /home/yash-verma/ros2_ws/src/install/my_robot_interfaces/lib/python3.12/site-packages/my_robot_interfaces/msg/_hardware_status.py
-- Installing: /home/yash-verma/ros2_ws/src/install/my_robot_interfaces/lib/python3.12/site-packages/my_robot_interfaces/my_robot_interfaces_s__rosidl_typesupport_c.so
-- Installing: /home/yash-verma/ros2_ws/src/install/my_robot_interfaces/lib/python3.12/site-packages/my_robot_interfaces/srv
-- Installing: /home/yash-verma/ros2_ws/src/install/my_robot_interfaces/lib/python3.12/site-packages/my_robot_interfaces/srv/__init__.py
-- Installing: /home/yash-verma/ros2_ws/src/install/my_robot_interfaces/lib/python3.12/site-packages/my_robot_interfaces/srv/_compute_rectangle_area_s.c
-- Installing: /home/yash-verma/ros2_ws/src/install/my_robot_interfaces/lib/python3.12/site-packages/my_robot_interfaces/srv/_compute_rectangle_area.py
-- Installing: /home/yash-verma/ros2_ws/src/install/my_robot_interfaces/lib/python3.12/site-packages/my_robot_interfaces/my_robot_interfaces_s__rosidl_typesupport_introspection_c.so
-- Installing: /home/yash-verma/ros2_ws/src/install/my_robot_interfaces/lib/python3.12/site-packages/my_robot_interfaces/__init__.py
-- Installing: /home/yash-verma/ros2_ws/src/install/my_robot_interfaces/lib/python3.12/site-packages/my_robot_interfaces/my_robot_interfaces_s__rosidl_typesupport_fastrtps_c.so
-- Installing: /home/yash-verma/ros2_ws/src/install/my_robot_interfaces/lib/python3.12/site-packages/my_robot_interfaces/_my_robot_interfaces_s.ep.rosidl_typesupport_introspection_c.c
-- Installing: /home/yash-verma/ros2_ws/src/install/my_robot_interfaces/lib/python3.12/site-packages/my_robot_interfaces/_my_robot_interfaces_s.ep.rosidl_typesupport_c.c
-- Installing: /home/yash-verma/ros2_ws/src/install/my_robot_interfaces/lib/python3.12/site-packages/my_robot_interfaces/_my_robot_interfaces_s.ep.rosidl_typesupport_fastrtps_c.c
Listing '/home/yash-verma/ros2_ws/src/install/my_robot_interfaces/lib/python3.12/site-packages/my_robot_interfaces'...
Compiling '/home/yash-verma/ros2_ws/src/install/my_robot_interfaces/lib/python3.12/site-packages/my_robot_interfaces/__init__.py'...
Listing '/home/yash-verma/ros2_ws/src/install/my_robot_interfaces/lib/python3.12/site-packages/my_robot_interfaces/msg'...
Compiling '/home/yash-verma/ros2_ws/src/install/my_robot_interfaces/lib/python3.12/site-packages/my_robot_interfaces/msg/__init__.py'...
Compiling '/home/yash-verma/ros2_ws/src/install/my_robot_interfaces/lib/python3.12/site-packages/my_robot_interfaces/msg/_hardware_status.py'...
Compiling '/home/yash-verma/ros2_ws/src/install/my_robot_interfaces/lib/python3.12/site-packages/my_robot_interfaces/msg/_led_state_array.py'...
Listing '/home/yash-verma/ros2_ws/src/install/my_robot_interfaces/lib/python3.12/site-packages/my_robot_interfaces/srv'...
Compiling '/home/yash-verma/ros2_ws/src/install/my_robot_interfaces/lib/python3.12/site-packages/my_robot_interfaces/srv/__init__.py'...
Compiling '/home/yash-verma/ros2_ws/src/install/my_robot_interfaces/lib/python3.12/site-packages/my_robot_interfaces/srv/_compute_rectangle_area.py'...
-- Installing: /home/yash-verma/ros2_ws/src/install/my_robot_interfaces/lib/python3.12/site-packages/my_robot_interfaces/my_robot_interfaces_s__rosidl_typesupport_fastrtps_c.so
-- Set non-toolchain portion of runtime path of "/home/yash-verma/ros2_ws/src/install/my_robot_interfaces/lib/python3.12/site-packages/my_robot_interfaces/my_robot_interfaces_s__rosidl_typesupport_fastrtps_c.so" to ""
-- Installing: /home/yash-verma/ros2_ws/src/install/my_robot_interfaces/lib/python3.12/site-packages/my_robot_interfaces/my_robot_interfaces_s__rosidl_typesupport_introspection_c.so
-- Set non-toolchain portion of runtime path of "/home/yash-verma/ros2_ws/src/install/my_robot_interfaces/lib/python3.12/site-packages/my_robot_interfaces/my_robot_interfaces_s__rosidl_typesupport_introspection_c.so" to ""
-- Installing: /home/yash-verma/ros2_ws/src/install/my_robot_interfaces/lib/python3.12/site-packages/my_robot_interfaces/my_robot_interfaces_s__rosidl_typesupport_c.so
-- Set non-toolchain portion of runtime path of "/home/yash-verma/ros2_ws/src/install/my_robot_interfaces/lib/python3.12/site-packages/my_robot_interfaces/my_robot_interfaces_s__rosidl_typesupport_c.so" to ""
-- Installing: /home/yash-verma/ros2_ws/src/install/my_robot_interfaces/lib/libmy_robot_interfaces__rosidl_generator_py.so
-- Set non-toolchain portion of runtime path of "/home/yash-verma/ros2_ws/src/install/my_robot_interfaces/lib/libmy_robot_interfaces__rosidl_generator_py.so" to ""
-- Installing: /home/yash-verma/ros2_ws/src/install/my_robot_interfaces/share/my_robot_interfaces/msg/HardwareStatus.idl
-- Installing: /home/yash-verma/ros2_ws/src/install/my_robot_interfaces/share/my_robot_interfaces/msg/LedStateArray.idl
-- Installing: /home/yash-verma/ros2_ws/src/install/my_robot_interfaces/share/my_robot_interfaces/srv/ComputeRectangleArea.idl
-- Installing: /home/yash-verma/ros2_ws/src/install/my_robot_interfaces/share/my_robot_interfaces/msg/HardwareStatus.msg
-- Installing: /home/yash-verma/ros2_ws/src/install/my_robot_interfaces/share/my_robot_interfaces/msg/LedStateArray.msg
-- Installing: /home/yash-verma/ros2_ws/src/install/my_robot_interfaces/share/my_robot_interfaces/srv/ComputeRectangleArea.srv
-- Installing: /home/yash-verma/ros2_ws/src/install/my_robot_interfaces/share/ament_index/resource_index/package_run_dependencies/my_robot_interfaces
-- Installing: /home/yash-verma/ros2_ws/src/install/my_robot_interfaces/share/ament_index/resource_index/parent_prefix_path/my_robot_interfaces
-- Installing: /home/yash-verma/ros2_ws/src/install/my_robot_interfaces/share/my_robot_interfaces/environment/ament_prefix_path.sh
-- Installing: /home/yash-verma/ros2_ws/src/install/my_robot_interfaces/share/my_robot_interfaces/environment/ament_prefix_path.dsv
-- Installing: /home/yash-verma/ros2_ws/src/install/my_robot_interfaces/share/my_robot_interfaces/environment/path.sh
-- Installing: /home/yash-verma/ros2_ws/src/install/my_robot_interfaces/share/my_robot_interfaces/environment/path.dsv
-- Installing: /home/yash-verma/ros2_ws/src/install/my_robot_interfaces/share/my_robot_interfaces/local_setup.bash
-- Installing: /home/yash-verma/ros2_ws/src/install/my_robot_interfaces/share/my_robot_interfaces/local_setup.sh
-- Installing: /home/yash-verma/ros2_ws/src/install/my_robot_interfaces/share/my_robot_interfaces/local_setup.zsh
-- Installing: /home/yash-verma/ros2_ws/src/install/my_robot_interfaces/share/my_robot_interfaces/local_setup.dsv
-- Installing: /home/yash-verma/ros2_ws/src/install/my_robot_interfaces/share/my_robot_interfaces/package.dsv
-- Installing: /home/yash-verma/ros2_ws/src/install/my_robot_interfaces/share/ament_index/resource_index/packages/my_robot_interfaces
-- Installing: /home/yash-verma/ros2_ws/src/install/my_robot_interfaces/share/my_robot_interfaces/cmake/export_my_robot_interfaces__rosidl_generator_cExport.cmake
-- Installing: /home/yash-verma/ros2_ws/src/install/my_robot_interfaces/share/my_robot_interfaces/cmake/export_my_robot_interfaces__rosidl_generator_cExport-noconfig.cmake
-- Installing: /home/yash-verma/ros2_ws/src/install/my_robot_interfaces/share/my_robot_interfaces/cmake/export_my_robot_interfaces__rosidl_typesupport_fastrtps_cExport.cmake
-- Installing: /home/yash-verma/ros2_ws/src/install/my_robot_interfaces/share/my_robot_interfaces/cmake/export_my_robot_interfaces__rosidl_typesupport_fastrtps_cExport-noconfig.cmake
-- Installing: /home/yash-verma/ros2_ws/src/install/my_robot_interfaces/share/my_robot_interfaces/cmake/my_robot_interfaces__rosidl_typesupport_introspection_cExport.cmake
-- Installing: /home/yash-verma/ros2_ws/src/install/my_robot_interfaces/share/my_robot_interfaces/cmake/my_robot_interfaces__rosidl_typesupport_introspection_cExport-noconfig.cmake
-- Installing: /home/yash-verma/ros2_ws/src/install/my_robot_interfaces/share/my_robot_interfaces/cmake/my_robot_interfaces__rosidl_typesupport_cExport.cmake
-- Installing: /home/yash-verma/ros2_ws/src/install/my_robot_interfaces/share/my_robot_interfaces/cmake/my_robot_interfaces__rosidl_typesupport_cExport-noconfig.cmake
-- Installing: /home/yash-verma/ros2_ws/src/install/my_robot_interfaces/share/my_robot_interfaces/cmake/export_my_robot_interfaces__rosidl_generator_cppExport.cmake
-- Installing: /home/yash-verma/ros2_ws/src/install/my_robot_interfaces/share/my_robot_interfaces/cmake/export_my_robot_interfaces__rosidl_typesupport_fastrtps_cppExport.cmake
-- Installing: /home/yash-verma/ros2_ws/src/install/my_robot_interfaces/share/my_robot_interfaces/cmake/export_my_robot_interfaces__rosidl_typesupport_fastrtps_cppExport-noconfig.cmake
-- Installing: /home/yash-verma/ros2_ws/src/install/my_robot_interfaces/share/my_robot_interfaces/cmake/my_robot_interfaces__rosidl_typesupport_introspection_cppExport.cmake
-- Installing: /home/yash-verma/ros2_ws/src/install/my_robot_interfaces/share/my_robot_interfaces/cmake/my_robot_interfaces__rosidl_typesupport_introspection_cppExport-noconfig.cmake
-- Installing: /home/yash-verma/ros2_ws/src/install/my_robot_interfaces/share/my_robot_interfaces/cmake/my_robot_interfaces__rosidl_typesupport_cppExport.cmake
-- Installing: /home/yash-verma/ros2_ws/src/install/my_robot_interfaces/share/my_robot_interfaces/cmake/my_robot_interfaces__rosidl_typesupport_cppExport-noconfig.cmake
-- Installing: /home/yash-verma/ros2_ws/src/install/my_robot_interfaces/share/my_robot_interfaces/cmake/export_my_robot_interfaces__rosidl_generator_pyExport.cmake
-- Installing: /home/yash-verma/ros2_ws/src/install/my_robot_interfaces/share/my_robot_interfaces/cmake/export_my_robot_interfaces__rosidl_generator_pyExport-noconfig.cmake
-- Installing: /home/yash-verma/ros2_ws/src/install/my_robot_interfaces/share/my_robot_interfaces/cmake/rosidl_cmake-extras.cmake
-- Installing: /home/yash-verma/ros2_ws/src/install/my_robot_interfaces/share/my_robot_interfaces/cmake/ament_cmake_export_dependencies-extras.cmake
-- Installing: /home/yash-verma/ros2_ws/src/install/my_robot_interfaces/share/my_robot_interfaces/cmake/ament_cmake_export_include_directories-extras.cmake
-- Installing: /home/yash-verma/ros2_ws/src/install/my_robot_interfaces/share/my_robot_interfaces/cmake/ament_cmake_export_libraries-extras.cmake
-- Installing: /home/yash-verma/ros2_ws/src/install/my_robot_interfaces/share/my_robot_interfaces/cmake/ament_cmake_export_targets-extras.cmake
-- Installing: /home/yash-verma/ros2_ws/src/install/my_robot_interfaces/share/my_robot_interfaces/cmake/rosidl_cmake_export_typesupport_targets-extras.cmake
-- Installing: /home/yash-verma/ros2_ws/src/install/my_robot_interfaces/share/my_robot_interfaces/cmake/rosidl_cmake_export_typesupport_libraries-extras.cmake
-- Installing: /home/yash-verma/ros2_ws/src/install/my_robot_interfaces/share/my_robot_interfaces/cmake/my_robot_interfacesConfig.cmake
-- Installing: /home/yash-verma/ros2_ws/src/install/my_robot_interfaces/share/my_robot_interfaces/cmake/my_robot_interfacesConfig-version.cmake
-- Installing: /home/yash-verma/ros2_ws/src/install/my_robot_interfaces/share/my_robot_interfaces/package.xml
