[1.084s] Invoking command in '/home/yash-verma/ros2_ws/src/my_py_pkg': DEBUGINFOD_URLS=https://debuginfod.ubuntu.com PYTHONPATH=/home/yash-verma/ros2_ws/build/my_py_pkg/prefix_override:/usr/lib/python3/dist-packages/colcon_core/task/python/colcon_distutils_commands:/home/yash-verma/ros2_ws/install/my_py_pkg/lib/python3.12/site-packages:${PYTHONPATH} /usr/bin/python3 -W ignore:setup.py install is deprecated -W ignore:easy_install command is deprecated setup.py egg_info --egg-base ../../build/my_py_pkg build --build-base /home/yash-verma/ros2_ws/build/my_py_pkg/build install --record /home/yash-verma/ros2_ws/build/my_py_pkg/install.log --single-version-externally-managed install_data
[1.365s] running egg_info
[1.366s] creating ../../build/my_py_pkg/my_py_pkg.egg-info
[1.384s] writing ../../build/my_py_pkg/my_py_pkg.egg-info/PKG-INFO
[1.385s] writing dependency_links to ../../build/my_py_pkg/my_py_pkg.egg-info/dependency_links.txt
[1.385s] writing entry points to ../../build/my_py_pkg/my_py_pkg.egg-info/entry_points.txt
[1.385s] writing requirements to ../../build/my_py_pkg/my_py_pkg.egg-info/requires.txt
[1.385s] writing top-level names to ../../build/my_py_pkg/my_py_pkg.egg-info/top_level.txt
[1.385s] writing manifest file '../../build/my_py_pkg/my_py_pkg.egg-info/SOURCES.txt'
[1.437s] reading manifest file '../../build/my_py_pkg/my_py_pkg.egg-info/SOURCES.txt'
[1.437s] writing manifest file '../../build/my_py_pkg/my_py_pkg.egg-info/SOURCES.txt'
[1.437s] running build
[1.437s] running build_py
[1.437s] creating /home/yash-verma/ros2_ws/build/my_py_pkg/build
[1.437s] creating /home/yash-verma/ros2_ws/build/my_py_pkg/build/lib
[1.437s] creating /home/yash-verma/ros2_ws/build/my_py_pkg/build/lib/my_py_pkg
[1.437s] copying my_py_pkg/robot_news_station.py -> /home/yash-verma/ros2_ws/build/my_py_pkg/build/lib/my_py_pkg
[1.437s] copying my_py_pkg/add_two_ints_server.py -> /home/yash-verma/ros2_ws/build/my_py_pkg/build/lib/my_py_pkg
[1.437s] copying my_py_pkg/number_publisher.py -> /home/yash-verma/ros2_ws/build/my_py_pkg/build/lib/my_py_pkg
[1.437s] copying my_py_pkg/my_first_node.py -> /home/yash-verma/ros2_ws/build/my_py_pkg/build/lib/my_py_pkg
[1.437s] copying my_py_pkg/__init__.py -> /home/yash-verma/ros2_ws/build/my_py_pkg/build/lib/my_py_pkg
[1.438s] copying my_py_pkg/number_counter.py -> /home/yash-verma/ros2_ws/build/my_py_pkg/build/lib/my_py_pkg
[1.438s] copying my_py_pkg/template_python_node.py -> /home/yash-verma/ros2_ws/build/my_py_pkg/build/lib/my_py_pkg
[1.438s] copying my_py_pkg/smartphone.py -> /home/yash-verma/ros2_ws/build/my_py_pkg/build/lib/my_py_pkg
[1.438s] copying my_py_pkg/add_two_ints_client_no_oop.py -> /home/yash-verma/ros2_ws/build/my_py_pkg/build/lib/my_py_pkg
[1.438s] running install
[1.445s] running install_lib
[1.464s] creating /home/yash-verma/ros2_ws/install/my_py_pkg/lib/python3.12/site-packages/my_py_pkg
[1.464s] copying /home/yash-verma/ros2_ws/build/my_py_pkg/build/lib/my_py_pkg/robot_news_station.py -> /home/yash-verma/ros2_ws/install/my_py_pkg/lib/python3.12/site-packages/my_py_pkg
[1.464s] copying /home/yash-verma/ros2_ws/build/my_py_pkg/build/lib/my_py_pkg/add_two_ints_server.py -> /home/yash-verma/ros2_ws/install/my_py_pkg/lib/python3.12/site-packages/my_py_pkg
[1.465s] copying /home/yash-verma/ros2_ws/build/my_py_pkg/build/lib/my_py_pkg/number_publisher.py -> /home/yash-verma/ros2_ws/install/my_py_pkg/lib/python3.12/site-packages/my_py_pkg
[1.465s] copying /home/yash-verma/ros2_ws/build/my_py_pkg/build/lib/my_py_pkg/my_first_node.py -> /home/yash-verma/ros2_ws/install/my_py_pkg/lib/python3.12/site-packages/my_py_pkg
[1.466s] copying /home/yash-verma/ros2_ws/build/my_py_pkg/build/lib/my_py_pkg/__init__.py -> /home/yash-verma/ros2_ws/install/my_py_pkg/lib/python3.12/site-packages/my_py_pkg
[1.466s] copying /home/yash-verma/ros2_ws/build/my_py_pkg/build/lib/my_py_pkg/number_counter.py -> /home/yash-verma/ros2_ws/install/my_py_pkg/lib/python3.12/site-packages/my_py_pkg
[1.467s] copying /home/yash-verma/ros2_ws/build/my_py_pkg/build/lib/my_py_pkg/template_python_node.py -> /home/yash-verma/ros2_ws/install/my_py_pkg/lib/python3.12/site-packages/my_py_pkg
[1.467s] copying /home/yash-verma/ros2_ws/build/my_py_pkg/build/lib/my_py_pkg/smartphone.py -> /home/yash-verma/ros2_ws/install/my_py_pkg/lib/python3.12/site-packages/my_py_pkg
[1.468s] copying /home/yash-verma/ros2_ws/build/my_py_pkg/build/lib/my_py_pkg/add_two_ints_client_no_oop.py -> /home/yash-verma/ros2_ws/install/my_py_pkg/lib/python3.12/site-packages/my_py_pkg
[1.468s] byte-compiling /home/yash-verma/ros2_ws/install/my_py_pkg/lib/python3.12/site-packages/my_py_pkg/robot_news_station.py to robot_news_station.cpython-312.pyc
[1.468s] byte-compiling /home/yash-verma/ros2_ws/install/my_py_pkg/lib/python3.12/site-packages/my_py_pkg/add_two_ints_server.py to add_two_ints_server.cpython-312.pyc
[1.468s] byte-compiling /home/yash-verma/ros2_ws/install/my_py_pkg/lib/python3.12/site-packages/my_py_pkg/number_publisher.py to number_publisher.cpython-312.pyc
[1.468s] byte-compiling /home/yash-verma/ros2_ws/install/my_py_pkg/lib/python3.12/site-packages/my_py_pkg/my_first_node.py to my_first_node.cpython-312.pyc
[1.468s] byte-compiling /home/yash-verma/ros2_ws/install/my_py_pkg/lib/python3.12/site-packages/my_py_pkg/__init__.py to __init__.cpython-312.pyc
[1.468s] byte-compiling /home/yash-verma/ros2_ws/install/my_py_pkg/lib/python3.12/site-packages/my_py_pkg/number_counter.py to number_counter.cpython-312.pyc
[1.471s] byte-compiling /home/yash-verma/ros2_ws/install/my_py_pkg/lib/python3.12/site-packages/my_py_pkg/template_python_node.py to template_python_node.cpython-312.pyc
[1.471s] byte-compiling /home/yash-verma/ros2_ws/install/my_py_pkg/lib/python3.12/site-packages/my_py_pkg/smartphone.py to smartphone.cpython-312.pyc
[1.471s] byte-compiling /home/yash-verma/ros2_ws/install/my_py_pkg/lib/python3.12/site-packages/my_py_pkg/add_two_ints_client_no_oop.py to add_two_ints_client_no_oop.cpython-312.pyc
[1.471s] running install_data
[1.471s] creating /home/yash-verma/ros2_ws/install/my_py_pkg/share/ament_index
[1.471s] creating /home/yash-verma/ros2_ws/install/my_py_pkg/share/ament_index/resource_index
[1.471s] creating /home/yash-verma/ros2_ws/install/my_py_pkg/share/ament_index/resource_index/packages
[1.471s] copying resource/my_py_pkg -> /home/yash-verma/ros2_ws/install/my_py_pkg/share/ament_index/resource_index/packages
[1.472s] copying package.xml -> /home/yash-verma/ros2_ws/install/my_py_pkg/share/my_py_pkg
[1.472s] running install_egg_info
[1.490s] Copying ../../build/my_py_pkg/my_py_pkg.egg-info to /home/yash-verma/ros2_ws/install/my_py_pkg/lib/python3.12/site-packages/my_py_pkg-0.0.0-py3.12.egg-info
[1.491s] running install_scripts
[1.637s] Installing add_two_ints_client_no_oop script to /home/yash-verma/ros2_ws/install/my_py_pkg/lib/my_py_pkg
[1.637s] Installing add_two_ints_server script to /home/yash-verma/ros2_ws/install/my_py_pkg/lib/my_py_pkg
[1.637s] Installing number_counter script to /home/yash-verma/ros2_ws/install/my_py_pkg/lib/my_py_pkg
[1.637s] Installing number_publisher script to /home/yash-verma/ros2_ws/install/my_py_pkg/lib/my_py_pkg
[1.637s] Installing py_node script to /home/yash-verma/ros2_ws/install/my_py_pkg/lib/my_py_pkg
[1.637s] Installing robot_news_station script to /home/yash-verma/ros2_ws/install/my_py_pkg/lib/my_py_pkg
[1.637s] Installing smartphone script to /home/yash-verma/ros2_ws/install/my_py_pkg/lib/my_py_pkg
[1.637s] writing list of installed files to '/home/yash-verma/ros2_ws/build/my_py_pkg/install.log'
[1.687s] Invoked command in '/home/yash-verma/ros2_ws/src/my_py_pkg' returned '0': DEBUGINFOD_URLS=https://debuginfod.ubuntu.com PYTHONPATH=/home/yash-verma/ros2_ws/build/my_py_pkg/prefix_override:/usr/lib/python3/dist-packages/colcon_core/task/python/colcon_distutils_commands:/home/yash-verma/ros2_ws/install/my_py_pkg/lib/python3.12/site-packages:${PYTHONPATH} /usr/bin/python3 -W ignore:setup.py install is deprecated -W ignore:easy_install command is deprecated setup.py egg_info --egg-base ../../build/my_py_pkg build --build-base /home/yash-verma/ros2_ws/build/my_py_pkg/build install --record /home/yash-verma/ros2_ws/build/my_py_pkg/install.log --single-version-externally-managed install_data
