[0.081s] DEBUG:colcon:Command line arguments: ['/usr/bin/colcon', 'build']
[0.081s] DEBUG:colcon:Parsed command line arguments: Namespace(log_base=None, log_level=None, verb_name='build', build_base='build', install_base='install', merge_install=False, symlink_install=False, test_result_base=None, continue_on_error=False, executor='parallel', parallel_workers=3, event_handlers=None, ignore_user_meta=False, metas=['./colcon.meta'], base_paths=['.'], packages_ignore=None, packages_ignore_regex=None, paths=None, packages_up_to=None, packages_up_to_regex=None, packages_above=None, packages_above_and_dependencies=None, packages_above_depth=None, packages_select_by_dep=None, packages_skip_by_dep=None, packages_skip_up_to=None, packages_select_build_failed=False, packages_skip_build_finished=False, packages_select_test_failures=False, packages_skip_test_passed=False, packages_select=None, packages_skip=None, packages_select_regex=None, packages_skip_regex=None, packages_start=None, packages_end=None, allow_overriding=[], cmake_args=None, cmake_target=None, cmake_target_skip_unavailable=False, cmake_clean_cache=False, cmake_clean_first=False, cmake_force_configure=False, ament_cmake_args=None, catkin_cmake_args=None, catkin_skip_building_tests=False, verb_parser=<colcon_defaults.argument_parser.defaults.DefaultArgumentsDecorator object at 0x77a537566e10>, verb_extension=<colcon_core.verb.build.BuildVerb object at 0x77a53768f920>, main=<bound method BuildVerb.main of <colcon_core.verb.build.BuildVerb object at 0x77a53768f920>>)
[0.113s] Level 1:colcon.colcon_core.package_discovery:discover_packages(colcon_meta) check parameters
[0.113s] Level 1:colcon.colcon_core.package_discovery:discover_packages(recursive) check parameters
[0.113s] Level 1:colcon.colcon_core.package_discovery:discover_packages(ignore) check parameters
[0.114s] Level 1:colcon.colcon_core.package_discovery:discover_packages(path) check parameters
[0.114s] Level 1:colcon.colcon_core.package_discovery:discover_packages(colcon_meta) discover
[0.114s] Level 1:colcon.colcon_core.package_discovery:discover_packages(recursive) discover
[0.114s] INFO:colcon.colcon_core.package_discovery:Crawling recursively for packages in '/home/yash-verma/ros2_ws'
[0.114s] Level 1:colcon.colcon_core.package_identification:_identify(.) by extensions ['ignore', 'ignore_ament_install']
[0.114s] Level 1:colcon.colcon_core.package_identification:_identify(.) by extension 'ignore'
[0.114s] Level 1:colcon.colcon_core.package_identification:_identify(.) by extension 'ignore_ament_install'
[0.114s] Level 1:colcon.colcon_core.package_identification:_identify(.) by extensions ['colcon_pkg']
[0.114s] Level 1:colcon.colcon_core.package_identification:_identify(.) by extension 'colcon_pkg'
[0.114s] Level 1:colcon.colcon_core.package_identification:_identify(.) by extensions ['colcon_meta']
[0.114s] Level 1:colcon.colcon_core.package_identification:_identify(.) by extension 'colcon_meta'
[0.114s] Level 1:colcon.colcon_core.package_identification:_identify(.) by extensions ['ros']
[0.114s] Level 1:colcon.colcon_core.package_identification:_identify(.) by extension 'ros'
[0.134s] Level 1:colcon.colcon_core.package_identification:_identify(.) by extensions ['cmake', 'python']
[0.135s] Level 1:colcon.colcon_core.package_identification:_identify(.) by extension 'cmake'
[0.135s] Level 1:colcon.colcon_core.package_identification:_identify(.) by extension 'python'
[0.135s] Level 1:colcon.colcon_core.package_identification:_identify(.) by extensions ['python_setup_py']
[0.135s] Level 1:colcon.colcon_core.package_identification:_identify(.) by extension 'python_setup_py'
[0.135s] Level 1:colcon.colcon_core.package_identification:_identify(build) by extensions ['ignore', 'ignore_ament_install']
[0.135s] Level 1:colcon.colcon_core.package_identification:_identify(build) by extension 'ignore'
[0.135s] Level 1:colcon.colcon_core.package_identification:_identify(build) ignored
[0.135s] Level 1:colcon.colcon_core.package_identification:_identify(install) by extensions ['ignore', 'ignore_ament_install']
[0.135s] Level 1:colcon.colcon_core.package_identification:_identify(install) by extension 'ignore'
[0.135s] Level 1:colcon.colcon_core.package_identification:_identify(install) ignored
[0.135s] Level 1:colcon.colcon_core.package_identification:_identify(log) by extensions ['ignore', 'ignore_ament_install']
[0.135s] Level 1:colcon.colcon_core.package_identification:_identify(log) by extension 'ignore'
[0.135s] Level 1:colcon.colcon_core.package_identification:_identify(log) ignored
[0.135s] Level 1:colcon.colcon_core.package_identification:_identify(src) by extensions ['ignore', 'ignore_ament_install']
[0.136s] Level 1:colcon.colcon_core.package_identification:_identify(src) by extension 'ignore'
[0.136s] Level 1:colcon.colcon_core.package_identification:_identify(src) by extension 'ignore_ament_install'
[0.136s] Level 1:colcon.colcon_core.package_identification:_identify(src) by extensions ['colcon_pkg']
[0.136s] Level 1:colcon.colcon_core.package_identification:_identify(src) by extension 'colcon_pkg'
[0.136s] Level 1:colcon.colcon_core.package_identification:_identify(src) by extensions ['colcon_meta']
[0.136s] Level 1:colcon.colcon_core.package_identification:_identify(src) by extension 'colcon_meta'
[0.136s] Level 1:colcon.colcon_core.package_identification:_identify(src) by extensions ['ros']
[0.136s] Level 1:colcon.colcon_core.package_identification:_identify(src) by extension 'ros'
[0.136s] Level 1:colcon.colcon_core.package_identification:_identify(src) by extensions ['cmake', 'python']
[0.136s] Level 1:colcon.colcon_core.package_identification:_identify(src) by extension 'cmake'
[0.136s] Level 1:colcon.colcon_core.package_identification:_identify(src) by extension 'python'
[0.136s] Level 1:colcon.colcon_core.package_identification:_identify(src) by extensions ['python_setup_py']
[0.136s] Level 1:colcon.colcon_core.package_identification:_identify(src) by extension 'python_setup_py'
[0.136s] Level 1:colcon.colcon_core.package_identification:_identify(src/build) by extensions ['ignore', 'ignore_ament_install']
[0.136s] Level 1:colcon.colcon_core.package_identification:_identify(src/build) by extension 'ignore'
[0.136s] Level 1:colcon.colcon_core.package_identification:_identify(src/build) ignored
[0.136s] Level 1:colcon.colcon_core.package_identification:_identify(src/install) by extensions ['ignore', 'ignore_ament_install']
[0.136s] Level 1:colcon.colcon_core.package_identification:_identify(src/install) by extension 'ignore'
[0.136s] Level 1:colcon.colcon_core.package_identification:_identify(src/install) ignored
[0.136s] Level 1:colcon.colcon_core.package_identification:_identify(src/log) by extensions ['ignore', 'ignore_ament_install']
[0.136s] Level 1:colcon.colcon_core.package_identification:_identify(src/log) by extension 'ignore'
[0.136s] Level 1:colcon.colcon_core.package_identification:_identify(src/log) ignored
[0.136s] Level 1:colcon.colcon_core.package_identification:_identify(src/my_py_pkg) by extensions ['ignore', 'ignore_ament_install']
[0.137s] Level 1:colcon.colcon_core.package_identification:_identify(src/my_py_pkg) by extension 'ignore'
[0.137s] Level 1:colcon.colcon_core.package_identification:_identify(src/my_py_pkg) by extension 'ignore_ament_install'
[0.137s] Level 1:colcon.colcon_core.package_identification:_identify(src/my_py_pkg) by extensions ['colcon_pkg']
[0.137s] Level 1:colcon.colcon_core.package_identification:_identify(src/my_py_pkg) by extension 'colcon_pkg'
[0.137s] Level 1:colcon.colcon_core.package_identification:_identify(src/my_py_pkg) by extensions ['colcon_meta']
[0.137s] Level 1:colcon.colcon_core.package_identification:_identify(src/my_py_pkg) by extension 'colcon_meta'
[0.137s] Level 1:colcon.colcon_core.package_identification:_identify(src/my_py_pkg) by extensions ['ros']
[0.137s] Level 1:colcon.colcon_core.package_identification:_identify(src/my_py_pkg) by extension 'ros'
[0.139s] DEBUG:colcon.colcon_core.package_identification:Package 'src/my_py_pkg' with type 'ros.ament_python' and name 'my_py_pkg'
[0.139s] Level 1:colcon.colcon_core.package_identification:_identify(src/my_robot_bringup) by extensions ['ignore', 'ignore_ament_install']
[0.140s] Level 1:colcon.colcon_core.package_identification:_identify(src/my_robot_bringup) by extension 'ignore'
[0.140s] Level 1:colcon.colcon_core.package_identification:_identify(src/my_robot_bringup) by extension 'ignore_ament_install'
[0.140s] Level 1:colcon.colcon_core.package_identification:_identify(src/my_robot_bringup) by extensions ['colcon_pkg']
[0.140s] Level 1:colcon.colcon_core.package_identification:_identify(src/my_robot_bringup) by extension 'colcon_pkg'
[0.140s] Level 1:colcon.colcon_core.package_identification:_identify(src/my_robot_bringup) by extensions ['colcon_meta']
[0.140s] Level 1:colcon.colcon_core.package_identification:_identify(src/my_robot_bringup) by extension 'colcon_meta'
[0.140s] Level 1:colcon.colcon_core.package_identification:_identify(src/my_robot_bringup) by extensions ['ros']
[0.140s] Level 1:colcon.colcon_core.package_identification:_identify(src/my_robot_bringup) by extension 'ros'
[0.140s] DEBUG:colcon.colcon_core.package_identification:Package 'src/my_robot_bringup' with type 'ros.ament_cmake' and name 'my_robot_bringup'
[0.140s] Level 1:colcon.colcon_core.package_identification:_identify(src/my_robot_description) by extensions ['ignore', 'ignore_ament_install']
[0.140s] Level 1:colcon.colcon_core.package_identification:_identify(src/my_robot_description) by extension 'ignore'
[0.140s] Level 1:colcon.colcon_core.package_identification:_identify(src/my_robot_description) by extension 'ignore_ament_install'
[0.140s] Level 1:colcon.colcon_core.package_identification:_identify(src/my_robot_description) by extensions ['colcon_pkg']
[0.140s] Level 1:colcon.colcon_core.package_identification:_identify(src/my_robot_description) by extension 'colcon_pkg'
[0.140s] Level 1:colcon.colcon_core.package_identification:_identify(src/my_robot_description) by extensions ['colcon_meta']
[0.141s] Level 1:colcon.colcon_core.package_identification:_identify(src/my_robot_description) by extension 'colcon_meta'
[0.141s] Level 1:colcon.colcon_core.package_identification:_identify(src/my_robot_description) by extensions ['ros']
[0.141s] Level 1:colcon.colcon_core.package_identification:_identify(src/my_robot_description) by extension 'ros'
[0.141s] DEBUG:colcon.colcon_core.package_identification:Package 'src/my_robot_description' with type 'ros.ament_cmake' and name 'my_robot_description'
[0.141s] Level 1:colcon.colcon_core.package_identification:_identify(src/my_robot_interfaces) by extensions ['ignore', 'ignore_ament_install']
[0.141s] Level 1:colcon.colcon_core.package_identification:_identify(src/my_robot_interfaces) by extension 'ignore'
[0.141s] Level 1:colcon.colcon_core.package_identification:_identify(src/my_robot_interfaces) by extension 'ignore_ament_install'
[0.141s] Level 1:colcon.colcon_core.package_identification:_identify(src/my_robot_interfaces) by extensions ['colcon_pkg']
[0.141s] Level 1:colcon.colcon_core.package_identification:_identify(src/my_robot_interfaces) by extension 'colcon_pkg'
[0.141s] Level 1:colcon.colcon_core.package_identification:_identify(src/my_robot_interfaces) by extensions ['colcon_meta']
[0.141s] Level 1:colcon.colcon_core.package_identification:_identify(src/my_robot_interfaces) by extension 'colcon_meta'
[0.141s] Level 1:colcon.colcon_core.package_identification:_identify(src/my_robot_interfaces) by extensions ['ros']
[0.141s] Level 1:colcon.colcon_core.package_identification:_identify(src/my_robot_interfaces) by extension 'ros'
[0.142s] DEBUG:colcon.colcon_core.package_identification:Package 'src/my_robot_interfaces' with type 'ros.ament_cmake' and name 'my_robot_interfaces'
[0.142s] Level 1:colcon.colcon_core.package_identification:_identify(src/turtlesim_catch_them_all) by extensions ['ignore', 'ignore_ament_install']
[0.142s] Level 1:colcon.colcon_core.package_identification:_identify(src/turtlesim_catch_them_all) by extension 'ignore'
[0.142s] Level 1:colcon.colcon_core.package_identification:_identify(src/turtlesim_catch_them_all) by extension 'ignore_ament_install'
[0.142s] Level 1:colcon.colcon_core.package_identification:_identify(src/turtlesim_catch_them_all) by extensions ['colcon_pkg']
[0.142s] Level 1:colcon.colcon_core.package_identification:_identify(src/turtlesim_catch_them_all) by extension 'colcon_pkg'
[0.142s] Level 1:colcon.colcon_core.package_identification:_identify(src/turtlesim_catch_them_all) by extensions ['colcon_meta']
[0.142s] Level 1:colcon.colcon_core.package_identification:_identify(src/turtlesim_catch_them_all) by extension 'colcon_meta'
[0.142s] Level 1:colcon.colcon_core.package_identification:_identify(src/turtlesim_catch_them_all) by extensions ['ros']
[0.142s] Level 1:colcon.colcon_core.package_identification:_identify(src/turtlesim_catch_them_all) by extension 'ros'
[0.142s] DEBUG:colcon.colcon_core.package_identification:Package 'src/turtlesim_catch_them_all' with type 'ros.ament_python' and name 'turtlesim_catch_them_all'
[0.142s] Level 1:colcon.colcon_core.package_discovery:discover_packages(recursive) using defaults
[0.143s] Level 1:colcon.colcon_core.package_discovery:discover_packages(ignore) discover
[0.143s] Level 1:colcon.colcon_core.package_discovery:discover_packages(ignore) using defaults
[0.143s] Level 1:colcon.colcon_core.package_discovery:discover_packages(path) discover
[0.143s] Level 1:colcon.colcon_core.package_discovery:discover_packages(path) using defaults
[0.158s] Level 1:colcon.colcon_core.package_discovery:discover_packages(prefix_path) check parameters
[0.158s] Level 1:colcon.colcon_core.package_discovery:discover_packages(prefix_path) discover
[0.159s] DEBUG:colcon.colcon_installed_package_information.package_discovery:Found 7 installed packages in /home/yash-verma/ros2_ws/install
[0.161s] DEBUG:colcon.colcon_installed_package_information.package_discovery:Found 388 installed packages in /opt/ros/jazzy
[0.162s] Level 1:colcon.colcon_core.package_discovery:discover_packages(prefix_path) using defaults
[0.203s] Level 5:colcon.colcon_core.verb:set package 'my_robot_description' build argument 'cmake_args' from command line to 'None'
[0.203s] Level 5:colcon.colcon_core.verb:set package 'my_robot_description' build argument 'cmake_target' from command line to 'None'
[0.203s] Level 5:colcon.colcon_core.verb:set package 'my_robot_description' build argument 'cmake_target_skip_unavailable' from command line to 'False'
[0.203s] Level 5:colcon.colcon_core.verb:set package 'my_robot_description' build argument 'cmake_clean_cache' from command line to 'False'
[0.203s] Level 5:colcon.colcon_core.verb:set package 'my_robot_description' build argument 'cmake_clean_first' from command line to 'False'
[0.203s] Level 5:colcon.colcon_core.verb:set package 'my_robot_description' build argument 'cmake_force_configure' from command line to 'False'
[0.203s] Level 5:colcon.colcon_core.verb:set package 'my_robot_description' build argument 'ament_cmake_args' from command line to 'None'
[0.203s] Level 5:colcon.colcon_core.verb:set package 'my_robot_description' build argument 'catkin_cmake_args' from command line to 'None'
[0.203s] Level 5:colcon.colcon_core.verb:set package 'my_robot_description' build argument 'catkin_skip_building_tests' from command line to 'False'
[0.203s] DEBUG:colcon.colcon_core.verb:Building package 'my_robot_description' with the following arguments: {'ament_cmake_args': None, 'build_base': '/home/yash-verma/ros2_ws/build/my_robot_description', 'catkin_cmake_args': None, 'catkin_skip_building_tests': False, 'cmake_args': None, 'cmake_clean_cache': False, 'cmake_clean_first': False, 'cmake_force_configure': False, 'cmake_target': None, 'cmake_target_skip_unavailable': False, 'install_base': '/home/yash-verma/ros2_ws/install/my_robot_description', 'merge_install': False, 'path': '/home/yash-verma/ros2_ws/src/my_robot_description', 'symlink_install': False, 'test_result_base': None}
[0.203s] Level 5:colcon.colcon_core.verb:set package 'my_robot_interfaces' build argument 'cmake_args' from command line to 'None'
[0.203s] Level 5:colcon.colcon_core.verb:set package 'my_robot_interfaces' build argument 'cmake_target' from command line to 'None'
[0.203s] Level 5:colcon.colcon_core.verb:set package 'my_robot_interfaces' build argument 'cmake_target_skip_unavailable' from command line to 'False'
[0.203s] Level 5:colcon.colcon_core.verb:set package 'my_robot_interfaces' build argument 'cmake_clean_cache' from command line to 'False'
[0.203s] Level 5:colcon.colcon_core.verb:set package 'my_robot_interfaces' build argument 'cmake_clean_first' from command line to 'False'
[0.203s] Level 5:colcon.colcon_core.verb:set package 'my_robot_interfaces' build argument 'cmake_force_configure' from command line to 'False'
[0.203s] Level 5:colcon.colcon_core.verb:set package 'my_robot_interfaces' build argument 'ament_cmake_args' from command line to 'None'
[0.203s] Level 5:colcon.colcon_core.verb:set package 'my_robot_interfaces' build argument 'catkin_cmake_args' from command line to 'None'
[0.203s] Level 5:colcon.colcon_core.verb:set package 'my_robot_interfaces' build argument 'catkin_skip_building_tests' from command line to 'False'
[0.203s] DEBUG:colcon.colcon_core.verb:Building package 'my_robot_interfaces' with the following arguments: {'ament_cmake_args': None, 'build_base': '/home/yash-verma/ros2_ws/build/my_robot_interfaces', 'catkin_cmake_args': None, 'catkin_skip_building_tests': False, 'cmake_args': None, 'cmake_clean_cache': False, 'cmake_clean_first': False, 'cmake_force_configure': False, 'cmake_target': None, 'cmake_target_skip_unavailable': False, 'install_base': '/home/yash-verma/ros2_ws/install/my_robot_interfaces', 'merge_install': False, 'path': '/home/yash-verma/ros2_ws/src/my_robot_interfaces', 'symlink_install': False, 'test_result_base': None}
[0.204s] Level 5:colcon.colcon_core.verb:set package 'my_py_pkg' build argument 'cmake_args' from command line to 'None'
[0.204s] Level 5:colcon.colcon_core.verb:set package 'my_py_pkg' build argument 'cmake_target' from command line to 'None'
[0.204s] Level 5:colcon.colcon_core.verb:set package 'my_py_pkg' build argument 'cmake_target_skip_unavailable' from command line to 'False'
[0.204s] Level 5:colcon.colcon_core.verb:set package 'my_py_pkg' build argument 'cmake_clean_cache' from command line to 'False'
[0.204s] Level 5:colcon.colcon_core.verb:set package 'my_py_pkg' build argument 'cmake_clean_first' from command line to 'False'
[0.204s] Level 5:colcon.colcon_core.verb:set package 'my_py_pkg' build argument 'cmake_force_configure' from command line to 'False'
[0.204s] Level 5:colcon.colcon_core.verb:set package 'my_py_pkg' build argument 'ament_cmake_args' from command line to 'None'
[0.204s] Level 5:colcon.colcon_core.verb:set package 'my_py_pkg' build argument 'catkin_cmake_args' from command line to 'None'
[0.204s] Level 5:colcon.colcon_core.verb:set package 'my_py_pkg' build argument 'catkin_skip_building_tests' from command line to 'False'
[0.204s] DEBUG:colcon.colcon_core.verb:Building package 'my_py_pkg' with the following arguments: {'ament_cmake_args': None, 'build_base': '/home/yash-verma/ros2_ws/build/my_py_pkg', 'catkin_cmake_args': None, 'catkin_skip_building_tests': False, 'cmake_args': None, 'cmake_clean_cache': False, 'cmake_clean_first': False, 'cmake_force_configure': False, 'cmake_target': None, 'cmake_target_skip_unavailable': False, 'install_base': '/home/yash-verma/ros2_ws/install/my_py_pkg', 'merge_install': False, 'path': '/home/yash-verma/ros2_ws/src/my_py_pkg', 'symlink_install': False, 'test_result_base': None}
[0.204s] Level 5:colcon.colcon_core.verb:set package 'turtlesim_catch_them_all' build argument 'cmake_args' from command line to 'None'
[0.204s] Level 5:colcon.colcon_core.verb:set package 'turtlesim_catch_them_all' build argument 'cmake_target' from command line to 'None'
[0.204s] Level 5:colcon.colcon_core.verb:set package 'turtlesim_catch_them_all' build argument 'cmake_target_skip_unavailable' from command line to 'False'
[0.204s] Level 5:colcon.colcon_core.verb:set package 'turtlesim_catch_them_all' build argument 'cmake_clean_cache' from command line to 'False'
[0.204s] Level 5:colcon.colcon_core.verb:set package 'turtlesim_catch_them_all' build argument 'cmake_clean_first' from command line to 'False'
[0.204s] Level 5:colcon.colcon_core.verb:set package 'turtlesim_catch_them_all' build argument 'cmake_force_configure' from command line to 'False'
[0.204s] Level 5:colcon.colcon_core.verb:set package 'turtlesim_catch_them_all' build argument 'ament_cmake_args' from command line to 'None'
[0.204s] Level 5:colcon.colcon_core.verb:set package 'turtlesim_catch_them_all' build argument 'catkin_cmake_args' from command line to 'None'
[0.204s] Level 5:colcon.colcon_core.verb:set package 'turtlesim_catch_them_all' build argument 'catkin_skip_building_tests' from command line to 'False'
[0.204s] DEBUG:colcon.colcon_core.verb:Building package 'turtlesim_catch_them_all' with the following arguments: {'ament_cmake_args': None, 'build_base': '/home/yash-verma/ros2_ws/build/turtlesim_catch_them_all', 'catkin_cmake_args': None, 'catkin_skip_building_tests': False, 'cmake_args': None, 'cmake_clean_cache': False, 'cmake_clean_first': False, 'cmake_force_configure': False, 'cmake_target': None, 'cmake_target_skip_unavailable': False, 'install_base': '/home/yash-verma/ros2_ws/install/turtlesim_catch_them_all', 'merge_install': False, 'path': '/home/yash-verma/ros2_ws/src/turtlesim_catch_them_all', 'symlink_install': False, 'test_result_base': None}
[0.204s] Level 5:colcon.colcon_core.verb:set package 'my_robot_bringup' build argument 'cmake_args' from command line to 'None'
[0.204s] Level 5:colcon.colcon_core.verb:set package 'my_robot_bringup' build argument 'cmake_target' from command line to 'None'
[0.204s] Level 5:colcon.colcon_core.verb:set package 'my_robot_bringup' build argument 'cmake_target_skip_unavailable' from command line to 'False'
[0.204s] Level 5:colcon.colcon_core.verb:set package 'my_robot_bringup' build argument 'cmake_clean_cache' from command line to 'False'
[0.204s] Level 5:colcon.colcon_core.verb:set package 'my_robot_bringup' build argument 'cmake_clean_first' from command line to 'False'
[0.204s] Level 5:colcon.colcon_core.verb:set package 'my_robot_bringup' build argument 'cmake_force_configure' from command line to 'False'
[0.204s] Level 5:colcon.colcon_core.verb:set package 'my_robot_bringup' build argument 'ament_cmake_args' from command line to 'None'
[0.204s] Level 5:colcon.colcon_core.verb:set package 'my_robot_bringup' build argument 'catkin_cmake_args' from command line to 'None'
[0.204s] Level 5:colcon.colcon_core.verb:set package 'my_robot_bringup' build argument 'catkin_skip_building_tests' from command line to 'False'
[0.205s] DEBUG:colcon.colcon_core.verb:Building package 'my_robot_bringup' with the following arguments: {'ament_cmake_args': None, 'build_base': '/home/yash-verma/ros2_ws/build/my_robot_bringup', 'catkin_cmake_args': None, 'catkin_skip_building_tests': False, 'cmake_args': None, 'cmake_clean_cache': False, 'cmake_clean_first': False, 'cmake_force_configure': False, 'cmake_target': None, 'cmake_target_skip_unavailable': False, 'install_base': '/home/yash-verma/ros2_ws/install/my_robot_bringup', 'merge_install': False, 'path': '/home/yash-verma/ros2_ws/src/my_robot_bringup', 'symlink_install': False, 'test_result_base': None}
[0.205s] INFO:colcon.colcon_core.executor:Executing jobs using 'parallel' executor
[0.205s] DEBUG:colcon.colcon_parallel_executor.executor.parallel:run_until_complete
[0.206s] INFO:colcon.colcon_ros.task.ament_cmake.build:Building ROS package in '/home/yash-verma/ros2_ws/src/my_robot_interfaces' with build type 'ament_cmake'
[0.206s] INFO:colcon.colcon_cmake.task.cmake.build:Building CMake package in '/home/yash-verma/ros2_ws/src/my_robot_interfaces'
[0.208s] INFO:colcon.colcon_core.plugin_system:Skipping extension 'colcon_core.shell.bat': Not used on non-Windows systems
[0.208s] INFO:colcon.colcon_core.shell:Skip shell extension 'powershell' for command environment: Not usable outside of PowerShell
[0.208s] DEBUG:colcon.colcon_core.shell:Skip shell extension 'dsv' for command environment
[0.212s] INFO:colcon.colcon_ros.task.ament_cmake.build:Building ROS package in '/home/yash-verma/ros2_ws/src/my_robot_description' with build type 'ament_cmake'
[0.212s] INFO:colcon.colcon_cmake.task.cmake.build:Building CMake package in '/home/yash-verma/ros2_ws/src/my_robot_description'
[0.212s] INFO:colcon.colcon_core.shell:Skip shell extension 'powershell' for command environment: Not usable outside of PowerShell
[0.212s] DEBUG:colcon.colcon_core.shell:Skip shell extension 'dsv' for command environment
[0.220s] DEBUG:colcon.colcon_core.event_handler.log_command:Invoking command in '/home/yash-verma/ros2_ws/build/my_robot_interfaces': CMAKE_PREFIX_PATH=${CMAKE_PREFIX_PATH}:/home/yash-verma/ros2_ws/install/turtlesim_catch_them_all:/home/yash-verma/ros2_ws/install/my_urdf_robot:/home/yash-verma/ros2_ws/install/my_py_pkg:/opt/ros/jazzy DEBUGINFOD_URLS=https://debuginfod.ubuntu.com /usr/bin/cmake --build /home/yash-verma/ros2_ws/build/my_robot_interfaces -- -j3 -l3
[0.226s] DEBUG:colcon.colcon_core.event_handler.log_command:Invoking command in '/home/yash-verma/ros2_ws/build/my_robot_description': CMAKE_PREFIX_PATH=${CMAKE_PREFIX_PATH}:/home/yash-verma/ros2_ws/install/turtlesim_catch_them_all:/home/yash-verma/ros2_ws/install/my_urdf_robot:/home/yash-verma/ros2_ws/install/my_py_pkg:/opt/ros/jazzy DEBUGINFOD_URLS=https://debuginfod.ubuntu.com /usr/bin/cmake --build /home/yash-verma/ros2_ws/build/my_robot_description -- -j3 -l3
[0.270s] DEBUG:colcon.colcon_core.event_handler.log_command:Invoked command in '/home/yash-verma/ros2_ws/build/my_robot_description' returned '0': CMAKE_PREFIX_PATH=${CMAKE_PREFIX_PATH}:/home/yash-verma/ros2_ws/install/turtlesim_catch_them_all:/home/yash-verma/ros2_ws/install/my_urdf_robot:/home/yash-verma/ros2_ws/install/my_py_pkg:/opt/ros/jazzy DEBUGINFOD_URLS=https://debuginfod.ubuntu.com /usr/bin/cmake --build /home/yash-verma/ros2_ws/build/my_robot_description -- -j3 -l3
[0.282s] DEBUG:colcon.colcon_core.event_handler.log_command:Invoking command in '/home/yash-verma/ros2_ws/build/my_robot_description': CMAKE_PREFIX_PATH=${CMAKE_PREFIX_PATH}:/home/yash-verma/ros2_ws/install/turtlesim_catch_them_all:/home/yash-verma/ros2_ws/install/my_urdf_robot:/home/yash-verma/ros2_ws/install/my_py_pkg:/opt/ros/jazzy DEBUGINFOD_URLS=https://debuginfod.ubuntu.com /usr/bin/cmake --install /home/yash-verma/ros2_ws/build/my_robot_description
[0.302s] Level 1:colcon.colcon_core.environment:create_environment_scripts_only(my_robot_description)
[0.304s] Level 1:colcon.colcon_core.environment:checking '/home/yash-verma/ros2_ws/install/my_robot_description' for CMake module files
[0.304s] Level 1:colcon.colcon_core.environment:checking '/home/yash-verma/ros2_ws/install/my_robot_description' for CMake config files
[0.304s] Level 1:colcon.colcon_core.shell:create_environment_hook('my_robot_description', 'cmake_prefix_path')
[0.305s] INFO:colcon.colcon_core.shell:Creating environment hook '/home/yash-verma/ros2_ws/install/my_robot_description/share/my_robot_description/hook/cmake_prefix_path.ps1'
[0.305s] INFO:colcon.colcon_core.shell:Creating environment descriptor '/home/yash-verma/ros2_ws/install/my_robot_description/share/my_robot_description/hook/cmake_prefix_path.dsv'
[0.307s] DEBUG:colcon.colcon_core.event_handler.log_command:Invoked command in '/home/yash-verma/ros2_ws/build/my_robot_description' returned '0': CMAKE_PREFIX_PATH=${CMAKE_PREFIX_PATH}:/home/yash-verma/ros2_ws/install/turtlesim_catch_them_all:/home/yash-verma/ros2_ws/install/my_urdf_robot:/home/yash-verma/ros2_ws/install/my_py_pkg:/opt/ros/jazzy DEBUGINFOD_URLS=https://debuginfod.ubuntu.com /usr/bin/cmake --install /home/yash-verma/ros2_ws/build/my_robot_description
[0.307s] INFO:colcon.colcon_core.shell:Creating environment hook '/home/yash-verma/ros2_ws/install/my_robot_description/share/my_robot_description/hook/cmake_prefix_path.sh'
[0.309s] Level 1:colcon.colcon_core.environment:checking '/home/yash-verma/ros2_ws/install/my_robot_description/bin'
[0.309s] Level 1:colcon.colcon_core.environment:checking '/home/yash-verma/ros2_ws/install/my_robot_description/lib/pkgconfig/my_robot_description.pc'
[0.309s] Level 1:colcon.colcon_core.environment:checking '/home/yash-verma/ros2_ws/install/my_robot_description/lib/python3.12/site-packages'
[0.309s] Level 1:colcon.colcon_core.environment:checking '/home/yash-verma/ros2_ws/install/my_robot_description/bin'
[0.309s] INFO:colcon.colcon_core.shell:Creating package script '/home/yash-verma/ros2_ws/install/my_robot_description/share/my_robot_description/package.ps1'
[0.314s] INFO:colcon.colcon_core.shell:Creating package descriptor '/home/yash-verma/ros2_ws/install/my_robot_description/share/my_robot_description/package.dsv'
[0.315s] INFO:colcon.colcon_core.shell:Creating package script '/home/yash-verma/ros2_ws/install/my_robot_description/share/my_robot_description/package.sh'
[0.316s] INFO:colcon.colcon_core.shell:Creating package script '/home/yash-verma/ros2_ws/install/my_robot_description/share/my_robot_description/package.bash'
[0.316s] INFO:colcon.colcon_core.shell:Creating package script '/home/yash-verma/ros2_ws/install/my_robot_description/share/my_robot_description/package.zsh'
[0.317s] Level 1:colcon.colcon_core.environment:create_file_with_runtime_dependencies(/home/yash-verma/ros2_ws/install/my_robot_description/share/colcon-core/packages/my_robot_description)
[0.324s] Level 1:colcon.colcon_core.environment:create_environment_scripts_only(my_robot_description)
[0.324s] Level 1:colcon.colcon_core.environment:checking '/home/yash-verma/ros2_ws/install/my_robot_description' for CMake module files
[0.325s] Level 1:colcon.colcon_core.environment:checking '/home/yash-verma/ros2_ws/install/my_robot_description' for CMake config files
[0.325s] Level 1:colcon.colcon_core.shell:create_environment_hook('my_robot_description', 'cmake_prefix_path')
[0.325s] INFO:colcon.colcon_core.shell:Creating environment hook '/home/yash-verma/ros2_ws/install/my_robot_description/share/my_robot_description/hook/cmake_prefix_path.ps1'
[0.326s] INFO:colcon.colcon_core.shell:Creating environment descriptor '/home/yash-verma/ros2_ws/install/my_robot_description/share/my_robot_description/hook/cmake_prefix_path.dsv'
[0.326s] INFO:colcon.colcon_core.shell:Creating environment hook '/home/yash-verma/ros2_ws/install/my_robot_description/share/my_robot_description/hook/cmake_prefix_path.sh'
[0.327s] Level 1:colcon.colcon_core.environment:checking '/home/yash-verma/ros2_ws/install/my_robot_description/bin'
[0.329s] Level 1:colcon.colcon_core.environment:checking '/home/yash-verma/ros2_ws/install/my_robot_description/lib/pkgconfig/my_robot_description.pc'
[0.329s] Level 1:colcon.colcon_core.environment:checking '/home/yash-verma/ros2_ws/install/my_robot_description/lib/python3.12/site-packages'
[0.330s] Level 1:colcon.colcon_core.environment:checking '/home/yash-verma/ros2_ws/install/my_robot_description/bin'
[0.330s] INFO:colcon.colcon_core.shell:Creating package script '/home/yash-verma/ros2_ws/install/my_robot_description/share/my_robot_description/package.ps1'
[0.331s] INFO:colcon.colcon_core.shell:Creating package descriptor '/home/yash-verma/ros2_ws/install/my_robot_description/share/my_robot_description/package.dsv'
[0.332s] INFO:colcon.colcon_core.shell:Creating package script '/home/yash-verma/ros2_ws/install/my_robot_description/share/my_robot_description/package.sh'
[0.332s] INFO:colcon.colcon_core.shell:Creating package script '/home/yash-verma/ros2_ws/install/my_robot_description/share/my_robot_description/package.bash'
[0.333s] INFO:colcon.colcon_core.shell:Creating package script '/home/yash-verma/ros2_ws/install/my_robot_description/share/my_robot_description/package.zsh'
[0.333s] Level 1:colcon.colcon_core.environment:create_file_with_runtime_dependencies(/home/yash-verma/ros2_ws/install/my_robot_description/share/colcon-core/packages/my_robot_description)
[0.658s] DEBUG:colcon.colcon_core.event_handler.log_command:Invoked command in '/home/yash-verma/ros2_ws/build/my_robot_interfaces' returned '0': CMAKE_PREFIX_PATH=${CMAKE_PREFIX_PATH}:/home/yash-verma/ros2_ws/install/turtlesim_catch_them_all:/home/yash-verma/ros2_ws/install/my_urdf_robot:/home/yash-verma/ros2_ws/install/my_py_pkg:/opt/ros/jazzy DEBUGINFOD_URLS=https://debuginfod.ubuntu.com /usr/bin/cmake --build /home/yash-verma/ros2_ws/build/my_robot_interfaces -- -j3 -l3
[0.659s] DEBUG:colcon.colcon_core.event_handler.log_command:Invoking command in '/home/yash-verma/ros2_ws/build/my_robot_interfaces': CMAKE_PREFIX_PATH=${CMAKE_PREFIX_PATH}:/home/yash-verma/ros2_ws/install/turtlesim_catch_them_all:/home/yash-verma/ros2_ws/install/my_urdf_robot:/home/yash-verma/ros2_ws/install/my_py_pkg:/opt/ros/jazzy DEBUGINFOD_URLS=https://debuginfod.ubuntu.com /usr/bin/cmake --install /home/yash-verma/ros2_ws/build/my_robot_interfaces
[0.739s] Level 1:colcon.colcon_core.environment:create_environment_scripts_only(my_robot_interfaces)
[0.739s] DEBUG:colcon.colcon_core.event_handler.log_command:Invoked command in '/home/yash-verma/ros2_ws/build/my_robot_interfaces' returned '0': CMAKE_PREFIX_PATH=${CMAKE_PREFIX_PATH}:/home/yash-verma/ros2_ws/install/turtlesim_catch_them_all:/home/yash-verma/ros2_ws/install/my_urdf_robot:/home/yash-verma/ros2_ws/install/my_py_pkg:/opt/ros/jazzy DEBUGINFOD_URLS=https://debuginfod.ubuntu.com /usr/bin/cmake --install /home/yash-verma/ros2_ws/build/my_robot_interfaces
[0.739s] Level 1:colcon.colcon_core.environment:checking '/home/yash-verma/ros2_ws/install/my_robot_interfaces' for CMake module files
[0.740s] Level 1:colcon.colcon_core.environment:checking '/home/yash-verma/ros2_ws/install/my_robot_interfaces' for CMake config files
[0.740s] Level 1:colcon.colcon_core.shell:create_environment_hook('my_robot_interfaces', 'cmake_prefix_path')
[0.741s] INFO:colcon.colcon_core.shell:Creating environment hook '/home/yash-verma/ros2_ws/install/my_robot_interfaces/share/my_robot_interfaces/hook/cmake_prefix_path.ps1'
[0.741s] INFO:colcon.colcon_core.shell:Creating environment descriptor '/home/yash-verma/ros2_ws/install/my_robot_interfaces/share/my_robot_interfaces/hook/cmake_prefix_path.dsv'
[0.742s] INFO:colcon.colcon_core.shell:Creating environment hook '/home/yash-verma/ros2_ws/install/my_robot_interfaces/share/my_robot_interfaces/hook/cmake_prefix_path.sh'
[0.743s] Level 1:colcon.colcon_core.environment:checking '/home/yash-verma/ros2_ws/install/my_robot_interfaces/lib'
[0.743s] Level 1:colcon.colcon_core.shell:create_environment_hook('my_robot_interfaces', 'ld_library_path_lib')
[0.743s] INFO:colcon.colcon_core.shell:Creating environment hook '/home/yash-verma/ros2_ws/install/my_robot_interfaces/share/my_robot_interfaces/hook/ld_library_path_lib.ps1'
[0.743s] INFO:colcon.colcon_core.shell:Creating environment descriptor '/home/yash-verma/ros2_ws/install/my_robot_interfaces/share/my_robot_interfaces/hook/ld_library_path_lib.dsv'
[0.744s] INFO:colcon.colcon_core.shell:Creating environment hook '/home/yash-verma/ros2_ws/install/my_robot_interfaces/share/my_robot_interfaces/hook/ld_library_path_lib.sh'
[0.744s] Level 1:colcon.colcon_core.environment:checking '/home/yash-verma/ros2_ws/install/my_robot_interfaces/bin'
[0.744s] Level 1:colcon.colcon_core.environment:checking '/home/yash-verma/ros2_ws/install/my_robot_interfaces/lib/pkgconfig/my_robot_interfaces.pc'
[0.744s] Level 1:colcon.colcon_core.environment:checking '/home/yash-verma/ros2_ws/install/my_robot_interfaces/lib/python3.12/site-packages'
[0.745s] Level 1:colcon.colcon_core.shell:create_environment_hook('my_robot_interfaces', 'pythonpath')
[0.745s] INFO:colcon.colcon_core.shell:Creating environment hook '/home/yash-verma/ros2_ws/install/my_robot_interfaces/share/my_robot_interfaces/hook/pythonpath.ps1'
[0.745s] INFO:colcon.colcon_core.shell:Creating environment descriptor '/home/yash-verma/ros2_ws/install/my_robot_interfaces/share/my_robot_interfaces/hook/pythonpath.dsv'
[0.745s] INFO:colcon.colcon_core.shell:Creating environment hook '/home/yash-verma/ros2_ws/install/my_robot_interfaces/share/my_robot_interfaces/hook/pythonpath.sh'
[0.746s] Level 1:colcon.colcon_core.environment:checking '/home/yash-verma/ros2_ws/install/my_robot_interfaces/bin'
[0.746s] INFO:colcon.colcon_core.shell:Creating package script '/home/yash-verma/ros2_ws/install/my_robot_interfaces/share/my_robot_interfaces/package.ps1'
[0.747s] INFO:colcon.colcon_core.shell:Creating package descriptor '/home/yash-verma/ros2_ws/install/my_robot_interfaces/share/my_robot_interfaces/package.dsv'
[0.749s] INFO:colcon.colcon_core.shell:Creating package script '/home/yash-verma/ros2_ws/install/my_robot_interfaces/share/my_robot_interfaces/package.sh'
[0.749s] INFO:colcon.colcon_core.shell:Creating package script '/home/yash-verma/ros2_ws/install/my_robot_interfaces/share/my_robot_interfaces/package.bash'
[0.750s] INFO:colcon.colcon_core.shell:Creating package script '/home/yash-verma/ros2_ws/install/my_robot_interfaces/share/my_robot_interfaces/package.zsh'
[0.750s] Level 1:colcon.colcon_core.environment:create_file_with_runtime_dependencies(/home/yash-verma/ros2_ws/install/my_robot_interfaces/share/colcon-core/packages/my_robot_interfaces)
[0.751s] Level 1:colcon.colcon_core.environment:create_environment_scripts_only(my_robot_interfaces)
[0.751s] Level 1:colcon.colcon_core.environment:checking '/home/yash-verma/ros2_ws/install/my_robot_interfaces' for CMake module files
[0.752s] Level 1:colcon.colcon_core.environment:checking '/home/yash-verma/ros2_ws/install/my_robot_interfaces' for CMake config files
[0.752s] Level 1:colcon.colcon_core.shell:create_environment_hook('my_robot_interfaces', 'cmake_prefix_path')
[0.752s] INFO:colcon.colcon_core.shell:Creating environment hook '/home/yash-verma/ros2_ws/install/my_robot_interfaces/share/my_robot_interfaces/hook/cmake_prefix_path.ps1'
[0.752s] INFO:colcon.colcon_core.shell:Creating environment descriptor '/home/yash-verma/ros2_ws/install/my_robot_interfaces/share/my_robot_interfaces/hook/cmake_prefix_path.dsv'
[0.753s] INFO:colcon.colcon_core.shell:Creating environment hook '/home/yash-verma/ros2_ws/install/my_robot_interfaces/share/my_robot_interfaces/hook/cmake_prefix_path.sh'
[0.753s] Level 1:colcon.colcon_core.environment:checking '/home/yash-verma/ros2_ws/install/my_robot_interfaces/lib'
[0.753s] Level 1:colcon.colcon_core.shell:create_environment_hook('my_robot_interfaces', 'ld_library_path_lib')
[0.754s] INFO:colcon.colcon_core.shell:Creating environment hook '/home/yash-verma/ros2_ws/install/my_robot_interfaces/share/my_robot_interfaces/hook/ld_library_path_lib.ps1'
[0.754s] INFO:colcon.colcon_core.shell:Creating environment descriptor '/home/yash-verma/ros2_ws/install/my_robot_interfaces/share/my_robot_interfaces/hook/ld_library_path_lib.dsv'
[0.754s] INFO:colcon.colcon_core.shell:Creating environment hook '/home/yash-verma/ros2_ws/install/my_robot_interfaces/share/my_robot_interfaces/hook/ld_library_path_lib.sh'
[0.755s] Level 1:colcon.colcon_core.environment:checking '/home/yash-verma/ros2_ws/install/my_robot_interfaces/bin'
[0.755s] Level 1:colcon.colcon_core.environment:checking '/home/yash-verma/ros2_ws/install/my_robot_interfaces/lib/pkgconfig/my_robot_interfaces.pc'
[0.755s] Level 1:colcon.colcon_core.environment:checking '/home/yash-verma/ros2_ws/install/my_robot_interfaces/lib/python3.12/site-packages'
[0.755s] Level 1:colcon.colcon_core.shell:create_environment_hook('my_robot_interfaces', 'pythonpath')
[0.755s] INFO:colcon.colcon_core.shell:Creating environment hook '/home/yash-verma/ros2_ws/install/my_robot_interfaces/share/my_robot_interfaces/hook/pythonpath.ps1'
[0.756s] INFO:colcon.colcon_core.shell:Creating environment descriptor '/home/yash-verma/ros2_ws/install/my_robot_interfaces/share/my_robot_interfaces/hook/pythonpath.dsv'
[0.756s] INFO:colcon.colcon_core.shell:Creating environment hook '/home/yash-verma/ros2_ws/install/my_robot_interfaces/share/my_robot_interfaces/hook/pythonpath.sh'
[0.757s] Level 1:colcon.colcon_core.environment:checking '/home/yash-verma/ros2_ws/install/my_robot_interfaces/bin'
[0.757s] INFO:colcon.colcon_core.shell:Creating package script '/home/yash-verma/ros2_ws/install/my_robot_interfaces/share/my_robot_interfaces/package.ps1'
[0.758s] INFO:colcon.colcon_core.shell:Creating package descriptor '/home/yash-verma/ros2_ws/install/my_robot_interfaces/share/my_robot_interfaces/package.dsv'
[0.758s] INFO:colcon.colcon_core.shell:Creating package script '/home/yash-verma/ros2_ws/install/my_robot_interfaces/share/my_robot_interfaces/package.sh'
[0.759s] INFO:colcon.colcon_core.shell:Creating package script '/home/yash-verma/ros2_ws/install/my_robot_interfaces/share/my_robot_interfaces/package.bash'
[0.759s] INFO:colcon.colcon_core.shell:Creating package script '/home/yash-verma/ros2_ws/install/my_robot_interfaces/share/my_robot_interfaces/package.zsh'
[0.760s] Level 1:colcon.colcon_core.environment:create_file_with_runtime_dependencies(/home/yash-verma/ros2_ws/install/my_robot_interfaces/share/colcon-core/packages/my_robot_interfaces)
[0.760s] INFO:colcon.colcon_ros.task.ament_python.build:Building ROS package in '/home/yash-verma/ros2_ws/src/my_py_pkg' with build type 'ament_python'
[0.760s] Level 1:colcon.colcon_core.shell:create_environment_hook('my_py_pkg', 'ament_prefix_path')
[0.761s] INFO:colcon.colcon_core.shell:Creating environment hook '/home/yash-verma/ros2_ws/install/my_py_pkg/share/my_py_pkg/hook/ament_prefix_path.ps1'
[0.761s] INFO:colcon.colcon_core.shell:Creating environment descriptor '/home/yash-verma/ros2_ws/install/my_py_pkg/share/my_py_pkg/hook/ament_prefix_path.dsv'
[0.762s] INFO:colcon.colcon_core.shell:Creating environment hook '/home/yash-verma/ros2_ws/install/my_py_pkg/share/my_py_pkg/hook/ament_prefix_path.sh'
[0.762s] INFO:colcon.colcon_core.shell:Skip shell extension 'powershell' for command environment: Not usable outside of PowerShell
[0.762s] DEBUG:colcon.colcon_core.shell:Skip shell extension 'dsv' for command environment
[0.769s] INFO:colcon.colcon_ros.task.ament_python.build:Building ROS package in '/home/yash-verma/ros2_ws/src/turtlesim_catch_them_all' with build type 'ament_python'
[0.769s] Level 1:colcon.colcon_core.shell:create_environment_hook('turtlesim_catch_them_all', 'ament_prefix_path')
[0.769s] INFO:colcon.colcon_core.shell:Creating environment hook '/home/yash-verma/ros2_ws/install/turtlesim_catch_them_all/share/turtlesim_catch_them_all/hook/ament_prefix_path.ps1'
[0.770s] INFO:colcon.colcon_core.shell:Creating environment descriptor '/home/yash-verma/ros2_ws/install/turtlesim_catch_them_all/share/turtlesim_catch_them_all/hook/ament_prefix_path.dsv'
[0.770s] INFO:colcon.colcon_core.shell:Creating environment hook '/home/yash-verma/ros2_ws/install/turtlesim_catch_them_all/share/turtlesim_catch_them_all/hook/ament_prefix_path.sh'
[0.772s] INFO:colcon.colcon_core.shell:Skip shell extension 'powershell' for command environment: Not usable outside of PowerShell
[0.772s] DEBUG:colcon.colcon_core.shell:Skip shell extension 'dsv' for command environment
[1.005s] INFO:colcon.colcon_core.task.python.build:Building Python package in '/home/yash-verma/ros2_ws/src/my_py_pkg'
[1.005s] INFO:colcon.colcon_core.shell:Skip shell extension 'powershell' for command environment: Not usable outside of PowerShell
[1.005s] DEBUG:colcon.colcon_core.shell:Skip shell extension 'dsv' for command environment
[1.207s] INFO:colcon.colcon_core.task.python.build:Building Python package in '/home/yash-verma/ros2_ws/src/turtlesim_catch_them_all'
[1.207s] INFO:colcon.colcon_core.shell:Skip shell extension 'powershell' for command environment: Not usable outside of PowerShell
[1.207s] DEBUG:colcon.colcon_core.shell:Skip shell extension 'dsv' for command environment
[1.889s] DEBUG:colcon.colcon_core.event_handler.log_command:Invoking command in '/home/yash-verma/ros2_ws/src/turtlesim_catch_them_all': CMAKE_PREFIX_PATH=/home/yash-verma/ros2_ws/install/my_robot_interfaces:/home/yash-verma/ros2_ws/install/my_robot_bringup:/home/yash-verma/ros2_ws/install/my_robot_description:/opt/ros/jazzy/opt/gz_sim_vendor:/opt/ros/jazzy/opt/gz_sensors_vendor:/opt/ros/jazzy/opt/gz_physics_vendor:/opt/ros/jazzy/opt/sdformat_vendor:/opt/ros/jazzy/opt/gz_gui_vendor:/opt/ros/jazzy/opt/gz_transport_vendor:/opt/ros/jazzy/opt/gz_rendering_vendor:/opt/ros/jazzy/opt/gz_plugin_vendor:/opt/ros/jazzy/opt/gz_fuel_tools_vendor:/opt/ros/jazzy/opt/gz_msgs_vendor:/opt/ros/jazzy/opt/gz_common_vendor:/opt/ros/jazzy/opt/gz_math_vendor:/opt/ros/jazzy/opt/gz_utils_vendor:/opt/ros/jazzy/opt/gz_tools_vendor:/opt/ros/jazzy/opt/gz_ogre_next_vendor:/opt/ros/jazzy/opt/gz_dartsim_vendor:/opt/ros/jazzy/opt/gz_cmake_vendor DEBUGINFOD_URLS=https://debuginfod.ubuntu.com PYTHONPATH=/home/yash-verma/ros2_ws/build/turtlesim_catch_them_all/prefix_override:/usr/lib/python3/dist-packages/colcon_core/task/python/colcon_distutils_commands:/home/yash-verma/ros2_ws/install/turtlesim_catch_them_all/lib/python3.12/site-packages:/home/yash-verma/ros2_ws/install/my_robot_interfaces/lib/python3.12/site-packages:/home/yash-verma/ros2_ws/install/turtlesim_catch_them_all/lib/python3.12/site-packages:/home/yash-verma/ros2_ws/install/my_urdf_robot/lib/python3.12/site-packages:/home/yash-verma/ros2_ws/install/my_py_pkg/lib/python3.12/site-packages:/opt/ros/jazzy/lib/python3.12/site-packages /usr/bin/python3 -W ignore:setup.py install is deprecated -W ignore:easy_install command is deprecated setup.py egg_info --egg-base ../../build/turtlesim_catch_them_all build --build-base /home/yash-verma/ros2_ws/build/turtlesim_catch_them_all/build install --record /home/yash-verma/ros2_ws/build/turtlesim_catch_them_all/install.log --single-version-externally-managed install_data
[1.903s] DEBUG:colcon.colcon_core.event_handler.log_command:Invoking command in '/home/yash-verma/ros2_ws/src/my_py_pkg': CMAKE_PREFIX_PATH=/home/yash-verma/ros2_ws/install/my_robot_interfaces:/home/yash-verma/ros2_ws/install/my_robot_bringup:/home/yash-verma/ros2_ws/install/my_robot_description:/opt/ros/jazzy/opt/gz_sim_vendor:/opt/ros/jazzy/opt/gz_sensors_vendor:/opt/ros/jazzy/opt/gz_physics_vendor:/opt/ros/jazzy/opt/sdformat_vendor:/opt/ros/jazzy/opt/gz_gui_vendor:/opt/ros/jazzy/opt/gz_transport_vendor:/opt/ros/jazzy/opt/gz_rendering_vendor:/opt/ros/jazzy/opt/gz_plugin_vendor:/opt/ros/jazzy/opt/gz_fuel_tools_vendor:/opt/ros/jazzy/opt/gz_msgs_vendor:/opt/ros/jazzy/opt/gz_common_vendor:/opt/ros/jazzy/opt/gz_math_vendor:/opt/ros/jazzy/opt/gz_utils_vendor:/opt/ros/jazzy/opt/gz_tools_vendor:/opt/ros/jazzy/opt/gz_ogre_next_vendor:/opt/ros/jazzy/opt/gz_dartsim_vendor:/opt/ros/jazzy/opt/gz_cmake_vendor DEBUGINFOD_URLS=https://debuginfod.ubuntu.com PYTHONPATH=/home/yash-verma/ros2_ws/build/my_py_pkg/prefix_override:/usr/lib/python3/dist-packages/colcon_core/task/python/colcon_distutils_commands:/home/yash-verma/ros2_ws/install/my_py_pkg/lib/python3.12/site-packages:/home/yash-verma/ros2_ws/install/my_robot_interfaces/lib/python3.12/site-packages:/home/yash-verma/ros2_ws/install/turtlesim_catch_them_all/lib/python3.12/site-packages:/home/yash-verma/ros2_ws/install/my_urdf_robot/lib/python3.12/site-packages:/home/yash-verma/ros2_ws/install/my_py_pkg/lib/python3.12/site-packages:/opt/ros/jazzy/lib/python3.12/site-packages /usr/bin/python3 -W ignore:setup.py install is deprecated -W ignore:easy_install command is deprecated setup.py egg_info --egg-base ../../build/my_py_pkg build --build-base /home/yash-verma/ros2_ws/build/my_py_pkg/build install --record /home/yash-verma/ros2_ws/build/my_py_pkg/install.log --single-version-externally-managed install_data
[2.539s] Level 1:colcon.colcon_core.environment:checking '/home/yash-verma/ros2_ws/install/turtlesim_catch_them_all' for CMake module files
[2.540s] Level 1:colcon.colcon_core.environment:checking '/home/yash-verma/ros2_ws/install/turtlesim_catch_them_all' for CMake config files
[2.540s] Level 1:colcon.colcon_core.environment:checking '/home/yash-verma/ros2_ws/install/turtlesim_catch_them_all/lib'
[2.540s] Level 1:colcon.colcon_core.environment:checking '/home/yash-verma/ros2_ws/install/turtlesim_catch_them_all/bin'
[2.540s] Level 1:colcon.colcon_core.environment:checking '/home/yash-verma/ros2_ws/install/turtlesim_catch_them_all/lib/pkgconfig/turtlesim_catch_them_all.pc'
[2.541s] Level 1:colcon.colcon_core.environment:checking '/home/yash-verma/ros2_ws/install/turtlesim_catch_them_all/lib/python3.12/site-packages'
[2.541s] Level 1:colcon.colcon_core.shell:create_environment_hook('turtlesim_catch_them_all', 'pythonpath')
[2.541s] INFO:colcon.colcon_core.shell:Creating environment hook '/home/yash-verma/ros2_ws/install/turtlesim_catch_them_all/share/turtlesim_catch_them_all/hook/pythonpath.ps1'
[2.544s] INFO:colcon.colcon_core.shell:Creating environment descriptor '/home/yash-verma/ros2_ws/install/turtlesim_catch_them_all/share/turtlesim_catch_them_all/hook/pythonpath.dsv'
[2.544s] INFO:colcon.colcon_core.shell:Creating environment hook '/home/yash-verma/ros2_ws/install/turtlesim_catch_them_all/share/turtlesim_catch_them_all/hook/pythonpath.sh'
[2.548s] Level 1:colcon.colcon_core.environment:checking '/home/yash-verma/ros2_ws/install/turtlesim_catch_them_all/bin'
[2.548s] Level 1:colcon.colcon_core.environment:create_environment_scripts_only(turtlesim_catch_them_all)
[2.549s] INFO:colcon.colcon_core.shell:Creating package script '/home/yash-verma/ros2_ws/install/turtlesim_catch_them_all/share/turtlesim_catch_them_all/package.ps1'
[2.549s] INFO:colcon.colcon_core.shell:Creating package descriptor '/home/yash-verma/ros2_ws/install/turtlesim_catch_them_all/share/turtlesim_catch_them_all/package.dsv'
[2.550s] INFO:colcon.colcon_core.shell:Creating package script '/home/yash-verma/ros2_ws/install/turtlesim_catch_them_all/share/turtlesim_catch_them_all/package.sh'
[2.551s] INFO:colcon.colcon_core.shell:Creating package script '/home/yash-verma/ros2_ws/install/turtlesim_catch_them_all/share/turtlesim_catch_them_all/package.bash'
[2.552s] INFO:colcon.colcon_core.shell:Creating package script '/home/yash-verma/ros2_ws/install/turtlesim_catch_them_all/share/turtlesim_catch_them_all/package.zsh'
[2.552s] Level 1:colcon.colcon_core.environment:create_file_with_runtime_dependencies(/home/yash-verma/ros2_ws/install/turtlesim_catch_them_all/share/colcon-core/packages/turtlesim_catch_them_all)
[2.553s] DEBUG:colcon.colcon_core.event_handler.log_command:Invoked command in '/home/yash-verma/ros2_ws/src/turtlesim_catch_them_all' returned '0': CMAKE_PREFIX_PATH=/home/yash-verma/ros2_ws/install/my_robot_interfaces:/home/yash-verma/ros2_ws/install/my_robot_bringup:/home/yash-verma/ros2_ws/install/my_robot_description:/opt/ros/jazzy/opt/gz_sim_vendor:/opt/ros/jazzy/opt/gz_sensors_vendor:/opt/ros/jazzy/opt/gz_physics_vendor:/opt/ros/jazzy/opt/sdformat_vendor:/opt/ros/jazzy/opt/gz_gui_vendor:/opt/ros/jazzy/opt/gz_transport_vendor:/opt/ros/jazzy/opt/gz_rendering_vendor:/opt/ros/jazzy/opt/gz_plugin_vendor:/opt/ros/jazzy/opt/gz_fuel_tools_vendor:/opt/ros/jazzy/opt/gz_msgs_vendor:/opt/ros/jazzy/opt/gz_common_vendor:/opt/ros/jazzy/opt/gz_math_vendor:/opt/ros/jazzy/opt/gz_utils_vendor:/opt/ros/jazzy/opt/gz_tools_vendor:/opt/ros/jazzy/opt/gz_ogre_next_vendor:/opt/ros/jazzy/opt/gz_dartsim_vendor:/opt/ros/jazzy/opt/gz_cmake_vendor DEBUGINFOD_URLS=https://debuginfod.ubuntu.com PYTHONPATH=/home/yash-verma/ros2_ws/build/turtlesim_catch_them_all/prefix_override:/usr/lib/python3/dist-packages/colcon_core/task/python/colcon_distutils_commands:/home/yash-verma/ros2_ws/install/turtlesim_catch_them_all/lib/python3.12/site-packages:/home/yash-verma/ros2_ws/install/my_robot_interfaces/lib/python3.12/site-packages:/home/yash-verma/ros2_ws/install/turtlesim_catch_them_all/lib/python3.12/site-packages:/home/yash-verma/ros2_ws/install/my_urdf_robot/lib/python3.12/site-packages:/home/yash-verma/ros2_ws/install/my_py_pkg/lib/python3.12/site-packages:/opt/ros/jazzy/lib/python3.12/site-packages /usr/bin/python3 -W ignore:setup.py install is deprecated -W ignore:easy_install command is deprecated setup.py egg_info --egg-base ../../build/turtlesim_catch_them_all build --build-base /home/yash-verma/ros2_ws/build/turtlesim_catch_them_all/build install --record /home/yash-verma/ros2_ws/build/turtlesim_catch_them_all/install.log --single-version-externally-managed install_data
[2.571s] Level 1:colcon.colcon_core.environment:checking '/home/yash-verma/ros2_ws/install/my_py_pkg' for CMake module files
[2.572s] Level 1:colcon.colcon_core.environment:checking '/home/yash-verma/ros2_ws/install/my_py_pkg' for CMake config files
[2.572s] Level 1:colcon.colcon_core.environment:checking '/home/yash-verma/ros2_ws/install/my_py_pkg/lib'
[2.572s] Level 1:colcon.colcon_core.environment:checking '/home/yash-verma/ros2_ws/install/my_py_pkg/bin'
[2.572s] Level 1:colcon.colcon_core.environment:checking '/home/yash-verma/ros2_ws/install/my_py_pkg/lib/pkgconfig/my_py_pkg.pc'
[2.573s] Level 1:colcon.colcon_core.environment:checking '/home/yash-verma/ros2_ws/install/my_py_pkg/lib/python3.12/site-packages'
[2.573s] Level 1:colcon.colcon_core.shell:create_environment_hook('my_py_pkg', 'pythonpath')
[2.573s] INFO:colcon.colcon_core.shell:Creating environment hook '/home/yash-verma/ros2_ws/install/my_py_pkg/share/my_py_pkg/hook/pythonpath.ps1'
[2.573s] INFO:colcon.colcon_core.shell:Creating environment descriptor '/home/yash-verma/ros2_ws/install/my_py_pkg/share/my_py_pkg/hook/pythonpath.dsv'
[2.576s] INFO:colcon.colcon_core.shell:Creating environment hook '/home/yash-verma/ros2_ws/install/my_py_pkg/share/my_py_pkg/hook/pythonpath.sh'
[2.576s] Level 1:colcon.colcon_core.environment:checking '/home/yash-verma/ros2_ws/install/my_py_pkg/bin'
[2.577s] DEBUG:colcon.colcon_core.event_handler.log_command:Invoked command in '/home/yash-verma/ros2_ws/src/my_py_pkg' returned '0': CMAKE_PREFIX_PATH=/home/yash-verma/ros2_ws/install/my_robot_interfaces:/home/yash-verma/ros2_ws/install/my_robot_bringup:/home/yash-verma/ros2_ws/install/my_robot_description:/opt/ros/jazzy/opt/gz_sim_vendor:/opt/ros/jazzy/opt/gz_sensors_vendor:/opt/ros/jazzy/opt/gz_physics_vendor:/opt/ros/jazzy/opt/sdformat_vendor:/opt/ros/jazzy/opt/gz_gui_vendor:/opt/ros/jazzy/opt/gz_transport_vendor:/opt/ros/jazzy/opt/gz_rendering_vendor:/opt/ros/jazzy/opt/gz_plugin_vendor:/opt/ros/jazzy/opt/gz_fuel_tools_vendor:/opt/ros/jazzy/opt/gz_msgs_vendor:/opt/ros/jazzy/opt/gz_common_vendor:/opt/ros/jazzy/opt/gz_math_vendor:/opt/ros/jazzy/opt/gz_utils_vendor:/opt/ros/jazzy/opt/gz_tools_vendor:/opt/ros/jazzy/opt/gz_ogre_next_vendor:/opt/ros/jazzy/opt/gz_dartsim_vendor:/opt/ros/jazzy/opt/gz_cmake_vendor DEBUGINFOD_URLS=https://debuginfod.ubuntu.com PYTHONPATH=/home/yash-verma/ros2_ws/build/my_py_pkg/prefix_override:/usr/lib/python3/dist-packages/colcon_core/task/python/colcon_distutils_commands:/home/yash-verma/ros2_ws/install/my_py_pkg/lib/python3.12/site-packages:/home/yash-verma/ros2_ws/install/my_robot_interfaces/lib/python3.12/site-packages:/home/yash-verma/ros2_ws/install/turtlesim_catch_them_all/lib/python3.12/site-packages:/home/yash-verma/ros2_ws/install/my_urdf_robot/lib/python3.12/site-packages:/home/yash-verma/ros2_ws/install/my_py_pkg/lib/python3.12/site-packages:/opt/ros/jazzy/lib/python3.12/site-packages /usr/bin/python3 -W ignore:setup.py install is deprecated -W ignore:easy_install command is deprecated setup.py egg_info --egg-base ../../build/my_py_pkg build --build-base /home/yash-verma/ros2_ws/build/my_py_pkg/build install --record /home/yash-verma/ros2_ws/build/my_py_pkg/install.log --single-version-externally-managed install_data
[2.577s] Level 1:colcon.colcon_core.environment:create_environment_scripts_only(my_py_pkg)
[2.577s] INFO:colcon.colcon_core.shell:Creating package script '/home/yash-verma/ros2_ws/install/my_py_pkg/share/my_py_pkg/package.ps1'
[2.580s] INFO:colcon.colcon_core.shell:Creating package descriptor '/home/yash-verma/ros2_ws/install/my_py_pkg/share/my_py_pkg/package.dsv'
[2.580s] INFO:colcon.colcon_core.shell:Creating package script '/home/yash-verma/ros2_ws/install/my_py_pkg/share/my_py_pkg/package.sh'
[2.581s] INFO:colcon.colcon_core.shell:Creating package script '/home/yash-verma/ros2_ws/install/my_py_pkg/share/my_py_pkg/package.bash'
[2.582s] INFO:colcon.colcon_core.shell:Creating package script '/home/yash-verma/ros2_ws/install/my_py_pkg/share/my_py_pkg/package.zsh'
[2.583s] Level 1:colcon.colcon_core.environment:create_file_with_runtime_dependencies(/home/yash-verma/ros2_ws/install/my_py_pkg/share/colcon-core/packages/my_py_pkg)
[2.587s] INFO:colcon.colcon_ros.task.ament_cmake.build:Building ROS package in '/home/yash-verma/ros2_ws/src/my_robot_bringup' with build type 'ament_cmake'
[2.587s] INFO:colcon.colcon_cmake.task.cmake.build:Building CMake package in '/home/yash-verma/ros2_ws/src/my_robot_bringup'
[2.587s] INFO:colcon.colcon_core.shell:Skip shell extension 'powershell' for command environment: Not usable outside of PowerShell
[2.587s] DEBUG:colcon.colcon_core.shell:Skip shell extension 'dsv' for command environment
[2.659s] DEBUG:colcon.colcon_core.event_handler.log_command:Invoking command in '/home/yash-verma/ros2_ws/build/my_robot_bringup': AMENT_PREFIX_PATH=/home/yash-verma/ros2_ws/install/turtlesim_catch_them_all:/home/yash-verma/ros2_ws/install/my_py_pkg:/home/yash-verma/ros2_ws/install/my_robot_bringup:/home/yash-verma/ros2_ws/install/my_urdf_robot:/home/yash-verma/ros2_ws/install/my_robot_interfaces:/home/yash-verma/ros2_ws/install/my_robot_description:/opt/ros/jazzy CMAKE_PREFIX_PATH=/home/yash-verma/ros2_ws/install/my_robot_interfaces:/home/yash-verma/ros2_ws/install/my_robot_bringup:/home/yash-verma/ros2_ws/install/my_robot_description:/opt/ros/jazzy/opt/gz_sim_vendor:/opt/ros/jazzy/opt/gz_sensors_vendor:/opt/ros/jazzy/opt/gz_physics_vendor:/opt/ros/jazzy/opt/sdformat_vendor:/opt/ros/jazzy/opt/gz_gui_vendor:/opt/ros/jazzy/opt/gz_transport_vendor:/opt/ros/jazzy/opt/gz_rendering_vendor:/opt/ros/jazzy/opt/gz_plugin_vendor:/opt/ros/jazzy/opt/gz_fuel_tools_vendor:/opt/ros/jazzy/opt/gz_msgs_vendor:/opt/ros/jazzy/opt/gz_common_vendor:/opt/ros/jazzy/opt/gz_math_vendor:/opt/ros/jazzy/opt/gz_utils_vendor:/opt/ros/jazzy/opt/gz_tools_vendor:/opt/ros/jazzy/opt/gz_ogre_next_vendor:/opt/ros/jazzy/opt/gz_dartsim_vendor:/opt/ros/jazzy/opt/gz_cmake_vendor:/home/yash-verma/ros2_ws/install/turtlesim_catch_them_all:/home/yash-verma/ros2_ws/install/my_urdf_robot:/home/yash-verma/ros2_ws/install/my_py_pkg:/opt/ros/jazzy DEBUGINFOD_URLS=https://debuginfod.ubuntu.com PYTHONPATH=/home/yash-verma/ros2_ws/install/turtlesim_catch_them_all/lib/python3.12/site-packages:/home/yash-verma/ros2_ws/install/my_py_pkg/lib/python3.12/site-packages:/home/yash-verma/ros2_ws/install/my_robot_interfaces/lib/python3.12/site-packages:/home/yash-verma/ros2_ws/install/my_urdf_robot/lib/python3.12/site-packages:/opt/ros/jazzy/lib/python3.12/site-packages /usr/bin/cmake --build /home/yash-verma/ros2_ws/build/my_robot_bringup -- -j3 -l3
[2.729s] DEBUG:colcon.colcon_core.event_handler.log_command:Invoked command in '/home/yash-verma/ros2_ws/build/my_robot_bringup' returned '0': AMENT_PREFIX_PATH=/home/yash-verma/ros2_ws/install/turtlesim_catch_them_all:/home/yash-verma/ros2_ws/install/my_py_pkg:/home/yash-verma/ros2_ws/install/my_robot_bringup:/home/yash-verma/ros2_ws/install/my_urdf_robot:/home/yash-verma/ros2_ws/install/my_robot_interfaces:/home/yash-verma/ros2_ws/install/my_robot_description:/opt/ros/jazzy CMAKE_PREFIX_PATH=/home/yash-verma/ros2_ws/install/my_robot_interfaces:/home/yash-verma/ros2_ws/install/my_robot_bringup:/home/yash-verma/ros2_ws/install/my_robot_description:/opt/ros/jazzy/opt/gz_sim_vendor:/opt/ros/jazzy/opt/gz_sensors_vendor:/opt/ros/jazzy/opt/gz_physics_vendor:/opt/ros/jazzy/opt/sdformat_vendor:/opt/ros/jazzy/opt/gz_gui_vendor:/opt/ros/jazzy/opt/gz_transport_vendor:/opt/ros/jazzy/opt/gz_rendering_vendor:/opt/ros/jazzy/opt/gz_plugin_vendor:/opt/ros/jazzy/opt/gz_fuel_tools_vendor:/opt/ros/jazzy/opt/gz_msgs_vendor:/opt/ros/jazzy/opt/gz_common_vendor:/opt/ros/jazzy/opt/gz_math_vendor:/opt/ros/jazzy/opt/gz_utils_vendor:/opt/ros/jazzy/opt/gz_tools_vendor:/opt/ros/jazzy/opt/gz_ogre_next_vendor:/opt/ros/jazzy/opt/gz_dartsim_vendor:/opt/ros/jazzy/opt/gz_cmake_vendor:/home/yash-verma/ros2_ws/install/turtlesim_catch_them_all:/home/yash-verma/ros2_ws/install/my_urdf_robot:/home/yash-verma/ros2_ws/install/my_py_pkg:/opt/ros/jazzy DEBUGINFOD_URLS=https://debuginfod.ubuntu.com PYTHONPATH=/home/yash-verma/ros2_ws/install/turtlesim_catch_them_all/lib/python3.12/site-packages:/home/yash-verma/ros2_ws/install/my_py_pkg/lib/python3.12/site-packages:/home/yash-verma/ros2_ws/install/my_robot_interfaces/lib/python3.12/site-packages:/home/yash-verma/ros2_ws/install/my_urdf_robot/lib/python3.12/site-packages:/opt/ros/jazzy/lib/python3.12/site-packages /usr/bin/cmake --build /home/yash-verma/ros2_ws/build/my_robot_bringup -- -j3 -l3
[2.730s] DEBUG:colcon.colcon_core.event_handler.log_command:Invoking command in '/home/yash-verma/ros2_ws/build/my_robot_bringup': AMENT_PREFIX_PATH=/home/yash-verma/ros2_ws/install/turtlesim_catch_them_all:/home/yash-verma/ros2_ws/install/my_py_pkg:/home/yash-verma/ros2_ws/install/my_robot_bringup:/home/yash-verma/ros2_ws/install/my_urdf_robot:/home/yash-verma/ros2_ws/install/my_robot_interfaces:/home/yash-verma/ros2_ws/install/my_robot_description:/opt/ros/jazzy CMAKE_PREFIX_PATH=/home/yash-verma/ros2_ws/install/my_robot_interfaces:/home/yash-verma/ros2_ws/install/my_robot_bringup:/home/yash-verma/ros2_ws/install/my_robot_description:/opt/ros/jazzy/opt/gz_sim_vendor:/opt/ros/jazzy/opt/gz_sensors_vendor:/opt/ros/jazzy/opt/gz_physics_vendor:/opt/ros/jazzy/opt/sdformat_vendor:/opt/ros/jazzy/opt/gz_gui_vendor:/opt/ros/jazzy/opt/gz_transport_vendor:/opt/ros/jazzy/opt/gz_rendering_vendor:/opt/ros/jazzy/opt/gz_plugin_vendor:/opt/ros/jazzy/opt/gz_fuel_tools_vendor:/opt/ros/jazzy/opt/gz_msgs_vendor:/opt/ros/jazzy/opt/gz_common_vendor:/opt/ros/jazzy/opt/gz_math_vendor:/opt/ros/jazzy/opt/gz_utils_vendor:/opt/ros/jazzy/opt/gz_tools_vendor:/opt/ros/jazzy/opt/gz_ogre_next_vendor:/opt/ros/jazzy/opt/gz_dartsim_vendor:/opt/ros/jazzy/opt/gz_cmake_vendor:/home/yash-verma/ros2_ws/install/turtlesim_catch_them_all:/home/yash-verma/ros2_ws/install/my_urdf_robot:/home/yash-verma/ros2_ws/install/my_py_pkg:/opt/ros/jazzy DEBUGINFOD_URLS=https://debuginfod.ubuntu.com PYTHONPATH=/home/yash-verma/ros2_ws/install/turtlesim_catch_them_all/lib/python3.12/site-packages:/home/yash-verma/ros2_ws/install/my_py_pkg/lib/python3.12/site-packages:/home/yash-verma/ros2_ws/install/my_robot_interfaces/lib/python3.12/site-packages:/home/yash-verma/ros2_ws/install/my_urdf_robot/lib/python3.12/site-packages:/opt/ros/jazzy/lib/python3.12/site-packages /usr/bin/cmake --install /home/yash-verma/ros2_ws/build/my_robot_bringup
[2.754s] Level 1:colcon.colcon_core.environment:create_environment_scripts_only(my_robot_bringup)
[2.754s] Level 1:colcon.colcon_core.environment:checking '/home/yash-verma/ros2_ws/install/my_robot_bringup' for CMake module files
[2.755s] Level 1:colcon.colcon_core.environment:checking '/home/yash-verma/ros2_ws/install/my_robot_bringup' for CMake config files
[2.755s] Level 1:colcon.colcon_core.shell:create_environment_hook('my_robot_bringup', 'cmake_prefix_path')
[2.755s] INFO:colcon.colcon_core.shell:Creating environment hook '/home/yash-verma/ros2_ws/install/my_robot_bringup/share/my_robot_bringup/hook/cmake_prefix_path.ps1'
[2.757s] DEBUG:colcon.colcon_core.event_handler.log_command:Invoked command in '/home/yash-verma/ros2_ws/build/my_robot_bringup' returned '0': AMENT_PREFIX_PATH=/home/yash-verma/ros2_ws/install/turtlesim_catch_them_all:/home/yash-verma/ros2_ws/install/my_py_pkg:/home/yash-verma/ros2_ws/install/my_robot_bringup:/home/yash-verma/ros2_ws/install/my_urdf_robot:/home/yash-verma/ros2_ws/install/my_robot_interfaces:/home/yash-verma/ros2_ws/install/my_robot_description:/opt/ros/jazzy CMAKE_PREFIX_PATH=/home/yash-verma/ros2_ws/install/my_robot_interfaces:/home/yash-verma/ros2_ws/install/my_robot_bringup:/home/yash-verma/ros2_ws/install/my_robot_description:/opt/ros/jazzy/opt/gz_sim_vendor:/opt/ros/jazzy/opt/gz_sensors_vendor:/opt/ros/jazzy/opt/gz_physics_vendor:/opt/ros/jazzy/opt/sdformat_vendor:/opt/ros/jazzy/opt/gz_gui_vendor:/opt/ros/jazzy/opt/gz_transport_vendor:/opt/ros/jazzy/opt/gz_rendering_vendor:/opt/ros/jazzy/opt/gz_plugin_vendor:/opt/ros/jazzy/opt/gz_fuel_tools_vendor:/opt/ros/jazzy/opt/gz_msgs_vendor:/opt/ros/jazzy/opt/gz_common_vendor:/opt/ros/jazzy/opt/gz_math_vendor:/opt/ros/jazzy/opt/gz_utils_vendor:/opt/ros/jazzy/opt/gz_tools_vendor:/opt/ros/jazzy/opt/gz_ogre_next_vendor:/opt/ros/jazzy/opt/gz_dartsim_vendor:/opt/ros/jazzy/opt/gz_cmake_vendor:/home/yash-verma/ros2_ws/install/turtlesim_catch_them_all:/home/yash-verma/ros2_ws/install/my_urdf_robot:/home/yash-verma/ros2_ws/install/my_py_pkg:/opt/ros/jazzy DEBUGINFOD_URLS=https://debuginfod.ubuntu.com PYTHONPATH=/home/yash-verma/ros2_ws/install/turtlesim_catch_them_all/lib/python3.12/site-packages:/home/yash-verma/ros2_ws/install/my_py_pkg/lib/python3.12/site-packages:/home/yash-verma/ros2_ws/install/my_robot_interfaces/lib/python3.12/site-packages:/home/yash-verma/ros2_ws/install/my_urdf_robot/lib/python3.12/site-packages:/opt/ros/jazzy/lib/python3.12/site-packages /usr/bin/cmake --install /home/yash-verma/ros2_ws/build/my_robot_bringup
[2.758s] INFO:colcon.colcon_core.shell:Creating environment descriptor '/home/yash-verma/ros2_ws/install/my_robot_bringup/share/my_robot_bringup/hook/cmake_prefix_path.dsv'
[2.758s] INFO:colcon.colcon_core.shell:Creating environment hook '/home/yash-verma/ros2_ws/install/my_robot_bringup/share/my_robot_bringup/hook/cmake_prefix_path.sh'
[2.759s] Level 1:colcon.colcon_core.environment:checking '/home/yash-verma/ros2_ws/install/my_robot_bringup/bin'
[2.759s] Level 1:colcon.colcon_core.environment:checking '/home/yash-verma/ros2_ws/install/my_robot_bringup/lib/pkgconfig/my_robot_bringup.pc'
[2.759s] Level 1:colcon.colcon_core.environment:checking '/home/yash-verma/ros2_ws/install/my_robot_bringup/lib/python3.12/site-packages'
[2.760s] Level 1:colcon.colcon_core.environment:checking '/home/yash-verma/ros2_ws/install/my_robot_bringup/bin'
[2.760s] INFO:colcon.colcon_core.shell:Creating package script '/home/yash-verma/ros2_ws/install/my_robot_bringup/share/my_robot_bringup/package.ps1'
[2.760s] INFO:colcon.colcon_core.shell:Creating package descriptor '/home/yash-verma/ros2_ws/install/my_robot_bringup/share/my_robot_bringup/package.dsv'
[2.761s] INFO:colcon.colcon_core.shell:Creating package script '/home/yash-verma/ros2_ws/install/my_robot_bringup/share/my_robot_bringup/package.sh'
[2.761s] INFO:colcon.colcon_core.shell:Creating package script '/home/yash-verma/ros2_ws/install/my_robot_bringup/share/my_robot_bringup/package.bash'
[2.762s] INFO:colcon.colcon_core.shell:Creating package script '/home/yash-verma/ros2_ws/install/my_robot_bringup/share/my_robot_bringup/package.zsh'
[2.764s] Level 1:colcon.colcon_core.environment:create_file_with_runtime_dependencies(/home/yash-verma/ros2_ws/install/my_robot_bringup/share/colcon-core/packages/my_robot_bringup)
[2.765s] Level 1:colcon.colcon_core.environment:create_environment_scripts_only(my_robot_bringup)
[2.765s] Level 1:colcon.colcon_core.environment:checking '/home/yash-verma/ros2_ws/install/my_robot_bringup' for CMake module files
[2.766s] Level 1:colcon.colcon_core.environment:checking '/home/yash-verma/ros2_ws/install/my_robot_bringup' for CMake config files
[2.766s] Level 1:colcon.colcon_core.shell:create_environment_hook('my_robot_bringup', 'cmake_prefix_path')
[2.766s] INFO:colcon.colcon_core.shell:Creating environment hook '/home/yash-verma/ros2_ws/install/my_robot_bringup/share/my_robot_bringup/hook/cmake_prefix_path.ps1'
[2.773s] INFO:colcon.colcon_core.shell:Creating environment descriptor '/home/yash-verma/ros2_ws/install/my_robot_bringup/share/my_robot_bringup/hook/cmake_prefix_path.dsv'
[2.774s] INFO:colcon.colcon_core.shell:Creating environment hook '/home/yash-verma/ros2_ws/install/my_robot_bringup/share/my_robot_bringup/hook/cmake_prefix_path.sh'
[2.775s] Level 1:colcon.colcon_core.environment:checking '/home/yash-verma/ros2_ws/install/my_robot_bringup/bin'
[2.775s] Level 1:colcon.colcon_core.environment:checking '/home/yash-verma/ros2_ws/install/my_robot_bringup/lib/pkgconfig/my_robot_bringup.pc'
[2.775s] Level 1:colcon.colcon_core.environment:checking '/home/yash-verma/ros2_ws/install/my_robot_bringup/lib/python3.12/site-packages'
[2.775s] Level 1:colcon.colcon_core.environment:checking '/home/yash-verma/ros2_ws/install/my_robot_bringup/bin'
[2.776s] INFO:colcon.colcon_core.shell:Creating package script '/home/yash-verma/ros2_ws/install/my_robot_bringup/share/my_robot_bringup/package.ps1'
[2.776s] INFO:colcon.colcon_core.shell:Creating package descriptor '/home/yash-verma/ros2_ws/install/my_robot_bringup/share/my_robot_bringup/package.dsv'
[2.777s] INFO:colcon.colcon_core.shell:Creating package script '/home/yash-verma/ros2_ws/install/my_robot_bringup/share/my_robot_bringup/package.sh'
[2.781s] INFO:colcon.colcon_core.shell:Creating package script '/home/yash-verma/ros2_ws/install/my_robot_bringup/share/my_robot_bringup/package.bash'
[2.784s] INFO:colcon.colcon_core.shell:Creating package script '/home/yash-verma/ros2_ws/install/my_robot_bringup/share/my_robot_bringup/package.zsh'
[2.786s] Level 1:colcon.colcon_core.environment:create_file_with_runtime_dependencies(/home/yash-verma/ros2_ws/install/my_robot_bringup/share/colcon-core/packages/my_robot_bringup)
[2.787s] DEBUG:colcon.colcon_parallel_executor.executor.parallel:closing loop
[2.787s] DEBUG:colcon.colcon_parallel_executor.executor.parallel:loop closed
[2.788s] DEBUG:colcon.colcon_parallel_executor.executor.parallel:run_until_complete finished with '0'
[2.788s] DEBUG:colcon.colcon_core.event_reactor:joining thread
[2.819s] INFO:colcon.colcon_core.plugin_system:Skipping extension 'colcon_notification.desktop_notification.terminal_notifier': Not used on non-Darwin systems
[2.819s] INFO:colcon.colcon_core.plugin_system:Skipping extension 'colcon_notification.desktop_notification.win32': Not used on non-Windows systems
[2.819s] INFO:colcon.colcon_notification.desktop_notification:Sending desktop notification using 'notify2'
[2.876s] DEBUG:colcon.colcon_core.event_reactor:joined thread
[2.876s] INFO:colcon.colcon_core.shell:Creating prefix script '/home/yash-verma/ros2_ws/install/local_setup.ps1'
[2.894s] INFO:colcon.colcon_core.shell:Creating prefix util module '/home/yash-verma/ros2_ws/install/_local_setup_util_ps1.py'
[2.911s] INFO:colcon.colcon_core.shell:Creating prefix chain script '/home/yash-verma/ros2_ws/install/setup.ps1'
[2.912s] INFO:colcon.colcon_core.shell:Creating prefix script '/home/yash-verma/ros2_ws/install/local_setup.sh'
[2.915s] INFO:colcon.colcon_core.shell:Creating prefix util module '/home/yash-verma/ros2_ws/install/_local_setup_util_sh.py'
[2.916s] INFO:colcon.colcon_core.shell:Creating prefix chain script '/home/yash-verma/ros2_ws/install/setup.sh'
[2.922s] INFO:colcon.colcon_core.shell:Creating prefix script '/home/yash-verma/ros2_ws/install/local_setup.bash'
[2.923s] INFO:colcon.colcon_core.shell:Creating prefix chain script '/home/yash-verma/ros2_ws/install/setup.bash'
[2.926s] INFO:colcon.colcon_core.shell:Creating prefix script '/home/yash-verma/ros2_ws/install/local_setup.zsh'
[2.926s] INFO:colcon.colcon_core.shell:Creating prefix chain script '/home/yash-verma/ros2_ws/install/setup.zsh'
