[0.823s] Invoking command in '/home/yash-verma/ros2_ws/src/my_py_pkg': DEBUGINFOD_URLS=https://debuginfod.ubuntu.com PYTHONPATH=/home/yash-verma/ros2_ws/build/my_py_pkg/prefix_override:/usr/lib/python3/dist-packages/colcon_core/task/python/colcon_distutils_commands:/home/yash-verma/ros2_ws/install/my_py_pkg/lib/python3.12/site-packages:${PYTHONPATH} /usr/bin/python3 -W ignore:setup.py install is deprecated -W ignore:easy_install command is deprecated setup.py egg_info --egg-base ../../build/my_py_pkg build --build-base /home/yash-verma/ros2_ws/build/my_py_pkg/build install --record /home/yash-verma/ros2_ws/build/my_py_pkg/install.log --single-version-externally-managed install_data
[1.102s] running egg_info
[1.118s] writing ../../build/my_py_pkg/my_py_pkg.egg-info/PKG-INFO
[1.121s] writing dependency_links to ../../build/my_py_pkg/my_py_pkg.egg-info/dependency_links.txt
[1.121s] writing entry points to ../../build/my_py_pkg/my_py_pkg.egg-info/entry_points.txt
[1.121s] writing requirements to ../../build/my_py_pkg/my_py_pkg.egg-info/requires.txt
[1.121s] writing top-level names to ../../build/my_py_pkg/my_py_pkg.egg-info/top_level.txt
[1.155s] reading manifest file '../../build/my_py_pkg/my_py_pkg.egg-info/SOURCES.txt'
[1.155s] writing manifest file '../../build/my_py_pkg/my_py_pkg.egg-info/SOURCES.txt'
[1.156s] running build
[1.156s] running build_py
[1.156s] copying my_py_pkg/hardware_status_publisher.py -> /home/yash-verma/ros2_ws/build/my_py_pkg/build/lib/my_py_pkg
[1.156s] running install
[1.163s] running install_lib
[1.180s] copying /home/yash-verma/ros2_ws/build/my_py_pkg/build/lib/my_py_pkg/hardware_status_publisher.py -> /home/yash-verma/ros2_ws/install/my_py_pkg/lib/python3.12/site-packages/my_py_pkg
[1.181s] byte-compiling /home/yash-verma/ros2_ws/install/my_py_pkg/lib/python3.12/site-packages/my_py_pkg/hardware_status_publisher.py to hardware_status_publisher.cpython-312.pyc
[1.182s] running install_data
[1.182s] running install_egg_info
[1.200s] removing '/home/yash-verma/ros2_ws/install/my_py_pkg/lib/python3.12/site-packages/my_py_pkg-0.0.0-py3.12.egg-info' (and everything under it)
[1.202s] Copying ../../build/my_py_pkg/my_py_pkg.egg-info to /home/yash-verma/ros2_ws/install/my_py_pkg/lib/python3.12/site-packages/my_py_pkg-0.0.0-py3.12.egg-info
[1.203s] running install_scripts
[1.337s] Installing add_two_ints_client script to /home/yash-verma/ros2_ws/install/my_py_pkg/lib/my_py_pkg
[1.341s] Installing add_two_ints_client_no_oop script to /home/yash-verma/ros2_ws/install/my_py_pkg/lib/my_py_pkg
[1.341s] Installing add_two_ints_server script to /home/yash-verma/ros2_ws/install/my_py_pkg/lib/my_py_pkg
[1.341s] Installing hw_status_publisher script to /home/yash-verma/ros2_ws/install/my_py_pkg/lib/my_py_pkg
[1.342s] Installing number_counter script to /home/yash-verma/ros2_ws/install/my_py_pkg/lib/my_py_pkg
[1.342s] Installing number_publisher script to /home/yash-verma/ros2_ws/install/my_py_pkg/lib/my_py_pkg
[1.342s] Installing py_node script to /home/yash-verma/ros2_ws/install/my_py_pkg/lib/my_py_pkg
[1.342s] Installing robot_news_station script to /home/yash-verma/ros2_ws/install/my_py_pkg/lib/my_py_pkg
[1.342s] Installing smartphone script to /home/yash-verma/ros2_ws/install/my_py_pkg/lib/my_py_pkg
[1.342s] writing list of installed files to '/home/yash-verma/ros2_ws/build/my_py_pkg/install.log'
[1.377s] Invoked command in '/home/yash-verma/ros2_ws/src/my_py_pkg' returned '0': DEBUGINFOD_URLS=https://debuginfod.ubuntu.com PYTHONPATH=/home/yash-verma/ros2_ws/build/my_py_pkg/prefix_override:/usr/lib/python3/dist-packages/colcon_core/task/python/colcon_distutils_commands:/home/yash-verma/ros2_ws/install/my_py_pkg/lib/python3.12/site-packages:${PYTHONPATH} /usr/bin/python3 -W ignore:setup.py install is deprecated -W ignore:easy_install command is deprecated setup.py egg_info --egg-base ../../build/my_py_pkg build --build-base /home/yash-verma/ros2_ws/build/my_py_pkg/build install --record /home/yash-verma/ros2_ws/build/my_py_pkg/install.log --single-version-externally-managed install_data
