[0.010s] Invoking command in '/home/yash-verma/ros2_ws/build/my_robot_description': CMAKE_PREFIX_PATH=${CMAKE_PREFIX_PATH}:/home/yash-verma/ros2_ws/install/turtlesim_catch_them_all:/home/yash-verma/ros2_ws/install/my_urdf_robot:/home/yash-verma/ros2_ws/install/my_py_pkg:/opt/ros/jazzy DEBUGINFOD_URLS=https://debuginfod.ubuntu.com /usr/bin/cmake /home/yash-verma/ros2_ws/src/my_robot_description -DCMAKE_INSTALL_PREFIX=/home/yash-verma/ros2_ws/install/my_robot_description
[0.181s] -- The C compiler identification is GNU 13.3.0
[0.329s] -- The CXX compiler identification is GNU 13.3.0
[0.365s] -- Detecting C compiler ABI info
[0.608s] -- Detecting C compiler ABI info - done
[0.690s] -- Check for working C compiler: /usr/bin/cc - skipped
[0.690s] -- Detecting C compile features
[0.695s] -- Detecting C compile features - done
[0.734s] -- Detecting CXX compiler ABI info
[0.975s] -- Detecting CXX compiler ABI info - done
[1.023s] -- Check for working CXX compiler: /usr/bin/c++ - skipped
[1.023s] -- Detecting CXX compile features
[1.024s] -- Detecting CXX compile features - done
[1.084s] -- Found ament_cmake: 2.5.4 (/opt/ros/jazzy/share/ament_cmake/cmake)
[1.837s] -- Found Python3: /usr/bin/python3 (found version "3.12.3") found components: Interpreter 
[3.017s] -- Configuring done (3.0s)
[3.023s] -- Generating done (0.0s)
[3.034s] -- Build files have been written to: /home/yash-verma/ros2_ws/build/my_robot_description
[3.748s] Invoked command in '/home/yash-verma/ros2_ws/build/my_robot_description' returned '0': CMAKE_PREFIX_PATH=${CMAKE_PREFIX_PATH}:/home/yash-verma/ros2_ws/install/turtlesim_catch_them_all:/home/yash-verma/ros2_ws/install/my_urdf_robot:/home/yash-verma/ros2_ws/install/my_py_pkg:/opt/ros/jazzy DEBUGINFOD_URLS=https://debuginfod.ubuntu.com /usr/bin/cmake /home/yash-verma/ros2_ws/src/my_robot_description -DCMAKE_INSTALL_PREFIX=/home/yash-verma/ros2_ws/install/my_robot_description
[3.749s] Invoking command in '/home/yash-verma/ros2_ws/build/my_robot_description': CMAKE_PREFIX_PATH=${CMAKE_PREFIX_PATH}:/home/yash-verma/ros2_ws/install/turtlesim_catch_them_all:/home/yash-verma/ros2_ws/install/my_urdf_robot:/home/yash-verma/ros2_ws/install/my_py_pkg:/opt/ros/jazzy DEBUGINFOD_URLS=https://debuginfod.ubuntu.com /usr/bin/cmake --build /home/yash-verma/ros2_ws/build/my_robot_description -- -j3 -l3
[3.833s] Invoked command in '/home/yash-verma/ros2_ws/build/my_robot_description' returned '0': CMAKE_PREFIX_PATH=${CMAKE_PREFIX_PATH}:/home/yash-verma/ros2_ws/install/turtlesim_catch_them_all:/home/yash-verma/ros2_ws/install/my_urdf_robot:/home/yash-verma/ros2_ws/install/my_py_pkg:/opt/ros/jazzy DEBUGINFOD_URLS=https://debuginfod.ubuntu.com /usr/bin/cmake --build /home/yash-verma/ros2_ws/build/my_robot_description -- -j3 -l3
[3.834s] Invoking command in '/home/yash-verma/ros2_ws/build/my_robot_description': CMAKE_PREFIX_PATH=${CMAKE_PREFIX_PATH}:/home/yash-verma/ros2_ws/install/turtlesim_catch_them_all:/home/yash-verma/ros2_ws/install/my_urdf_robot:/home/yash-verma/ros2_ws/install/my_py_pkg:/opt/ros/jazzy DEBUGINFOD_URLS=https://debuginfod.ubuntu.com /usr/bin/cmake --install /home/yash-verma/ros2_ws/build/my_robot_description
[3.863s] -- Install configuration: ""
[3.863s] -- Installing: /home/yash-verma/ros2_ws/install/my_robot_description/share/my_robot_description//urdf
[3.863s] -- Installing: /home/yash-verma/ros2_ws/install/my_robot_description/share/my_robot_description//urdf/my_robot.urdf
[3.863s] -- Installing: /home/yash-verma/ros2_ws/install/my_robot_description/share/ament_index/resource_index/package_run_dependencies/my_robot_description
[3.863s] -- Installing: /home/yash-verma/ros2_ws/install/my_robot_description/share/ament_index/resource_index/parent_prefix_path/my_robot_description
[3.863s] -- Installing: /home/yash-verma/ros2_ws/install/my_robot_description/share/my_robot_description/environment/ament_prefix_path.sh
[3.863s] -- Installing: /home/yash-verma/ros2_ws/install/my_robot_description/share/my_robot_description/environment/ament_prefix_path.dsv
[3.869s] -- Installing: /home/yash-verma/ros2_ws/install/my_robot_description/share/my_robot_description/environment/path.sh
[3.870s] -- Installing: /home/yash-verma/ros2_ws/install/my_robot_description/share/my_robot_description/environment/path.dsv
[3.870s] -- Installing: /home/yash-verma/ros2_ws/install/my_robot_description/share/my_robot_description/local_setup.bash
[3.870s] -- Installing: /home/yash-verma/ros2_ws/install/my_robot_description/share/my_robot_description/local_setup.sh
[3.870s] -- Installing: /home/yash-verma/ros2_ws/install/my_robot_description/share/my_robot_description/local_setup.zsh
[3.870s] -- Installing: /home/yash-verma/ros2_ws/install/my_robot_description/share/my_robot_description/local_setup.dsv
[3.870s] -- Installing: /home/yash-verma/ros2_ws/install/my_robot_description/share/my_robot_description/package.dsv
[3.870s] -- Installing: /home/yash-verma/ros2_ws/install/my_robot_description/share/ament_index/resource_index/packages/my_robot_description
[3.870s] -- Installing: /home/yash-verma/ros2_ws/install/my_robot_description/share/my_robot_description/cmake/my_robot_descriptionConfig.cmake
[3.870s] -- Installing: /home/yash-verma/ros2_ws/install/my_robot_description/share/my_robot_description/cmake/my_robot_descriptionConfig-version.cmake
[3.870s] -- Installing: /home/yash-verma/ros2_ws/install/my_robot_description/share/my_robot_description/package.xml
[3.873s] Invoked command in '/home/yash-verma/ros2_ws/build/my_robot_description' returned '0': CMAKE_PREFIX_PATH=${CMAKE_PREFIX_PATH}:/home/yash-verma/ros2_ws/install/turtlesim_catch_them_all:/home/yash-verma/ros2_ws/install/my_urdf_robot:/home/yash-verma/ros2_ws/install/my_py_pkg:/opt/ros/jazzy DEBUGINFOD_URLS=https://debuginfod.ubuntu.com /usr/bin/cmake --install /home/yash-verma/ros2_ws/build/my_robot_description
