[0.011s] Invoking command in '/home/yash-verma/ros2_ws/build/urdf_tutorial': DEBUGINFOD_URLS=https://debuginfod.ubuntu.com /usr/bin/cmake /home/yash-verma/ros2_ws/src/urdf_tutorial -DCATKIN_INSTALL_INTO_PREFIX_ROOT=0 -DCMAKE_INSTALL_PREFIX=/home/yash-verma/ros2_ws/install/urdf_tutorial
[0.165s] -- The C compiler identification is GNU 13.3.0
[0.282s] -- The CXX compiler identification is GNU 13.3.0
[0.306s] -- Detecting C compiler ABI info
[0.408s] -- Detecting C compiler ABI info - done
[0.415s] -- Check for working C compiler: /usr/bin/cc - skipped
[0.416s] -- Detecting C compile features
[0.417s] -- Detecting C compile features - done
[0.427s] -- Detecting CXX compiler ABI info
[0.527s] -- Detecting CXX compiler ABI info - done
[0.536s] -- Check for working CXX compiler: /usr/bin/c++ - skipped
[0.536s] -- Detecting CXX compile features
[0.536s] -- Detecting CXX compile features - done
[0.551s] [31mCMake Error at CMakeLists.txt:4 (find_package):
[0.551s]   By not providing "Findcatkin.cmake" in CMAKE_MODULE_PATH this project has
[0.551s]   asked CMake to find a package configuration file provided by "catkin", but
[0.551s]   CMake did not find one.
[0.551s] 
[0.551s]   Could not find a package configuration file provided by "catkin" with any
[0.551s]   of the following names:
[0.551s] 
[0.552s]     catkinConfig.cmake
[0.552s]     catkin-config.cmake
[0.552s] 
[0.552s]   Add the installation prefix of "catkin" to CMAKE_PREFIX_PATH or set
[0.552s]   "catkin_DIR" to a directory containing one of the above files.  If "catkin"
[0.552s]   provides a separate development package or SDK, be sure it has been
[0.552s]   installed.
[0.552s] 
[0.552s] [0m
[0.552s] -- Configuring incomplete, errors occurred!
[0.554s] Invoked command in '/home/yash-verma/ros2_ws/build/urdf_tutorial' returned '1': DEBUGINFOD_URLS=https://debuginfod.ubuntu.com /usr/bin/cmake /home/yash-verma/ros2_ws/src/urdf_tutorial -DCATKIN_INSTALL_INTO_PREFIX_ROOT=0 -DCMAKE_INSTALL_PREFIX=/home/yash-verma/ros2_ws/install/urdf_tutorial
