[0.023s] Invoking command in '/home/yash-verma/ros2_ws/build/my_robot_description': CMAKE_PREFIX_PATH=${CMAKE_PREFIX_PATH}:/home/yash-verma/ros2_ws/install/turtlesim_catch_them_all:/home/yash-verma/ros2_ws/install/my_py_pkg:/opt/ros/jazzy DEBUGINFOD_URLS=https://debuginfod.ubuntu.com /usr/bin/cmake --build /home/yash-verma/ros2_ws/build/my_robot_description -- -j3 -l3
[0.087s] Invoked command in '/home/yash-verma/ros2_ws/build/my_robot_description' returned '0': CMAKE_PREFIX_PATH=${CMAKE_PREFIX_PATH}:/home/yash-verma/ros2_ws/install/turtlesim_catch_them_all:/home/yash-verma/ros2_ws/install/my_py_pkg:/opt/ros/jazzy DEBUGINFOD_URLS=https://debuginfod.ubuntu.com /usr/bin/cmake --build /home/yash-verma/ros2_ws/build/my_robot_description -- -j3 -l3
[0.099s] Invoking command in '/home/yash-verma/ros2_ws/build/my_robot_description': CMAKE_PREFIX_PATH=${CMAKE_PREFIX_PATH}:/home/yash-verma/ros2_ws/install/turtlesim_catch_them_all:/home/yash-verma/ros2_ws/install/my_py_pkg:/opt/ros/jazzy DEBUGINFOD_URLS=https://debuginfod.ubuntu.com /usr/bin/cmake --install /home/yash-verma/ros2_ws/build/my_robot_description
[0.115s] -- Install configuration: ""
[0.117s] -- Up-to-date: /home/yash-verma/ros2_ws/install/my_robot_description/share/my_robot_description//urdf
[0.117s] -- Installing: /home/yash-verma/ros2_ws/install/my_robot_description/share/my_robot_description//urdf/my_robot1.urdf.xacro
[0.117s] -- Installing: /home/yash-verma/ros2_ws/install/my_robot_description/share/my_robot_description//urdf/my_robot.urdf.xacro
[0.117s] -- Up-to-date: /home/yash-verma/ros2_ws/install/my_robot_description/share/my_robot_description//launch
[0.118s] -- Up-to-date: /home/yash-verma/ros2_ws/install/my_robot_description/share/my_robot_description//launch/__pycache__
[0.118s] -- Installing: /home/yash-verma/ros2_ws/install/my_robot_description/share/my_robot_description//launch/__pycache__/display.launch.cpython-312.pyc
[0.118s] -- Up-to-date: /home/yash-verma/ros2_ws/install/my_robot_description/share/my_robot_description//launch/display.launch.xml
[0.118s] -- Installing: /home/yash-verma/ros2_ws/install/my_robot_description/share/my_robot_description//launch/display.launch.py
[0.119s] -- Up-to-date: /home/yash-verma/ros2_ws/install/my_robot_description/share/my_robot_description//rviz
[0.120s] -- Up-to-date: /home/yash-verma/ros2_ws/install/my_robot_description/share/my_robot_description//rviz/urdf_config.rviz
[0.120s] -- Up-to-date: /home/yash-verma/ros2_ws/install/my_robot_description/share/ament_index/resource_index/package_run_dependencies/my_robot_description
[0.120s] -- Up-to-date: /home/yash-verma/ros2_ws/install/my_robot_description/share/ament_index/resource_index/parent_prefix_path/my_robot_description
[0.120s] -- Up-to-date: /home/yash-verma/ros2_ws/install/my_robot_description/share/my_robot_description/environment/ament_prefix_path.sh
[0.120s] -- Up-to-date: /home/yash-verma/ros2_ws/install/my_robot_description/share/my_robot_description/environment/ament_prefix_path.dsv
[0.120s] -- Up-to-date: /home/yash-verma/ros2_ws/install/my_robot_description/share/my_robot_description/environment/path.sh
[0.120s] -- Up-to-date: /home/yash-verma/ros2_ws/install/my_robot_description/share/my_robot_description/environment/path.dsv
[0.120s] -- Up-to-date: /home/yash-verma/ros2_ws/install/my_robot_description/share/my_robot_description/local_setup.bash
[0.121s] -- Up-to-date: /home/yash-verma/ros2_ws/install/my_robot_description/share/my_robot_description/local_setup.sh
[0.121s] -- Up-to-date: /home/yash-verma/ros2_ws/install/my_robot_description/share/my_robot_description/local_setup.zsh
[0.121s] -- Up-to-date: /home/yash-verma/ros2_ws/install/my_robot_description/share/my_robot_description/local_setup.dsv
[0.121s] -- Up-to-date: /home/yash-verma/ros2_ws/install/my_robot_description/share/my_robot_description/package.dsv
[0.121s] -- Up-to-date: /home/yash-verma/ros2_ws/install/my_robot_description/share/ament_index/resource_index/packages/my_robot_description
[0.121s] -- Up-to-date: /home/yash-verma/ros2_ws/install/my_robot_description/share/my_robot_description/cmake/my_robot_descriptionConfig.cmake
[0.121s] -- Up-to-date: /home/yash-verma/ros2_ws/install/my_robot_description/share/my_robot_description/cmake/my_robot_descriptionConfig-version.cmake
[0.121s] -- Up-to-date: /home/yash-verma/ros2_ws/install/my_robot_description/share/my_robot_description/package.xml
[0.122s] Invoked command in '/home/yash-verma/ros2_ws/build/my_robot_description' returned '0': CMAKE_PREFIX_PATH=${CMAKE_PREFIX_PATH}:/home/yash-verma/ros2_ws/install/turtlesim_catch_them_all:/home/yash-verma/ros2_ws/install/my_py_pkg:/opt/ros/jazzy DEBUGINFOD_URLS=https://debuginfod.ubuntu.com /usr/bin/cmake --install /home/yash-verma/ros2_ws/build/my_robot_description
