[1.583s] Invoking command in '/home/yash-verma/ros2_ws/build/my_py_pkg': DEBUGINFOD_URLS=https://debuginfod.ubuntu.com PYTHONPATH=/home/yash-verma/ros2_ws/build/my_py_pkg/prefix_override:/usr/lib/python3/dist-packages/colcon_core/task/python/colcon_distutils_commands:/home/yash-verma/ros2_ws/install/my_py_pkg/lib/python3.12/site-packages:${PYTHONPATH} /usr/bin/python3 -W ignore:setup.py install is deprecated -W ignore:easy_install command is deprecated setup.py develop --editable --build-directory /home/yash-verma/ros2_ws/build/my_py_pkg/build --no-deps symlink_data --force
[1.888s] running develop
[2.090s] running egg_info
[2.106s] writing my_py_pkg.egg-info/PKG-INFO
[2.107s] writing dependency_links to my_py_pkg.egg-info/dependency_links.txt
[2.107s] writing entry points to my_py_pkg.egg-info/entry_points.txt
[2.107s] writing requirements to my_py_pkg.egg-info/requires.txt
[2.108s] writing top-level names to my_py_pkg.egg-info/top_level.txt
[2.143s] reading manifest file 'my_py_pkg.egg-info/SOURCES.txt'
[2.143s] writing manifest file 'my_py_pkg.egg-info/SOURCES.txt'
[2.162s] running build_ext
[2.162s] Creating /home/yash-verma/ros2_ws/install/my_py_pkg/lib/python3.12/site-packages/my-py-pkg.egg-link (link to .)
[2.163s] Installing add_two_ints_client script to /home/yash-verma/ros2_ws/install/my_py_pkg/lib/my_py_pkg
[2.164s] Installing add_two_ints_client_no_oop script to /home/yash-verma/ros2_ws/install/my_py_pkg/lib/my_py_pkg
[2.164s] Installing add_two_ints_server script to /home/yash-verma/ros2_ws/install/my_py_pkg/lib/my_py_pkg
[2.164s] Installing number_counter script to /home/yash-verma/ros2_ws/install/my_py_pkg/lib/my_py_pkg
[2.164s] Installing number_publisher script to /home/yash-verma/ros2_ws/install/my_py_pkg/lib/my_py_pkg
[2.164s] Installing py_node script to /home/yash-verma/ros2_ws/install/my_py_pkg/lib/my_py_pkg
[2.164s] Installing robot_news_station script to /home/yash-verma/ros2_ws/install/my_py_pkg/lib/my_py_pkg
[2.165s] Installing smartphone script to /home/yash-verma/ros2_ws/install/my_py_pkg/lib/my_py_pkg
[2.165s] 
[2.165s] Installed /home/yash-verma/ros2_ws/build/my_py_pkg
[2.165s] running symlink_data
[2.165s] symbolically linking /home/yash-verma/ros2_ws/build/my_py_pkg/resource/my_py_pkg -> /home/yash-verma/ros2_ws/install/my_py_pkg/share/ament_index/resource_index/packages
[2.165s] symbolically linking /home/yash-verma/ros2_ws/build/my_py_pkg/package.xml -> /home/yash-verma/ros2_ws/install/my_py_pkg/share/my_py_pkg
[2.205s] Invoked command in '/home/yash-verma/ros2_ws/build/my_py_pkg' returned '0': DEBUGINFOD_URLS=https://debuginfod.ubuntu.com PYTHONPATH=/home/yash-verma/ros2_ws/build/my_py_pkg/prefix_override:/usr/lib/python3/dist-packages/colcon_core/task/python/colcon_distutils_commands:/home/yash-verma/ros2_ws/install/my_py_pkg/lib/python3.12/site-packages:${PYTHONPATH} /usr/bin/python3 -W ignore:setup.py install is deprecated -W ignore:easy_install command is deprecated setup.py develop --editable --build-directory /home/yash-verma/ros2_ws/build/my_py_pkg/build --no-deps symlink_data --force
