[1.358s] Invoking command in '/home/yash-verma/ros2_ws/src/my_urdf_robot': DEBUGINFOD_URLS=https://debuginfod.ubuntu.com PYTHONPATH=/home/yash-verma/ros2_ws/build/my_urdf_robot/prefix_override:/usr/lib/python3/dist-packages/colcon_core/task/python/colcon_distutils_commands:/home/yash-verma/ros2_ws/install/my_urdf_robot/lib/python3.12/site-packages:${PYTHONPATH} /usr/bin/python3 -W ignore:setup.py install is deprecated -W ignore:easy_install command is deprecated setup.py egg_info --egg-base ../../build/my_urdf_robot build --build-base /home/yash-verma/ros2_ws/build/my_urdf_robot/build install --record /home/yash-verma/ros2_ws/build/my_urdf_robot/install.log --single-version-externally-managed install_data
[1.720s] running egg_info
[1.743s] writing ../../build/my_urdf_robot/my_urdf_robot.egg-info/PKG-INFO
[1.744s] writing dependency_links to ../../build/my_urdf_robot/my_urdf_robot.egg-info/dependency_links.txt
[1.745s] writing requirements to ../../build/my_urdf_robot/my_urdf_robot.egg-info/requires.txt
[1.745s] writing top-level names to ../../build/my_urdf_robot/my_urdf_robot.egg-info/top_level.txt
[1.800s] reading manifest file '../../build/my_urdf_robot/my_urdf_robot.egg-info/SOURCES.txt'
[1.804s] writing manifest file '../../build/my_urdf_robot/my_urdf_robot.egg-info/SOURCES.txt'
[1.804s] running build
[1.804s] running build_py
[1.806s] running install
[1.812s] running install_lib
[1.842s] running install_data
[1.842s] copying launch/display.launch.py -> /home/yash-verma/ros2_ws/install/my_urdf_robot/share/my_urdf_robot/launch
[1.843s] running install_egg_info
[1.866s] removing '/home/yash-verma/ros2_ws/install/my_urdf_robot/lib/python3.12/site-packages/my_urdf_robot-0.0.0-py3.12.egg-info' (and everything under it)
[1.871s] Copying ../../build/my_urdf_robot/my_urdf_robot.egg-info to /home/yash-verma/ros2_ws/install/my_urdf_robot/lib/python3.12/site-packages/my_urdf_robot-0.0.0-py3.12.egg-info
[1.871s] running install_scripts
[2.095s] writing list of installed files to '/home/yash-verma/ros2_ws/build/my_urdf_robot/install.log'
[2.148s] Invoked command in '/home/yash-verma/ros2_ws/src/my_urdf_robot' returned '0': DEBUGINFOD_URLS=https://debuginfod.ubuntu.com PYTHONPATH=/home/yash-verma/ros2_ws/build/my_urdf_robot/prefix_override:/usr/lib/python3/dist-packages/colcon_core/task/python/colcon_distutils_commands:/home/yash-verma/ros2_ws/install/my_urdf_robot/lib/python3.12/site-packages:${PYTHONPATH} /usr/bin/python3 -W ignore:setup.py install is deprecated -W ignore:easy_install command is deprecated setup.py egg_info --egg-base ../../build/my_urdf_robot build --build-base /home/yash-verma/ros2_ws/build/my_urdf_robot/build install --record /home/yash-verma/ros2_ws/build/my_urdf_robot/install.log --single-version-externally-managed install_data
