-- The C compiler identification is GNU 13.3.0
-- The CXX compiler identification is GNU 13.3.0
-- Detecting C compiler ABI info
-- Detecting C compiler ABI info - done
-- Check for working C compiler: /usr/bin/cc - skipped
-- Detecting C compile features
-- Detecting C compile features - done
-- Detecting CXX compiler ABI info
-- Detecting CXX compiler ABI info - done
-- Check for working CXX compiler: /usr/bin/c++ - skipped
-- Detecting CXX compile features
-- Detecting CXX compile features - done
-- Found ament_cmake: 2.5.4 (/opt/ros/jazzy/share/ament_cmake/cmake)
-- Found Python3: /usr/bin/python3 (found version "3.12.3") found components: Interpreter 
-- Override CMake install command with custom implementation using symlinks instead of copying resources
-- Configuring done (0.9s)
-- Generating done (0.0s)
-- Build files have been written to: /home/yash-verma/ros2_ws/build/my_robot_bringup
-- Install configuration: ""
-- Execute custom install script
-- Symlinking: /home/yash-verma/ros2_ws/install/my_robot_bringup/share/my_robot_bringup//launch/number_app.launch.py
-- Symlinking: /home/yash-verma/ros2_ws/install/my_robot_bringup/share/my_robot_bringup//launch/number_app.launch.xml
-- Symlinking: /home/yash-verma/ros2_ws/install/my_robot_bringup/share/my_robot_bringup//launch/number_app_from_python.launch.xml
-- Symlinking: /home/yash-verma/ros2_ws/install/my_robot_bringup/share/my_robot_bringup//launch/radio.launch.xml
-- Symlinking: /home/yash-verma/ros2_ws/install/my_robot_bringup/share/my_robot_bringup//launch/turtlesim_catch_them_all.launch.xml
-- Symlinking: /home/yash-verma/ros2_ws/install/my_robot_bringup/share/my_robot_bringup//config/catch_them_all_config.yaml
-- Symlinking: /home/yash-verma/ros2_ws/install/my_robot_bringup/share/my_robot_bringup//config/number_app.yaml
-- Symlinking: /home/yash-verma/ros2_ws/install/my_robot_bringup/share/my_robot_bringup//config/radio_config.yaml
-- Symlinking: /home/yash-verma/ros2_ws/install/my_robot_bringup/share/ament_index/resource_index/package_run_dependencies/my_robot_bringup
-- Symlinking: /home/yash-verma/ros2_ws/install/my_robot_bringup/share/ament_index/resource_index/parent_prefix_path/my_robot_bringup
-- Symlinking: /home/yash-verma/ros2_ws/install/my_robot_bringup/share/my_robot_bringup/environment/ament_prefix_path.sh
-- Symlinking: /home/yash-verma/ros2_ws/install/my_robot_bringup/share/my_robot_bringup/environment/ament_prefix_path.dsv
-- Symlinking: /home/yash-verma/ros2_ws/install/my_robot_bringup/share/my_robot_bringup/environment/path.sh
-- Symlinking: /home/yash-verma/ros2_ws/install/my_robot_bringup/share/my_robot_bringup/environment/path.dsv
-- Symlinking: /home/yash-verma/ros2_ws/install/my_robot_bringup/share/my_robot_bringup/local_setup.bash
-- Symlinking: /home/yash-verma/ros2_ws/install/my_robot_bringup/share/my_robot_bringup/local_setup.sh
-- Symlinking: /home/yash-verma/ros2_ws/install/my_robot_bringup/share/my_robot_bringup/local_setup.zsh
-- Symlinking: /home/yash-verma/ros2_ws/install/my_robot_bringup/share/my_robot_bringup/local_setup.dsv
-- Symlinking: /home/yash-verma/ros2_ws/install/my_robot_bringup/share/my_robot_bringup/package.dsv
-- Symlinking: /home/yash-verma/ros2_ws/install/my_robot_bringup/share/ament_index/resource_index/packages/my_robot_bringup
-- Symlinking: /home/yash-verma/ros2_ws/install/my_robot_bringup/share/my_robot_bringup/cmake/my_robot_bringupConfig.cmake
-- Symlinking: /home/yash-verma/ros2_ws/install/my_robot_bringup/share/my_robot_bringup/cmake/my_robot_bringupConfig-version.cmake
-- Symlinking: /home/yash-verma/ros2_ws/install/my_robot_bringup/share/my_robot_bringup/package.xml
