[0.025s] Invoking command in '/home/yash-verma/ros2_ws/build/my_robot_bringup': CMAKE_PREFIX_PATH=${CMAKE_PREFIX_PATH}:/home/yash-verma/ros2_ws/install/my_py_pkg:/opt/ros/jazzy DEBUGINFOD_URLS=https://debuginfod.ubuntu.com /usr/bin/cmake /home/yash-verma/ros2_ws/src/my_robot_bringup -DCMAKE_INSTALL_PREFIX=/home/yash-verma/ros2_ws/install/my_robot_bringup
[0.043s] -- Found ament_cmake: 2.5.3 (/opt/ros/jazzy/share/ament_cmake/cmake)
[0.364s] -- Configuring done (0.3s)
[0.368s] -- Generating done (0.0s)
[0.370s] -- Build files have been written to: /home/yash-verma/ros2_ws/build/my_robot_bringup
[0.374s] Invoked command in '/home/yash-verma/ros2_ws/build/my_robot_bringup' returned '0': CMAKE_PREFIX_PATH=${CMAKE_PREFIX_PATH}:/home/yash-verma/ros2_ws/install/my_py_pkg:/opt/ros/jazzy DEBUGINFOD_URLS=https://debuginfod.ubuntu.com /usr/bin/cmake /home/yash-verma/ros2_ws/src/my_robot_bringup -DCMAKE_INSTALL_PREFIX=/home/yash-verma/ros2_ws/install/my_robot_bringup
[0.375s] Invoking command in '/home/yash-verma/ros2_ws/build/my_robot_bringup': CMAKE_PREFIX_PATH=${CMAKE_PREFIX_PATH}:/home/yash-verma/ros2_ws/install/my_py_pkg:/opt/ros/jazzy DEBUGINFOD_URLS=https://debuginfod.ubuntu.com /usr/bin/cmake --build /home/yash-verma/ros2_ws/build/my_robot_bringup -- -j3 -l3
[0.423s] Invoked command in '/home/yash-verma/ros2_ws/build/my_robot_bringup' returned '0': CMAKE_PREFIX_PATH=${CMAKE_PREFIX_PATH}:/home/yash-verma/ros2_ws/install/my_py_pkg:/opt/ros/jazzy DEBUGINFOD_URLS=https://debuginfod.ubuntu.com /usr/bin/cmake --build /home/yash-verma/ros2_ws/build/my_robot_bringup -- -j3 -l3
[0.436s] Invoking command in '/home/yash-verma/ros2_ws/build/my_robot_bringup': CMAKE_PREFIX_PATH=${CMAKE_PREFIX_PATH}:/home/yash-verma/ros2_ws/install/my_py_pkg:/opt/ros/jazzy DEBUGINFOD_URLS=https://debuginfod.ubuntu.com /usr/bin/cmake --install /home/yash-verma/ros2_ws/build/my_robot_bringup
[0.446s] -- Install configuration: ""
[0.447s] -- Up-to-date: /home/yash-verma/ros2_ws/install/my_robot_bringup/share/my_robot_bringup/
[0.447s] -- Installing: /home/yash-verma/ros2_ws/install/my_robot_bringup/share/my_robot_bringup//number_app.launch.xml
[0.448s] -- Installing: /home/yash-verma/ros2_ws/install/my_robot_bringup/share/ament_index/resource_index/package_run_dependencies/my_robot_bringup
[0.448s] -- Installing: /home/yash-verma/ros2_ws/install/my_robot_bringup/share/ament_index/resource_index/parent_prefix_path/my_robot_bringup
[0.448s] -- Installing: /home/yash-verma/ros2_ws/install/my_robot_bringup/share/my_robot_bringup/environment/ament_prefix_path.sh
[0.448s] -- Installing: /home/yash-verma/ros2_ws/install/my_robot_bringup/share/my_robot_bringup/environment/ament_prefix_path.dsv
[0.449s] -- Installing: /home/yash-verma/ros2_ws/install/my_robot_bringup/share/my_robot_bringup/environment/path.sh
[0.449s] -- Installing: /home/yash-verma/ros2_ws/install/my_robot_bringup/share/my_robot_bringup/environment/path.dsv
[0.450s] -- Installing: /home/yash-verma/ros2_ws/install/my_robot_bringup/share/my_robot_bringup/local_setup.bash
[0.450s] -- Installing: /home/yash-verma/ros2_ws/install/my_robot_bringup/share/my_robot_bringup/local_setup.sh
[0.451s] -- Installing: /home/yash-verma/ros2_ws/install/my_robot_bringup/share/my_robot_bringup/local_setup.zsh
[0.451s] -- Installing: /home/yash-verma/ros2_ws/install/my_robot_bringup/share/my_robot_bringup/local_setup.dsv
[0.451s] -- Installing: /home/yash-verma/ros2_ws/install/my_robot_bringup/share/my_robot_bringup/package.dsv
[0.451s] -- Installing: /home/yash-verma/ros2_ws/install/my_robot_bringup/share/ament_index/resource_index/packages/my_robot_bringup
[0.451s] -- Installing: /home/yash-verma/ros2_ws/install/my_robot_bringup/share/my_robot_bringup/cmake/my_robot_bringupConfig.cmake
[0.451s] -- Installing: /home/yash-verma/ros2_ws/install/my_robot_bringup/share/my_robot_bringup/cmake/my_robot_bringupConfig-version.cmake
[0.452s] -- Installing: /home/yash-verma/ros2_ws/install/my_robot_bringup/share/my_robot_bringup/package.xml
[0.452s] Invoked command in '/home/yash-verma/ros2_ws/build/my_robot_bringup' returned '0': CMAKE_PREFIX_PATH=${CMAKE_PREFIX_PATH}:/home/yash-verma/ros2_ws/install/my_py_pkg:/opt/ros/jazzy DEBUGINFOD_URLS=https://debuginfod.ubuntu.com /usr/bin/cmake --install /home/yash-verma/ros2_ws/build/my_robot_bringup
