[0.023s] Invoking command in '/home/yash-verma/ros2_ws/build/my_robot_description': CMAKE_PREFIX_PATH=${CMAKE_PREFIX_PATH}:/home/yash-verma/ros2_ws/install/turtlesim_catch_them_all:/home/yash-verma/ros2_ws/install/my_py_pkg:/opt/ros/jazzy DEBUGINFOD_URLS=https://debuginfod.ubuntu.com /usr/bin/cmake /home/yash-verma/ros2_ws/src/my_robot_description -DCMAKE_INSTALL_PREFIX=/home/yash-verma/ros2_ws/install/my_robot_description
[0.087s] -- The C compiler identification is GNU 13.3.0
[0.170s] -- The CXX compiler identification is GNU 13.3.0
[0.190s] -- Detecting C compiler ABI info
[0.468s] -- Detecting C compiler ABI info - done
[0.497s] -- Check for working C compiler: /usr/bin/cc - skipped
[0.501s] -- Detecting C compile features
[0.502s] -- Detecting C compile features - done
[0.519s] -- Detecting CXX compiler ABI info
[0.691s] -- Detecting CXX compiler ABI info - done
[0.711s] -- Check for working CXX compiler: /usr/bin/c++ - skipped
[0.712s] -- Detecting CXX compile features
[0.719s] -- Detecting CXX compile features - done
[0.726s] -- Found ament_cmake: 2.5.4 (/opt/ros/jazzy/share/ament_cmake/cmake)
[1.168s] -- Found Python3: /usr/bin/python3 (found version "3.12.3") found components: Interpreter 
[1.708s] -- Configuring done (1.7s)
[1.711s] -- Generating done (0.0s)
[1.714s] -- Build files have been written to: /home/yash-verma/ros2_ws/build/my_robot_description
[1.722s] Invoked command in '/home/yash-verma/ros2_ws/build/my_robot_description' returned '0': CMAKE_PREFIX_PATH=${CMAKE_PREFIX_PATH}:/home/yash-verma/ros2_ws/install/turtlesim_catch_them_all:/home/yash-verma/ros2_ws/install/my_py_pkg:/opt/ros/jazzy DEBUGINFOD_URLS=https://debuginfod.ubuntu.com /usr/bin/cmake /home/yash-verma/ros2_ws/src/my_robot_description -DCMAKE_INSTALL_PREFIX=/home/yash-verma/ros2_ws/install/my_robot_description
[1.724s] Invoking command in '/home/yash-verma/ros2_ws/build/my_robot_description': CMAKE_PREFIX_PATH=${CMAKE_PREFIX_PATH}:/home/yash-verma/ros2_ws/install/turtlesim_catch_them_all:/home/yash-verma/ros2_ws/install/my_py_pkg:/opt/ros/jazzy DEBUGINFOD_URLS=https://debuginfod.ubuntu.com /usr/bin/cmake --build /home/yash-verma/ros2_ws/build/my_robot_description -- -j3 -l3
[1.934s] Invoked command in '/home/yash-verma/ros2_ws/build/my_robot_description' returned '0': CMAKE_PREFIX_PATH=${CMAKE_PREFIX_PATH}:/home/yash-verma/ros2_ws/install/turtlesim_catch_them_all:/home/yash-verma/ros2_ws/install/my_py_pkg:/opt/ros/jazzy DEBUGINFOD_URLS=https://debuginfod.ubuntu.com /usr/bin/cmake --build /home/yash-verma/ros2_ws/build/my_robot_description -- -j3 -l3
[2.052s] Invoking command in '/home/yash-verma/ros2_ws/build/my_robot_description': CMAKE_PREFIX_PATH=${CMAKE_PREFIX_PATH}:/home/yash-verma/ros2_ws/install/turtlesim_catch_them_all:/home/yash-verma/ros2_ws/install/my_py_pkg:/opt/ros/jazzy DEBUGINFOD_URLS=https://debuginfod.ubuntu.com /usr/bin/cmake --install /home/yash-verma/ros2_ws/build/my_robot_description
[2.075s] -- Install configuration: ""
[2.076s] -- Installing: /home/yash-verma/ros2_ws/install/my_robot_description/share/my_robot_description//urdf
[2.078s] -- Installing: /home/yash-verma/ros2_ws/install/my_robot_description/share/my_robot_description//urdf/my_robot.urdf.xacro
[2.078s] -- Installing: /home/yash-verma/ros2_ws/install/my_robot_description/share/my_robot_description//launch
[2.078s] -- Installing: /home/yash-verma/ros2_ws/install/my_robot_description/share/my_robot_description//launch/__pycache__
[2.078s] -- Installing: /home/yash-verma/ros2_ws/install/my_robot_description/share/my_robot_description//launch/__pycache__/display.launch.cpython-312.pyc
[2.078s] -- Installing: /home/yash-verma/ros2_ws/install/my_robot_description/share/my_robot_description//launch/display.launch.xml
[2.079s] -- Installing: /home/yash-verma/ros2_ws/install/my_robot_description/share/my_robot_description//launch/display.launch.py
[2.079s] -- Installing: /home/yash-verma/ros2_ws/install/my_robot_description/share/my_robot_description//rviz
[2.079s] -- Installing: /home/yash-verma/ros2_ws/install/my_robot_description/share/my_robot_description//rviz/urdf_config.rviz
[2.082s] -- Installing: /home/yash-verma/ros2_ws/install/my_robot_description/share/ament_index/resource_index/package_run_dependencies/my_robot_description
[2.082s] -- Installing: /home/yash-verma/ros2_ws/install/my_robot_description/share/ament_index/resource_index/parent_prefix_path/my_robot_description
[2.083s] -- Installing: /home/yash-verma/ros2_ws/install/my_robot_description/share/my_robot_description/environment/ament_prefix_path.sh
[2.084s] -- Installing: /home/yash-verma/ros2_ws/install/my_robot_description/share/my_robot_description/environment/ament_prefix_path.dsv
[2.084s] -- Installing: /home/yash-verma/ros2_ws/install/my_robot_description/share/my_robot_description/environment/path.sh
[2.085s] -- Installing: /home/yash-verma/ros2_ws/install/my_robot_description/share/my_robot_description/environment/path.dsv
[2.085s] -- Installing: /home/yash-verma/ros2_ws/install/my_robot_description/share/my_robot_description/local_setup.bash
[2.085s] -- Installing: /home/yash-verma/ros2_ws/install/my_robot_description/share/my_robot_description/local_setup.sh
[2.088s] -- Installing: /home/yash-verma/ros2_ws/install/my_robot_description/share/my_robot_description/local_setup.zsh
[2.088s] -- Installing: /home/yash-verma/ros2_ws/install/my_robot_description/share/my_robot_description/local_setup.dsv
[2.089s] -- Installing: /home/yash-verma/ros2_ws/install/my_robot_description/share/my_robot_description/package.dsv
[2.089s] -- Installing: /home/yash-verma/ros2_ws/install/my_robot_description/share/ament_index/resource_index/packages/my_robot_description
[2.089s] -- Installing: /home/yash-verma/ros2_ws/install/my_robot_description/share/my_robot_description/cmake/my_robot_descriptionConfig.cmake
[2.089s] -- Installing: /home/yash-verma/ros2_ws/install/my_robot_description/share/my_robot_description/cmake/my_robot_descriptionConfig-version.cmake
[2.092s] -- Installing: /home/yash-verma/ros2_ws/install/my_robot_description/share/my_robot_description/package.xml
[2.096s] Invoked command in '/home/yash-verma/ros2_ws/build/my_robot_description' returned '0': CMAKE_PREFIX_PATH=${CMAKE_PREFIX_PATH}:/home/yash-verma/ros2_ws/install/turtlesim_catch_them_all:/home/yash-verma/ros2_ws/install/my_py_pkg:/opt/ros/jazzy DEBUGINFOD_URLS=https://debuginfod.ubuntu.com /usr/bin/cmake --install /home/yash-verma/ros2_ws/build/my_robot_description
