[0.868s] Invoking command in '/home/yash-verma/ros2_ws/src/my_py_pkg': DEBUGINFOD_URLS=https://debuginfod.ubuntu.com PYTHONPATH=/home/yash-verma/ros2_ws/src/build/my_py_pkg/prefix_override:/usr/lib/python3/dist-packages/colcon_core/task/python/colcon_distutils_commands:/home/yash-verma/ros2_ws/src/install/my_py_pkg/lib/python3.12/site-packages:${PYTHONPATH} /usr/bin/python3 -W ignore:setup.py install is deprecated -W ignore:easy_install command is deprecated setup.py egg_info --egg-base ../build/my_py_pkg build --build-base /home/yash-verma/ros2_ws/src/build/my_py_pkg/build install --record /home/yash-verma/ros2_ws/src/build/my_py_pkg/install.log --single-version-externally-managed install_data
[1.127s] running egg_info
[1.149s] writing ../build/my_py_pkg/my_py_pkg.egg-info/PKG-INFO
[1.150s] writing dependency_links to ../build/my_py_pkg/my_py_pkg.egg-info/dependency_links.txt
[1.150s] writing entry points to ../build/my_py_pkg/my_py_pkg.egg-info/entry_points.txt
[1.150s] writing requirements to ../build/my_py_pkg/my_py_pkg.egg-info/requires.txt
[1.150s] writing top-level names to ../build/my_py_pkg/my_py_pkg.egg-info/top_level.txt
[1.183s] reading manifest file '../build/my_py_pkg/my_py_pkg.egg-info/SOURCES.txt'
[1.184s] writing manifest file '../build/my_py_pkg/my_py_pkg.egg-info/SOURCES.txt'
[1.184s] running build
[1.184s] running build_py
[1.185s] copying my_py_pkg/template_python_node.py -> /home/yash-verma/ros2_ws/src/build/my_py_pkg/build/lib/my_py_pkg
[1.186s] running install
[1.191s] running install_lib
[1.208s] copying /home/yash-verma/ros2_ws/src/build/my_py_pkg/build/lib/my_py_pkg/template_python_node.py -> /home/yash-verma/ros2_ws/src/install/my_py_pkg/lib/python3.12/site-packages/my_py_pkg
[1.208s] byte-compiling /home/yash-verma/ros2_ws/src/install/my_py_pkg/lib/python3.12/site-packages/my_py_pkg/template_python_node.py to template_python_node.cpython-312.pyc
[1.208s] running install_data
[1.210s] running install_egg_info
[1.226s] removing '/home/yash-verma/ros2_ws/src/install/my_py_pkg/lib/python3.12/site-packages/my_py_pkg-0.0.0-py3.12.egg-info' (and everything under it)
[1.227s] Copying ../build/my_py_pkg/my_py_pkg.egg-info to /home/yash-verma/ros2_ws/src/install/my_py_pkg/lib/python3.12/site-packages/my_py_pkg-0.0.0-py3.12.egg-info
[1.228s] running install_scripts
[1.355s] Installing add_two_ints_server script to /home/yash-verma/ros2_ws/src/install/my_py_pkg/lib/my_py_pkg
[1.356s] Installing number_counter script to /home/yash-verma/ros2_ws/src/install/my_py_pkg/lib/my_py_pkg
[1.357s] Installing number_publisher script to /home/yash-verma/ros2_ws/src/install/my_py_pkg/lib/my_py_pkg
[1.357s] Installing py_node script to /home/yash-verma/ros2_ws/src/install/my_py_pkg/lib/my_py_pkg
[1.357s] Installing robot_news_station script to /home/yash-verma/ros2_ws/src/install/my_py_pkg/lib/my_py_pkg
[1.357s] Installing smartphone script to /home/yash-verma/ros2_ws/src/install/my_py_pkg/lib/my_py_pkg
[1.357s] writing list of installed files to '/home/yash-verma/ros2_ws/src/build/my_py_pkg/install.log'
[1.388s] Invoked command in '/home/yash-verma/ros2_ws/src/my_py_pkg' returned '0': DEBUGINFOD_URLS=https://debuginfod.ubuntu.com PYTHONPATH=/home/yash-verma/ros2_ws/src/build/my_py_pkg/prefix_override:/usr/lib/python3/dist-packages/colcon_core/task/python/colcon_distutils_commands:/home/yash-verma/ros2_ws/src/install/my_py_pkg/lib/python3.12/site-packages:${PYTHONPATH} /usr/bin/python3 -W ignore:setup.py install is deprecated -W ignore:easy_install command is deprecated setup.py egg_info --egg-base ../build/my_py_pkg build --build-base /home/yash-verma/ros2_ws/src/build/my_py_pkg/build install --record /home/yash-verma/ros2_ws/src/build/my_py_pkg/install.log --single-version-externally-managed install_data
