[0.676s] Invoking command in '/home/yash-verma/ros2_ws/build/turtlesim_catch_them_all': DEBUGINFOD_URLS=https://debuginfod.ubuntu.com PYTHONPATH=/home/yash-verma/ros2_ws/build/turtlesim_catch_them_all/prefix_override:/usr/lib/python3/dist-packages/colcon_core/task/python/colcon_distutils_commands:/home/yash-verma/ros2_ws/install/turtlesim_catch_them_all/lib/python3.12/site-packages:${PYTHONPATH} /usr/bin/python3 -W ignore:setup.py install is deprecated -W ignore:easy_install command is deprecated setup.py develop --editable --build-directory /home/yash-verma/ros2_ws/build/turtlesim_catch_them_all/build --no-deps symlink_data
[0.955s] running develop
[1.113s] running egg_info
[1.113s] creating turtlesim_catch_them_all.egg-info
[1.126s] writing turtlesim_catch_them_all.egg-info/PKG-INFO
[1.126s] writing dependency_links to turtlesim_catch_them_all.egg-info/dependency_links.txt
[1.127s] writing entry points to turtlesim_catch_them_all.egg-info/entry_points.txt
[1.127s] writing requirements to turtlesim_catch_them_all.egg-info/requires.txt
[1.127s] writing top-level names to turtlesim_catch_them_all.egg-info/top_level.txt
[1.127s] writing manifest file 'turtlesim_catch_them_all.egg-info/SOURCES.txt'
[1.157s] reading manifest file 'turtlesim_catch_them_all.egg-info/SOURCES.txt'
[1.157s] writing manifest file 'turtlesim_catch_them_all.egg-info/SOURCES.txt'
[1.173s] running build_ext
[1.173s] Creating /home/yash-verma/ros2_ws/install/turtlesim_catch_them_all/lib/python3.12/site-packages/turtlesim-catch-them-all.egg-link (link to .)
[1.174s] Installing controller script to /home/yash-verma/ros2_ws/install/turtlesim_catch_them_all/lib/turtlesim_catch_them_all
[1.174s] 
[1.174s] Installed /home/yash-verma/ros2_ws/build/turtlesim_catch_them_all
[1.174s] running symlink_data
[1.174s] creating /home/yash-verma/ros2_ws/install/turtlesim_catch_them_all/share/ament_index
[1.174s] creating /home/yash-verma/ros2_ws/install/turtlesim_catch_them_all/share/ament_index/resource_index
[1.174s] creating /home/yash-verma/ros2_ws/install/turtlesim_catch_them_all/share/ament_index/resource_index/packages
[1.174s] symbolically linking /home/yash-verma/ros2_ws/build/turtlesim_catch_them_all/resource/turtlesim_catch_them_all -> /home/yash-verma/ros2_ws/install/turtlesim_catch_them_all/share/ament_index/resource_index/packages
[1.174s] symbolically linking /home/yash-verma/ros2_ws/build/turtlesim_catch_them_all/package.xml -> /home/yash-verma/ros2_ws/install/turtlesim_catch_them_all/share/turtlesim_catch_them_all
[1.198s] Invoked command in '/home/yash-verma/ros2_ws/build/turtlesim_catch_them_all' returned '0': DEBUGINFOD_URLS=https://debuginfod.ubuntu.com PYTHONPATH=/home/yash-verma/ros2_ws/build/turtlesim_catch_them_all/prefix_override:/usr/lib/python3/dist-packages/colcon_core/task/python/colcon_distutils_commands:/home/yash-verma/ros2_ws/install/turtlesim_catch_them_all/lib/python3.12/site-packages:${PYTHONPATH} /usr/bin/python3 -W ignore:setup.py install is deprecated -W ignore:easy_install command is deprecated setup.py develop --editable --build-directory /home/yash-verma/ros2_ws/build/turtlesim_catch_them_all/build --no-deps symlink_data
