[0.013s] Invoking command in '/home/yash-verma/ros2_ws/build/my_robot_description': CMAKE_PREFIX_PATH=${CMAKE_PREFIX_PATH}:/home/yash-verma/ros2_ws/install/turtlesim_catch_them_all:/home/yash-verma/ros2_ws/install/my_urdf_robot:/home/yash-verma/ros2_ws/install/my_py_pkg:/opt/ros/jazzy DEBUGINFOD_URLS=https://debuginfod.ubuntu.com /usr/bin/cmake /home/yash-verma/ros2_ws/src/my_robot_description -DAMENT_CMAKE_SYMLINK_INSTALL=1 -DCMAKE_INSTALL_PREFIX=/home/yash-verma/ros2_ws/install/my_robot_description
[0.148s] -- The C compiler identification is GNU 13.3.0
[0.240s] -- The CXX compiler identification is GNU 13.3.0
[0.260s] -- Detecting C compiler ABI info
[0.348s] -- Detecting C compiler ABI info - done
[0.356s] -- Check for working C compiler: /usr/bin/cc - skipped
[0.356s] -- Detecting C compile features
[0.357s] -- Detecting C compile features - done
[0.367s] -- Detecting CXX compiler ABI info
[0.453s] -- Detecting CXX compiler ABI info - done
[0.463s] -- Check for working CXX compiler: /usr/bin/c++ - skipped
[0.463s] -- Detecting CXX compile features
[0.464s] -- Detecting CXX compile features - done
[0.491s] -- Found ament_cmake: 2.5.4 (/opt/ros/jazzy/share/ament_cmake/cmake)
[0.687s] -- Found Python3: /usr/bin/python3 (found version "3.12.3") found components: Interpreter 
[0.807s] -- Override CMake install command with custom implementation using symlinks instead of copying resources
[0.993s] -- Configuring done (1.0s)
[1.007s] -- Generating done (0.0s)
[1.007s] -- Build files have been written to: /home/yash-verma/ros2_ws/build/my_robot_description
[1.009s] Invoked command in '/home/yash-verma/ros2_ws/build/my_robot_description' returned '0': CMAKE_PREFIX_PATH=${CMAKE_PREFIX_PATH}:/home/yash-verma/ros2_ws/install/turtlesim_catch_them_all:/home/yash-verma/ros2_ws/install/my_urdf_robot:/home/yash-verma/ros2_ws/install/my_py_pkg:/opt/ros/jazzy DEBUGINFOD_URLS=https://debuginfod.ubuntu.com /usr/bin/cmake /home/yash-verma/ros2_ws/src/my_robot_description -DAMENT_CMAKE_SYMLINK_INSTALL=1 -DCMAKE_INSTALL_PREFIX=/home/yash-verma/ros2_ws/install/my_robot_description
[1.010s] Invoking command in '/home/yash-verma/ros2_ws/build/my_robot_description': CMAKE_PREFIX_PATH=${CMAKE_PREFIX_PATH}:/home/yash-verma/ros2_ws/install/turtlesim_catch_them_all:/home/yash-verma/ros2_ws/install/my_urdf_robot:/home/yash-verma/ros2_ws/install/my_py_pkg:/opt/ros/jazzy DEBUGINFOD_URLS=https://debuginfod.ubuntu.com /usr/bin/cmake --build /home/yash-verma/ros2_ws/build/my_robot_description -- -j3 -l3
[1.086s] Invoked command in '/home/yash-verma/ros2_ws/build/my_robot_description' returned '0': CMAKE_PREFIX_PATH=${CMAKE_PREFIX_PATH}:/home/yash-verma/ros2_ws/install/turtlesim_catch_them_all:/home/yash-verma/ros2_ws/install/my_urdf_robot:/home/yash-verma/ros2_ws/install/my_py_pkg:/opt/ros/jazzy DEBUGINFOD_URLS=https://debuginfod.ubuntu.com /usr/bin/cmake --build /home/yash-verma/ros2_ws/build/my_robot_description -- -j3 -l3
[1.098s] Invoking command in '/home/yash-verma/ros2_ws/build/my_robot_description': CMAKE_PREFIX_PATH=${CMAKE_PREFIX_PATH}:/home/yash-verma/ros2_ws/install/turtlesim_catch_them_all:/home/yash-verma/ros2_ws/install/my_urdf_robot:/home/yash-verma/ros2_ws/install/my_py_pkg:/opt/ros/jazzy DEBUGINFOD_URLS=https://debuginfod.ubuntu.com /usr/bin/cmake --install /home/yash-verma/ros2_ws/build/my_robot_description
[1.118s] -- Install configuration: ""
[1.119s] -- Execute custom install script
[1.120s] -- Symlinking: /home/yash-verma/ros2_ws/install/my_robot_description/share/my_robot_description//urdf/my_robot.urdf
[1.135s] -- Symlinking: /home/yash-verma/ros2_ws/install/my_robot_description/share/my_robot_description//launch/display.launch.py
[1.155s] -- Symlinking: /home/yash-verma/ros2_ws/install/my_robot_description/share/my_robot_description//launch/display.launch.xml
[1.175s] -- Symlinking: /home/yash-verma/ros2_ws/install/my_robot_description/share/my_robot_description//rviz/urdf_config.rviz
[1.192s] -- Symlinking: /home/yash-verma/ros2_ws/install/my_robot_description/share/ament_index/resource_index/package_run_dependencies/my_robot_description
[1.213s] -- Symlinking: /home/yash-verma/ros2_ws/install/my_robot_description/share/ament_index/resource_index/parent_prefix_path/my_robot_description
[1.224s] -- Symlinking: /home/yash-verma/ros2_ws/install/my_robot_description/share/my_robot_description/environment/ament_prefix_path.sh
[1.231s] -- Symlinking: /home/yash-verma/ros2_ws/install/my_robot_description/share/my_robot_description/environment/ament_prefix_path.dsv
[1.239s] -- Symlinking: /home/yash-verma/ros2_ws/install/my_robot_description/share/my_robot_description/environment/path.sh
[1.250s] -- Symlinking: /home/yash-verma/ros2_ws/install/my_robot_description/share/my_robot_description/environment/path.dsv
[1.264s] -- Symlinking: /home/yash-verma/ros2_ws/install/my_robot_description/share/my_robot_description/local_setup.bash
[1.284s] -- Symlinking: /home/yash-verma/ros2_ws/install/my_robot_description/share/my_robot_description/local_setup.sh
[1.298s] -- Symlinking: /home/yash-verma/ros2_ws/install/my_robot_description/share/my_robot_description/local_setup.zsh
[1.313s] -- Symlinking: /home/yash-verma/ros2_ws/install/my_robot_description/share/my_robot_description/local_setup.dsv
[1.326s] -- Symlinking: /home/yash-verma/ros2_ws/install/my_robot_description/share/my_robot_description/package.dsv
[1.343s] -- Symlinking: /home/yash-verma/ros2_ws/install/my_robot_description/share/ament_index/resource_index/packages/my_robot_description
[1.357s] -- Symlinking: /home/yash-verma/ros2_ws/install/my_robot_description/share/my_robot_description/cmake/my_robot_descriptionConfig.cmake
[1.373s] -- Symlinking: /home/yash-verma/ros2_ws/install/my_robot_description/share/my_robot_description/cmake/my_robot_descriptionConfig-version.cmake
[1.385s] -- Symlinking: /home/yash-verma/ros2_ws/install/my_robot_description/share/my_robot_description/package.xml
[1.405s] Invoked command in '/home/yash-verma/ros2_ws/build/my_robot_description' returned '0': CMAKE_PREFIX_PATH=${CMAKE_PREFIX_PATH}:/home/yash-verma/ros2_ws/install/turtlesim_catch_them_all:/home/yash-verma/ros2_ws/install/my_urdf_robot:/home/yash-verma/ros2_ws/install/my_py_pkg:/opt/ros/jazzy DEBUGINFOD_URLS=https://debuginfod.ubuntu.com /usr/bin/cmake --install /home/yash-verma/ros2_ws/build/my_robot_description
