[0.015s] Invoking command in '/home/yash-verma/ros2_ws/build/my_robot_interfaces': CMAKE_PREFIX_PATH=${CMAKE_PREFIX_PATH}:/home/yash-verma/ros2_ws/install/turtlesim_catch_them_all:/home/yash-verma/ros2_ws/install/my_urdf_robot:/home/yash-verma/ros2_ws/install/my_py_pkg:/opt/ros/jazzy DEBUGINFOD_URLS=https://debuginfod.ubuntu.com /usr/bin/cmake --build /home/yash-verma/ros2_ws/build/my_robot_interfaces -- -j3 -l3
[0.074s] [  1%] Built target my_robot_interfaces__rosidl_generator_type_description
[0.103s] [ 25%] Built target my_robot_interfaces__rosidl_generator_c
[0.104s] [ 25%] Built target ament_cmake_python_copy_my_robot_interfaces
[0.112s] [ 26%] Built target my_robot_interfaces__cpp
[0.152s] [ 36%] Built target my_robot_interfaces__rosidl_typesupport_introspection_c
[0.154s] [ 45%] Built target my_robot_interfaces__rosidl_typesupport_fastrtps_c
[0.161s] [ 55%] Built target my_robot_interfaces__rosidl_typesupport_c
[0.185s] [ 64%] Built target my_robot_interfaces__rosidl_typesupport_fastrtps_cpp
[0.186s] [ 74%] Built target my_robot_interfaces__rosidl_typesupport_introspection_cpp
[0.217s] [ 84%] Built target my_robot_interfaces__rosidl_typesupport_cpp
[0.247s] [ 84%] Built target my_robot_interfaces
[0.273s] [ 85%] Built target my_robot_interfaces__py
[0.297s] [ 93%] Built target my_robot_interfaces__rosidl_generator_py
[0.325s] [ 95%] Built target my_robot_interfaces_s__rosidl_typesupport_fastrtps_c
[0.362s] running egg_info
[0.371s] [ 98%] Built target my_robot_interfaces_s__rosidl_typesupport_c
[0.374s] [100%] Built target my_robot_interfaces_s__rosidl_typesupport_introspection_c
[0.377s] writing my_robot_interfaces.egg-info/PKG-INFO
[0.377s] writing dependency_links to my_robot_interfaces.egg-info/dependency_links.txt
[0.377s] writing top-level names to my_robot_interfaces.egg-info/top_level.txt
[0.428s] reading manifest file 'my_robot_interfaces.egg-info/SOURCES.txt'
[0.429s] writing manifest file 'my_robot_interfaces.egg-info/SOURCES.txt'
[0.455s] [100%] Built target ament_cmake_python_build_my_robot_interfaces_egg
[0.484s] Invoked command in '/home/yash-verma/ros2_ws/build/my_robot_interfaces' returned '0': CMAKE_PREFIX_PATH=${CMAKE_PREFIX_PATH}:/home/yash-verma/ros2_ws/install/turtlesim_catch_them_all:/home/yash-verma/ros2_ws/install/my_urdf_robot:/home/yash-verma/ros2_ws/install/my_py_pkg:/opt/ros/jazzy DEBUGINFOD_URLS=https://debuginfod.ubuntu.com /usr/bin/cmake --build /home/yash-verma/ros2_ws/build/my_robot_interfaces -- -j3 -l3
[0.485s] Invoking command in '/home/yash-verma/ros2_ws/build/my_robot_interfaces': CMAKE_PREFIX_PATH=${CMAKE_PREFIX_PATH}:/home/yash-verma/ros2_ws/install/turtlesim_catch_them_all:/home/yash-verma/ros2_ws/install/my_urdf_robot:/home/yash-verma/ros2_ws/install/my_py_pkg:/opt/ros/jazzy DEBUGINFOD_URLS=https://debuginfod.ubuntu.com /usr/bin/cmake --install /home/yash-verma/ros2_ws/build/my_robot_interfaces
[0.499s] -- Install configuration: ""
[0.499s] -- Up-to-date: /home/yash-verma/ros2_ws/install/my_robot_interfaces/share/ament_index/resource_index/rosidl_interfaces/my_robot_interfaces
[0.499s] -- Up-to-date: /home/yash-verma/ros2_ws/install/my_robot_interfaces/share/my_robot_interfaces/msg/HardwareStatus.json
[0.499s] -- Up-to-date: /home/yash-verma/ros2_ws/install/my_robot_interfaces/share/my_robot_interfaces/msg/LedStateArray.json
[0.499s] -- Up-to-date: /home/yash-verma/ros2_ws/install/my_robot_interfaces/share/my_robot_interfaces/msg/Turtle.json
[0.499s] -- Up-to-date: /home/yash-verma/ros2_ws/install/my_robot_interfaces/share/my_robot_interfaces/msg/TurtleArray.json
[0.499s] -- Up-to-date: /home/yash-verma/ros2_ws/install/my_robot_interfaces/share/my_robot_interfaces/srv/ComputeRectangleArea.json
[0.499s] -- Up-to-date: /home/yash-verma/ros2_ws/install/my_robot_interfaces/share/my_robot_interfaces/srv/SetLed.json
[0.499s] -- Up-to-date: /home/yash-verma/ros2_ws/install/my_robot_interfaces/share/my_robot_interfaces/srv/CatchTurtle.json
[0.500s] -- Up-to-date: /home/yash-verma/ros2_ws/install/my_robot_interfaces/include/my_robot_interfaces/my_robot_interfaces
[0.500s] -- Up-to-date: /home/yash-verma/ros2_ws/install/my_robot_interfaces/include/my_robot_interfaces/my_robot_interfaces/msg
[0.500s] -- Up-to-date: /home/yash-verma/ros2_ws/install/my_robot_interfaces/include/my_robot_interfaces/my_robot_interfaces/msg/hardware_status.h
[0.500s] -- Up-to-date: /home/yash-verma/ros2_ws/install/my_robot_interfaces/include/my_robot_interfaces/my_robot_interfaces/msg/detail
[0.500s] -- Up-to-date: /home/yash-verma/ros2_ws/install/my_robot_interfaces/include/my_robot_interfaces/my_robot_interfaces/msg/detail/turtle__description.c
[0.500s] -- Up-to-date: /home/yash-verma/ros2_ws/install/my_robot_interfaces/include/my_robot_interfaces/my_robot_interfaces/msg/detail/hardware_status__functions.h
[0.500s] -- Up-to-date: /home/yash-verma/ros2_ws/install/my_robot_interfaces/include/my_robot_interfaces/my_robot_interfaces/msg/detail/hardware_status__type_support.h
[0.500s] -- Up-to-date: /home/yash-verma/ros2_ws/install/my_robot_interfaces/include/my_robot_interfaces/my_robot_interfaces/msg/detail/led_state_array__description.c
[0.500s] -- Up-to-date: /home/yash-verma/ros2_ws/install/my_robot_interfaces/include/my_robot_interfaces/my_robot_interfaces/msg/detail/led_state_array__type_support.h
[0.500s] -- Up-to-date: /home/yash-verma/ros2_ws/install/my_robot_interfaces/include/my_robot_interfaces/my_robot_interfaces/msg/detail/turtle_array__type_support.h
[0.500s] -- Up-to-date: /home/yash-verma/ros2_ws/install/my_robot_interfaces/include/my_robot_interfaces/my_robot_interfaces/msg/detail/turtle_array__struct.h
[0.500s] -- Up-to-date: /home/yash-verma/ros2_ws/install/my_robot_interfaces/include/my_robot_interfaces/my_robot_interfaces/msg/detail/hardware_status__struct.h
[0.501s] -- Up-to-date: /home/yash-verma/ros2_ws/install/my_robot_interfaces/include/my_robot_interfaces/my_robot_interfaces/msg/detail/turtle__functions.h
[0.501s] -- Up-to-date: /home/yash-verma/ros2_ws/install/my_robot_interfaces/include/my_robot_interfaces/my_robot_interfaces/msg/detail/turtle_array__functions.h
[0.501s] -- Up-to-date: /home/yash-verma/ros2_ws/install/my_robot_interfaces/include/my_robot_interfaces/my_robot_interfaces/msg/detail/turtle_array__description.c
[0.501s] -- Up-to-date: /home/yash-verma/ros2_ws/install/my_robot_interfaces/include/my_robot_interfaces/my_robot_interfaces/msg/detail/turtle__functions.c
[0.501s] -- Up-to-date: /home/yash-verma/ros2_ws/install/my_robot_interfaces/include/my_robot_interfaces/my_robot_interfaces/msg/detail/turtle__type_support.h
[0.501s] -- Up-to-date: /home/yash-verma/ros2_ws/install/my_robot_interfaces/include/my_robot_interfaces/my_robot_interfaces/msg/detail/led_state_array__functions.c
[0.501s] -- Up-to-date: /home/yash-verma/ros2_ws/install/my_robot_interfaces/include/my_robot_interfaces/my_robot_interfaces/msg/detail/turtle__type_support.c
[0.504s] -- Installing: /home/yash-verma/ros2_ws/install/my_robot_interfaces/include/my_robot_interfaces/my_robot_interfaces/msg/detail/hardware_status__type_support.c
[0.505s] -- Up-to-date: /home/yash-verma/ros2_ws/install/my_robot_interfaces/include/my_robot_interfaces/my_robot_interfaces/msg/detail/led_state_array__functions.h
[0.505s] -- Up-to-date: /home/yash-verma/ros2_ws/install/my_robot_interfaces/include/my_robot_interfaces/my_robot_interfaces/msg/detail/led_state_array__type_support.c
[0.505s] -- Up-to-date: /home/yash-verma/ros2_ws/install/my_robot_interfaces/include/my_robot_interfaces/my_robot_interfaces/msg/detail/turtle__struct.h
[0.505s] -- Up-to-date: /home/yash-verma/ros2_ws/install/my_robot_interfaces/include/my_robot_interfaces/my_robot_interfaces/msg/detail/hardware_status__description.c
[0.505s] -- Up-to-date: /home/yash-verma/ros2_ws/install/my_robot_interfaces/include/my_robot_interfaces/my_robot_interfaces/msg/detail/hardware_status__functions.c
[0.506s] -- Installing: /home/yash-verma/ros2_ws/install/my_robot_interfaces/include/my_robot_interfaces/my_robot_interfaces/msg/detail/turtle_array__type_support.c
[0.506s] -- Up-to-date: /home/yash-verma/ros2_ws/install/my_robot_interfaces/include/my_robot_interfaces/my_robot_interfaces/msg/detail/led_state_array__struct.h
[0.506s] -- Up-to-date: /home/yash-verma/ros2_ws/install/my_robot_interfaces/include/my_robot_interfaces/my_robot_interfaces/msg/detail/turtle_array__functions.c
[0.506s] -- Up-to-date: /home/yash-verma/ros2_ws/install/my_robot_interfaces/include/my_robot_interfaces/my_robot_interfaces/msg/led_state_array.h
[0.506s] -- Up-to-date: /home/yash-verma/ros2_ws/install/my_robot_interfaces/include/my_robot_interfaces/my_robot_interfaces/msg/rosidl_generator_c__visibility_control.h
[0.507s] -- Up-to-date: /home/yash-verma/ros2_ws/install/my_robot_interfaces/include/my_robot_interfaces/my_robot_interfaces/msg/turtle.h
[0.507s] -- Up-to-date: /home/yash-verma/ros2_ws/install/my_robot_interfaces/include/my_robot_interfaces/my_robot_interfaces/msg/turtle_array.h
[0.508s] -- Up-to-date: /home/yash-verma/ros2_ws/install/my_robot_interfaces/include/my_robot_interfaces/my_robot_interfaces/srv
[0.510s] -- Up-to-date: /home/yash-verma/ros2_ws/install/my_robot_interfaces/include/my_robot_interfaces/my_robot_interfaces/srv/catch_turtle.h
[0.510s] -- Up-to-date: /home/yash-verma/ros2_ws/install/my_robot_interfaces/include/my_robot_interfaces/my_robot_interfaces/srv/detail
[0.510s] -- Up-to-date: /home/yash-verma/ros2_ws/install/my_robot_interfaces/include/my_robot_interfaces/my_robot_interfaces/srv/detail/compute_rectangle_area__functions.c
[0.510s] -- Up-to-date: /home/yash-verma/ros2_ws/install/my_robot_interfaces/include/my_robot_interfaces/my_robot_interfaces/srv/detail/set_led__type_support.c
[0.510s] -- Up-to-date: /home/yash-verma/ros2_ws/install/my_robot_interfaces/include/my_robot_interfaces/my_robot_interfaces/srv/detail/set_led__struct.h
[0.510s] -- Up-to-date: /home/yash-verma/ros2_ws/install/my_robot_interfaces/include/my_robot_interfaces/my_robot_interfaces/srv/detail/compute_rectangle_area__description.c
[0.510s] -- Up-to-date: /home/yash-verma/ros2_ws/install/my_robot_interfaces/include/my_robot_interfaces/my_robot_interfaces/srv/detail/catch_turtle__functions.h
[0.510s] -- Up-to-date: /home/yash-verma/ros2_ws/install/my_robot_interfaces/include/my_robot_interfaces/my_robot_interfaces/srv/detail/compute_rectangle_area__functions.h
[0.510s] -- Up-to-date: /home/yash-verma/ros2_ws/install/my_robot_interfaces/include/my_robot_interfaces/my_robot_interfaces/srv/detail/catch_turtle__functions.c
[0.510s] -- Installing: /home/yash-verma/ros2_ws/install/my_robot_interfaces/include/my_robot_interfaces/my_robot_interfaces/srv/detail/compute_rectangle_area__type_support.c
[0.510s] -- Up-to-date: /home/yash-verma/ros2_ws/install/my_robot_interfaces/include/my_robot_interfaces/my_robot_interfaces/srv/detail/compute_rectangle_area__struct.h
[0.510s] -- Up-to-date: /home/yash-verma/ros2_ws/install/my_robot_interfaces/include/my_robot_interfaces/my_robot_interfaces/srv/detail/set_led__functions.c
[0.510s] -- Up-to-date: /home/yash-verma/ros2_ws/install/my_robot_interfaces/include/my_robot_interfaces/my_robot_interfaces/srv/detail/set_led__description.c
[0.510s] -- Up-to-date: /home/yash-verma/ros2_ws/install/my_robot_interfaces/include/my_robot_interfaces/my_robot_interfaces/srv/detail/set_led__functions.h
[0.510s] -- Up-to-date: /home/yash-verma/ros2_ws/install/my_robot_interfaces/include/my_robot_interfaces/my_robot_interfaces/srv/detail/catch_turtle__type_support.h
[0.511s] -- Up-to-date: /home/yash-verma/ros2_ws/install/my_robot_interfaces/include/my_robot_interfaces/my_robot_interfaces/srv/detail/compute_rectangle_area__type_support.h
[0.511s] -- Up-to-date: /home/yash-verma/ros2_ws/install/my_robot_interfaces/include/my_robot_interfaces/my_robot_interfaces/srv/detail/catch_turtle__description.c
[0.511s] -- Up-to-date: /home/yash-verma/ros2_ws/install/my_robot_interfaces/include/my_robot_interfaces/my_robot_interfaces/srv/detail/set_led__type_support.h
[0.511s] -- Installing: /home/yash-verma/ros2_ws/install/my_robot_interfaces/include/my_robot_interfaces/my_robot_interfaces/srv/detail/catch_turtle__type_support.c
[0.511s] -- Up-to-date: /home/yash-verma/ros2_ws/install/my_robot_interfaces/include/my_robot_interfaces/my_robot_interfaces/srv/detail/catch_turtle__struct.h
[0.511s] -- Up-to-date: /home/yash-verma/ros2_ws/install/my_robot_interfaces/include/my_robot_interfaces/my_robot_interfaces/srv/compute_rectangle_area.h
[0.511s] -- Up-to-date: /home/yash-verma/ros2_ws/install/my_robot_interfaces/include/my_robot_interfaces/my_robot_interfaces/srv/set_led.h
[0.511s] -- Up-to-date: /home/yash-verma/ros2_ws/install/my_robot_interfaces/share/my_robot_interfaces/environment/library_path.sh
[0.511s] -- Up-to-date: /home/yash-verma/ros2_ws/install/my_robot_interfaces/share/my_robot_interfaces/environment/library_path.dsv
[0.511s] -- Up-to-date: /home/yash-verma/ros2_ws/install/my_robot_interfaces/lib/libmy_robot_interfaces__rosidl_generator_c.so
[0.511s] -- Up-to-date: /home/yash-verma/ros2_ws/install/my_robot_interfaces/include/my_robot_interfaces/my_robot_interfaces
[0.511s] -- Up-to-date: /home/yash-verma/ros2_ws/install/my_robot_interfaces/include/my_robot_interfaces/my_robot_interfaces/msg
[0.511s] -- Up-to-date: /home/yash-verma/ros2_ws/install/my_robot_interfaces/include/my_robot_interfaces/my_robot_interfaces/msg/rosidl_typesupport_fastrtps_c__visibility_control.h
[0.511s] -- Up-to-date: /home/yash-verma/ros2_ws/install/my_robot_interfaces/include/my_robot_interfaces/my_robot_interfaces/msg/detail
[0.511s] -- Up-to-date: /home/yash-verma/ros2_ws/install/my_robot_interfaces/include/my_robot_interfaces/my_robot_interfaces/msg/detail/turtle__rosidl_typesupport_fastrtps_c.h
[0.513s] -- Up-to-date: /home/yash-verma/ros2_ws/install/my_robot_interfaces/include/my_robot_interfaces/my_robot_interfaces/msg/detail/turtle_array__rosidl_typesupport_fastrtps_c.h
[0.513s] -- Up-to-date: /home/yash-verma/ros2_ws/install/my_robot_interfaces/include/my_robot_interfaces/my_robot_interfaces/msg/detail/hardware_status__rosidl_typesupport_fastrtps_c.h
[0.513s] -- Up-to-date: /home/yash-verma/ros2_ws/install/my_robot_interfaces/include/my_robot_interfaces/my_robot_interfaces/msg/detail/led_state_array__rosidl_typesupport_fastrtps_c.h
[0.513s] -- Up-to-date: /home/yash-verma/ros2_ws/install/my_robot_interfaces/include/my_robot_interfaces/my_robot_interfaces/srv
[0.513s] -- Up-to-date: /home/yash-verma/ros2_ws/install/my_robot_interfaces/include/my_robot_interfaces/my_robot_interfaces/srv/detail
[0.513s] -- Up-to-date: /home/yash-verma/ros2_ws/install/my_robot_interfaces/include/my_robot_interfaces/my_robot_interfaces/srv/detail/catch_turtle__rosidl_typesupport_fastrtps_c.h
[0.513s] -- Up-to-date: /home/yash-verma/ros2_ws/install/my_robot_interfaces/include/my_robot_interfaces/my_robot_interfaces/srv/detail/compute_rectangle_area__rosidl_typesupport_fastrtps_c.h
[0.513s] -- Up-to-date: /home/yash-verma/ros2_ws/install/my_robot_interfaces/include/my_robot_interfaces/my_robot_interfaces/srv/detail/set_led__rosidl_typesupport_fastrtps_c.h
[0.513s] -- Up-to-date: /home/yash-verma/ros2_ws/install/my_robot_interfaces/lib/libmy_robot_interfaces__rosidl_typesupport_fastrtps_c.so
[0.513s] -- Up-to-date: /home/yash-verma/ros2_ws/install/my_robot_interfaces/include/my_robot_interfaces/my_robot_interfaces
[0.513s] -- Up-to-date: /home/yash-verma/ros2_ws/install/my_robot_interfaces/include/my_robot_interfaces/my_robot_interfaces/msg
[0.513s] -- Up-to-date: /home/yash-verma/ros2_ws/install/my_robot_interfaces/include/my_robot_interfaces/my_robot_interfaces/msg/detail
[0.513s] -- Up-to-date: /home/yash-verma/ros2_ws/install/my_robot_interfaces/include/my_robot_interfaces/my_robot_interfaces/msg/detail/turtle__rosidl_typesupport_introspection_c.h
[0.514s] -- Up-to-date: /home/yash-verma/ros2_ws/install/my_robot_interfaces/include/my_robot_interfaces/my_robot_interfaces/msg/detail/turtle__type_support.c
[0.514s] -- Up-to-date: /home/yash-verma/ros2_ws/install/my_robot_interfaces/include/my_robot_interfaces/my_robot_interfaces/msg/detail/turtle_array__rosidl_typesupport_introspection_c.h
[0.514s] -- Installing: /home/yash-verma/ros2_ws/install/my_robot_interfaces/include/my_robot_interfaces/my_robot_interfaces/msg/detail/hardware_status__type_support.c
[0.514s] -- Up-to-date: /home/yash-verma/ros2_ws/install/my_robot_interfaces/include/my_robot_interfaces/my_robot_interfaces/msg/detail/led_state_array__type_support.c
[0.514s] -- Up-to-date: /home/yash-verma/ros2_ws/install/my_robot_interfaces/include/my_robot_interfaces/my_robot_interfaces/msg/detail/led_state_array__rosidl_typesupport_introspection_c.h
[0.514s] -- Installing: /home/yash-verma/ros2_ws/install/my_robot_interfaces/include/my_robot_interfaces/my_robot_interfaces/msg/detail/turtle_array__type_support.c
[0.514s] -- Up-to-date: /home/yash-verma/ros2_ws/install/my_robot_interfaces/include/my_robot_interfaces/my_robot_interfaces/msg/detail/hardware_status__rosidl_typesupport_introspection_c.h
[0.514s] -- Up-to-date: /home/yash-verma/ros2_ws/install/my_robot_interfaces/include/my_robot_interfaces/my_robot_interfaces/msg/rosidl_typesupport_introspection_c__visibility_control.h
[0.514s] -- Up-to-date: /home/yash-verma/ros2_ws/install/my_robot_interfaces/include/my_robot_interfaces/my_robot_interfaces/srv
[0.514s] -- Up-to-date: /home/yash-verma/ros2_ws/install/my_robot_interfaces/include/my_robot_interfaces/my_robot_interfaces/srv/detail
[0.514s] -- Up-to-date: /home/yash-verma/ros2_ws/install/my_robot_interfaces/include/my_robot_interfaces/my_robot_interfaces/srv/detail/set_led__type_support.c
[0.514s] -- Installing: /home/yash-verma/ros2_ws/install/my_robot_interfaces/include/my_robot_interfaces/my_robot_interfaces/srv/detail/compute_rectangle_area__type_support.c
[0.514s] -- Up-to-date: /home/yash-verma/ros2_ws/install/my_robot_interfaces/include/my_robot_interfaces/my_robot_interfaces/srv/detail/compute_rectangle_area__rosidl_typesupport_introspection_c.h
[0.514s] -- Up-to-date: /home/yash-verma/ros2_ws/install/my_robot_interfaces/include/my_robot_interfaces/my_robot_interfaces/srv/detail/set_led__rosidl_typesupport_introspection_c.h
[0.514s] -- Up-to-date: /home/yash-verma/ros2_ws/install/my_robot_interfaces/include/my_robot_interfaces/my_robot_interfaces/srv/detail/catch_turtle__rosidl_typesupport_introspection_c.h
[0.514s] -- Installing: /home/yash-verma/ros2_ws/install/my_robot_interfaces/include/my_robot_interfaces/my_robot_interfaces/srv/detail/catch_turtle__type_support.c
[0.514s] -- Up-to-date: /home/yash-verma/ros2_ws/install/my_robot_interfaces/lib/libmy_robot_interfaces__rosidl_typesupport_introspection_c.so
[0.514s] -- Up-to-date: /home/yash-verma/ros2_ws/install/my_robot_interfaces/lib/libmy_robot_interfaces__rosidl_typesupport_c.so
[0.518s] -- Up-to-date: /home/yash-verma/ros2_ws/install/my_robot_interfaces/include/my_robot_interfaces/my_robot_interfaces
[0.519s] -- Up-to-date: /home/yash-verma/ros2_ws/install/my_robot_interfaces/include/my_robot_interfaces/my_robot_interfaces/msg
[0.519s] -- Up-to-date: /home/yash-verma/ros2_ws/install/my_robot_interfaces/include/my_robot_interfaces/my_robot_interfaces/msg/detail
[0.519s] -- Up-to-date: /home/yash-verma/ros2_ws/install/my_robot_interfaces/include/my_robot_interfaces/my_robot_interfaces/msg/detail/led_state_array__type_support.hpp
[0.519s] -- Up-to-date: /home/yash-verma/ros2_ws/install/my_robot_interfaces/include/my_robot_interfaces/my_robot_interfaces/msg/detail/turtle_array__type_support.hpp
[0.519s] -- Up-to-date: /home/yash-verma/ros2_ws/install/my_robot_interfaces/include/my_robot_interfaces/my_robot_interfaces/msg/detail/led_state_array__builder.hpp
[0.519s] -- Up-to-date: /home/yash-verma/ros2_ws/install/my_robot_interfaces/include/my_robot_interfaces/my_robot_interfaces/msg/detail/turtle__builder.hpp
[0.519s] -- Up-to-date: /home/yash-verma/ros2_ws/install/my_robot_interfaces/include/my_robot_interfaces/my_robot_interfaces/msg/detail/turtle_array__traits.hpp
[0.519s] -- Up-to-date: /home/yash-verma/ros2_ws/install/my_robot_interfaces/include/my_robot_interfaces/my_robot_interfaces/msg/detail/led_state_array__struct.hpp
[0.519s] -- Up-to-date: /home/yash-verma/ros2_ws/install/my_robot_interfaces/include/my_robot_interfaces/my_robot_interfaces/msg/detail/turtle__traits.hpp
[0.519s] -- Up-to-date: /home/yash-verma/ros2_ws/install/my_robot_interfaces/include/my_robot_interfaces/my_robot_interfaces/msg/detail/turtle__struct.hpp
[0.519s] -- Up-to-date: /home/yash-verma/ros2_ws/install/my_robot_interfaces/include/my_robot_interfaces/my_robot_interfaces/msg/detail/hardware_status__type_support.hpp
[0.519s] -- Up-to-date: /home/yash-verma/ros2_ws/install/my_robot_interfaces/include/my_robot_interfaces/my_robot_interfaces/msg/detail/hardware_status__builder.hpp
[0.519s] -- Up-to-date: /home/yash-verma/ros2_ws/install/my_robot_interfaces/include/my_robot_interfaces/my_robot_interfaces/msg/detail/turtle_array__builder.hpp
[0.519s] -- Up-to-date: /home/yash-verma/ros2_ws/install/my_robot_interfaces/include/my_robot_interfaces/my_robot_interfaces/msg/detail/led_state_array__traits.hpp
[0.519s] -- Up-to-date: /home/yash-verma/ros2_ws/install/my_robot_interfaces/include/my_robot_interfaces/my_robot_interfaces/msg/detail/hardware_status__traits.hpp
[0.519s] -- Up-to-date: /home/yash-verma/ros2_ws/install/my_robot_interfaces/include/my_robot_interfaces/my_robot_interfaces/msg/detail/turtle_array__struct.hpp
[0.520s] -- Up-to-date: /home/yash-verma/ros2_ws/install/my_robot_interfaces/include/my_robot_interfaces/my_robot_interfaces/msg/detail/turtle__type_support.hpp
[0.520s] -- Up-to-date: /home/yash-verma/ros2_ws/install/my_robot_interfaces/include/my_robot_interfaces/my_robot_interfaces/msg/detail/hardware_status__struct.hpp
[0.520s] -- Up-to-date: /home/yash-verma/ros2_ws/install/my_robot_interfaces/include/my_robot_interfaces/my_robot_interfaces/msg/turtle.hpp
[0.520s] -- Up-to-date: /home/yash-verma/ros2_ws/install/my_robot_interfaces/include/my_robot_interfaces/my_robot_interfaces/msg/turtle_array.hpp
[0.520s] -- Up-to-date: /home/yash-verma/ros2_ws/install/my_robot_interfaces/include/my_robot_interfaces/my_robot_interfaces/msg/led_state_array.hpp
[0.520s] -- Up-to-date: /home/yash-verma/ros2_ws/install/my_robot_interfaces/include/my_robot_interfaces/my_robot_interfaces/msg/hardware_status.hpp
[0.520s] -- Up-to-date: /home/yash-verma/ros2_ws/install/my_robot_interfaces/include/my_robot_interfaces/my_robot_interfaces/msg/rosidl_generator_cpp__visibility_control.hpp
[0.520s] -- Up-to-date: /home/yash-verma/ros2_ws/install/my_robot_interfaces/include/my_robot_interfaces/my_robot_interfaces/srv
[0.520s] -- Up-to-date: /home/yash-verma/ros2_ws/install/my_robot_interfaces/include/my_robot_interfaces/my_robot_interfaces/srv/compute_rectangle_area.hpp
[0.520s] -- Up-to-date: /home/yash-verma/ros2_ws/install/my_robot_interfaces/include/my_robot_interfaces/my_robot_interfaces/srv/detail
[0.520s] -- Up-to-date: /home/yash-verma/ros2_ws/install/my_robot_interfaces/include/my_robot_interfaces/my_robot_interfaces/srv/detail/compute_rectangle_area__traits.hpp
[0.520s] -- Up-to-date: /home/yash-verma/ros2_ws/install/my_robot_interfaces/include/my_robot_interfaces/my_robot_interfaces/srv/detail/catch_turtle__traits.hpp
[0.520s] -- Up-to-date: /home/yash-verma/ros2_ws/install/my_robot_interfaces/include/my_robot_interfaces/my_robot_interfaces/srv/detail/set_led__type_support.hpp
[0.520s] -- Up-to-date: /home/yash-verma/ros2_ws/install/my_robot_interfaces/include/my_robot_interfaces/my_robot_interfaces/srv/detail/compute_rectangle_area__struct.hpp
[0.520s] -- Up-to-date: /home/yash-verma/ros2_ws/install/my_robot_interfaces/include/my_robot_interfaces/my_robot_interfaces/srv/detail/catch_turtle__struct.hpp
[0.520s] -- Up-to-date: /home/yash-verma/ros2_ws/install/my_robot_interfaces/include/my_robot_interfaces/my_robot_interfaces/srv/detail/set_led__struct.hpp
[0.520s] -- Up-to-date: /home/yash-verma/ros2_ws/install/my_robot_interfaces/include/my_robot_interfaces/my_robot_interfaces/srv/detail/compute_rectangle_area__type_support.hpp
[0.520s] -- Up-to-date: /home/yash-verma/ros2_ws/install/my_robot_interfaces/include/my_robot_interfaces/my_robot_interfaces/srv/detail/set_led__builder.hpp
[0.520s] -- Up-to-date: /home/yash-verma/ros2_ws/install/my_robot_interfaces/include/my_robot_interfaces/my_robot_interfaces/srv/detail/compute_rectangle_area__builder.hpp
[0.521s] -- Up-to-date: /home/yash-verma/ros2_ws/install/my_robot_interfaces/include/my_robot_interfaces/my_robot_interfaces/srv/detail/catch_turtle__type_support.hpp
[0.521s] -- Up-to-date: /home/yash-verma/ros2_ws/install/my_robot_interfaces/include/my_robot_interfaces/my_robot_interfaces/srv/detail/set_led__traits.hpp
[0.521s] -- Up-to-date: /home/yash-verma/ros2_ws/install/my_robot_interfaces/include/my_robot_interfaces/my_robot_interfaces/srv/detail/catch_turtle__builder.hpp
[0.521s] -- Up-to-date: /home/yash-verma/ros2_ws/install/my_robot_interfaces/include/my_robot_interfaces/my_robot_interfaces/srv/set_led.hpp
[0.521s] -- Up-to-date: /home/yash-verma/ros2_ws/install/my_robot_interfaces/include/my_robot_interfaces/my_robot_interfaces/srv/catch_turtle.hpp
[0.521s] -- Up-to-date: /home/yash-verma/ros2_ws/install/my_robot_interfaces/include/my_robot_interfaces/my_robot_interfaces
[0.521s] -- Up-to-date: /home/yash-verma/ros2_ws/install/my_robot_interfaces/include/my_robot_interfaces/my_robot_interfaces/msg
[0.521s] -- Up-to-date: /home/yash-verma/ros2_ws/install/my_robot_interfaces/include/my_robot_interfaces/my_robot_interfaces/msg/detail
[0.521s] -- Up-to-date: /home/yash-verma/ros2_ws/install/my_robot_interfaces/include/my_robot_interfaces/my_robot_interfaces/msg/detail/turtle__rosidl_typesupport_fastrtps_cpp.hpp
[0.521s] -- Up-to-date: /home/yash-verma/ros2_ws/install/my_robot_interfaces/include/my_robot_interfaces/my_robot_interfaces/msg/detail/turtle_array__rosidl_typesupport_fastrtps_cpp.hpp
[0.521s] -- Up-to-date: /home/yash-verma/ros2_ws/install/my_robot_interfaces/include/my_robot_interfaces/my_robot_interfaces/msg/detail/hardware_status__rosidl_typesupport_fastrtps_cpp.hpp
[0.521s] -- Up-to-date: /home/yash-verma/ros2_ws/install/my_robot_interfaces/include/my_robot_interfaces/my_robot_interfaces/msg/detail/led_state_array__rosidl_typesupport_fastrtps_cpp.hpp
[0.521s] -- Up-to-date: /home/yash-verma/ros2_ws/install/my_robot_interfaces/include/my_robot_interfaces/my_robot_interfaces/msg/detail/dds_fastrtps
[0.521s] -- Up-to-date: /home/yash-verma/ros2_ws/install/my_robot_interfaces/include/my_robot_interfaces/my_robot_interfaces/msg/rosidl_typesupport_fastrtps_cpp__visibility_control.h
[0.521s] -- Up-to-date: /home/yash-verma/ros2_ws/install/my_robot_interfaces/include/my_robot_interfaces/my_robot_interfaces/srv
[0.521s] -- Up-to-date: /home/yash-verma/ros2_ws/install/my_robot_interfaces/include/my_robot_interfaces/my_robot_interfaces/srv/detail
[0.521s] -- Up-to-date: /home/yash-verma/ros2_ws/install/my_robot_interfaces/include/my_robot_interfaces/my_robot_interfaces/srv/detail/set_led__rosidl_typesupport_fastrtps_cpp.hpp
[0.521s] -- Up-to-date: /home/yash-verma/ros2_ws/install/my_robot_interfaces/include/my_robot_interfaces/my_robot_interfaces/srv/detail/compute_rectangle_area__rosidl_typesupport_fastrtps_cpp.hpp
[0.522s] -- Up-to-date: /home/yash-verma/ros2_ws/install/my_robot_interfaces/include/my_robot_interfaces/my_robot_interfaces/srv/detail/catch_turtle__rosidl_typesupport_fastrtps_cpp.hpp
[0.522s] -- Up-to-date: /home/yash-verma/ros2_ws/install/my_robot_interfaces/include/my_robot_interfaces/my_robot_interfaces/srv/detail/dds_fastrtps
[0.522s] -- Up-to-date: /home/yash-verma/ros2_ws/install/my_robot_interfaces/lib/libmy_robot_interfaces__rosidl_typesupport_fastrtps_cpp.so
[0.522s] -- Up-to-date: /home/yash-verma/ros2_ws/install/my_robot_interfaces/include/my_robot_interfaces/my_robot_interfaces
[0.522s] -- Up-to-date: /home/yash-verma/ros2_ws/install/my_robot_interfaces/include/my_robot_interfaces/my_robot_interfaces/msg
[0.522s] -- Up-to-date: /home/yash-verma/ros2_ws/install/my_robot_interfaces/include/my_robot_interfaces/my_robot_interfaces/msg/detail
[0.522s] -- Up-to-date: /home/yash-verma/ros2_ws/install/my_robot_interfaces/include/my_robot_interfaces/my_robot_interfaces/msg/detail/turtle_array__rosidl_typesupport_introspection_cpp.hpp
[0.522s] -- Up-to-date: /home/yash-verma/ros2_ws/install/my_robot_interfaces/include/my_robot_interfaces/my_robot_interfaces/msg/detail/hardware_status__rosidl_typesupport_introspection_cpp.hpp
[0.522s] -- Up-to-date: /home/yash-verma/ros2_ws/install/my_robot_interfaces/include/my_robot_interfaces/my_robot_interfaces/msg/detail/turtle__rosidl_typesupport_introspection_cpp.hpp
[0.522s] -- Up-to-date: /home/yash-verma/ros2_ws/install/my_robot_interfaces/include/my_robot_interfaces/my_robot_interfaces/msg/detail/turtle__type_support.cpp
[0.522s] -- Up-to-date: /home/yash-verma/ros2_ws/install/my_robot_interfaces/include/my_robot_interfaces/my_robot_interfaces/msg/detail/turtle_array__type_support.cpp
[0.522s] -- Up-to-date: /home/yash-verma/ros2_ws/install/my_robot_interfaces/include/my_robot_interfaces/my_robot_interfaces/msg/detail/hardware_status__type_support.cpp
[0.522s] -- Up-to-date: /home/yash-verma/ros2_ws/install/my_robot_interfaces/include/my_robot_interfaces/my_robot_interfaces/msg/detail/led_state_array__rosidl_typesupport_introspection_cpp.hpp
[0.522s] -- Up-to-date: /home/yash-verma/ros2_ws/install/my_robot_interfaces/include/my_robot_interfaces/my_robot_interfaces/msg/detail/led_state_array__type_support.cpp
[0.522s] -- Up-to-date: /home/yash-verma/ros2_ws/install/my_robot_interfaces/include/my_robot_interfaces/my_robot_interfaces/srv
[0.522s] -- Up-to-date: /home/yash-verma/ros2_ws/install/my_robot_interfaces/include/my_robot_interfaces/my_robot_interfaces/srv/detail
[0.522s] -- Up-to-date: /home/yash-verma/ros2_ws/install/my_robot_interfaces/include/my_robot_interfaces/my_robot_interfaces/srv/detail/set_led__rosidl_typesupport_introspection_cpp.hpp
[0.522s] -- Up-to-date: /home/yash-verma/ros2_ws/install/my_robot_interfaces/include/my_robot_interfaces/my_robot_interfaces/srv/detail/catch_turtle__rosidl_typesupport_introspection_cpp.hpp
[0.523s] -- Up-to-date: /home/yash-verma/ros2_ws/install/my_robot_interfaces/include/my_robot_interfaces/my_robot_interfaces/srv/detail/compute_rectangle_area__rosidl_typesupport_introspection_cpp.hpp
[0.523s] -- Up-to-date: /home/yash-verma/ros2_ws/install/my_robot_interfaces/include/my_robot_interfaces/my_robot_interfaces/srv/detail/compute_rectangle_area__type_support.cpp
[0.523s] -- Up-to-date: /home/yash-verma/ros2_ws/install/my_robot_interfaces/include/my_robot_interfaces/my_robot_interfaces/srv/detail/set_led__type_support.cpp
[0.523s] -- Up-to-date: /home/yash-verma/ros2_ws/install/my_robot_interfaces/include/my_robot_interfaces/my_robot_interfaces/srv/detail/catch_turtle__type_support.cpp
[0.523s] -- Up-to-date: /home/yash-verma/ros2_ws/install/my_robot_interfaces/lib/libmy_robot_interfaces__rosidl_typesupport_introspection_cpp.so
[0.523s] -- Up-to-date: /home/yash-verma/ros2_ws/install/my_robot_interfaces/lib/libmy_robot_interfaces__rosidl_typesupport_cpp.so
[0.523s] -- Up-to-date: /home/yash-verma/ros2_ws/install/my_robot_interfaces/share/my_robot_interfaces/environment/pythonpath.sh
[0.523s] -- Up-to-date: /home/yash-verma/ros2_ws/install/my_robot_interfaces/share/my_robot_interfaces/environment/pythonpath.dsv
[0.523s] -- Up-to-date: /home/yash-verma/ros2_ws/install/my_robot_interfaces/lib/python3.12/site-packages/my_robot_interfaces-0.0.0-py3.12.egg-info
[0.523s] -- Installing: /home/yash-verma/ros2_ws/install/my_robot_interfaces/lib/python3.12/site-packages/my_robot_interfaces-0.0.0-py3.12.egg-info/top_level.txt
[0.523s] -- Installing: /home/yash-verma/ros2_ws/install/my_robot_interfaces/lib/python3.12/site-packages/my_robot_interfaces-0.0.0-py3.12.egg-info/PKG-INFO
[0.523s] -- Installing: /home/yash-verma/ros2_ws/install/my_robot_interfaces/lib/python3.12/site-packages/my_robot_interfaces-0.0.0-py3.12.egg-info/dependency_links.txt
[0.523s] -- Installing: /home/yash-verma/ros2_ws/install/my_robot_interfaces/lib/python3.12/site-packages/my_robot_interfaces-0.0.0-py3.12.egg-info/SOURCES.txt
[0.523s] -- Up-to-date: /home/yash-verma/ros2_ws/install/my_robot_interfaces/lib/python3.12/site-packages/my_robot_interfaces
[0.523s] -- Up-to-date: /home/yash-verma/ros2_ws/install/my_robot_interfaces/lib/python3.12/site-packages/my_robot_interfaces/msg
[0.523s] -- Up-to-date: /home/yash-verma/ros2_ws/install/my_robot_interfaces/lib/python3.12/site-packages/my_robot_interfaces/msg/_turtle_array.py
[0.524s] -- Up-to-date: /home/yash-verma/ros2_ws/install/my_robot_interfaces/lib/python3.12/site-packages/my_robot_interfaces/msg/_led_state_array.py
[0.524s] -- Up-to-date: /home/yash-verma/ros2_ws/install/my_robot_interfaces/lib/python3.12/site-packages/my_robot_interfaces/msg/_hardware_status_s.c
[0.524s] -- Up-to-date: /home/yash-verma/ros2_ws/install/my_robot_interfaces/lib/python3.12/site-packages/my_robot_interfaces/msg/_turtle.py
[0.524s] -- Up-to-date: /home/yash-verma/ros2_ws/install/my_robot_interfaces/lib/python3.12/site-packages/my_robot_interfaces/msg/_turtle_array_s.c
[0.524s] -- Up-to-date: /home/yash-verma/ros2_ws/install/my_robot_interfaces/lib/python3.12/site-packages/my_robot_interfaces/msg/__init__.py
[0.524s] -- Up-to-date: /home/yash-verma/ros2_ws/install/my_robot_interfaces/lib/python3.12/site-packages/my_robot_interfaces/msg/_turtle_s.c
[0.524s] -- Up-to-date: /home/yash-verma/ros2_ws/install/my_robot_interfaces/lib/python3.12/site-packages/my_robot_interfaces/msg/_led_state_array_s.c
[0.524s] -- Up-to-date: /home/yash-verma/ros2_ws/install/my_robot_interfaces/lib/python3.12/site-packages/my_robot_interfaces/msg/_hardware_status.py
[0.524s] -- Up-to-date: /home/yash-verma/ros2_ws/install/my_robot_interfaces/lib/python3.12/site-packages/my_robot_interfaces/my_robot_interfaces_s__rosidl_typesupport_c.so
[0.524s] -- Up-to-date: /home/yash-verma/ros2_ws/install/my_robot_interfaces/lib/python3.12/site-packages/my_robot_interfaces/srv
[0.524s] -- Up-to-date: /home/yash-verma/ros2_ws/install/my_robot_interfaces/lib/python3.12/site-packages/my_robot_interfaces/srv/_catch_turtle_s.c
[0.524s] -- Up-to-date: /home/yash-verma/ros2_ws/install/my_robot_interfaces/lib/python3.12/site-packages/my_robot_interfaces/srv/__init__.py
[0.524s] -- Up-to-date: /home/yash-verma/ros2_ws/install/my_robot_interfaces/lib/python3.12/site-packages/my_robot_interfaces/srv/_compute_rectangle_area_s.c
[0.524s] -- Up-to-date: /home/yash-verma/ros2_ws/install/my_robot_interfaces/lib/python3.12/site-packages/my_robot_interfaces/srv/_set_led_s.c
[0.524s] -- Up-to-date: /home/yash-verma/ros2_ws/install/my_robot_interfaces/lib/python3.12/site-packages/my_robot_interfaces/srv/_compute_rectangle_area.py
[0.524s] -- Up-to-date: /home/yash-verma/ros2_ws/install/my_robot_interfaces/lib/python3.12/site-packages/my_robot_interfaces/srv/_catch_turtle.py
[0.524s] -- Up-to-date: /home/yash-verma/ros2_ws/install/my_robot_interfaces/lib/python3.12/site-packages/my_robot_interfaces/srv/_set_led.py
[0.525s] -- Up-to-date: /home/yash-verma/ros2_ws/install/my_robot_interfaces/lib/python3.12/site-packages/my_robot_interfaces/my_robot_interfaces_s__rosidl_typesupport_introspection_c.so
[0.525s] -- Up-to-date: /home/yash-verma/ros2_ws/install/my_robot_interfaces/lib/python3.12/site-packages/my_robot_interfaces/__init__.py
[0.525s] -- Up-to-date: /home/yash-verma/ros2_ws/install/my_robot_interfaces/lib/python3.12/site-packages/my_robot_interfaces/my_robot_interfaces_s__rosidl_typesupport_fastrtps_c.so
[0.525s] -- Up-to-date: /home/yash-verma/ros2_ws/install/my_robot_interfaces/lib/python3.12/site-packages/my_robot_interfaces/_my_robot_interfaces_s.ep.rosidl_typesupport_introspection_c.c
[0.525s] -- Up-to-date: /home/yash-verma/ros2_ws/install/my_robot_interfaces/lib/python3.12/site-packages/my_robot_interfaces/_my_robot_interfaces_s.ep.rosidl_typesupport_c.c
[0.525s] -- Up-to-date: /home/yash-verma/ros2_ws/install/my_robot_interfaces/lib/python3.12/site-packages/my_robot_interfaces/_my_robot_interfaces_s.ep.rosidl_typesupport_fastrtps_c.c
[0.621s] Listing '/home/yash-verma/ros2_ws/install/my_robot_interfaces/lib/python3.12/site-packages/my_robot_interfaces'...
[0.621s] Listing '/home/yash-verma/ros2_ws/install/my_robot_interfaces/lib/python3.12/site-packages/my_robot_interfaces/msg'...
[0.621s] Listing '/home/yash-verma/ros2_ws/install/my_robot_interfaces/lib/python3.12/site-packages/my_robot_interfaces/srv'...
[0.654s] -- Up-to-date: /home/yash-verma/ros2_ws/install/my_robot_interfaces/lib/python3.12/site-packages/my_robot_interfaces/my_robot_interfaces_s__rosidl_typesupport_fastrtps_c.so
[0.654s] -- Up-to-date: /home/yash-verma/ros2_ws/install/my_robot_interfaces/lib/python3.12/site-packages/my_robot_interfaces/my_robot_interfaces_s__rosidl_typesupport_introspection_c.so
[0.654s] -- Up-to-date: /home/yash-verma/ros2_ws/install/my_robot_interfaces/lib/python3.12/site-packages/my_robot_interfaces/my_robot_interfaces_s__rosidl_typesupport_c.so
[0.655s] -- Up-to-date: /home/yash-verma/ros2_ws/install/my_robot_interfaces/lib/libmy_robot_interfaces__rosidl_generator_py.so
[0.655s] -- Up-to-date: /home/yash-verma/ros2_ws/install/my_robot_interfaces/share/my_robot_interfaces/msg/HardwareStatus.idl
[0.655s] -- Up-to-date: /home/yash-verma/ros2_ws/install/my_robot_interfaces/share/my_robot_interfaces/msg/LedStateArray.idl
[0.656s] -- Up-to-date: /home/yash-verma/ros2_ws/install/my_robot_interfaces/share/my_robot_interfaces/msg/Turtle.idl
[0.656s] -- Up-to-date: /home/yash-verma/ros2_ws/install/my_robot_interfaces/share/my_robot_interfaces/msg/TurtleArray.idl
[0.656s] -- Up-to-date: /home/yash-verma/ros2_ws/install/my_robot_interfaces/share/my_robot_interfaces/srv/ComputeRectangleArea.idl
[0.656s] -- Up-to-date: /home/yash-verma/ros2_ws/install/my_robot_interfaces/share/my_robot_interfaces/srv/SetLed.idl
[0.656s] -- Up-to-date: /home/yash-verma/ros2_ws/install/my_robot_interfaces/share/my_robot_interfaces/srv/CatchTurtle.idl
[0.658s] -- Up-to-date: /home/yash-verma/ros2_ws/install/my_robot_interfaces/share/my_robot_interfaces/msg/HardwareStatus.msg
[0.658s] -- Up-to-date: /home/yash-verma/ros2_ws/install/my_robot_interfaces/share/my_robot_interfaces/msg/LedStateArray.msg
[0.658s] -- Up-to-date: /home/yash-verma/ros2_ws/install/my_robot_interfaces/share/my_robot_interfaces/msg/Turtle.msg
[0.658s] -- Up-to-date: /home/yash-verma/ros2_ws/install/my_robot_interfaces/share/my_robot_interfaces/msg/TurtleArray.msg
[0.658s] -- Up-to-date: /home/yash-verma/ros2_ws/install/my_robot_interfaces/share/my_robot_interfaces/srv/ComputeRectangleArea.srv
[0.659s] -- Up-to-date: /home/yash-verma/ros2_ws/install/my_robot_interfaces/share/my_robot_interfaces/srv/SetLed.srv
[0.659s] -- Up-to-date: /home/yash-verma/ros2_ws/install/my_robot_interfaces/share/my_robot_interfaces/srv/CatchTurtle.srv
[0.659s] -- Up-to-date: /home/yash-verma/ros2_ws/install/my_robot_interfaces/share/ament_index/resource_index/package_run_dependencies/my_robot_interfaces
[0.659s] -- Up-to-date: /home/yash-verma/ros2_ws/install/my_robot_interfaces/share/ament_index/resource_index/parent_prefix_path/my_robot_interfaces
[0.659s] -- Up-to-date: /home/yash-verma/ros2_ws/install/my_robot_interfaces/share/my_robot_interfaces/environment/ament_prefix_path.sh
[0.659s] -- Up-to-date: /home/yash-verma/ros2_ws/install/my_robot_interfaces/share/my_robot_interfaces/environment/ament_prefix_path.dsv
[0.659s] -- Up-to-date: /home/yash-verma/ros2_ws/install/my_robot_interfaces/share/my_robot_interfaces/environment/path.sh
[0.659s] -- Up-to-date: /home/yash-verma/ros2_ws/install/my_robot_interfaces/share/my_robot_interfaces/environment/path.dsv
[0.659s] -- Up-to-date: /home/yash-verma/ros2_ws/install/my_robot_interfaces/share/my_robot_interfaces/local_setup.bash
[0.661s] -- Up-to-date: /home/yash-verma/ros2_ws/install/my_robot_interfaces/share/my_robot_interfaces/local_setup.sh
[0.661s] -- Up-to-date: /home/yash-verma/ros2_ws/install/my_robot_interfaces/share/my_robot_interfaces/local_setup.zsh
[0.661s] -- Up-to-date: /home/yash-verma/ros2_ws/install/my_robot_interfaces/share/my_robot_interfaces/local_setup.dsv
[0.661s] -- Installing: /home/yash-verma/ros2_ws/install/my_robot_interfaces/share/my_robot_interfaces/package.dsv
[0.661s] -- Up-to-date: /home/yash-verma/ros2_ws/install/my_robot_interfaces/share/ament_index/resource_index/packages/my_robot_interfaces
[0.661s] -- Up-to-date: /home/yash-verma/ros2_ws/install/my_robot_interfaces/share/my_robot_interfaces/cmake/export_my_robot_interfaces__rosidl_generator_cExport.cmake
[0.661s] -- Up-to-date: /home/yash-verma/ros2_ws/install/my_robot_interfaces/share/my_robot_interfaces/cmake/export_my_robot_interfaces__rosidl_generator_cExport-noconfig.cmake
[0.662s] -- Up-to-date: /home/yash-verma/ros2_ws/install/my_robot_interfaces/share/my_robot_interfaces/cmake/export_my_robot_interfaces__rosidl_typesupport_fastrtps_cExport.cmake
[0.662s] -- Up-to-date: /home/yash-verma/ros2_ws/install/my_robot_interfaces/share/my_robot_interfaces/cmake/export_my_robot_interfaces__rosidl_typesupport_fastrtps_cExport-noconfig.cmake
[0.662s] -- Up-to-date: /home/yash-verma/ros2_ws/install/my_robot_interfaces/share/my_robot_interfaces/cmake/my_robot_interfaces__rosidl_typesupport_introspection_cExport.cmake
[0.662s] -- Up-to-date: /home/yash-verma/ros2_ws/install/my_robot_interfaces/share/my_robot_interfaces/cmake/my_robot_interfaces__rosidl_typesupport_introspection_cExport-noconfig.cmake
[0.662s] -- Up-to-date: /home/yash-verma/ros2_ws/install/my_robot_interfaces/share/my_robot_interfaces/cmake/my_robot_interfaces__rosidl_typesupport_cExport.cmake
[0.662s] -- Up-to-date: /home/yash-verma/ros2_ws/install/my_robot_interfaces/share/my_robot_interfaces/cmake/my_robot_interfaces__rosidl_typesupport_cExport-noconfig.cmake
[0.662s] -- Up-to-date: /home/yash-verma/ros2_ws/install/my_robot_interfaces/share/my_robot_interfaces/cmake/export_my_robot_interfaces__rosidl_generator_cppExport.cmake
[0.662s] -- Up-to-date: /home/yash-verma/ros2_ws/install/my_robot_interfaces/share/my_robot_interfaces/cmake/export_my_robot_interfaces__rosidl_typesupport_fastrtps_cppExport.cmake
[0.662s] -- Up-to-date: /home/yash-verma/ros2_ws/install/my_robot_interfaces/share/my_robot_interfaces/cmake/export_my_robot_interfaces__rosidl_typesupport_fastrtps_cppExport-noconfig.cmake
[0.662s] -- Up-to-date: /home/yash-verma/ros2_ws/install/my_robot_interfaces/share/my_robot_interfaces/cmake/my_robot_interfaces__rosidl_typesupport_introspection_cppExport.cmake
[0.662s] -- Up-to-date: /home/yash-verma/ros2_ws/install/my_robot_interfaces/share/my_robot_interfaces/cmake/my_robot_interfaces__rosidl_typesupport_introspection_cppExport-noconfig.cmake
[0.662s] -- Up-to-date: /home/yash-verma/ros2_ws/install/my_robot_interfaces/share/my_robot_interfaces/cmake/my_robot_interfaces__rosidl_typesupport_cppExport.cmake
[0.662s] -- Up-to-date: /home/yash-verma/ros2_ws/install/my_robot_interfaces/share/my_robot_interfaces/cmake/my_robot_interfaces__rosidl_typesupport_cppExport-noconfig.cmake
[0.662s] -- Up-to-date: /home/yash-verma/ros2_ws/install/my_robot_interfaces/share/my_robot_interfaces/cmake/export_my_robot_interfaces__rosidl_generator_pyExport.cmake
[0.662s] -- Up-to-date: /home/yash-verma/ros2_ws/install/my_robot_interfaces/share/my_robot_interfaces/cmake/export_my_robot_interfaces__rosidl_generator_pyExport-noconfig.cmake
[0.662s] -- Up-to-date: /home/yash-verma/ros2_ws/install/my_robot_interfaces/share/my_robot_interfaces/cmake/rosidl_cmake-extras.cmake
[0.663s] -- Up-to-date: /home/yash-verma/ros2_ws/install/my_robot_interfaces/share/my_robot_interfaces/cmake/ament_cmake_export_dependencies-extras.cmake
[0.663s] -- Up-to-date: /home/yash-verma/ros2_ws/install/my_robot_interfaces/share/my_robot_interfaces/cmake/ament_cmake_export_include_directories-extras.cmake
[0.663s] -- Up-to-date: /home/yash-verma/ros2_ws/install/my_robot_interfaces/share/my_robot_interfaces/cmake/ament_cmake_export_libraries-extras.cmake
[0.663s] -- Up-to-date: /home/yash-verma/ros2_ws/install/my_robot_interfaces/share/my_robot_interfaces/cmake/ament_cmake_export_targets-extras.cmake
[0.663s] -- Up-to-date: /home/yash-verma/ros2_ws/install/my_robot_interfaces/share/my_robot_interfaces/cmake/rosidl_cmake_export_typesupport_targets-extras.cmake
[0.663s] -- Up-to-date: /home/yash-verma/ros2_ws/install/my_robot_interfaces/share/my_robot_interfaces/cmake/rosidl_cmake_export_typesupport_libraries-extras.cmake
[0.663s] -- Up-to-date: /home/yash-verma/ros2_ws/install/my_robot_interfaces/share/my_robot_interfaces/cmake/my_robot_interfacesConfig.cmake
[0.663s] -- Up-to-date: /home/yash-verma/ros2_ws/install/my_robot_interfaces/share/my_robot_interfaces/cmake/my_robot_interfacesConfig-version.cmake
[0.665s] -- Up-to-date: /home/yash-verma/ros2_ws/install/my_robot_interfaces/share/my_robot_interfaces/package.xml
[0.672s] Invoked command in '/home/yash-verma/ros2_ws/build/my_robot_interfaces' returned '0': CMAKE_PREFIX_PATH=${CMAKE_PREFIX_PATH}:/home/yash-verma/ros2_ws/install/turtlesim_catch_them_all:/home/yash-verma/ros2_ws/install/my_urdf_robot:/home/yash-verma/ros2_ws/install/my_py_pkg:/opt/ros/jazzy DEBUGINFOD_URLS=https://debuginfod.ubuntu.com /usr/bin/cmake --install /home/yash-verma/ros2_ws/build/my_robot_interfaces
