[0.032s] Invoking command in '/home/yash-verma/ros2_ws/build/my_robot_bringup': AMENT_PREFIX_PATH=/home/yash-verma/ros2_ws/install/my_py_pkg:/home/yash-verma/ros2_ws/install/my_robot_bringup:/home/yash-verma/ros2_ws/install/my_robot_interfaces:/opt/ros/jazzy CMAKE_PREFIX_PATH=/home/yash-verma/ros2_ws/install/my_robot_interfaces:/home/yash-verma/ros2_ws/install/my_robot_bringup:/opt/ros/jazzy/opt/gz_math_vendor:/opt/ros/jazzy/opt/gz_utils_vendor:/opt/ros/jazzy/opt/gz_cmake_vendor:/home/yash-verma/ros2_ws/install/my_py_pkg:/opt/ros/jazzy DEBUGINFOD_URLS=https://debuginfod.ubuntu.com /usr/bin/cmake --build /home/yash-verma/ros2_ws/build/my_robot_bringup -- -j3 -l3
[0.090s] -- Found ament_cmake: 2.5.3 (/opt/ros/jazzy/share/ament_cmake/cmake)
[0.448s] -- Configuring done (0.4s)
[0.461s] -- Generating done (0.0s)
[0.463s] -- Build files have been written to: /home/yash-verma/ros2_ws/build/my_robot_bringup
[0.484s] Invoked command in '/home/yash-verma/ros2_ws/build/my_robot_bringup' returned '0': AMENT_PREFIX_PATH=/home/yash-verma/ros2_ws/install/my_py_pkg:/home/yash-verma/ros2_ws/install/my_robot_bringup:/home/yash-verma/ros2_ws/install/my_robot_interfaces:/opt/ros/jazzy CMAKE_PREFIX_PATH=/home/yash-verma/ros2_ws/install/my_robot_interfaces:/home/yash-verma/ros2_ws/install/my_robot_bringup:/opt/ros/jazzy/opt/gz_math_vendor:/opt/ros/jazzy/opt/gz_utils_vendor:/opt/ros/jazzy/opt/gz_cmake_vendor:/home/yash-verma/ros2_ws/install/my_py_pkg:/opt/ros/jazzy DEBUGINFOD_URLS=https://debuginfod.ubuntu.com /usr/bin/cmake --build /home/yash-verma/ros2_ws/build/my_robot_bringup -- -j3 -l3
[0.493s] Invoking command in '/home/yash-verma/ros2_ws/build/my_robot_bringup': AMENT_PREFIX_PATH=/home/yash-verma/ros2_ws/install/my_py_pkg:/home/yash-verma/ros2_ws/install/my_robot_bringup:/home/yash-verma/ros2_ws/install/my_robot_interfaces:/opt/ros/jazzy CMAKE_PREFIX_PATH=/home/yash-verma/ros2_ws/install/my_robot_interfaces:/home/yash-verma/ros2_ws/install/my_robot_bringup:/opt/ros/jazzy/opt/gz_math_vendor:/opt/ros/jazzy/opt/gz_utils_vendor:/opt/ros/jazzy/opt/gz_cmake_vendor:/home/yash-verma/ros2_ws/install/my_py_pkg:/opt/ros/jazzy DEBUGINFOD_URLS=https://debuginfod.ubuntu.com /usr/bin/cmake --install /home/yash-verma/ros2_ws/build/my_robot_bringup
[0.500s] -- Install configuration: ""
[0.501s] -- Installing: /home/yash-verma/ros2_ws/install/my_robot_bringup/share/my_robot_bringup//launch
[0.501s] -- Installing: /home/yash-verma/ros2_ws/install/my_robot_bringup/share/my_robot_bringup//launch/number_app.launch.py
[0.501s] -- Installing: /home/yash-verma/ros2_ws/install/my_robot_bringup/share/my_robot_bringup//launch/number_app.launch.xml
[0.501s] -- Installing: /home/yash-verma/ros2_ws/install/my_robot_bringup/share/my_robot_bringup//launch/number_app_from_python.launch.xml
[0.501s] -- Installing: /home/yash-verma/ros2_ws/install/my_robot_bringup/share/my_robot_bringup//config
[0.502s] -- Installing: /home/yash-verma/ros2_ws/install/my_robot_bringup/share/my_robot_bringup//config/number_app.yaml
[0.504s] -- Up-to-date: /home/yash-verma/ros2_ws/install/my_robot_bringup/share/ament_index/resource_index/package_run_dependencies/my_robot_bringup
[0.504s] -- Installing: /home/yash-verma/ros2_ws/install/my_robot_bringup/share/ament_index/resource_index/parent_prefix_path/my_robot_bringup
[0.504s] -- Up-to-date: /home/yash-verma/ros2_ws/install/my_robot_bringup/share/my_robot_bringup/environment/ament_prefix_path.sh
[0.504s] -- Up-to-date: /home/yash-verma/ros2_ws/install/my_robot_bringup/share/my_robot_bringup/environment/ament_prefix_path.dsv
[0.504s] -- Up-to-date: /home/yash-verma/ros2_ws/install/my_robot_bringup/share/my_robot_bringup/environment/path.sh
[0.504s] -- Up-to-date: /home/yash-verma/ros2_ws/install/my_robot_bringup/share/my_robot_bringup/environment/path.dsv
[0.504s] -- Up-to-date: /home/yash-verma/ros2_ws/install/my_robot_bringup/share/my_robot_bringup/local_setup.bash
[0.504s] -- Up-to-date: /home/yash-verma/ros2_ws/install/my_robot_bringup/share/my_robot_bringup/local_setup.sh
[0.504s] -- Up-to-date: /home/yash-verma/ros2_ws/install/my_robot_bringup/share/my_robot_bringup/local_setup.zsh
[0.504s] -- Up-to-date: /home/yash-verma/ros2_ws/install/my_robot_bringup/share/my_robot_bringup/local_setup.dsv
[0.504s] -- Installing: /home/yash-verma/ros2_ws/install/my_robot_bringup/share/my_robot_bringup/package.dsv
[0.504s] -- Up-to-date: /home/yash-verma/ros2_ws/install/my_robot_bringup/share/ament_index/resource_index/packages/my_robot_bringup
[0.504s] -- Up-to-date: /home/yash-verma/ros2_ws/install/my_robot_bringup/share/my_robot_bringup/cmake/my_robot_bringupConfig.cmake
[0.504s] -- Up-to-date: /home/yash-verma/ros2_ws/install/my_robot_bringup/share/my_robot_bringup/cmake/my_robot_bringupConfig-version.cmake
[0.505s] -- Up-to-date: /home/yash-verma/ros2_ws/install/my_robot_bringup/share/my_robot_bringup/package.xml
[0.506s] Invoked command in '/home/yash-verma/ros2_ws/build/my_robot_bringup' returned '0': AMENT_PREFIX_PATH=/home/yash-verma/ros2_ws/install/my_py_pkg:/home/yash-verma/ros2_ws/install/my_robot_bringup:/home/yash-verma/ros2_ws/install/my_robot_interfaces:/opt/ros/jazzy CMAKE_PREFIX_PATH=/home/yash-verma/ros2_ws/install/my_robot_interfaces:/home/yash-verma/ros2_ws/install/my_robot_bringup:/opt/ros/jazzy/opt/gz_math_vendor:/opt/ros/jazzy/opt/gz_utils_vendor:/opt/ros/jazzy/opt/gz_cmake_vendor:/home/yash-verma/ros2_ws/install/my_py_pkg:/opt/ros/jazzy DEBUGINFOD_URLS=https://debuginfod.ubuntu.com /usr/bin/cmake --install /home/yash-verma/ros2_ws/build/my_robot_bringup
